Copyright 1986-2022 Xilinx, Inc. All Rights Reserved. Copyright 2022-2024 Advanced Micro Devices, Inc. All Rights Reserved.
--------------------------------------------------------------------------------------------------------------------------------------------------------------------------------------------------------------------------------
| Tool Version      : Vivado v.2024.2 (lin64) Build 5239630 Fri Nov 08 22:34:34 MST 2024
| Date              : Wed Mar 25 20:56:44 2026
| Host              : VirtMach running 64-bit Ubuntu 24.04.3 LTS
| Command           : report_timing_summary -max_paths 10 -report_unconstrained -file AXI_Master_timing_summary_routed.rpt -pb AXI_Master_timing_summary_routed.pb -rpx AXI_Master_timing_summary_routed.rpx -warn_on_violation
| Design            : AXI_Master
| Device            : xczu7ev-ffvc1156
| Speed File        : -2  PRODUCTION 1.30 05-15-2022
| Design State      : Routed
| Temperature Grade : E
--------------------------------------------------------------------------------------------------------------------------------------------------------------------------------------------------------------------------------

Timing Summary Report

------------------------------------------------------------------------------------------------
| Timer Settings
| --------------
------------------------------------------------------------------------------------------------

  Enable Multi Corner Analysis               :  Yes
  Enable Pessimism Removal                   :  Yes
  Pessimism Removal Resolution               :  Nearest Common Node
  Enable Input Delay Default Clock           :  No
  Enable Preset / Clear Arcs                 :  No
  Disable Flight Delays                      :  No
  Ignore I/O Paths                           :  No
  Timing Early Launch at Borrowing Latches   :  No
  Borrow Time for Max Delay Exceptions       :  Yes
  Merge Timing Exceptions                    :  Yes
  Inter-SLR Compensation                     :  Conservative

  Corner  Analyze    Analyze    
  Name    Max Paths  Min Paths  
  ------  ---------  ---------  
  Slow    Yes        Yes        
  Fast    Yes        Yes        


------------------------------------------------------------------------------------------------
| Report Methodology
| ------------------
------------------------------------------------------------------------------------------------

Rule       Severity          Description                  Violations  
---------  ----------------  ---------------------------  ----------  
TIMING-17  Critical Warning  Non-clocked sequential cell  3           

Note: This report is based on the most recent report_methodology run and may not be up-to-date. Run report_methodology on the current design for the latest report.



check_timing report

Table of Contents
-----------------
1. checking no_clock (3)
2. checking constant_clock (0)
3. checking pulse_width_clock (0)
4. checking unconstrained_internal_endpoints (9)
5. checking no_input_delay (3)
6. checking no_output_delay (2)
7. checking multiple_clock (0)
8. checking generated_clocks (0)
9. checking loops (0)
10. checking partial_input_delay (0)
11. checking partial_output_delay (0)
12. checking latch_loops (0)

1. checking no_clock (3)
------------------------
 There are 3 register/latch pins with no clock driven by root clock pin: clk (HIGH)


2. checking constant_clock (0)
------------------------------
 There are 0 register/latch pins with constant_clock.


3. checking pulse_width_clock (0)
---------------------------------
 There are 0 register/latch pins which need pulse_width check


4. checking unconstrained_internal_endpoints (9)
------------------------------------------------
 There are 9 pins that are not constrained for maximum delay. (HIGH)

 There are 0 pins that are not constrained for maximum delay due to constant clock.


5. checking no_input_delay (3)
------------------------------
 There are 3 input ports with no input delay specified. (HIGH)

 There are 0 input ports with no input delay but user has a false path constraint.


6. checking no_output_delay (2)
-------------------------------
 There are 2 ports with no output delay specified. (HIGH)

 There are 0 ports with no output delay but user has a false path constraint

 There are 0 ports with no output delay but with a timing clock defined on it or propagating through it


7. checking multiple_clock (0)
------------------------------
 There are 0 register/latch pins with multiple clocks.


8. checking generated_clocks (0)
--------------------------------
 There are 0 generated clocks that are not connected to a clock source.


9. checking loops (0)
---------------------
 There are 0 combinational loops in the design.


10. checking partial_input_delay (0)
------------------------------------
 There are 0 input ports with partial input delay specified.


11. checking partial_output_delay (0)
-------------------------------------
 There are 0 ports with partial output delay specified.


12. checking latch_loops (0)
----------------------------
 There are 0 combinational latch loops in the design through latch input



------------------------------------------------------------------------------------------------
| Design Timing Summary
| ---------------------
------------------------------------------------------------------------------------------------

    WNS(ns)      TNS(ns)  TNS Failing Endpoints  TNS Total Endpoints      WHS(ns)      THS(ns)  THS Failing Endpoints  THS Total Endpoints     WPWS(ns)     TPWS(ns)  TPWS Failing Endpoints  TPWS Total Endpoints  
    -------      -------  ---------------------  -------------------      -------      -------  ---------------------  -------------------     --------     --------  ----------------------  --------------------  
        inf        0.000                      0                   11          inf        0.000                      0                   11           NA           NA                      NA                    NA  


There are no user specified timing constraints.


------------------------------------------------------------------------------------------------
| Clock Summary
| -------------
------------------------------------------------------------------------------------------------


------------------------------------------------------------------------------------------------
| Intra Clock Table
| -----------------
------------------------------------------------------------------------------------------------

Clock             WNS(ns)      TNS(ns)  TNS Failing Endpoints  TNS Total Endpoints      WHS(ns)      THS(ns)  THS Failing Endpoints  THS Total Endpoints     WPWS(ns)     TPWS(ns)  TPWS Failing Endpoints  TPWS Total Endpoints  
-----             -------      -------  ---------------------  -------------------      -------      -------  ---------------------  -------------------     --------     --------  ----------------------  --------------------  


------------------------------------------------------------------------------------------------
| Inter Clock Table
| -----------------
------------------------------------------------------------------------------------------------

From Clock    To Clock          WNS(ns)      TNS(ns)  TNS Failing Endpoints  TNS Total Endpoints      WHS(ns)      THS(ns)  THS Failing Endpoints  THS Total Endpoints  
----------    --------          -------      -------  ---------------------  -------------------      -------      -------  ---------------------  -------------------  


------------------------------------------------------------------------------------------------
| Other Path Groups Table
| -----------------------
------------------------------------------------------------------------------------------------

Path Group    From Clock    To Clock          WNS(ns)      TNS(ns)  TNS Failing Endpoints  TNS Total Endpoints      WHS(ns)      THS(ns)  THS Failing Endpoints  THS Total Endpoints  
----------    ----------    --------          -------      -------  ---------------------  -------------------      -------      -------  ---------------------  -------------------  


------------------------------------------------------------------------------------------------
| User Ignored Path Table
| -----------------------
------------------------------------------------------------------------------------------------

Path Group    From Clock    To Clock    
----------    ----------    --------    


------------------------------------------------------------------------------------------------
| Unconstrained Path Table
| ------------------------
------------------------------------------------------------------------------------------------

Path Group    From Clock    To Clock    
----------    ----------    --------    
(none)                                    


------------------------------------------------------------------------------------------------
| Timing Details
| --------------
------------------------------------------------------------------------------------------------


--------------------------------------------------------------------------------------
Path Group:  (none)
From Clock:  
  To Clock:  

Max Delay            11 Endpoints
Min Delay            11 Endpoints
--------------------------------------------------------------------------------------


Max Delay Paths
--------------------------------------------------------------------------------------
Slack:                    inf
  Source:                 lsu/FSM_onehot_PresentState_reg[3]/C
                            (rising edge-triggered cell FDCE)
  Destination:            m_axi_arvalid
                            (output port)
  Path Group:             (none)
  Path Type:              Max at Slow Process Corner
  Data Path Delay:        3.332ns  (logic 2.426ns (72.805%)  route 0.906ns (27.195%))
  Logic Levels:           2  (FDCE=1 OBUF=1)

    Location             Delay type                Incr(ns)  Path(ns)    Netlist Resource(s)
  -------------------------------------------------------------------    -------------------
    SLICE_X100Y316       FDCE                         0.000     0.000 r  lsu/FSM_onehot_PresentState_reg[3]/C
    SLICE_X100Y316       FDCE (Prop_EFF2_SLICEL_C_Q)
                                                      0.081     0.081 r  lsu/FSM_onehot_PresentState_reg[3]/Q
                         net (fo=3, routed)           0.906     0.987    m_axi_arvalid_OBUF
    C4                   OBUF (Prop_OUTBUF_HDIOB_M_I_O)
                                                      2.345     3.332 r  m_axi_arvalid_OBUF_inst/O
                         net (fo=0)                   0.000     3.332    m_axi_arvalid
    C4                                                                r  m_axi_arvalid (OUT)
  -------------------------------------------------------------------    -------------------

Slack:                    inf
  Source:                 lsu/FSM_onehot_PresentState_reg[4]/C
                            (rising edge-triggered cell FDCE)
  Destination:            m_axi_rready
                            (output port)
  Path Group:             (none)
  Path Type:              Max at Slow Process Corner
  Data Path Delay:        3.263ns  (logic 2.427ns (74.372%)  route 0.836ns (25.628%))
  Logic Levels:           2  (FDCE=1 OBUF=1)

    Location             Delay type                Incr(ns)  Path(ns)    Netlist Resource(s)
  -------------------------------------------------------------------    -------------------
    SLICE_X100Y316       FDCE                         0.000     0.000 r  lsu/FSM_onehot_PresentState_reg[4]/C
    SLICE_X100Y316       FDCE (Prop_FFF_SLICEL_C_Q)
                                                      0.079     0.079 r  lsu/FSM_onehot_PresentState_reg[4]/Q
                         net (fo=3, routed)           0.836     0.915    m_axi_rready_OBUF
    B3                   OBUF (Prop_OUTBUF_HDIOB_S_I_O)
                                                      2.348     3.263 r  m_axi_rready_OBUF_inst/O
                         net (fo=0)                   0.000     3.263    m_axi_rready
    B3                                                                r  m_axi_rready (OUT)
  -------------------------------------------------------------------    -------------------

Slack:                    inf
  Source:                 m_axi_arready
                            (input port)
  Destination:            lsu/FSM_onehot_PresentState_reg[3]/CE
  Path Group:             (none)
  Path Type:              Max at Slow Process Corner
  Data Path Delay:        2.191ns  (logic 1.209ns (55.164%)  route 0.982ns (44.836%))
  Logic Levels:           3  (IBUFCTRL=1 INBUF=1 LUT4=1)

    Location             Delay type                Incr(ns)  Path(ns)    Netlist Resource(s)
  -------------------------------------------------------------------    -------------------
    E3                                                0.000     0.000 r  m_axi_arready (IN)
                         net (fo=0)                   0.000     0.000    m_axi_arready_IBUF_inst/I
    E3                   INBUF (Prop_INBUF_HDIOB_M_PAD_O)
                                                      1.059     1.059 r  m_axi_arready_IBUF_inst/INBUF_INST/O
                         net (fo=1, routed)           0.000     1.059    m_axi_arready_IBUF_inst/OUT
    E3                   IBUFCTRL (Prop_IBUFCTRL_HDIOB_M_I_O)
                                                      0.000     1.059 r  m_axi_arready_IBUF_inst/IBUFCTRL_INST/O
                         net (fo=1, routed)           0.764     1.823    lsu/m_axi_arready_IBUF
    SLICE_X100Y316       LUT4 (Prop_H6LUT_SLICEL_I1_O)
                                                      0.150     1.973 r  lsu//i_/O
                         net (fo=3, routed)           0.218     2.191    lsu//i__n_0
    SLICE_X100Y316       FDCE                                         r  lsu/FSM_onehot_PresentState_reg[3]/CE
  -------------------------------------------------------------------    -------------------

Slack:                    inf
  Source:                 m_axi_arready
                            (input port)
  Destination:            lsu/FSM_onehot_PresentState_reg[0]/CE
  Path Group:             (none)
  Path Type:              Max at Slow Process Corner
  Data Path Delay:        2.189ns  (logic 1.209ns (55.215%)  route 0.980ns (44.785%))
  Logic Levels:           3  (IBUFCTRL=1 INBUF=1 LUT4=1)

    Location             Delay type                Incr(ns)  Path(ns)    Netlist Resource(s)
  -------------------------------------------------------------------    -------------------
    E3                                                0.000     0.000 r  m_axi_arready (IN)
                         net (fo=0)                   0.000     0.000    m_axi_arready_IBUF_inst/I
    E3                   INBUF (Prop_INBUF_HDIOB_M_PAD_O)
                                                      1.059     1.059 r  m_axi_arready_IBUF_inst/INBUF_INST/O
                         net (fo=1, routed)           0.000     1.059    m_axi_arready_IBUF_inst/OUT
    E3                   IBUFCTRL (Prop_IBUFCTRL_HDIOB_M_I_O)
                                                      0.000     1.059 r  m_axi_arready_IBUF_inst/IBUFCTRL_INST/O
                         net (fo=1, routed)           0.764     1.823    lsu/m_axi_arready_IBUF
    SLICE_X100Y316       LUT4 (Prop_H6LUT_SLICEL_I1_O)
                                                      0.150     1.973 r  lsu//i_/O
                         net (fo=3, routed)           0.216     2.189    lsu//i__n_0
    SLICE_X100Y316       FDPE                                         r  lsu/FSM_onehot_PresentState_reg[0]/CE
  -------------------------------------------------------------------    -------------------

Slack:                    inf
  Source:                 m_axi_arready
                            (input port)
  Destination:            lsu/FSM_onehot_PresentState_reg[4]/CE
  Path Group:             (none)
  Path Type:              Max at Slow Process Corner
  Data Path Delay:        2.189ns  (logic 1.209ns (55.215%)  route 0.980ns (44.785%))
  Logic Levels:           3  (IBUFCTRL=1 INBUF=1 LUT4=1)

    Location             Delay type                Incr(ns)  Path(ns)    Netlist Resource(s)
  -------------------------------------------------------------------    -------------------
    E3                                                0.000     0.000 r  m_axi_arready (IN)
                         net (fo=0)                   0.000     0.000    m_axi_arready_IBUF_inst/I
    E3                   INBUF (Prop_INBUF_HDIOB_M_PAD_O)
                                                      1.059     1.059 r  m_axi_arready_IBUF_inst/INBUF_INST/O
                         net (fo=1, routed)           0.000     1.059    m_axi_arready_IBUF_inst/OUT
    E3                   IBUFCTRL (Prop_IBUFCTRL_HDIOB_M_I_O)
                                                      0.000     1.059 r  m_axi_arready_IBUF_inst/IBUFCTRL_INST/O
                         net (fo=1, routed)           0.764     1.823    lsu/m_axi_arready_IBUF
    SLICE_X100Y316       LUT4 (Prop_H6LUT_SLICEL_I1_O)
                                                      0.150     1.973 r  lsu//i_/O
                         net (fo=3, routed)           0.216     2.189    lsu//i__n_0
    SLICE_X100Y316       FDCE                                         r  lsu/FSM_onehot_PresentState_reg[4]/CE
  -------------------------------------------------------------------    -------------------

Slack:                    inf
  Source:                 rstn
                            (input port)
  Destination:            lsu/FSM_onehot_PresentState_reg[0]/PRE
  Path Group:             (none)
  Path Type:              Max at Slow Process Corner
  Data Path Delay:        1.973ns  (logic 1.086ns (55.048%)  route 0.887ns (44.952%))
  Logic Levels:           2  (IBUFCTRL=1 INBUF=1)

    Location             Delay type                Incr(ns)  Path(ns)    Netlist Resource(s)
  -------------------------------------------------------------------    -------------------
    A3                                                0.000     0.000 r  rstn (IN)
                         net (fo=0)                   0.000     0.000    rstn_IBUF_inst/I
    A3                   INBUF (Prop_INBUF_HDIOB_M_PAD_O)
                                                      1.086     1.086 r  rstn_IBUF_inst/INBUF_INST/O
                         net (fo=1, routed)           0.000     1.086    rstn_IBUF_inst/OUT
    A3                   IBUFCTRL (Prop_IBUFCTRL_HDIOB_M_I_O)
                                                      0.000     1.086 r  rstn_IBUF_inst/IBUFCTRL_INST/O
                         net (fo=3, routed)           0.887     1.973    lsu/rstn_IBUF
    SLICE_X100Y316       FDPE                                         f  lsu/FSM_onehot_PresentState_reg[0]/PRE  (IS_INVERTED)
  -------------------------------------------------------------------    -------------------

Slack:                    inf
  Source:                 rstn
                            (input port)
  Destination:            lsu/FSM_onehot_PresentState_reg[3]/CLR
  Path Group:             (none)
  Path Type:              Max at Slow Process Corner
  Data Path Delay:        1.973ns  (logic 1.086ns (55.048%)  route 0.887ns (44.952%))
  Logic Levels:           2  (IBUFCTRL=1 INBUF=1)

    Location             Delay type                Incr(ns)  Path(ns)    Netlist Resource(s)
  -------------------------------------------------------------------    -------------------
    A3                                                0.000     0.000 r  rstn (IN)
                         net (fo=0)                   0.000     0.000    rstn_IBUF_inst/I
    A3                   INBUF (Prop_INBUF_HDIOB_M_PAD_O)
                                                      1.086     1.086 r  rstn_IBUF_inst/INBUF_INST/O
                         net (fo=1, routed)           0.000     1.086    rstn_IBUF_inst/OUT
    A3                   IBUFCTRL (Prop_IBUFCTRL_HDIOB_M_I_O)
                                                      0.000     1.086 r  rstn_IBUF_inst/IBUFCTRL_INST/O
                         net (fo=3, routed)           0.887     1.973    lsu/rstn_IBUF
    SLICE_X100Y316       FDCE                                         f  lsu/FSM_onehot_PresentState_reg[3]/CLR  (IS_INVERTED)
  -------------------------------------------------------------------    -------------------

Slack:                    inf
  Source:                 rstn
                            (input port)
  Destination:            lsu/FSM_onehot_PresentState_reg[4]/CLR
  Path Group:             (none)
  Path Type:              Max at Slow Process Corner
  Data Path Delay:        1.973ns  (logic 1.086ns (55.048%)  route 0.887ns (44.952%))
  Logic Levels:           2  (IBUFCTRL=1 INBUF=1)

    Location             Delay type                Incr(ns)  Path(ns)    Netlist Resource(s)
  -------------------------------------------------------------------    -------------------
    A3                                                0.000     0.000 r  rstn (IN)
                         net (fo=0)                   0.000     0.000    rstn_IBUF_inst/I
    A3                   INBUF (Prop_INBUF_HDIOB_M_PAD_O)
                                                      1.086     1.086 r  rstn_IBUF_inst/INBUF_INST/O
                         net (fo=1, routed)           0.000     1.086    rstn_IBUF_inst/OUT
    A3                   IBUFCTRL (Prop_IBUFCTRL_HDIOB_M_I_O)
                                                      0.000     1.086 r  rstn_IBUF_inst/IBUFCTRL_INST/O
                         net (fo=3, routed)           0.887     1.973    lsu/rstn_IBUF
    SLICE_X100Y316       FDCE                                         f  lsu/FSM_onehot_PresentState_reg[4]/CLR  (IS_INVERTED)
  -------------------------------------------------------------------    -------------------

Slack:                    inf
  Source:                 lsu/FSM_onehot_PresentState_reg[3]/C
                            (rising edge-triggered cell FDCE)
  Destination:            lsu/FSM_onehot_PresentState_reg[4]/D
  Path Group:             (none)
  Path Type:              Max at Slow Process Corner
  Data Path Delay:        0.453ns  (logic 0.081ns (17.878%)  route 0.372ns (82.122%))
  Logic Levels:           1  (FDCE=1)

    Location             Delay type                Incr(ns)  Path(ns)    Netlist Resource(s)
  -------------------------------------------------------------------    -------------------
    SLICE_X100Y316       FDCE                         0.000     0.000 r  lsu/FSM_onehot_PresentState_reg[3]/C
    SLICE_X100Y316       FDCE (Prop_EFF2_SLICEL_C_Q)
                                                      0.081     0.081 r  lsu/FSM_onehot_PresentState_reg[3]/Q
                         net (fo=3, routed)           0.372     0.453    lsu/D[1]
    SLICE_X100Y316       FDCE                                         r  lsu/FSM_onehot_PresentState_reg[4]/D
  -------------------------------------------------------------------    -------------------

Slack:                    inf
  Source:                 lsu/FSM_onehot_PresentState_reg[0]/C
                            (rising edge-triggered cell FDPE)
  Destination:            lsu/FSM_onehot_PresentState_reg[3]/D
  Path Group:             (none)
  Path Type:              Max at Slow Process Corner
  Data Path Delay:        0.241ns  (logic 0.079ns (32.780%)  route 0.162ns (67.220%))
  Logic Levels:           1  (FDPE=1)

    Location             Delay type                Incr(ns)  Path(ns)    Netlist Resource(s)
  -------------------------------------------------------------------    -------------------
    SLICE_X100Y316       FDPE                         0.000     0.000 r  lsu/FSM_onehot_PresentState_reg[0]/C
    SLICE_X100Y316       FDPE (Prop_EFF_SLICEL_C_Q)
                                                      0.079     0.079 r  lsu/FSM_onehot_PresentState_reg[0]/Q
                         net (fo=1, routed)           0.162     0.241    lsu/FSM_onehot_PresentState_reg_n_0_[0]
    SLICE_X100Y316       FDCE                                         r  lsu/FSM_onehot_PresentState_reg[3]/D
  -------------------------------------------------------------------    -------------------





Min Delay Paths
--------------------------------------------------------------------------------------
Slack:                    inf
  Source:                 lsu/FSM_onehot_PresentState_reg[4]/C
                            (rising edge-triggered cell FDCE)
  Destination:            lsu/FSM_onehot_PresentState_reg[0]/D
  Path Group:             (none)
  Path Type:              Min at Fast Process Corner
  Data Path Delay:        0.087ns  (logic 0.039ns (45.071%)  route 0.048ns (54.929%))
  Logic Levels:           1  (FDCE=1)

    Location             Delay type                Incr(ns)  Path(ns)    Netlist Resource(s)
  -------------------------------------------------------------------    -------------------
    SLICE_X100Y316       FDCE                         0.000     0.000 r  lsu/FSM_onehot_PresentState_reg[4]/C
    SLICE_X100Y316       FDCE (Prop_FFF_SLICEL_C_Q)
                                                      0.039     0.039 r  lsu/FSM_onehot_PresentState_reg[4]/Q
                         net (fo=3, routed)           0.048     0.087    lsu/D[0]
    SLICE_X100Y316       FDPE                                         r  lsu/FSM_onehot_PresentState_reg[0]/D
  -------------------------------------------------------------------    -------------------

Slack:                    inf
  Source:                 lsu/FSM_onehot_PresentState_reg[0]/C
                            (rising edge-triggered cell FDPE)
  Destination:            lsu/FSM_onehot_PresentState_reg[3]/D
  Path Group:             (none)
  Path Type:              Min at Fast Process Corner
  Data Path Delay:        0.097ns  (logic 0.039ns (40.206%)  route 0.058ns (59.794%))
  Logic Levels:           1  (FDPE=1)

    Location             Delay type                Incr(ns)  Path(ns)    Netlist Resource(s)
  -------------------------------------------------------------------    -------------------
    SLICE_X100Y316       FDPE                         0.000     0.000 r  lsu/FSM_onehot_PresentState_reg[0]/C
    SLICE_X100Y316       FDPE (Prop_EFF_SLICEL_C_Q)
                                                      0.039     0.039 r  lsu/FSM_onehot_PresentState_reg[0]/Q
                         net (fo=1, routed)           0.058     0.097    lsu/FSM_onehot_PresentState_reg_n_0_[0]
    SLICE_X100Y316       FDCE                                         r  lsu/FSM_onehot_PresentState_reg[3]/D
  -------------------------------------------------------------------    -------------------

Slack:                    inf
  Source:                 lsu/FSM_onehot_PresentState_reg[3]/C
                            (rising edge-triggered cell FDCE)
  Destination:            lsu/FSM_onehot_PresentState_reg[4]/D
  Path Group:             (none)
  Path Type:              Min at Fast Process Corner
  Data Path Delay:        0.182ns  (logic 0.040ns (22.038%)  route 0.142ns (77.962%))
  Logic Levels:           1  (FDCE=1)

    Location             Delay type                Incr(ns)  Path(ns)    Netlist Resource(s)
  -------------------------------------------------------------------    -------------------
    SLICE_X100Y316       FDCE                         0.000     0.000 r  lsu/FSM_onehot_PresentState_reg[3]/C
    SLICE_X100Y316       FDCE (Prop_EFF2_SLICEL_C_Q)
                                                      0.040     0.040 r  lsu/FSM_onehot_PresentState_reg[3]/Q
                         net (fo=3, routed)           0.142     0.182    lsu/D[1]
    SLICE_X100Y316       FDCE                                         r  lsu/FSM_onehot_PresentState_reg[4]/D
  -------------------------------------------------------------------    -------------------

Slack:                    inf
  Source:                 lsu/FSM_onehot_PresentState_reg[4]/C
                            (rising edge-triggered cell FDCE)
  Destination:            lsu/FSM_onehot_PresentState_reg[0]/CE
  Path Group:             (none)
  Path Type:              Min at Fast Process Corner
  Data Path Delay:        0.196ns  (logic 0.080ns (40.874%)  route 0.116ns (59.126%))
  Logic Levels:           2  (FDCE=1 LUT4=1)

    Location             Delay type                Incr(ns)  Path(ns)    Netlist Resource(s)
  -------------------------------------------------------------------    -------------------
    SLICE_X100Y316       FDCE                         0.000     0.000 r  lsu/FSM_onehot_PresentState_reg[4]/C
    SLICE_X100Y316       FDCE (Prop_FFF_SLICEL_C_Q)
                                                      0.039     0.039 r  lsu/FSM_onehot_PresentState_reg[4]/Q
                         net (fo=3, routed)           0.031     0.070    lsu/D[0]
    SLICE_X100Y316       LUT4 (Prop_H6LUT_SLICEL_I2_O)
                                                      0.041     0.111 r  lsu//i_/O
                         net (fo=3, routed)           0.085     0.196    lsu//i__n_0
    SLICE_X100Y316       FDPE                                         r  lsu/FSM_onehot_PresentState_reg[0]/CE
  -------------------------------------------------------------------    -------------------

Slack:                    inf
  Source:                 lsu/FSM_onehot_PresentState_reg[4]/C
                            (rising edge-triggered cell FDCE)
  Destination:            lsu/FSM_onehot_PresentState_reg[3]/CE
  Path Group:             (none)
  Path Type:              Min at Fast Process Corner
  Data Path Delay:        0.196ns  (logic 0.080ns (40.874%)  route 0.116ns (59.126%))
  Logic Levels:           2  (FDCE=1 LUT4=1)

    Location             Delay type                Incr(ns)  Path(ns)    Netlist Resource(s)
  -------------------------------------------------------------------    -------------------
    SLICE_X100Y316       FDCE                         0.000     0.000 r  lsu/FSM_onehot_PresentState_reg[4]/C
    SLICE_X100Y316       FDCE (Prop_FFF_SLICEL_C_Q)
                                                      0.039     0.039 r  lsu/FSM_onehot_PresentState_reg[4]/Q
                         net (fo=3, routed)           0.031     0.070    lsu/D[0]
    SLICE_X100Y316       LUT4 (Prop_H6LUT_SLICEL_I2_O)
                                                      0.041     0.111 r  lsu//i_/O
                         net (fo=3, routed)           0.085     0.196    lsu//i__n_0
    SLICE_X100Y316       FDCE                                         r  lsu/FSM_onehot_PresentState_reg[3]/CE
  -------------------------------------------------------------------    -------------------

Slack:                    inf
  Source:                 lsu/FSM_onehot_PresentState_reg[4]/C
                            (rising edge-triggered cell FDCE)
  Destination:            lsu/FSM_onehot_PresentState_reg[4]/CE
  Path Group:             (none)
  Path Type:              Min at Fast Process Corner
  Data Path Delay:        0.196ns  (logic 0.080ns (40.874%)  route 0.116ns (59.126%))
  Logic Levels:           2  (FDCE=1 LUT4=1)

    Location             Delay type                Incr(ns)  Path(ns)    Netlist Resource(s)
  -------------------------------------------------------------------    -------------------
    SLICE_X100Y316       FDCE                         0.000     0.000 r  lsu/FSM_onehot_PresentState_reg[4]/C
    SLICE_X100Y316       FDCE (Prop_FFF_SLICEL_C_Q)
                                                      0.039     0.039 r  lsu/FSM_onehot_PresentState_reg[4]/Q
                         net (fo=3, routed)           0.031     0.070    lsu/D[0]
    SLICE_X100Y316       LUT4 (Prop_H6LUT_SLICEL_I2_O)
                                                      0.041     0.111 r  lsu//i_/O
                         net (fo=3, routed)           0.085     0.196    lsu//i__n_0
    SLICE_X100Y316       FDCE                                         r  lsu/FSM_onehot_PresentState_reg[4]/CE
  -------------------------------------------------------------------    -------------------

Slack:                    inf
  Source:                 rstn
                            (input port)
  Destination:            lsu/FSM_onehot_PresentState_reg[0]/PRE
  Path Group:             (none)
  Path Type:              Min at Fast Process Corner
  Data Path Delay:        0.843ns  (logic 0.420ns (49.793%)  route 0.423ns (50.207%))
  Logic Levels:           2  (IBUFCTRL=1 INBUF=1)

    Location             Delay type                Incr(ns)  Path(ns)    Netlist Resource(s)
  -------------------------------------------------------------------    -------------------
    A3                                                0.000     0.000 r  rstn (IN)
                         net (fo=0)                   0.000     0.000    rstn_IBUF_inst/I
    A3                   INBUF (Prop_INBUF_HDIOB_M_PAD_O)
                                                      0.420     0.420 r  rstn_IBUF_inst/INBUF_INST/O
                         net (fo=1, routed)           0.000     0.420    rstn_IBUF_inst/OUT
    A3                   IBUFCTRL (Prop_IBUFCTRL_HDIOB_M_I_O)
                                                      0.000     0.420 r  rstn_IBUF_inst/IBUFCTRL_INST/O
                         net (fo=3, routed)           0.423     0.843    lsu/rstn_IBUF
    SLICE_X100Y316       FDPE                                         f  lsu/FSM_onehot_PresentState_reg[0]/PRE  (IS_INVERTED)
  -------------------------------------------------------------------    -------------------

Slack:                    inf
  Source:                 rstn
                            (input port)
  Destination:            lsu/FSM_onehot_PresentState_reg[3]/CLR
  Path Group:             (none)
  Path Type:              Min at Fast Process Corner
  Data Path Delay:        0.843ns  (logic 0.420ns (49.793%)  route 0.423ns (50.207%))
  Logic Levels:           2  (IBUFCTRL=1 INBUF=1)

    Location             Delay type                Incr(ns)  Path(ns)    Netlist Resource(s)
  -------------------------------------------------------------------    -------------------
    A3                                                0.000     0.000 r  rstn (IN)
                         net (fo=0)                   0.000     0.000    rstn_IBUF_inst/I
    A3                   INBUF (Prop_INBUF_HDIOB_M_PAD_O)
                                                      0.420     0.420 r  rstn_IBUF_inst/INBUF_INST/O
                         net (fo=1, routed)           0.000     0.420    rstn_IBUF_inst/OUT
    A3                   IBUFCTRL (Prop_IBUFCTRL_HDIOB_M_I_O)
                                                      0.000     0.420 r  rstn_IBUF_inst/IBUFCTRL_INST/O
                         net (fo=3, routed)           0.423     0.843    lsu/rstn_IBUF
    SLICE_X100Y316       FDCE                                         f  lsu/FSM_onehot_PresentState_reg[3]/CLR  (IS_INVERTED)
  -------------------------------------------------------------------    -------------------

Slack:                    inf
  Source:                 rstn
                            (input port)
  Destination:            lsu/FSM_onehot_PresentState_reg[4]/CLR
  Path Group:             (none)
  Path Type:              Min at Fast Process Corner
  Data Path Delay:        0.843ns  (logic 0.420ns (49.793%)  route 0.423ns (50.207%))
  Logic Levels:           2  (IBUFCTRL=1 INBUF=1)

    Location             Delay type                Incr(ns)  Path(ns)    Netlist Resource(s)
  -------------------------------------------------------------------    -------------------
    A3                                                0.000     0.000 r  rstn (IN)
                         net (fo=0)                   0.000     0.000    rstn_IBUF_inst/I
    A3                   INBUF (Prop_INBUF_HDIOB_M_PAD_O)
                                                      0.420     0.420 r  rstn_IBUF_inst/INBUF_INST/O
                         net (fo=1, routed)           0.000     0.420    rstn_IBUF_inst/OUT
    A3                   IBUFCTRL (Prop_IBUFCTRL_HDIOB_M_I_O)
                                                      0.000     0.420 r  rstn_IBUF_inst/IBUFCTRL_INST/O
                         net (fo=3, routed)           0.423     0.843    lsu/rstn_IBUF
    SLICE_X100Y316       FDCE                                         f  lsu/FSM_onehot_PresentState_reg[4]/CLR  (IS_INVERTED)
  -------------------------------------------------------------------    -------------------

Slack:                    inf
  Source:                 lsu/FSM_onehot_PresentState_reg[4]/C
                            (rising edge-triggered cell FDCE)
  Destination:            m_axi_rready
                            (output port)
  Path Group:             (none)
  Path Type:              Min at Fast Process Corner
  Data Path Delay:        1.493ns  (logic 1.129ns (75.673%)  route 0.363ns (24.327%))
  Logic Levels:           2  (FDCE=1 OBUF=1)

    Location             Delay type                Incr(ns)  Path(ns)    Netlist Resource(s)
  -------------------------------------------------------------------    -------------------
    SLICE_X100Y316       FDCE                         0.000     0.000 r  lsu/FSM_onehot_PresentState_reg[4]/C
    SLICE_X100Y316       FDCE (Prop_FFF_SLICEL_C_Q)
                                                      0.039     0.039 r  lsu/FSM_onehot_PresentState_reg[4]/Q
                         net (fo=3, routed)           0.363     0.402    m_axi_rready_OBUF
    B3                   OBUF (Prop_OUTBUF_HDIOB_S_I_O)
                                                      1.090     1.493 r  m_axi_rready_OBUF_inst/O
                         net (fo=0)                   0.000     1.493    m_axi_rready
    B3                                                                r  m_axi_rready (OUT)
  -------------------------------------------------------------------    -------------------





