
*** Running vivado
    with args -log AXI_Master.vdi -applog -m64 -product Vivado -messageDb vivado.pb -mode batch -source AXI_Master.tcl -notrace


****** Vivado v2024.2 (64-bit)
  **** SW Build 5239630 on Fri Nov 08 22:34:34 MST 2024
  **** IP Build 5239520 on Sun Nov 10 16:12:51 MST 2024
  **** SharedData Build 5239561 on Fri Nov 08 14:39:27 MST 2024
  **** Start of session at: Wed Mar 25 20:55:20 2026
    ** Copyright 1986-2022 Xilinx, Inc. All Rights Reserved.
    ** Copyright 2022-2024 Advanced Micro Devices, Inc. All Rights Reserved.

source AXI_Master.tcl -notrace
Command: link_design -top AXI_Master -part xczu7ev-ffvc1156-2-e
Design is defaulting to srcset: sources_1
Design is defaulting to constrset: constrs_1
INFO: [Device 21-403] Loading part xczu7ev-ffvc1156-2-e
Netlist sorting complete. Time (s): cpu = 00:00:00 ; elapsed = 00:00:00 . Memory (MB): peak = 2459.012 ; gain = 0.000 ; free physical = 5368 ; free virtual = 156193
INFO: [Netlist 29-17] Analyzing 4 Unisim elements for replacement
INFO: [Netlist 29-28] Unisim Transformation completed in 0 CPU seconds
INFO: [Project 1-479] Netlist was created with Vivado 2024.2
INFO: [Project 1-570] Preparing netlist for logic optimization
Read ShapeDB Complete: Time (s): cpu = 00:00:00 ; elapsed = 00:00:00.01 . Memory (MB): peak = 2459.012 ; gain = 0.000 ; free physical = 5370 ; free virtual = 156195
Netlist sorting complete. Time (s): cpu = 00:00:00 ; elapsed = 00:00:00 . Memory (MB): peak = 2671.207 ; gain = 0.000 ; free physical = 5212 ; free virtual = 156037
INFO: [Project 1-111] Unisim Transformation Summary:
  A total of 4 instances were transformed.
  IBUF => IBUF (IBUFCTRL, INBUF): 4 instances

6 Infos, 0 Warnings, 0 Critical Warnings and 0 Errors encountered.
link_design completed successfully
link_design: Time (s): cpu = 00:00:11 ; elapsed = 00:00:12 . Memory (MB): peak = 2671.207 ; gain = 1235.078 ; free physical = 5212 ; free virtual = 156037
Command: opt_design
Attempting to get a license for feature 'Implementation' and/or device 'xczu7ev'
INFO: [Common 17-349] Got license for feature 'Implementation' and/or device 'xczu7ev'
Running DRC as a precondition to command opt_design

Starting DRC Task
INFO: [DRC 23-27] Running DRC with 8 threads
INFO: [Project 1-461] DRC finished with 0 Errors
INFO: [Project 1-462] Please refer to the DRC report (report_drc) for more information.

Time (s): cpu = 00:00:02 ; elapsed = 00:00:00.46 . Memory (MB): peak = 2917.238 ; gain = 246.031 ; free physical = 5063 ; free virtual = 155888

Starting Cache Timing Information Task
INFO: [Timing 38-35] Done setting XDC timing constraints.
Ending Cache Timing Information Task | Checksum: 25bfea78e

Time (s): cpu = 00:00:02 ; elapsed = 00:00:02 . Memory (MB): peak = 3172.570 ; gain = 255.332 ; free physical = 4894 ; free virtual = 155720

Starting Logic Optimization Task

Phase 1 Initialization

Phase 1.1 Core Generation And Design Setup
Phase 1.1 Core Generation And Design Setup | Checksum: 25bfea78e

Time (s): cpu = 00:00:00 ; elapsed = 00:00:00 . Memory (MB): peak = 3502.406 ; gain = 0.000 ; free physical = 4565 ; free virtual = 155391

Phase 1.2 Setup Constraints And Sort Netlist
Phase 1.2 Setup Constraints And Sort Netlist | Checksum: 25bfea78e

Time (s): cpu = 00:00:00 ; elapsed = 00:00:00.01 . Memory (MB): peak = 3502.406 ; gain = 0.000 ; free physical = 4565 ; free virtual = 155391
Phase 1 Initialization | Checksum: 25bfea78e

Time (s): cpu = 00:00:00 ; elapsed = 00:00:00.01 . Memory (MB): peak = 3502.406 ; gain = 0.000 ; free physical = 4565 ; free virtual = 155391

Phase 2 Timer Update And Timing Data Collection

Phase 2.1 Timer Update
Phase 2.1 Timer Update | Checksum: 25bfea78e

Time (s): cpu = 00:00:00.01 ; elapsed = 00:00:00.01 . Memory (MB): peak = 3502.406 ; gain = 0.000 ; free physical = 4565 ; free virtual = 155391

Phase 2.2 Timing Data Collection
Phase 2.2 Timing Data Collection | Checksum: 25bfea78e

Time (s): cpu = 00:00:00.01 ; elapsed = 00:00:00.02 . Memory (MB): peak = 3502.406 ; gain = 0.000 ; free physical = 4565 ; free virtual = 155391
Phase 2 Timer Update And Timing Data Collection | Checksum: 25bfea78e

Time (s): cpu = 00:00:00.01 ; elapsed = 00:00:00.02 . Memory (MB): peak = 3502.406 ; gain = 0.000 ; free physical = 4565 ; free virtual = 155391

Phase 3 Retarget
INFO: [Opt 31-1851] Number of loadless carry chains removed were: 0
INFO: [Opt 31-1834] Total Chains To Be Transformed Were: 0 AND Number of Transformed insts Created are: 0
INFO: [Opt 31-138] Pushed 1 inverter(s) to 3 load pin(s).
INFO: [Opt 31-49] Retargeted 0 cell(s).
Phase 3 Retarget | Checksum: 2af8dfcd8

Time (s): cpu = 00:00:00.04 ; elapsed = 00:00:00.05 . Memory (MB): peak = 3502.406 ; gain = 0.000 ; free physical = 4565 ; free virtual = 155391
Retarget | Checksum: 2af8dfcd8
INFO: [Opt 31-389] Phase Retarget created 0 cells and removed 1 cells

Phase 4 Constant propagation
INFO: [Opt 31-138] Pushed 0 inverter(s) to 0 load pin(s).
Phase 4 Constant propagation | Checksum: 2af8dfcd8

Time (s): cpu = 00:00:00.04 ; elapsed = 00:00:00.05 . Memory (MB): peak = 3502.406 ; gain = 0.000 ; free physical = 4565 ; free virtual = 155391
Constant propagation | Checksum: 2af8dfcd8
INFO: [Opt 31-389] Phase Constant propagation created 0 cells and removed 0 cells

Phase 5 Sweep
INFO: [Constraints 18-11670] Building netlist checker database with flags, 0x8
Done building netlist checker database: Time (s): cpu = 00:00:00 ; elapsed = 00:00:00 . Memory (MB): peak = 3502.406 ; gain = 0.000 ; free physical = 4565 ; free virtual = 155391
Phase 5 Sweep | Checksum: 2af8dfcd8

Time (s): cpu = 00:00:00.04 ; elapsed = 00:00:00.05 . Memory (MB): peak = 3502.406 ; gain = 0.000 ; free physical = 4565 ; free virtual = 155391
Sweep | Checksum: 2af8dfcd8
INFO: [Opt 31-389] Phase Sweep created 0 cells and removed 0 cells

Phase 6 BUFG optimization
INFO: [Opt 31-1077] Phase BUFG optimization inserted 0 global clock buffer(s) for CLOCK_LOW_FANOUT.
Phase 6 BUFG optimization | Checksum: 2af8dfcd8

Time (s): cpu = 00:00:00.04 ; elapsed = 00:00:00.06 . Memory (MB): peak = 3534.422 ; gain = 32.016 ; free physical = 4565 ; free virtual = 155391
BUFG optimization | Checksum: 2af8dfcd8
INFO: [Opt 31-662] Phase BUFG optimization created 0 cells of which 0 are BUFGs and removed 0 cells.

Phase 7 Shift Register Optimization
INFO: [Opt 31-1064] SRL Remap converted 0 SRLs to 0 registers and converted 0 registers of register chains to 0 SRLs
Phase 7 Shift Register Optimization | Checksum: 2af8dfcd8

Time (s): cpu = 00:00:00.04 ; elapsed = 00:00:00.06 . Memory (MB): peak = 3534.422 ; gain = 32.016 ; free physical = 4565 ; free virtual = 155391
Shift Register Optimization | Checksum: 2af8dfcd8
INFO: [Opt 31-389] Phase Shift Register Optimization created 0 cells and removed 0 cells

Phase 8 Post Processing Netlist
Phase 8 Post Processing Netlist | Checksum: 2af8dfcd8

Time (s): cpu = 00:00:00.05 ; elapsed = 00:00:00.06 . Memory (MB): peak = 3534.422 ; gain = 32.016 ; free physical = 4565 ; free virtual = 155391
Post Processing Netlist | Checksum: 2af8dfcd8
INFO: [Opt 31-389] Phase Post Processing Netlist created 0 cells and removed 0 cells

Phase 9 Finalization

Phase 9.1 Finalizing Design Cores and Updating Shapes
Phase 9.1 Finalizing Design Cores and Updating Shapes | Checksum: 2af8dfcd8

Time (s): cpu = 00:00:00.05 ; elapsed = 00:00:00.06 . Memory (MB): peak = 3534.422 ; gain = 32.016 ; free physical = 4565 ; free virtual = 155391

Phase 9.2 Verifying Netlist Connectivity

Starting Connectivity Check Task

Time (s): cpu = 00:00:00 ; elapsed = 00:00:00.01 . Memory (MB): peak = 3534.422 ; gain = 0.000 ; free physical = 4565 ; free virtual = 155391
Phase 9.2 Verifying Netlist Connectivity | Checksum: 2af8dfcd8

Time (s): cpu = 00:00:00.05 ; elapsed = 00:00:00.07 . Memory (MB): peak = 3534.422 ; gain = 32.016 ; free physical = 4565 ; free virtual = 155391
Phase 9 Finalization | Checksum: 2af8dfcd8

Time (s): cpu = 00:00:00.05 ; elapsed = 00:00:00.07 . Memory (MB): peak = 3534.422 ; gain = 32.016 ; free physical = 4565 ; free virtual = 155391
Opt_design Change Summary
=========================


-------------------------------------------------------------------------------------------------------------------------
|  Phase                        |  #Cells created  |  #Cells Removed  |  #Constrained objects preventing optimizations  |
-------------------------------------------------------------------------------------------------------------------------
|  Retarget                     |               0  |               1  |                                              0  |
|  Constant propagation         |               0  |               0  |                                              0  |
|  Sweep                        |               0  |               0  |                                              0  |
|  BUFG optimization            |               0  |               0  |                                              0  |
|  Shift Register Optimization  |               0  |               0  |                                              0  |
|  Post Processing Netlist      |               0  |               0  |                                              0  |
-------------------------------------------------------------------------------------------------------------------------


Ending Logic Optimization Task | Checksum: 2af8dfcd8

Time (s): cpu = 00:00:00.05 ; elapsed = 00:00:00.07 . Memory (MB): peak = 3534.422 ; gain = 32.016 ; free physical = 4565 ; free virtual = 155391

Starting Power Optimization Task
INFO: [Pwropt 34-132] Skipping clock gating for clocks with a period < 2.00 ns.
Ending Power Optimization Task | Checksum: 2af8dfcd8

Time (s): cpu = 00:00:00.01 ; elapsed = 00:00:00 . Memory (MB): peak = 3534.422 ; gain = 0.000 ; free physical = 4565 ; free virtual = 155391

Starting Final Cleanup Task
Ending Final Cleanup Task | Checksum: 2af8dfcd8

Time (s): cpu = 00:00:00 ; elapsed = 00:00:00 . Memory (MB): peak = 3534.422 ; gain = 0.000 ; free physical = 4565 ; free virtual = 155391

Starting Netlist Obfuscation Task
Netlist sorting complete. Time (s): cpu = 00:00:00 ; elapsed = 00:00:00 . Memory (MB): peak = 3534.422 ; gain = 0.000 ; free physical = 4565 ; free virtual = 155391
Ending Netlist Obfuscation Task | Checksum: 2af8dfcd8

Time (s): cpu = 00:00:00 ; elapsed = 00:00:00 . Memory (MB): peak = 3534.422 ; gain = 0.000 ; free physical = 4565 ; free virtual = 155391
INFO: [Common 17-83] Releasing license: Implementation
27 Infos, 0 Warnings, 0 Critical Warnings and 0 Errors encountered.
opt_design completed successfully
opt_design: Time (s): cpu = 00:00:06 ; elapsed = 00:00:05 . Memory (MB): peak = 3534.422 ; gain = 863.215 ; free physical = 4565 ; free virtual = 155391
INFO: [Vivado 12-24828] Executing command : report_drc -file AXI_Master_drc_opted.rpt -pb AXI_Master_drc_opted.pb -rpx AXI_Master_drc_opted.rpx
Command: report_drc -file AXI_Master_drc_opted.rpt -pb AXI_Master_drc_opted.pb -rpx AXI_Master_drc_opted.rpx
INFO: [IP_Flow 19-234] Refreshing IP repositories
INFO: [IP_Flow 19-1704] No user IP repositories specified
INFO: [IP_Flow 19-2313] Loaded Vivado IP repository '/tools/Xilinx/Vivado/2024.2/data/ip'.
INFO: [DRC 23-27] Running DRC with 8 threads
INFO: [Vivado_Tcl 2-168] The results of DRC are in file /home/khang/Documents/SystemVerilog/SoC-RV32I/Vivado/soc/soc.runs/impl_1/AXI_Master_drc_opted.rpt.
report_drc completed successfully
Write ShapeDB Complete: Time (s): cpu = 00:00:00 ; elapsed = 00:00:00 . Memory (MB): peak = 3633.758 ; gain = 0.000 ; free physical = 4442 ; free virtual = 155268
INFO: [Common 17-1381] The checkpoint '/home/khang/Documents/SystemVerilog/SoC-RV32I/Vivado/soc/soc.runs/impl_1/AXI_Master_opt.dcp' has been generated.
Command: place_design
Attempting to get a license for feature 'Implementation' and/or device 'xczu7ev'
INFO: [Common 17-349] Got license for feature 'Implementation' and/or device 'xczu7ev'
INFO: [Common 17-83] Releasing license: Implementation
INFO: [DRC 23-27] Running DRC with 8 threads
INFO: [Vivado_Tcl 4-198] DRC finished with 0 Errors
INFO: [Vivado_Tcl 4-199] Please refer to the DRC report (report_drc) for more information.
Running DRC as a precondition to command place_design
INFO: [DRC 23-27] Running DRC with 8 threads
INFO: [Vivado_Tcl 4-198] DRC finished with 0 Errors
INFO: [Vivado_Tcl 4-199] Please refer to the DRC report (report_drc) for more information.
INFO: [Place 30-611] Multithreading enabled for place_design using a maximum of 8 CPUs

Starting Placer Task

Phase 1 Placer Initialization

Phase 1.1 Placer Initialization Netlist Sorting
Netlist sorting complete. Time (s): cpu = 00:00:00 ; elapsed = 00:00:00 . Memory (MB): peak = 3679.379 ; gain = 0.000 ; free physical = 4419 ; free virtual = 155244
Phase 1.1 Placer Initialization Netlist Sorting | Checksum: 1c2981ad4

Time (s): cpu = 00:00:00.01 ; elapsed = 00:00:00 . Memory (MB): peak = 3679.379 ; gain = 0.000 ; free physical = 4419 ; free virtual = 155244
Netlist sorting complete. Time (s): cpu = 00:00:00 ; elapsed = 00:00:00 . Memory (MB): peak = 3679.379 ; gain = 0.000 ; free physical = 4419 ; free virtual = 155244

Phase 1.2 IO Placement/ Clock Placement/ Build Placer Device
INFO: [Timing 38-35] Done setting XDC timing constraints.
Phase 1.2 IO Placement/ Clock Placement/ Build Placer Device | Checksum: 1e98b03b5

Time (s): cpu = 00:00:02 ; elapsed = 00:00:00.52 . Memory (MB): peak = 3711.395 ; gain = 32.016 ; free physical = 4418 ; free virtual = 155244

Phase 1.3 Build Placer Netlist Model
Phase 1.3 Build Placer Netlist Model | Checksum: 2c54f9ec6

Time (s): cpu = 00:00:06 ; elapsed = 00:00:05 . Memory (MB): peak = 3771.410 ; gain = 92.031 ; free physical = 4357 ; free virtual = 155183

Phase 1.4 Constrain Clocks/Macros
Phase 1.4 Constrain Clocks/Macros | Checksum: 2c54f9ec6

Time (s): cpu = 00:00:06 ; elapsed = 00:00:05 . Memory (MB): peak = 3771.410 ; gain = 92.031 ; free physical = 4357 ; free virtual = 155183
Phase 1 Placer Initialization | Checksum: 2c54f9ec6

Time (s): cpu = 00:00:06 ; elapsed = 00:00:05 . Memory (MB): peak = 3771.410 ; gain = 92.031 ; free physical = 4357 ; free virtual = 155183

Phase 2 Global Placement

Phase 2.1 Floorplanning

Phase 2.1.1 Partition Driven Placement

Phase 2.1.1.1 PBP: Partition Driven Placement
Phase 2.1.1.1 PBP: Partition Driven Placement | Checksum: 2ccd4aa75

Time (s): cpu = 00:00:06 ; elapsed = 00:00:05 . Memory (MB): peak = 3771.410 ; gain = 92.031 ; free physical = 4357 ; free virtual = 155183

Phase 2.1.1.2 PBP: Clock Region Placement
INFO: [Place 30-3162] Check ILP status : ILP-based clock placer completed successfully.
Phase 2.1.1.2 PBP: Clock Region Placement | Checksum: 2ccd4aa75

Time (s): cpu = 00:00:06 ; elapsed = 00:00:05 . Memory (MB): peak = 3771.410 ; gain = 92.031 ; free physical = 4357 ; free virtual = 155183

Phase 2.1.1.3 PBP: Compute Congestion
Phase 2.1.1.3 PBP: Compute Congestion | Checksum: 2ccd4aa75

Time (s): cpu = 00:00:17 ; elapsed = 00:00:08 . Memory (MB): peak = 4270.312 ; gain = 590.934 ; free physical = 3794 ; free virtual = 154620

Phase 2.1.1.4 PBP: Add part constraints
Phase 2.1.1.4 PBP: Add part constraints | Checksum: 2ccd4aa75

Time (s): cpu = 00:00:17 ; elapsed = 00:00:08 . Memory (MB): peak = 4270.312 ; gain = 590.934 ; free physical = 3794 ; free virtual = 154620
Phase 2.1.1 Partition Driven Placement | Checksum: 2ccd4aa75

Time (s): cpu = 00:00:17 ; elapsed = 00:00:08 . Memory (MB): peak = 4270.312 ; gain = 590.934 ; free physical = 3794 ; free virtual = 154620
Phase 2.1 Floorplanning | Checksum: 2ccd4aa75

Time (s): cpu = 00:00:17 ; elapsed = 00:00:08 . Memory (MB): peak = 4270.312 ; gain = 590.934 ; free physical = 3794 ; free virtual = 154620

Phase 2.2 Update Timing before SLR Path Opt
Phase 2.2 Update Timing before SLR Path Opt | Checksum: 2ccd4aa75

Time (s): cpu = 00:00:17 ; elapsed = 00:00:08 . Memory (MB): peak = 4270.312 ; gain = 590.934 ; free physical = 3794 ; free virtual = 154620

Phase 2.3 Post-Processing in Floorplanning
Phase 2.3 Post-Processing in Floorplanning | Checksum: 2ccd4aa75

Time (s): cpu = 00:00:17 ; elapsed = 00:00:08 . Memory (MB): peak = 4270.312 ; gain = 590.934 ; free physical = 3794 ; free virtual = 154620

Phase 2.4 Global Place Phase1
Phase 2.4 Global Place Phase1 | Checksum: 217ca9c12

Time (s): cpu = 00:00:29 ; elapsed = 00:00:12 . Memory (MB): peak = 4405.344 ; gain = 725.965 ; free physical = 3765 ; free virtual = 154591

Phase 2.5 Global Place Phase2
WARNING: [Place 46-29] Timing had been disabled during Placer and, therefore, physical synthesis in Placer will be skipped.
Phase 2.5 Global Place Phase2 | Checksum: 22c14b096

Time (s): cpu = 00:00:40 ; elapsed = 00:00:15 . Memory (MB): peak = 4409.344 ; gain = 729.965 ; free physical = 3754 ; free virtual = 154580
Phase 2 Global Placement | Checksum: 22c14b096

Time (s): cpu = 00:00:40 ; elapsed = 00:00:15 . Memory (MB): peak = 4409.344 ; gain = 729.965 ; free physical = 3754 ; free virtual = 154580

Phase 3 Detail Placement

Phase 3.1 Commit Multi Column Macros
Phase 3.1 Commit Multi Column Macros | Checksum: 22c14b096

Time (s): cpu = 00:00:51 ; elapsed = 00:00:18 . Memory (MB): peak = 4409.344 ; gain = 729.965 ; free physical = 3748 ; free virtual = 154574

Phase 3.2 Commit Most Macros & LUTRAMs
Phase 3.2 Commit Most Macros & LUTRAMs | Checksum: 22c14b096

Time (s): cpu = 00:00:51 ; elapsed = 00:00:18 . Memory (MB): peak = 4409.344 ; gain = 729.965 ; free physical = 3748 ; free virtual = 154574

Phase 3.3 Small Shape DP

Phase 3.3.1 Small Shape Clustering
Phase 3.3.1 Small Shape Clustering | Checksum: 1f289f71b

Time (s): cpu = 00:01:02 ; elapsed = 00:00:21 . Memory (MB): peak = 4409.344 ; gain = 729.965 ; free physical = 3755 ; free virtual = 154581

Phase 3.3.2 Slice Area Swap

Phase 3.3.2.1 Slice Area Swap Initial
Phase 3.3.2.1 Slice Area Swap Initial | Checksum: 28867c441

Time (s): cpu = 00:01:02 ; elapsed = 00:00:21 . Memory (MB): peak = 4409.344 ; gain = 729.965 ; free physical = 3755 ; free virtual = 154581
Phase 3.3.2 Slice Area Swap | Checksum: 28867c441

Time (s): cpu = 00:01:02 ; elapsed = 00:00:21 . Memory (MB): peak = 4409.344 ; gain = 729.965 ; free physical = 3755 ; free virtual = 154581
Phase 3.3 Small Shape DP | Checksum: 2a1689061

Time (s): cpu = 00:01:02 ; elapsed = 00:00:21 . Memory (MB): peak = 4409.344 ; gain = 729.965 ; free physical = 3755 ; free virtual = 154581

Phase 3.4 Re-assign LUT pins
Phase 3.4 Re-assign LUT pins | Checksum: 2a1689061

Time (s): cpu = 00:01:04 ; elapsed = 00:00:23 . Memory (MB): peak = 4409.344 ; gain = 729.965 ; free physical = 3755 ; free virtual = 154581

Phase 3.5 Pipeline Register Optimization
Phase 3.5 Pipeline Register Optimization | Checksum: 2a1689061

Time (s): cpu = 00:01:04 ; elapsed = 00:00:23 . Memory (MB): peak = 4409.344 ; gain = 729.965 ; free physical = 3755 ; free virtual = 154581
Phase 3 Detail Placement | Checksum: 2a1689061

Time (s): cpu = 00:01:04 ; elapsed = 00:00:23 . Memory (MB): peak = 4409.344 ; gain = 729.965 ; free physical = 3755 ; free virtual = 154581

Phase 4 Post Placement Optimization and Clean-Up

Phase 4.1 Post Commit Optimization
Phase 4.1 Post Commit Optimization | Checksum: 2a1689061

Time (s): cpu = 00:01:15 ; elapsed = 00:00:26 . Memory (MB): peak = 4409.344 ; gain = 729.965 ; free physical = 3737 ; free virtual = 154564
Netlist sorting complete. Time (s): cpu = 00:00:00 ; elapsed = 00:00:00 . Memory (MB): peak = 4421.344 ; gain = 0.000 ; free physical = 3745 ; free virtual = 154571

Phase 4.2 Post Placement Cleanup
Phase 4.2 Post Placement Cleanup | Checksum: 1f3e75378

Time (s): cpu = 00:01:34 ; elapsed = 00:00:37 . Memory (MB): peak = 4421.344 ; gain = 741.965 ; free physical = 3745 ; free virtual = 154571

Phase 4.3 Placer Reporting

Phase 4.3.1 Print Estimated Congestion
INFO: [Place 30-612] Post-Placement Estimated Congestion 
 ________________________________________________________________________
|           | Global Congestion | Long Congestion   | Short Congestion  |
| Direction | Region Size       | Region Size       | Region Size       |
|___________|___________________|___________________|___________________|
|      North|                1x1|                1x1|                1x1|
|___________|___________________|___________________|___________________|
|      South|                1x1|                1x1|                1x1|
|___________|___________________|___________________|___________________|
|       East|                1x1|                1x1|                1x1|
|___________|___________________|___________________|___________________|
|       West|                1x1|                1x1|                1x1|
|___________|___________________|___________________|___________________|

Phase 4.3.1 Print Estimated Congestion | Checksum: 1f3e75378

Time (s): cpu = 00:01:34 ; elapsed = 00:00:37 . Memory (MB): peak = 4421.344 ; gain = 741.965 ; free physical = 3745 ; free virtual = 154571
Phase 4.3 Placer Reporting | Checksum: 1f3e75378

Time (s): cpu = 00:01:34 ; elapsed = 00:00:37 . Memory (MB): peak = 4421.344 ; gain = 741.965 ; free physical = 3745 ; free virtual = 154571

Phase 4.4 Final Placement Cleanup
Netlist sorting complete. Time (s): cpu = 00:00:00 ; elapsed = 00:00:00 . Memory (MB): peak = 4421.344 ; gain = 0.000 ; free physical = 3745 ; free virtual = 154571

Time (s): cpu = 00:01:34 ; elapsed = 00:00:37 . Memory (MB): peak = 4421.344 ; gain = 741.965 ; free physical = 3745 ; free virtual = 154571
Phase 4 Post Placement Optimization and Clean-Up | Checksum: 1f3e75378

Time (s): cpu = 00:01:34 ; elapsed = 00:00:37 . Memory (MB): peak = 4421.344 ; gain = 741.965 ; free physical = 3745 ; free virtual = 154571
Ending Placer Task | Checksum: 1da8f0e7a

Time (s): cpu = 00:01:34 ; elapsed = 00:00:37 . Memory (MB): peak = 4421.344 ; gain = 741.965 ; free physical = 3745 ; free virtual = 154571
46 Infos, 1 Warnings, 0 Critical Warnings and 0 Errors encountered.
place_design completed successfully
place_design: Time (s): cpu = 00:01:37 ; elapsed = 00:00:38 . Memory (MB): peak = 4421.344 ; gain = 763.574 ; free physical = 3745 ; free virtual = 154571
INFO: [Vivado 12-24838] Running report commands "report_control_sets, report_io, report_utilization" in parallel.
Running report generation with 3 threads.
INFO: [Vivado 12-24828] Executing command : report_control_sets -verbose -file AXI_Master_control_sets_placed.rpt
report_control_sets: Time (s): cpu = 00:00:00.05 ; elapsed = 00:00:00.08 . Memory (MB): peak = 4421.344 ; gain = 0.000 ; free physical = 3720 ; free virtual = 154546
INFO: [Vivado 12-24828] Executing command : report_utilization -file AXI_Master_utilization_placed.rpt -pb AXI_Master_utilization_placed.pb
INFO: [Vivado 12-24828] Executing command : report_io -file AXI_Master_io_placed.rpt
report_io: Time (s): cpu = 00:00:00.35 ; elapsed = 00:00:00.33 . Memory (MB): peak = 4421.344 ; gain = 0.000 ; free physical = 3728 ; free virtual = 154554
Write ShapeDB Complete: Time (s): cpu = 00:00:00.01 ; elapsed = 00:00:00 . Memory (MB): peak = 4421.344 ; gain = 0.000 ; free physical = 3728 ; free virtual = 154554
Wrote PlaceDB: Time (s): cpu = 00:00:00.02 ; elapsed = 00:00:00.01 . Memory (MB): peak = 4421.344 ; gain = 0.000 ; free physical = 3728 ; free virtual = 154554
Wrote PulsedLatchDB: Time (s): cpu = 00:00:00 ; elapsed = 00:00:00 . Memory (MB): peak = 4421.344 ; gain = 0.000 ; free physical = 3728 ; free virtual = 154554
Writing XDEF routing.
Writing XDEF routing logical nets.
Writing XDEF routing special nets.
Wrote RouteStorage: Time (s): cpu = 00:00:00.06 ; elapsed = 00:00:00.07 . Memory (MB): peak = 4421.344 ; gain = 0.000 ; free physical = 3728 ; free virtual = 154555
Wrote Netlist Cache: Time (s): cpu = 00:00:00 ; elapsed = 00:00:00 . Memory (MB): peak = 4421.344 ; gain = 0.000 ; free physical = 3728 ; free virtual = 154555
Wrote Device Cache: Time (s): cpu = 00:00:00 ; elapsed = 00:00:00.02 . Memory (MB): peak = 4421.344 ; gain = 0.000 ; free physical = 3721 ; free virtual = 154550
Write Physdb Complete: Time (s): cpu = 00:00:00.1 ; elapsed = 00:00:00.1 . Memory (MB): peak = 4421.344 ; gain = 0.000 ; free physical = 3721 ; free virtual = 154550
INFO: [Common 17-1381] The checkpoint '/home/khang/Documents/SystemVerilog/SoC-RV32I/Vivado/soc/soc.runs/impl_1/AXI_Master_placed.dcp' has been generated.
Command: phys_opt_design
Attempting to get a license for feature 'Implementation' and/or device 'xczu7ev'
INFO: [Common 17-349] Got license for feature 'Implementation' and/or device 'xczu7ev'

Starting Initial Update Timing Task

Time (s): cpu = 00:00:11 ; elapsed = 00:00:12 . Memory (MB): peak = 4812.836 ; gain = 391.492 ; free physical = 3350 ; free virtual = 154178
INFO: [Vivado_Tcl 4-235] No timing constraint found. The netlist was not modified.
INFO: [Common 17-83] Releasing license: Implementation
54 Infos, 1 Warnings, 0 Critical Warnings and 0 Errors encountered.
phys_opt_design completed successfully
phys_opt_design: Time (s): cpu = 00:00:11 ; elapsed = 00:00:12 . Memory (MB): peak = 4812.836 ; gain = 391.492 ; free physical = 3350 ; free virtual = 154178
Write ShapeDB Complete: Time (s): cpu = 00:00:00.01 ; elapsed = 00:00:00.01 . Memory (MB): peak = 4812.836 ; gain = 0.000 ; free physical = 3350 ; free virtual = 154178
Wrote PlaceDB: Time (s): cpu = 00:00:00.01 ; elapsed = 00:00:00 . Memory (MB): peak = 4812.836 ; gain = 0.000 ; free physical = 3351 ; free virtual = 154179
Wrote PulsedLatchDB: Time (s): cpu = 00:00:00 ; elapsed = 00:00:00 . Memory (MB): peak = 4812.836 ; gain = 0.000 ; free physical = 3351 ; free virtual = 154179
Writing XDEF routing.
Writing XDEF routing logical nets.
Writing XDEF routing special nets.
Wrote RouteStorage: Time (s): cpu = 00:00:00.04 ; elapsed = 00:00:00.03 . Memory (MB): peak = 4812.836 ; gain = 0.000 ; free physical = 3352 ; free virtual = 154180
Wrote Netlist Cache: Time (s): cpu = 00:00:00 ; elapsed = 00:00:00 . Memory (MB): peak = 4812.836 ; gain = 0.000 ; free physical = 3352 ; free virtual = 154180
Wrote Device Cache: Time (s): cpu = 00:00:00 ; elapsed = 00:00:00.02 . Memory (MB): peak = 4812.836 ; gain = 0.000 ; free physical = 3344 ; free virtual = 154175
Write Physdb Complete: Time (s): cpu = 00:00:00.06 ; elapsed = 00:00:00.07 . Memory (MB): peak = 4812.836 ; gain = 0.000 ; free physical = 3344 ; free virtual = 154175
INFO: [Common 17-1381] The checkpoint '/home/khang/Documents/SystemVerilog/SoC-RV32I/Vivado/soc/soc.runs/impl_1/AXI_Master_physopt.dcp' has been generated.
Command: route_design
Attempting to get a license for feature 'Implementation' and/or device 'xczu7ev'
INFO: [Common 17-349] Got license for feature 'Implementation' and/or device 'xczu7ev'


Starting Routing Task
INFO: [Route 35-254] Multithreading enabled for route_design using a maximum of 8 CPUs

Phase 1 Build RT Design
Checksum: PlaceDB: c578308f ConstDB: 0 ShapeSum: c618ad52 RouteDB: 4efe3099
Nodegraph reading from file.  Time (s): cpu = 00:00:00.72 ; elapsed = 00:00:00.77 . Memory (MB): peak = 4812.836 ; gain = 0.000 ; free physical = 3339 ; free virtual = 154168
Post Restoration Checksum: NetGraph: 34afac80 | NumContArr: 6b029b76 | Constraints: fb089e6 | Timing: c2a8fa9d
Phase 1 Build RT Design | Checksum: 1720bcc79

Time (s): cpu = 00:00:05 ; elapsed = 00:00:05 . Memory (MB): peak = 4812.836 ; gain = 0.000 ; free physical = 3066 ; free virtual = 153895

Phase 2 Router Initialization
INFO: [Route 35-64] No timing constraints were detected. The router will operate in resource-optimization mode.

Phase 2.1 Fix Topology Constraints
Phase 2.1 Fix Topology Constraints | Checksum: 1720bcc79

Time (s): cpu = 00:00:05 ; elapsed = 00:00:05 . Memory (MB): peak = 4812.836 ; gain = 0.000 ; free physical = 3065 ; free virtual = 153893

Phase 2.2 Pre Route Cleanup
Phase 2.2 Pre Route Cleanup | Checksum: 1720bcc79

Time (s): cpu = 00:00:05 ; elapsed = 00:00:05 . Memory (MB): peak = 4812.836 ; gain = 0.000 ; free physical = 3065 ; free virtual = 153893

Phase 2.3 Global Clock Net Routing
 Number of Nodes with overlaps = 0
Phase 2.3 Global Clock Net Routing | Checksum: 1e24d3d66

Time (s): cpu = 00:00:06 ; elapsed = 00:00:05 . Memory (MB): peak = 4812.836 ; gain = 0.000 ; free physical = 3073 ; free virtual = 153901

Router Utilization Summary
  Global Vertical Routing Utilization    = 0 %
  Global Horizontal Routing Utilization  = 0 %
  Routable Net Status*
  *Does not include unroutable nets such as driverless and loadless.
  Run report_route_status for detailed report.
  Number of Failed Nets               = 10
    (Failed Nets is the sum of unrouted and partially routed nets)
  Number of Unrouted Nets             = 9
  Number of Partially Routed Nets     = 1
  Number of Node Overlaps             = 0

Phase 2 Router Initialization | Checksum: 1e24d3d66

Time (s): cpu = 00:00:07 ; elapsed = 00:00:06 . Memory (MB): peak = 4812.836 ; gain = 0.000 ; free physical = 3049 ; free virtual = 153877

Phase 3 Global Routing
Phase 3 Global Routing | Checksum: 1e24d3d66

Time (s): cpu = 00:00:07 ; elapsed = 00:00:06 . Memory (MB): peak = 4812.836 ; gain = 0.000 ; free physical = 3049 ; free virtual = 153877

Phase 4 Initial Routing

Phase 4.1 Initial Net Routing Pass
Phase 4.1 Initial Net Routing Pass | Checksum: 1e23087a7

Time (s): cpu = 00:00:08 ; elapsed = 00:00:06 . Memory (MB): peak = 4812.836 ; gain = 0.000 ; free physical = 3032 ; free virtual = 153861
Phase 4 Initial Routing | Checksum: 1e23087a7

Time (s): cpu = 00:00:08 ; elapsed = 00:00:06 . Memory (MB): peak = 4812.836 ; gain = 0.000 ; free physical = 3032 ; free virtual = 153861

Phase 5 Rip-up And Reroute

Phase 5.1 Global Iteration 0
 Number of Nodes with overlaps = 0
Phase 5.1 Global Iteration 0 | Checksum: 2120b92dc

Time (s): cpu = 00:00:08 ; elapsed = 00:00:06 . Memory (MB): peak = 4812.836 ; gain = 0.000 ; free physical = 3032 ; free virtual = 153861
Phase 5 Rip-up And Reroute | Checksum: 2120b92dc

Time (s): cpu = 00:00:08 ; elapsed = 00:00:06 . Memory (MB): peak = 4812.836 ; gain = 0.000 ; free physical = 3032 ; free virtual = 153861

Phase 6 Delay and Skew Optimization
Phase 6 Delay and Skew Optimization | Checksum: 2120b92dc

Time (s): cpu = 00:00:08 ; elapsed = 00:00:06 . Memory (MB): peak = 4812.836 ; gain = 0.000 ; free physical = 3032 ; free virtual = 153861

Phase 7 Post Hold Fix

Phase 7.1 Hold Fix Iter
Phase 7.1 Hold Fix Iter | Checksum: 2120b92dc

Time (s): cpu = 00:00:08 ; elapsed = 00:00:06 . Memory (MB): peak = 4812.836 ; gain = 0.000 ; free physical = 3032 ; free virtual = 153861
Phase 7 Post Hold Fix | Checksum: 2120b92dc

Time (s): cpu = 00:00:08 ; elapsed = 00:00:06 . Memory (MB): peak = 4812.836 ; gain = 0.000 ; free physical = 3032 ; free virtual = 153861

Phase 8 Route finalize

Router Utilization Summary
  Global Vertical Routing Utilization    = 0.00041595 %
  Global Horizontal Routing Utilization  = 0.000908622 %
  Routable Net Status*
  *Does not include unroutable nets such as driverless and loadless.
  Run report_route_status for detailed report.
  Number of Failed Nets               = 0
    (Failed Nets is the sum of unrouted and partially routed nets)
  Number of Unrouted Nets             = 0
  Number of Partially Routed Nets     = 0
  Number of Node Overlaps             = 0


--GLOBAL Congestion:
Utilization threshold used for congestion level computation: 0.85
Congestion Report
North Dir 1x1 Area, Max Cong = 0%, No Congested Regions.
South Dir 1x1 Area, Max Cong = 5.6872%, No Congested Regions.
East Dir 1x1 Area, Max Cong = 1.92308%, No Congested Regions.
West Dir 1x1 Area, Max Cong = 0.961538%, No Congested Regions.

------------------------------
Reporting congestion hotspots
------------------------------
Direction: North
----------------
Congested clusters found at Level 0
Effective congestion level: 0 Aspect Ratio: 1 Sparse Ratio: 0
Direction: South
----------------
Congested clusters found at Level 0
Effective congestion level: 0 Aspect Ratio: 1 Sparse Ratio: 0
Direction: East
----------------
Congested clusters found at Level 0
Effective congestion level: 0 Aspect Ratio: 1 Sparse Ratio: 0
Direction: West
----------------
Congested clusters found at Level 0
Effective congestion level: 0 Aspect Ratio: 1 Sparse Ratio: 0

Phase 8 Route finalize | Checksum: 2120b92dc

Time (s): cpu = 00:00:09 ; elapsed = 00:00:06 . Memory (MB): peak = 4812.836 ; gain = 0.000 ; free physical = 3022 ; free virtual = 153851

Phase 9 Verifying routed nets

 Verification completed successfully
Phase 9 Verifying routed nets | Checksum: 2120b92dc

Time (s): cpu = 00:00:09 ; elapsed = 00:00:06 . Memory (MB): peak = 4812.836 ; gain = 0.000 ; free physical = 3021 ; free virtual = 153850

Phase 10 Depositing Routes
Phase 10 Depositing Routes | Checksum: 2120b92dc

Time (s): cpu = 00:00:09 ; elapsed = 00:00:06 . Memory (MB): peak = 4812.836 ; gain = 0.000 ; free physical = 3021 ; free virtual = 153849

Phase 11 Resolve XTalk

Skipping xtalk assignment for non timing driven mode.
Phase 11 Resolve XTalk | Checksum: 2120b92dc

Time (s): cpu = 00:00:09 ; elapsed = 00:00:06 . Memory (MB): peak = 4812.836 ; gain = 0.000 ; free physical = 3021 ; free virtual = 153849

Phase 12 Post Process Routing
Phase 12 Post Process Routing | Checksum: 2120b92dc

Time (s): cpu = 00:00:09 ; elapsed = 00:00:06 . Memory (MB): peak = 4812.836 ; gain = 0.000 ; free physical = 3021 ; free virtual = 153849
Time taken to check if laguna hold fix is required (in secs): 0
Skip PhysOpt in Router because non-negative WNS value: 1e+30 .
Total Elapsed time in route_design: 6.14 secs

Phase 13 Post-Route Event Processing
Phase 13 Post-Route Event Processing | Checksum: fc685ce5

Time (s): cpu = 00:00:09 ; elapsed = 00:00:06 . Memory (MB): peak = 4812.836 ; gain = 0.000 ; free physical = 3021 ; free virtual = 153849
INFO: [Route 35-16] Router Completed Successfully
Ending Routing Task | Checksum: fc685ce5

Time (s): cpu = 00:00:09 ; elapsed = 00:00:06 . Memory (MB): peak = 4812.836 ; gain = 0.000 ; free physical = 3021 ; free virtual = 153849

Routing Is Done.
INFO: [Common 17-83] Releasing license: Implementation
60 Infos, 1 Warnings, 0 Critical Warnings and 0 Errors encountered.
route_design completed successfully
route_design: Time (s): cpu = 00:00:09 ; elapsed = 00:00:06 . Memory (MB): peak = 4812.836 ; gain = 0.000 ; free physical = 3021 ; free virtual = 153849
INFO: [Vivado 12-24828] Executing command : report_drc -file AXI_Master_drc_routed.rpt -pb AXI_Master_drc_routed.pb -rpx AXI_Master_drc_routed.rpx
Command: report_drc -file AXI_Master_drc_routed.rpt -pb AXI_Master_drc_routed.pb -rpx AXI_Master_drc_routed.rpx
INFO: [IP_Flow 19-1839] IP Catalog is up to date.
INFO: [DRC 23-27] Running DRC with 8 threads
INFO: [Vivado_Tcl 2-168] The results of DRC are in file /home/khang/Documents/SystemVerilog/SoC-RV32I/Vivado/soc/soc.runs/impl_1/AXI_Master_drc_routed.rpt.
report_drc completed successfully
INFO: [Vivado 12-24828] Executing command : report_methodology -file AXI_Master_methodology_drc_routed.rpt -pb AXI_Master_methodology_drc_routed.pb -rpx AXI_Master_methodology_drc_routed.rpx
Command: report_methodology -file AXI_Master_methodology_drc_routed.rpt -pb AXI_Master_methodology_drc_routed.pb -rpx AXI_Master_methodology_drc_routed.rpx
INFO: [Timing 38-35] Done setting XDC timing constraints.
INFO: [DRC 23-133] Running Methodology with 8 threads
INFO: [Vivado_Tcl 2-1520] The results of Report Methodology are in file /home/khang/Documents/SystemVerilog/SoC-RV32I/Vivado/soc/soc.runs/impl_1/AXI_Master_methodology_drc_routed.rpt.
report_methodology completed successfully
INFO: [Vivado 12-24828] Executing command : report_timing_summary -max_paths 10 -report_unconstrained -file AXI_Master_timing_summary_routed.rpt -pb AXI_Master_timing_summary_routed.pb -rpx AXI_Master_timing_summary_routed.rpx -warn_on_violation 
INFO: [Timing 38-35] Done setting XDC timing constraints.
INFO: [Timing 38-91] UpdateTimingParams: Speed grade: -2, Temperature grade: E, Delay Type: min_max.
INFO: [Timing 38-191] Multithreading enabled for timing update using a maximum of 8 CPUs
WARNING: [Timing 38-313] There are no user specified timing constraints. Timing constraints are needed for proper timing analysis.
INFO: [Vivado 12-24838] Running report commands "report_bus_skew, report_incremental_reuse, report_route_status" in parallel.
Running report generation with 3 threads.
INFO: [Vivado 12-24828] Executing command : report_route_status -file AXI_Master_route_status.rpt -pb AXI_Master_route_status.pb
INFO: [Vivado 12-24828] Executing command : report_incremental_reuse -file AXI_Master_incremental_reuse_routed.rpt
INFO: [Vivado_Tcl 4-1062] Incremental flow is disabled. No incremental reuse Info to report.
INFO: [Vivado 12-24828] Executing command : report_bus_skew -warn_on_violation -file AXI_Master_bus_skew_routed.rpt -pb AXI_Master_bus_skew_routed.pb -rpx AXI_Master_bus_skew_routed.rpx
INFO: [Timing 38-91] UpdateTimingParams: Speed grade: -2, Temperature grade: E, Delay Type: min_max.
INFO: [Timing 38-191] Multithreading enabled for timing update using a maximum of 8 CPUs
INFO: [Vivado 12-24828] Executing command : report_power -file AXI_Master_power_routed.rpt -pb AXI_Master_power_summary_routed.pb -rpx AXI_Master_power_routed.rpx
Command: report_power -file AXI_Master_power_routed.rpt -pb AXI_Master_power_summary_routed.pb -rpx AXI_Master_power_routed.rpx
WARNING: [Power 33-232] No user defined clocks were found in the design! Power estimation will be inaccurate until this is corrected.
Resolution: Please specify clocks using create_clock/create_generated_clock for sequential elements. For pure combinatorial circuits, please specify a virtual clock, otherwise the vectorless estimation might be inaccurate
Running Vector-less Activity Propagation...

Finished Running Vector-less Activity Propagation
80 Infos, 3 Warnings, 0 Critical Warnings and 0 Errors encountered.
report_power completed successfully
INFO: [Vivado 12-24828] Executing command : report_clock_utilization -file AXI_Master_clock_utilization_routed.rpt
generate_parallel_reports: Time (s): cpu = 00:00:22 ; elapsed = 00:00:11 . Memory (MB): peak = 4969.336 ; gain = 156.500 ; free physical = 2961 ; free virtual = 153790
Write ShapeDB Complete: Time (s): cpu = 00:00:00.01 ; elapsed = 00:00:00 . Memory (MB): peak = 4969.336 ; gain = 0.000 ; free physical = 2961 ; free virtual = 153790
Wrote PlaceDB: Time (s): cpu = 00:00:00.01 ; elapsed = 00:00:00.01 . Memory (MB): peak = 4969.336 ; gain = 0.000 ; free physical = 2961 ; free virtual = 153790
Wrote PulsedLatchDB: Time (s): cpu = 00:00:00 ; elapsed = 00:00:00 . Memory (MB): peak = 4969.336 ; gain = 0.000 ; free physical = 2961 ; free virtual = 153790
Writing XDEF routing.
Writing XDEF routing logical nets.
Writing XDEF routing special nets.
Wrote RouteStorage: Time (s): cpu = 00:00:00.04 ; elapsed = 00:00:00.05 . Memory (MB): peak = 4969.336 ; gain = 0.000 ; free physical = 2962 ; free virtual = 153792
Wrote Netlist Cache: Time (s): cpu = 00:00:00 ; elapsed = 00:00:00 . Memory (MB): peak = 4969.336 ; gain = 0.000 ; free physical = 2962 ; free virtual = 153792
Wrote Device Cache: Time (s): cpu = 00:00:00.02 ; elapsed = 00:00:00.01 . Memory (MB): peak = 4969.336 ; gain = 0.000 ; free physical = 2955 ; free virtual = 153787
Write Physdb Complete: Time (s): cpu = 00:00:00.07 ; elapsed = 00:00:00.08 . Memory (MB): peak = 4969.336 ; gain = 0.000 ; free physical = 2955 ; free virtual = 153787
INFO: [Common 17-1381] The checkpoint '/home/khang/Documents/SystemVerilog/SoC-RV32I/Vivado/soc/soc.runs/impl_1/AXI_Master_routed.dcp' has been generated.
INFO: [Common 17-206] Exiting Vivado at Wed Mar 25 20:56:51 2026...
