BEGIN 1:AXI_Master:fast:work
    rstn :  1:top_tb:fast:work
END 
BEGIN 1:TOP:fast:work
    m_axi_awvalid :  1:top_tb:fast:work
    m_axi_rdata :  1:top_tb:fast:work
    m_axi_wdata :  1:top_tb:fast:work
    m_axi_rvalid :  1:top_tb:fast:work
    m_axi_wvalid :  1:top_tb:fast:work
    m_axi_bvalid :  1:top_tb:fast:work
    m_axi_araddr :  1:top_tb:fast:work
    m_axi_awready :  1:top_tb:fast:work
    m_axi_arvalid :  1:top_tb:fast:work
    m_axi_wready :  1:top_tb:fast:work
    m_axi_bready :  1:top_tb:fast:work
    m_axi_arready :  1:top_tb:fast:work
    m_axi_rready :  1:top_tb:fast:work
    m_axi_awaddr :  1:top_tb:fast:work
END 
BEGIN 1:RAM:fast:work
    mem :  1:top_tb:fast:work
END 
BEGIN 3:soc_if:fast__2:work
    arready :  1:top_tb:fast:work
    araddr :  1:top_tb:fast:work
    spi_cs_n :  1:top_tb:fast:work
    awready :  1:top_tb:fast:work
    wdata :  1:top_tb:fast:work
    uart_rx :  1:top_tb:fast:work
    awaddr :  1:top_tb:fast:work
    rdata :  1:top_tb:fast:work
    spi_miso :  1:top_tb:fast:work
    rready :  1:top_tb:fast:work
    bvalid :  1:top_tb:fast:work
    uart_tx :  1:top_tb:fast:work
    arvalid :  1:top_tb:fast:work
    wready :  1:top_tb:fast:work
    wvalid :  1:top_tb:fast:work
    spi_mosi :  1:top_tb:fast:work
    awvalid :  1:top_tb:fast:work
    rvalid :  1:top_tb:fast:work
    spi_sck :  1:top_tb:fast:work
    bready :  1:top_tb:fast:work
END 
BEGIN 3:soc_if:fast__1:work
    awready :  1:soc_pkg:fast:work
    arready :  1:soc_pkg:fast:work
    clk :  1:soc_pkg:fast:work
    wready :  1:soc_pkg:fast:work
    rdata :  1:soc_pkg:fast:work
    awvalid :  1:soc_pkg:fast:work
    araddr :  1:soc_pkg:fast:work
    arvalid :  1:soc_pkg:fast:work
    wdata :  1:soc_pkg:fast:work
    awaddr :  1:soc_pkg:fast:work
    rvalid :  1:soc_pkg:fast:work
    bvalid :  1:soc_pkg:fast:work
    bready :  1:soc_pkg:fast:work
    wstrb :  1:soc_pkg:fast:work
    wvalid :  1:soc_pkg:fast:work
    rready :  1:soc_pkg:fast:work
END 
