--- [SIM ONLY] asm_test ---
MODE = CPU_MASTER
UVM_TESTNAME = cpu_test
Reading C:/app/QuestaSim/tcl/vsim/pref.tcl 

# 10.2c

# vsim +UVM_TESTNAME=cpu_test +CPU_MASTER +MEM_SEED=3871268487 +CPU_INSTR_COUNT=58 -coverage -do {run -all; quit} -c -sv_seed 3871268487 vopt_top 
# //  Questa Sim-64
# //  Version 10.2c Unknown Platform Jul 19 2013
# //
# //  Copyright 1991-2013 Mentor Graphics Corporation
# //  All Rights Reserved.
# //
# //  THIS WORK CONTAINS TRADE SECRET AND PROPRIETARY INFORMATION
# //  WHICH IS THE PROPERTY OF MENTOR GRAPHICS CORPORATION OR ITS
# //  LICENSORS AND IS SUBJECT TO LICENSE TERMS.
# //
# Loading sv_std.std
# Loading mtiUvm.uvm_pkg
# Loading work.soc_pkg(fast)
# Loading work.top_tb(fast)
# Loading work.clk_rst_inf(fast)
# Loading work.soc_inf(fast)
# Loading work.cpu_monitor_inf(fast)
# Loading work.TOP(fast)
# Loading work.AXI_Master(fast)
# Loading work.CPU(fast)
# Loading work.pc_reg(fast)
# Loading work.IF_ID(fast)
# Loading work.ControlUnit(fast)
# Loading work.MainDecoder(fast)
# Loading work.ALUControl(fast)
# Loading work.RegFile(fast)
# Loading work.signExtend(fast)
# Loading work.ID_EX(fast)
# Loading work.ALU(fast)
# Loading work.EX_MEM(fast)
# Loading work.MEM_WB(fast)
# Loading work.HazardUnit(fast)
# Loading work.LSU(fast)
# Loading work.AXI4_Lite_Interconnect(fast)
# Loading work.IRAM(fast)
# Loading work.DRAM(fast)
# Loading work.Timer(fast)
# Loading work.UART(fast)
# Loading work.SPI(fast)
# Loading work.axi4_lite_sva(fast)
# Loading work.cpu_sva(fast)
# Loading mtiUvm.questa_uvm_pkg(fast)
# Loading C:/app/QuestaSim/uvm-1.1d\win64\uvm_dpi.dll
# run -all 
# ----------------------------------------------------------------
# UVM-1.1d
# (C) 2007-2013 Mentor Graphics Corporation
# (C) 2007-2013 Cadence Design Systems, Inc.
# (C) 2006-2013 Synopsys, Inc.
# (C) 2011-2013 Cypress Semiconductor Corp.
# ----------------------------------------------------------------
# 
#   ***********       IMPORTANT RELEASE NOTES         ************
# 
#   You are using a version of the UVM library that has been compiled
#   with `UVM_NO_DEPRECATED undefined.
#   See http://www.eda.org/svdb/view.php?id=3313 for more details.
# 
#   You are using a version of the UVM library that has been compiled
#   with `UVM_OBJECT_MUST_HAVE_CONSTRUCTOR undefined.
#   See http://www.eda.org/svdb/view.php?id=3770 for more details.
# 
#       (Specify +UVM_NO_RELNOTES to turn off this notice)
# 
# UVM_INFO verilog_src/questa_uvm_pkg-1.2/src/questa_uvm_pkg.sv(215) @ 0: reporter [Questa UVM] QUESTA_UVM-1.2.2
# UVM_INFO verilog_src/questa_uvm_pkg-1.2/src/questa_uvm_pkg.sv(217) @ 0: reporter [Questa UVM]  questa_uvm::init(+struct)
# [IRAM] Loading file: instr.mem
# [IRAM] mem[0] = 00c00093
# [IRAM] mem[1] = 00500113
# [IRAM] mem[2] = 002081b3
# [IRAM] mem[3] = 01100213
# [IRAM] mem[4] = 0c419263
# [IRAM] mem[5] = 402082b3
# [IRAM] mem[6] = 00700313
# [IRAM] mem[7] = 0a629c63
# [IRAM] mem[8] = 002113b3
# [IRAM] mem[9] = 0a000413
# [IRAM] mem[10] = 0a839663
# [IRAM] mem[11] = 001124b3
# [IRAM] mem[12] = 00100513
# [IRAM] mem[13] = 0aa49063
# [IRAM] mem[14] = 0020c5b3
# [IRAM] mem[15] = 00900613
# [IRAM] mem[16] = 08c59a63
# [IRAM] mem[17] = 0023d6b3
# [IRAM] mem[18] = 08269663
# [IRAM] mem[19] = ff800713
# [IRAM] mem[20] = 40a757b3
# [IRAM] mem[21] = ffc00813
# [IRAM] mem[22] = 07079e63
# [IRAM] mem[23] = 0020e8b3
# [IRAM] mem[24] = 00d00913
# [IRAM] mem[25] = 07289863
# [IRAM] mem[26] = 0020f9b3
# [IRAM] mem[27] = 00400a13
# [IRAM] mem[28] = 07499263
# [IRAM] mem[29] = 00612a93
# [IRAM] mem[30] = 04aa9e63
# [IRAM] mem[31] = 00314b13
# [IRAM] mem[32] = 00600b93
# [IRAM] mem[33] = 057b1863
# [IRAM] mem[34] = 00816c13
# [IRAM] mem[35] = 00d00c93
# [IRAM] mem[36] = 059c1263
# [IRAM] mem[37] = 00cc7d13
# [IRAM] mem[38] = 00c00d93
# [IRAM] mem[39] = 03bd1c63
# [IRAM] mem[40] = 10010e37
# [IRAM] mem[41] = 01be2023
# [IRAM] mem[42] = 000e2e83
# [IRAM] mem[43] = 03be9463
# [IRAM] mem[44] = 008002ef
# [IRAM] mem[45] = 02000063
# [IRAM] mem[46] = 00a50463
# [IRAM] mem[47] = 00000c63
# [IRAM] mem[48] = 10000f37
# [IRAM] mem[49] = 3f0f0f13
# [IRAM] mem[50] = 05a00f93
# [IRAM] mem[51] = 01ff2023
# [IRAM] mem[52] = 00000a63
# [IRAM] mem[53] = 10000f37
# [IRAM] mem[54] = 3f0f0f13
# [IRAM] mem[55] = 0a500f93
# [IRAM] mem[56] = 01ff2023
# [IRAM] mem[57] = 00000013
# [IRAM] mem[58] = 00000013
# [IRAM] mem[59] = 00000013
# [IRAM] mem[60] = 00000013
# [IRAM] mem[61] = 00000013
# [IRAM] mem[62] = 00000013
# [IRAM] mem[63] = 00000013
# [IRAM] mem[64] = 00000013
# [IRAM] mem[65] = 00000013
# [IRAM] mem[66] = 00000013
# [IRAM] mem[67] = 00000013
# [IRAM] mem[68] = 00000013
# [IRAM] mem[69] = 00000013
# [IRAM] mem[70] = 00000013
# [IRAM] mem[71] = 00000013
# [IRAM] mem[72] = 00000013
# [IRAM] mem[73] = 00000013
# [IRAM] mem[74] = 00000013
# [IRAM] mem[75] = 00000013
# [IRAM] mem[76] = 00000013
# [IRAM] mem[77] = 00000013
# [IRAM] mem[78] = 00000013
# [IRAM] mem[79] = 00000013
# [IRAM] mem[80] = 00000013
# [IRAM] mem[81] = 00000013
# [IRAM] mem[82] = 00000013
# [IRAM] mem[83] = 00000013
# [IRAM] mem[84] = 00000013
# [IRAM] mem[85] = 00000013
# [IRAM] mem[86] = 00000013
# [IRAM] mem[87] = 00000013
# [IRAM] mem[88] = 00000013
# [IRAM] mem[89] = 00000013
# [IRAM] mem[90] = 00000013
# [IRAM] mem[91] = 00000013
# [IRAM] mem[92] = 00000013
# [IRAM] mem[93] = 00000013
# [IRAM] mem[94] = 00000013
# [IRAM] mem[95] = 00000013
# [IRAM] mem[96] = 00000013
# [IRAM] mem[97] = 00000013
# [IRAM] mem[98] = 00000013
# [IRAM] mem[99] = 00000013
# [IRAM] mem[100] = 00000013
# [IRAM] mem[101] = 00000013
# [IRAM] mem[102] = 00000013
# [IRAM] mem[103] = 00000013
# [IRAM] mem[104] = 00000013
# [IRAM] mem[105] = 00000013
# [IRAM] mem[106] = 00000013
# [IRAM] mem[107] = 00000013
# [IRAM] mem[108] = 00000013
# [IRAM] mem[109] = 00000013
# [IRAM] mem[110] = 00000013
# [IRAM] mem[111] = 00000013
# [IRAM] mem[112] = 00000013
# [IRAM] mem[113] = 00000013
# [IRAM] mem[114] = 00000013
# [IRAM] mem[115] = 00000013
# [IRAM] mem[116] = 00000013
# [IRAM] mem[117] = 00000013
# [IRAM] mem[118] = 00000013
# [IRAM] mem[119] = 00000013
# [IRAM] mem[120] = 00000013
# [IRAM] mem[121] = 00000013
# [IRAM] mem[122] = 00000013
# [IRAM] mem[123] = 00000013
# [IRAM] mem[124] = 00000013
# [IRAM] mem[125] = 00000013
# [IRAM] mem[126] = 00000013
# [IRAM] mem[127] = 00000013
# [IRAM] mem[128] = 00000013
# [IRAM] mem[129] = 00000013
# [IRAM] mem[130] = 00000013
# [IRAM] mem[131] = 00000013
# [IRAM] mem[132] = 00000013
# [IRAM] mem[133] = 00000013
# [IRAM] mem[134] = 00000013
# [IRAM] mem[135] = 00000013
# [IRAM] mem[136] = 00000013
# [IRAM] mem[137] = 00000013
# [IRAM] mem[138] = 00000013
# [IRAM] mem[139] = 00000013
# [IRAM] mem[140] = 00000013
# [IRAM] mem[141] = 00000013
# [IRAM] mem[142] = 00000013
# [IRAM] mem[143] = 00000013
# [IRAM] mem[144] = 00000013
# [IRAM] mem[145] = 00000013
# [IRAM] mem[146] = 00000013
# [IRAM] mem[147] = 00000013
# [IRAM] mem[148] = 00000013
# [IRAM] mem[149] = 00000013
# [IRAM] mem[150] = 00000013
# [IRAM] mem[151] = 00000013
# [IRAM] mem[152] = 00000013
# [IRAM] mem[153] = 00000013
# [IRAM] mem[154] = 00000013
# [IRAM] mem[155] = 00000013
# [IRAM] mem[156] = 00000013
# [IRAM] mem[157] = 00000013
# [IRAM] mem[158] = 00000013
# [IRAM] mem[159] = 00000013
# [IRAM] mem[160] = 00000013
# [IRAM] mem[161] = 00000013
# [IRAM] mem[162] = 00000013
# [IRAM] mem[163] = 00000013
# [IRAM] mem[164] = 00000013
# [IRAM] mem[165] = 00000013
# [IRAM] mem[166] = 00000013
# [IRAM] mem[167] = 00000013
# [IRAM] mem[168] = 00000013
# [IRAM] mem[169] = 00000013
# [IRAM] mem[170] = 00000013
# [IRAM] mem[171] = 00000013
# [IRAM] mem[172] = 00000013
# [IRAM] mem[173] = 00000013
# [IRAM] mem[174] = 00000013
# [IRAM] mem[175] = 00000013
# [IRAM] mem[176] = 00000013
# [IRAM] mem[177] = 00000013
# [IRAM] mem[178] = 00000013
# [IRAM] mem[179] = 00000013
# [IRAM] mem[180] = 00000013
# [IRAM] mem[181] = 00000013
# [IRAM] mem[182] = 00000013
# [IRAM] mem[183] = 00000013
# [IRAM] mem[184] = 00000013
# [IRAM] mem[185] = 00000013
# [IRAM] mem[186] = 00000013
# [IRAM] mem[187] = 00000013
# [IRAM] mem[188] = 00000013
# [IRAM] mem[189] = 00000013
# [IRAM] mem[190] = 00000013
# [IRAM] mem[191] = 00000013
# [IRAM] mem[192] = 00000013
# [IRAM] mem[193] = 00000013
# [IRAM] mem[194] = 00000013
# [IRAM] mem[195] = 00000013
# [IRAM] mem[196] = 00000013
# [IRAM] mem[197] = 00000013
# [IRAM] mem[198] = 00000013
# [IRAM] mem[199] = 00000013
# [IRAM] mem[200] = 00000013
# [IRAM] mem[201] = 00000013
# [IRAM] mem[202] = 00000013
# [IRAM] mem[203] = 00000013
# [IRAM] mem[204] = 00000013
# [IRAM] mem[205] = 00000013
# [IRAM] mem[206] = 00000013
# [IRAM] mem[207] = 00000013
# [IRAM] mem[208] = 00000013
# [IRAM] mem[209] = 00000013
# [IRAM] mem[210] = 00000013
# [IRAM] mem[211] = 00000013
# [IRAM] mem[212] = 00000013
# [IRAM] mem[213] = 00000013
# [IRAM] mem[214] = 00000013
# [IRAM] mem[215] = 00000013
# [IRAM] mem[216] = 00000013
# [IRAM] mem[217] = 00000013
# [IRAM] mem[218] = 00000013
# [IRAM] mem[219] = 00000013
# [IRAM] mem[220] = 00000013
# [IRAM] mem[221] = 00000013
# [IRAM] mem[222] = 00000013
# [IRAM] mem[223] = 00000013
# [IRAM] mem[224] = 00000013
# [IRAM] mem[225] = 00000013
# [IRAM] mem[226] = 00000013
# [IRAM] mem[227] = 00000013
# [IRAM] mem[228] = 00000013
# [IRAM] mem[229] = 00000013
# [IRAM] mem[230] = 00000013
# [IRAM] mem[231] = 00000013
# [IRAM] mem[232] = 00000013
# [IRAM] mem[233] = 00000013
# [IRAM] mem[234] = 00000013
# [IRAM] mem[235] = 00000013
# [IRAM] mem[236] = 00000013
# [IRAM] mem[237] = 00000013
# [IRAM] mem[238] = 00000013
# [IRAM] mem[239] = 00000013
# [IRAM] mem[240] = 00000013
# [IRAM] mem[241] = 00000013
# [IRAM] mem[242] = 00000013
# [IRAM] mem[243] = 00000013
# [IRAM] mem[244] = 00000013
# [IRAM] mem[245] = 00000013
# [IRAM] mem[246] = 00000013
# [IRAM] mem[247] = 00000013
# [IRAM] mem[248] = 00000013
# [IRAM] mem[249] = 00000013
# [IRAM] mem[250] = 00000013
# [IRAM] mem[251] = 00000013
# [IRAM] mem[252] = 00000013
# [IRAM] mem[253] = 00000013
# [IRAM] mem[254] = 00000013
# [IRAM] mem[255] = 00000013
# [IRAM] Loaded 16384 instruction words
# [TB] Mode: CPU MASTER => CPU drives AXI, UVM observes
# UVM_INFO @ 0: reporter [RNTST] Running test cpu_test...
# UVM_INFO C:/Documents/DoAnThietKeViMach/Project/SoC/VERIFICATION/Scoreboard/cpu_scoreboard.sv(190) @ 0: uvm_test_top.env.scoreboard [SCB] Loaded expected registers from: expected.mem
# UVM_INFO C:/Documents/DoAnThietKeViMach/Project/SoC/VERIFICATION/Test/cpu_test.sv(55) @ 0: uvm_test_top [TEST] Program has 58 instructions, end PC = 000000e8
# UVM_INFO C:/Documents/DoAnThietKeViMach/Project/SoC/VERIFICATION/Monitor/cpu_monitor.sv(201) @ 35000: uvm_test_top.env.agent.monitor [CPU_MON] === CPU Monitor started == watching pipeline ===
# UVM_INFO C:/Documents/DoAnThietKeViMach/Project/SoC/VERIFICATION/Monitor/cpu_monitor.sv(202) @ 35000: uvm_test_top.env.agent.monitor [CPU_MON] ============================================================
# UVM_INFO C:/Documents/DoAnThietKeViMach/Project/SoC/VERIFICATION/Test/cpu_test.sv(61) @ 55000: uvm_test_top [TEST] Reset released - CPU executing from IRAM
# UVM_INFO C:/Documents/DoAnThietKeViMach/Project/SoC/VERIFICATION/Monitor/cpu_monitor.sv(336) @ 55000: uvm_test_top.env.agent.monitor [AXI_RD] CPU <- IRAM  Addr=00000000 Data=00c00093 RRESP=00
# UVM_INFO C:/Documents/DoAnThietKeViMach/Project/SoC/VERIFICATION/Monitor/cpu_monitor.sv(336) @ 95000: uvm_test_top.env.agent.monitor [AXI_RD] CPU <- IRAM  Addr=00000004 Data=00500113 RRESP=00
# UVM_INFO C:/Documents/DoAnThietKeViMach/Project/SoC/VERIFICATION/Monitor/cpu_monitor.sv(230) @ 95000: uvm_test_top.env.agent.monitor [IF] PC=00000004  INSTR=00500113  [ADDI x2, x0, 5]            
# UVM_INFO C:/Documents/DoAnThietKeViMach/Project/SoC/VERIFICATION/Monitor/cpu_monitor.sv(336) @ 135000: uvm_test_top.env.agent.monitor [AXI_RD] CPU <- IRAM  Addr=00000008 Data=002081b3 RRESP=00
# UVM_INFO C:/Documents/DoAnThietKeViMach/Project/SoC/VERIFICATION/Monitor/cpu_monitor.sv(230) @ 135000: uvm_test_top.env.agent.monitor [IF] PC=00000008  INSTR=002081b3  [ADD  x3, x1, x2]            
# UVM_INFO C:/Documents/DoAnThietKeViMach/Project/SoC/VERIFICATION/Monitor/cpu_monitor.sv(336) @ 175000: uvm_test_top.env.agent.monitor [AXI_RD] CPU <- IRAM  Addr=0000000c Data=01100213 RRESP=00
# UVM_INFO C:/Documents/DoAnThietKeViMach/Project/SoC/VERIFICATION/Monitor/cpu_monitor.sv(230) @ 175000: uvm_test_top.env.agent.monitor [IF] PC=0000000c  INSTR=01100213  [ADDI x4, x0, 17]            
# UVM_INFO C:/Documents/DoAnThietKeViMach/Project/SoC/VERIFICATION/Monitor/cpu_monitor.sv(276) @ 185000: uvm_test_top.env.agent.monitor [WB] x01 <= 0000000c  (PC~0000000c)
# UVM_INFO C:/Documents/DoAnThietKeViMach/Project/SoC/VERIFICATION/Monitor/cpu_monitor.sv(276) @ 195000: uvm_test_top.env.agent.monitor [WB] x01 <= 0000000c  (PC~0000000c)
# UVM_INFO C:/Documents/DoAnThietKeViMach/Project/SoC/VERIFICATION/Monitor/cpu_monitor.sv(276) @ 205000: uvm_test_top.env.agent.monitor [WB] x01 <= 0000000c  (PC~0000000c)
# UVM_INFO C:/Documents/DoAnThietKeViMach/Project/SoC/VERIFICATION/Monitor/cpu_monitor.sv(336) @ 215000: uvm_test_top.env.agent.monitor [AXI_RD] CPU <- IRAM  Addr=00000010 Data=0c419263 RRESP=00
# UVM_INFO C:/Documents/DoAnThietKeViMach/Project/SoC/VERIFICATION/Monitor/cpu_monitor.sv(230) @ 215000: uvm_test_top.env.agent.monitor [IF] PC=00000010  INSTR=0c419263  [BNE  x3, x4, ...]            
# UVM_INFO C:/Documents/DoAnThietKeViMach/Project/SoC/VERIFICATION/Monitor/cpu_monitor.sv(276) @ 215000: uvm_test_top.env.agent.monitor [WB] x01 <= 0000000c  (PC~00000010)
# UVM_INFO C:/Documents/DoAnThietKeViMach/Project/SoC/VERIFICATION/Monitor/cpu_monitor.sv(276) @ 225000: uvm_test_top.env.agent.monitor [WB] x02 <= 00000005  (PC~00000010)
# UVM_INFO C:/Documents/DoAnThietKeViMach/Project/SoC/VERIFICATION/Monitor/cpu_monitor.sv(276) @ 235000: uvm_test_top.env.agent.monitor [WB] x02 <= 00000005  (PC~00000010)
# UVM_INFO C:/Documents/DoAnThietKeViMach/Project/SoC/VERIFICATION/Monitor/cpu_monitor.sv(276) @ 245000: uvm_test_top.env.agent.monitor [WB] x02 <= 00000005  (PC~00000010)
# UVM_INFO C:/Documents/DoAnThietKeViMach/Project/SoC/VERIFICATION/Monitor/cpu_monitor.sv(336) @ 255000: uvm_test_top.env.agent.monitor [AXI_RD] CPU <- IRAM  Addr=00000014 Data=402082b3 RRESP=00
# UVM_INFO C:/Documents/DoAnThietKeViMach/Project/SoC/VERIFICATION/Monitor/cpu_monitor.sv(230) @ 255000: uvm_test_top.env.agent.monitor [IF] PC=00000014  INSTR=402082b3  [SUB  x5, x1, x2]            
# UVM_INFO C:/Documents/DoAnThietKeViMach/Project/SoC/VERIFICATION/Monitor/cpu_monitor.sv(276) @ 255000: uvm_test_top.env.agent.monitor [WB] x02 <= 00000005  (PC~00000014)
# UVM_INFO C:/Documents/DoAnThietKeViMach/Project/SoC/VERIFICATION/Monitor/cpu_monitor.sv(276) @ 265000: uvm_test_top.env.agent.monitor [WB] x03 <= 00000011  (PC~00000014)
# UVM_INFO C:/Documents/DoAnThietKeViMach/Project/SoC/VERIFICATION/Monitor/cpu_monitor.sv(276) @ 275000: uvm_test_top.env.agent.monitor [WB] x03 <= 00000011  (PC~00000014)
# UVM_INFO C:/Documents/DoAnThietKeViMach/Project/SoC/VERIFICATION/Monitor/cpu_monitor.sv(276) @ 285000: uvm_test_top.env.agent.monitor [WB] x03 <= 00000011  (PC~00000014)
# UVM_INFO C:/Documents/DoAnThietKeViMach/Project/SoC/VERIFICATION/Monitor/cpu_monitor.sv(336) @ 295000: uvm_test_top.env.agent.monitor [AXI_RD] CPU <- IRAM  Addr=00000018 Data=00700313 RRESP=00
# UVM_INFO C:/Documents/DoAnThietKeViMach/Project/SoC/VERIFICATION/Monitor/cpu_monitor.sv(230) @ 295000: uvm_test_top.env.agent.monitor [IF] PC=00000018  INSTR=00700313  [ADDI x6, x0, 7]            
# UVM_INFO C:/Documents/DoAnThietKeViMach/Project/SoC/VERIFICATION/Monitor/cpu_monitor.sv(276) @ 295000: uvm_test_top.env.agent.monitor [WB] x03 <= 00000011  (PC~00000018)
# UVM_INFO C:/Documents/DoAnThietKeViMach/Project/SoC/VERIFICATION/Monitor/cpu_monitor.sv(276) @ 305000: uvm_test_top.env.agent.monitor [WB] x04 <= 00000011  (PC~00000018)
# UVM_INFO C:/Documents/DoAnThietKeViMach/Project/SoC/VERIFICATION/Monitor/cpu_monitor.sv(276) @ 315000: uvm_test_top.env.agent.monitor [WB] x04 <= 00000011  (PC~00000018)
# UVM_INFO C:/Documents/DoAnThietKeViMach/Project/SoC/VERIFICATION/Monitor/cpu_monitor.sv(276) @ 325000: uvm_test_top.env.agent.monitor [WB] x04 <= 00000011  (PC~00000018)
# UVM_INFO C:/Documents/DoAnThietKeViMach/Project/SoC/VERIFICATION/Monitor/cpu_monitor.sv(336) @ 335000: uvm_test_top.env.agent.monitor [AXI_RD] CPU <- IRAM  Addr=0000001c Data=0a629c63 RRESP=00
# UVM_INFO C:/Documents/DoAnThietKeViMach/Project/SoC/VERIFICATION/Monitor/cpu_monitor.sv(230) @ 335000: uvm_test_top.env.agent.monitor [IF] PC=0000001c  INSTR=0a629c63  [BNE  x5, x6, ...]            
# UVM_INFO C:/Documents/DoAnThietKeViMach/Project/SoC/VERIFICATION/Monitor/cpu_monitor.sv(276) @ 335000: uvm_test_top.env.agent.monitor [WB] x04 <= 00000011  (PC~0000001c)
# UVM_INFO C:/Documents/DoAnThietKeViMach/Project/SoC/VERIFICATION/Monitor/cpu_monitor.sv(336) @ 375000: uvm_test_top.env.agent.monitor [AXI_RD] CPU <- IRAM  Addr=00000020 Data=002113b3 RRESP=00
# UVM_INFO C:/Documents/DoAnThietKeViMach/Project/SoC/VERIFICATION/Monitor/cpu_monitor.sv(230) @ 375000: uvm_test_top.env.agent.monitor [IF] PC=00000020  INSTR=002113b3  [SLL  x7, x2, x2]            
# UVM_INFO C:/Documents/DoAnThietKeViMach/Project/SoC/VERIFICATION/Monitor/cpu_monitor.sv(276) @ 385000: uvm_test_top.env.agent.monitor [WB] x05 <= 00000007  (PC~00000020)
# UVM_INFO C:/Documents/DoAnThietKeViMach/Project/SoC/VERIFICATION/Monitor/cpu_monitor.sv(276) @ 395000: uvm_test_top.env.agent.monitor [WB] x05 <= 00000007  (PC~00000020)
# UVM_INFO C:/Documents/DoAnThietKeViMach/Project/SoC/VERIFICATION/Monitor/cpu_monitor.sv(276) @ 405000: uvm_test_top.env.agent.monitor [WB] x05 <= 00000007  (PC~00000020)
# UVM_INFO C:/Documents/DoAnThietKeViMach/Project/SoC/VERIFICATION/Monitor/cpu_monitor.sv(336) @ 415000: uvm_test_top.env.agent.monitor [AXI_RD] CPU <- IRAM  Addr=00000024 Data=0a000413 RRESP=00
# UVM_INFO C:/Documents/DoAnThietKeViMach/Project/SoC/VERIFICATION/Monitor/cpu_monitor.sv(230) @ 415000: uvm_test_top.env.agent.monitor [IF] PC=00000024  INSTR=0a000413  [ADDI x8, x0, 160]            
# UVM_INFO C:/Documents/DoAnThietKeViMach/Project/SoC/VERIFICATION/Monitor/cpu_monitor.sv(276) @ 415000: uvm_test_top.env.agent.monitor [WB] x05 <= 00000007  (PC~00000024)
# UVM_INFO C:/Documents/DoAnThietKeViMach/Project/SoC/VERIFICATION/Monitor/cpu_monitor.sv(276) @ 425000: uvm_test_top.env.agent.monitor [WB] x06 <= 00000007  (PC~00000024)
# UVM_INFO C:/Documents/DoAnThietKeViMach/Project/SoC/VERIFICATION/Monitor/cpu_monitor.sv(276) @ 435000: uvm_test_top.env.agent.monitor [WB] x06 <= 00000007  (PC~00000024)
# UVM_INFO C:/Documents/DoAnThietKeViMach/Project/SoC/VERIFICATION/Monitor/cpu_monitor.sv(276) @ 445000: uvm_test_top.env.agent.monitor [WB] x06 <= 00000007  (PC~00000024)
# UVM_INFO C:/Documents/DoAnThietKeViMach/Project/SoC/VERIFICATION/Monitor/cpu_monitor.sv(336) @ 455000: uvm_test_top.env.agent.monitor [AXI_RD] CPU <- IRAM  Addr=00000028 Data=0a839663 RRESP=00
# UVM_INFO C:/Documents/DoAnThietKeViMach/Project/SoC/VERIFICATION/Monitor/cpu_monitor.sv(230) @ 455000: uvm_test_top.env.agent.monitor [IF] PC=00000028  INSTR=0a839663  [BNE  x7, x8, ...]            
# UVM_INFO C:/Documents/DoAnThietKeViMach/Project/SoC/VERIFICATION/Monitor/cpu_monitor.sv(276) @ 455000: uvm_test_top.env.agent.monitor [WB] x06 <= 00000007  (PC~00000028)
# UVM_INFO C:/Documents/DoAnThietKeViMach/Project/SoC/VERIFICATION/Monitor/cpu_monitor.sv(336) @ 495000: uvm_test_top.env.agent.monitor [AXI_RD] CPU <- IRAM  Addr=0000002c Data=001124b3 RRESP=00
# UVM_INFO C:/Documents/DoAnThietKeViMach/Project/SoC/VERIFICATION/Monitor/cpu_monitor.sv(230) @ 495000: uvm_test_top.env.agent.monitor [IF] PC=0000002c  INSTR=001124b3  [SLT  x9, x2, x1]            
# UVM_INFO C:/Documents/DoAnThietKeViMach/Project/SoC/VERIFICATION/Monitor/cpu_monitor.sv(276) @ 505000: uvm_test_top.env.agent.monitor [WB] x07 <= 000000a0  (PC~0000002c)
# UVM_INFO C:/Documents/DoAnThietKeViMach/Project/SoC/VERIFICATION/Monitor/cpu_monitor.sv(276) @ 515000: uvm_test_top.env.agent.monitor [WB] x07 <= 000000a0  (PC~0000002c)
# UVM_INFO C:/Documents/DoAnThietKeViMach/Project/SoC/VERIFICATION/Monitor/cpu_monitor.sv(276) @ 525000: uvm_test_top.env.agent.monitor [WB] x07 <= 000000a0  (PC~0000002c)
# UVM_INFO C:/Documents/DoAnThietKeViMach/Project/SoC/VERIFICATION/Monitor/cpu_monitor.sv(336) @ 535000: uvm_test_top.env.agent.monitor [AXI_RD] CPU <- IRAM  Addr=00000030 Data=00100513 RRESP=00
# UVM_INFO C:/Documents/DoAnThietKeViMach/Project/SoC/VERIFICATION/Monitor/cpu_monitor.sv(230) @ 535000: uvm_test_top.env.agent.monitor [IF] PC=00000030  INSTR=00100513  [ADDI x10, x0, 1]            
# UVM_INFO C:/Documents/DoAnThietKeViMach/Project/SoC/VERIFICATION/Monitor/cpu_monitor.sv(276) @ 535000: uvm_test_top.env.agent.monitor [WB] x07 <= 000000a0  (PC~00000030)
# UVM_INFO C:/Documents/DoAnThietKeViMach/Project/SoC/VERIFICATION/Monitor/cpu_monitor.sv(276) @ 545000: uvm_test_top.env.agent.monitor [WB] x08 <= 000000a0  (PC~00000030)
# UVM_INFO C:/Documents/DoAnThietKeViMach/Project/SoC/VERIFICATION/Monitor/cpu_monitor.sv(276) @ 555000: uvm_test_top.env.agent.monitor [WB] x08 <= 000000a0  (PC~00000030)
# UVM_INFO C:/Documents/DoAnThietKeViMach/Project/SoC/VERIFICATION/Monitor/cpu_monitor.sv(276) @ 565000: uvm_test_top.env.agent.monitor [WB] x08 <= 000000a0  (PC~00000030)
# UVM_INFO C:/Documents/DoAnThietKeViMach/Project/SoC/VERIFICATION/Monitor/cpu_monitor.sv(336) @ 575000: uvm_test_top.env.agent.monitor [AXI_RD] CPU <- IRAM  Addr=00000034 Data=0aa49063 RRESP=00
# UVM_INFO C:/Documents/DoAnThietKeViMach/Project/SoC/VERIFICATION/Monitor/cpu_monitor.sv(230) @ 575000: uvm_test_top.env.agent.monitor [IF] PC=00000034  INSTR=0aa49063  [BNE  x9, x10, ...]            
# UVM_INFO C:/Documents/DoAnThietKeViMach/Project/SoC/VERIFICATION/Monitor/cpu_monitor.sv(276) @ 575000: uvm_test_top.env.agent.monitor [WB] x08 <= 000000a0  (PC~00000034)
# UVM_INFO C:/Documents/DoAnThietKeViMach/Project/SoC/VERIFICATION/Monitor/cpu_monitor.sv(336) @ 615000: uvm_test_top.env.agent.monitor [AXI_RD] CPU <- IRAM  Addr=00000038 Data=0020c5b3 RRESP=00
# UVM_INFO C:/Documents/DoAnThietKeViMach/Project/SoC/VERIFICATION/Monitor/cpu_monitor.sv(230) @ 615000: uvm_test_top.env.agent.monitor [IF] PC=00000038  INSTR=0020c5b3  [XOR  x11, x1, x2]            
# UVM_INFO C:/Documents/DoAnThietKeViMach/Project/SoC/VERIFICATION/Monitor/cpu_monitor.sv(276) @ 625000: uvm_test_top.env.agent.monitor [WB] x09 <= 00000001  (PC~00000038)
# UVM_INFO C:/Documents/DoAnThietKeViMach/Project/SoC/VERIFICATION/Monitor/cpu_monitor.sv(276) @ 635000: uvm_test_top.env.agent.monitor [WB] x09 <= 00000001  (PC~00000038)
# UVM_INFO C:/Documents/DoAnThietKeViMach/Project/SoC/VERIFICATION/Monitor/cpu_monitor.sv(276) @ 645000: uvm_test_top.env.agent.monitor [WB] x09 <= 00000001  (PC~00000038)
# UVM_INFO C:/Documents/DoAnThietKeViMach/Project/SoC/VERIFICATION/Monitor/cpu_monitor.sv(336) @ 655000: uvm_test_top.env.agent.monitor [AXI_RD] CPU <- IRAM  Addr=0000003c Data=00900613 RRESP=00
# UVM_INFO C:/Documents/DoAnThietKeViMach/Project/SoC/VERIFICATION/Monitor/cpu_monitor.sv(230) @ 655000: uvm_test_top.env.agent.monitor [IF] PC=0000003c  INSTR=00900613  [ADDI x12, x0, 9]            
# UVM_INFO C:/Documents/DoAnThietKeViMach/Project/SoC/VERIFICATION/Monitor/cpu_monitor.sv(276) @ 655000: uvm_test_top.env.agent.monitor [WB] x09 <= 00000001  (PC~0000003c)
# UVM_INFO C:/Documents/DoAnThietKeViMach/Project/SoC/VERIFICATION/Monitor/cpu_monitor.sv(276) @ 665000: uvm_test_top.env.agent.monitor [WB] x10 <= 00000001  (PC~0000003c)
# UVM_INFO C:/Documents/DoAnThietKeViMach/Project/SoC/VERIFICATION/Monitor/cpu_monitor.sv(276) @ 675000: uvm_test_top.env.agent.monitor [WB] x10 <= 00000001  (PC~0000003c)
# UVM_INFO C:/Documents/DoAnThietKeViMach/Project/SoC/VERIFICATION/Monitor/cpu_monitor.sv(276) @ 685000: uvm_test_top.env.agent.monitor [WB] x10 <= 00000001  (PC~0000003c)
# UVM_INFO C:/Documents/DoAnThietKeViMach/Project/SoC/VERIFICATION/Monitor/cpu_monitor.sv(336) @ 695000: uvm_test_top.env.agent.monitor [AXI_RD] CPU <- IRAM  Addr=00000040 Data=08c59a63 RRESP=00
# UVM_INFO C:/Documents/DoAnThietKeViMach/Project/SoC/VERIFICATION/Monitor/cpu_monitor.sv(230) @ 695000: uvm_test_top.env.agent.monitor [IF] PC=00000040  INSTR=08c59a63  [BNE  x11, x12, ...]            
# UVM_INFO C:/Documents/DoAnThietKeViMach/Project/SoC/VERIFICATION/Monitor/cpu_monitor.sv(276) @ 695000: uvm_test_top.env.agent.monitor [WB] x10 <= 00000001  (PC~00000040)
# UVM_INFO C:/Documents/DoAnThietKeViMach/Project/SoC/VERIFICATION/Monitor/cpu_monitor.sv(336) @ 735000: uvm_test_top.env.agent.monitor [AXI_RD] CPU <- IRAM  Addr=00000044 Data=0023d6b3 RRESP=00
# UVM_INFO C:/Documents/DoAnThietKeViMach/Project/SoC/VERIFICATION/Monitor/cpu_monitor.sv(230) @ 735000: uvm_test_top.env.agent.monitor [IF] PC=00000044  INSTR=0023d6b3  [SRL  x13, x7, x2]            
# UVM_INFO C:/Documents/DoAnThietKeViMach/Project/SoC/VERIFICATION/Monitor/cpu_monitor.sv(276) @ 745000: uvm_test_top.env.agent.monitor [WB] x11 <= 00000009  (PC~00000044)
# UVM_INFO C:/Documents/DoAnThietKeViMach/Project/SoC/VERIFICATION/Monitor/cpu_monitor.sv(276) @ 755000: uvm_test_top.env.agent.monitor [WB] x11 <= 00000009  (PC~00000044)
# UVM_INFO C:/Documents/DoAnThietKeViMach/Project/SoC/VERIFICATION/Monitor/cpu_monitor.sv(276) @ 765000: uvm_test_top.env.agent.monitor [WB] x11 <= 00000009  (PC~00000044)
# UVM_INFO C:/Documents/DoAnThietKeViMach/Project/SoC/VERIFICATION/Monitor/cpu_monitor.sv(336) @ 775000: uvm_test_top.env.agent.monitor [AXI_RD] CPU <- IRAM  Addr=00000048 Data=08269663 RRESP=00
# UVM_INFO C:/Documents/DoAnThietKeViMach/Project/SoC/VERIFICATION/Monitor/cpu_monitor.sv(230) @ 775000: uvm_test_top.env.agent.monitor [IF] PC=00000048  INSTR=08269663  [BNE  x13, x2, ...]            
# UVM_INFO C:/Documents/DoAnThietKeViMach/Project/SoC/VERIFICATION/Monitor/cpu_monitor.sv(276) @ 775000: uvm_test_top.env.agent.monitor [WB] x11 <= 00000009  (PC~00000048)
# UVM_INFO C:/Documents/DoAnThietKeViMach/Project/SoC/VERIFICATION/Monitor/cpu_monitor.sv(276) @ 785000: uvm_test_top.env.agent.monitor [WB] x12 <= 00000009  (PC~00000048)
# UVM_INFO C:/Documents/DoAnThietKeViMach/Project/SoC/VERIFICATION/Monitor/cpu_monitor.sv(276) @ 795000: uvm_test_top.env.agent.monitor [WB] x12 <= 00000009  (PC~00000048)
# UVM_INFO C:/Documents/DoAnThietKeViMach/Project/SoC/VERIFICATION/Monitor/cpu_monitor.sv(276) @ 805000: uvm_test_top.env.agent.monitor [WB] x12 <= 00000009  (PC~00000048)
# UVM_INFO C:/Documents/DoAnThietKeViMach/Project/SoC/VERIFICATION/Monitor/cpu_monitor.sv(336) @ 815000: uvm_test_top.env.agent.monitor [AXI_RD] CPU <- IRAM  Addr=0000004c Data=ff800713 RRESP=00
# UVM_INFO C:/Documents/DoAnThietKeViMach/Project/SoC/VERIFICATION/Monitor/cpu_monitor.sv(230) @ 815000: uvm_test_top.env.agent.monitor [IF] PC=0000004c  INSTR=ff800713  [ADDI x14, x0, -8]            
# UVM_INFO C:/Documents/DoAnThietKeViMach/Project/SoC/VERIFICATION/Monitor/cpu_monitor.sv(276) @ 815000: uvm_test_top.env.agent.monitor [WB] x12 <= 00000009  (PC~0000004c)
# UVM_INFO C:/Documents/DoAnThietKeViMach/Project/SoC/VERIFICATION/Monitor/cpu_monitor.sv(336) @ 855000: uvm_test_top.env.agent.monitor [AXI_RD] CPU <- IRAM  Addr=00000050 Data=40a757b3 RRESP=00
# UVM_INFO C:/Documents/DoAnThietKeViMach/Project/SoC/VERIFICATION/Monitor/cpu_monitor.sv(230) @ 855000: uvm_test_top.env.agent.monitor [IF] PC=00000050  INSTR=40a757b3  [SRA  x15, x14, x10]            
# UVM_INFO C:/Documents/DoAnThietKeViMach/Project/SoC/VERIFICATION/Monitor/cpu_monitor.sv(276) @ 865000: uvm_test_top.env.agent.monitor [WB] x13 <= 00000005  (PC~00000050)
# UVM_INFO C:/Documents/DoAnThietKeViMach/Project/SoC/VERIFICATION/Monitor/cpu_monitor.sv(276) @ 875000: uvm_test_top.env.agent.monitor [WB] x13 <= 00000005  (PC~00000050)
# UVM_INFO C:/Documents/DoAnThietKeViMach/Project/SoC/VERIFICATION/Monitor/cpu_monitor.sv(276) @ 885000: uvm_test_top.env.agent.monitor [WB] x13 <= 00000005  (PC~00000050)
# UVM_INFO C:/Documents/DoAnThietKeViMach/Project/SoC/VERIFICATION/Monitor/cpu_monitor.sv(336) @ 895000: uvm_test_top.env.agent.monitor [AXI_RD] CPU <- IRAM  Addr=00000054 Data=ffc00813 RRESP=00
# UVM_INFO C:/Documents/DoAnThietKeViMach/Project/SoC/VERIFICATION/Monitor/cpu_monitor.sv(230) @ 895000: uvm_test_top.env.agent.monitor [IF] PC=00000054  INSTR=ffc00813  [ADDI x16, x0, -4]            
# UVM_INFO C:/Documents/DoAnThietKeViMach/Project/SoC/VERIFICATION/Monitor/cpu_monitor.sv(276) @ 895000: uvm_test_top.env.agent.monitor [WB] x13 <= 00000005  (PC~00000054)
# UVM_INFO C:/Documents/DoAnThietKeViMach/Project/SoC/VERIFICATION/Monitor/cpu_monitor.sv(336) @ 935000: uvm_test_top.env.agent.monitor [AXI_RD] CPU <- IRAM  Addr=00000058 Data=07079e63 RRESP=00
# UVM_INFO C:/Documents/DoAnThietKeViMach/Project/SoC/VERIFICATION/Monitor/cpu_monitor.sv(230) @ 935000: uvm_test_top.env.agent.monitor [IF] PC=00000058  INSTR=07079e63  [BNE  x15, x16, ...]            
# UVM_INFO C:/Documents/DoAnThietKeViMach/Project/SoC/VERIFICATION/Monitor/cpu_monitor.sv(276) @ 945000: uvm_test_top.env.agent.monitor [WB] x14 <= fffffff8  (PC~00000058)
# UVM_INFO C:/Documents/DoAnThietKeViMach/Project/SoC/VERIFICATION/Monitor/cpu_monitor.sv(276) @ 955000: uvm_test_top.env.agent.monitor [WB] x14 <= fffffff8  (PC~00000058)
# UVM_INFO C:/Documents/DoAnThietKeViMach/Project/SoC/VERIFICATION/Monitor/cpu_monitor.sv(276) @ 965000: uvm_test_top.env.agent.monitor [WB] x14 <= fffffff8  (PC~00000058)
# UVM_INFO C:/Documents/DoAnThietKeViMach/Project/SoC/VERIFICATION/Monitor/cpu_monitor.sv(336) @ 975000: uvm_test_top.env.agent.monitor [AXI_RD] CPU <- IRAM  Addr=0000005c Data=0020e8b3 RRESP=00
# UVM_INFO C:/Documents/DoAnThietKeViMach/Project/SoC/VERIFICATION/Monitor/cpu_monitor.sv(230) @ 975000: uvm_test_top.env.agent.monitor [IF] PC=0000005c  INSTR=0020e8b3  [OR   x17, x1, x2]            
# UVM_INFO C:/Documents/DoAnThietKeViMach/Project/SoC/VERIFICATION/Monitor/cpu_monitor.sv(276) @ 975000: uvm_test_top.env.agent.monitor [WB] x14 <= fffffff8  (PC~0000005c)
# UVM_INFO C:/Documents/DoAnThietKeViMach/Project/SoC/VERIFICATION/Monitor/cpu_monitor.sv(276) @ 985000: uvm_test_top.env.agent.monitor [WB] x15 <= fffffffc  (PC~0000005c)
# UVM_INFO C:/Documents/DoAnThietKeViMach/Project/SoC/VERIFICATION/Monitor/cpu_monitor.sv(276) @ 995000: uvm_test_top.env.agent.monitor [WB] x15 <= fffffffc  (PC~0000005c)
# UVM_INFO C:/Documents/DoAnThietKeViMach/Project/SoC/VERIFICATION/Monitor/cpu_monitor.sv(276) @ 1005000: uvm_test_top.env.agent.monitor [WB] x15 <= fffffffc  (PC~0000005c)
# UVM_INFO C:/Documents/DoAnThietKeViMach/Project/SoC/VERIFICATION/Monitor/cpu_monitor.sv(336) @ 1015000: uvm_test_top.env.agent.monitor [AXI_RD] CPU <- IRAM  Addr=00000060 Data=00d00913 RRESP=00
# UVM_INFO C:/Documents/DoAnThietKeViMach/Project/SoC/VERIFICATION/Monitor/cpu_monitor.sv(230) @ 1015000: uvm_test_top.env.agent.monitor [IF] PC=00000060  INSTR=00d00913  [ADDI x18, x0, 13]            
# UVM_INFO C:/Documents/DoAnThietKeViMach/Project/SoC/VERIFICATION/Monitor/cpu_monitor.sv(276) @ 1015000: uvm_test_top.env.agent.monitor [WB] x15 <= fffffffc  (PC~00000060)
# UVM_INFO C:/Documents/DoAnThietKeViMach/Project/SoC/VERIFICATION/Monitor/cpu_monitor.sv(276) @ 1025000: uvm_test_top.env.agent.monitor [WB] x16 <= fffffffc  (PC~00000060)
# UVM_INFO C:/Documents/DoAnThietKeViMach/Project/SoC/VERIFICATION/Monitor/cpu_monitor.sv(276) @ 1035000: uvm_test_top.env.agent.monitor [WB] x16 <= fffffffc  (PC~00000060)
# UVM_INFO C:/Documents/DoAnThietKeViMach/Project/SoC/VERIFICATION/Monitor/cpu_monitor.sv(276) @ 1045000: uvm_test_top.env.agent.monitor [WB] x16 <= fffffffc  (PC~00000060)
# UVM_INFO C:/Documents/DoAnThietKeViMach/Project/SoC/VERIFICATION/Monitor/cpu_monitor.sv(336) @ 1055000: uvm_test_top.env.agent.monitor [AXI_RD] CPU <- IRAM  Addr=00000064 Data=07289863 RRESP=00
# UVM_INFO C:/Documents/DoAnThietKeViMach/Project/SoC/VERIFICATION/Monitor/cpu_monitor.sv(230) @ 1055000: uvm_test_top.env.agent.monitor [IF] PC=00000064  INSTR=07289863  [BNE  x17, x18, ...]            
# UVM_INFO C:/Documents/DoAnThietKeViMach/Project/SoC/VERIFICATION/Monitor/cpu_monitor.sv(276) @ 1055000: uvm_test_top.env.agent.monitor [WB] x16 <= fffffffc  (PC~00000064)
# UVM_INFO C:/Documents/DoAnThietKeViMach/Project/SoC/VERIFICATION/Monitor/cpu_monitor.sv(336) @ 1095000: uvm_test_top.env.agent.monitor [AXI_RD] CPU <- IRAM  Addr=00000068 Data=0020f9b3 RRESP=00
# UVM_INFO C:/Documents/DoAnThietKeViMach/Project/SoC/VERIFICATION/Monitor/cpu_monitor.sv(230) @ 1095000: uvm_test_top.env.agent.monitor [IF] PC=00000068  INSTR=0020f9b3  [AND  x19, x1, x2]            
# UVM_INFO C:/Documents/DoAnThietKeViMach/Project/SoC/VERIFICATION/Monitor/cpu_monitor.sv(276) @ 1105000: uvm_test_top.env.agent.monitor [WB] x17 <= 0000000d  (PC~00000068)
# UVM_INFO C:/Documents/DoAnThietKeViMach/Project/SoC/VERIFICATION/Monitor/cpu_monitor.sv(276) @ 1115000: uvm_test_top.env.agent.monitor [WB] x17 <= 0000000d  (PC~00000068)
# UVM_INFO C:/Documents/DoAnThietKeViMach/Project/SoC/VERIFICATION/Monitor/cpu_monitor.sv(276) @ 1125000: uvm_test_top.env.agent.monitor [WB] x17 <= 0000000d  (PC~00000068)
# UVM_INFO C:/Documents/DoAnThietKeViMach/Project/SoC/VERIFICATION/Monitor/cpu_monitor.sv(336) @ 1135000: uvm_test_top.env.agent.monitor [AXI_RD] CPU <- IRAM  Addr=0000006c Data=00400a13 RRESP=00
# UVM_INFO C:/Documents/DoAnThietKeViMach/Project/SoC/VERIFICATION/Monitor/cpu_monitor.sv(230) @ 1135000: uvm_test_top.env.agent.monitor [IF] PC=0000006c  INSTR=00400a13  [ADDI x20, x0, 4]            
# UVM_INFO C:/Documents/DoAnThietKeViMach/Project/SoC/VERIFICATION/Monitor/cpu_monitor.sv(276) @ 1135000: uvm_test_top.env.agent.monitor [WB] x17 <= 0000000d  (PC~0000006c)
# UVM_INFO C:/Documents/DoAnThietKeViMach/Project/SoC/VERIFICATION/Monitor/cpu_monitor.sv(276) @ 1145000: uvm_test_top.env.agent.monitor [WB] x18 <= 0000000d  (PC~0000006c)
# UVM_INFO C:/Documents/DoAnThietKeViMach/Project/SoC/VERIFICATION/Monitor/cpu_monitor.sv(276) @ 1155000: uvm_test_top.env.agent.monitor [WB] x18 <= 0000000d  (PC~0000006c)
# UVM_INFO C:/Documents/DoAnThietKeViMach/Project/SoC/VERIFICATION/Monitor/cpu_monitor.sv(276) @ 1165000: uvm_test_top.env.agent.monitor [WB] x18 <= 0000000d  (PC~0000006c)
# UVM_INFO C:/Documents/DoAnThietKeViMach/Project/SoC/VERIFICATION/Monitor/cpu_monitor.sv(336) @ 1175000: uvm_test_top.env.agent.monitor [AXI_RD] CPU <- IRAM  Addr=00000070 Data=07499263 RRESP=00
# UVM_INFO C:/Documents/DoAnThietKeViMach/Project/SoC/VERIFICATION/Monitor/cpu_monitor.sv(230) @ 1175000: uvm_test_top.env.agent.monitor [IF] PC=00000070  INSTR=07499263  [BNE  x19, x20, ...]            
# UVM_INFO C:/Documents/DoAnThietKeViMach/Project/SoC/VERIFICATION/Monitor/cpu_monitor.sv(276) @ 1175000: uvm_test_top.env.agent.monitor [WB] x18 <= 0000000d  (PC~00000070)
# UVM_INFO C:/Documents/DoAnThietKeViMach/Project/SoC/VERIFICATION/Monitor/cpu_monitor.sv(336) @ 1215000: uvm_test_top.env.agent.monitor [AXI_RD] CPU <- IRAM  Addr=00000074 Data=00612a93 RRESP=00
# UVM_INFO C:/Documents/DoAnThietKeViMach/Project/SoC/VERIFICATION/Monitor/cpu_monitor.sv(230) @ 1215000: uvm_test_top.env.agent.monitor [IF] PC=00000074  INSTR=00612a93  [I-?? x21, x2, 6]            
# UVM_INFO C:/Documents/DoAnThietKeViMach/Project/SoC/VERIFICATION/Monitor/cpu_monitor.sv(276) @ 1225000: uvm_test_top.env.agent.monitor [WB] x19 <= 00000004  (PC~00000074)
# UVM_INFO C:/Documents/DoAnThietKeViMach/Project/SoC/VERIFICATION/Monitor/cpu_monitor.sv(276) @ 1235000: uvm_test_top.env.agent.monitor [WB] x19 <= 00000004  (PC~00000074)
# UVM_INFO C:/Documents/DoAnThietKeViMach/Project/SoC/VERIFICATION/Monitor/cpu_monitor.sv(276) @ 1245000: uvm_test_top.env.agent.monitor [WB] x19 <= 00000004  (PC~00000074)
# UVM_INFO C:/Documents/DoAnThietKeViMach/Project/SoC/VERIFICATION/Monitor/cpu_monitor.sv(336) @ 1255000: uvm_test_top.env.agent.monitor [AXI_RD] CPU <- IRAM  Addr=00000078 Data=04aa9e63 RRESP=00
# UVM_INFO C:/Documents/DoAnThietKeViMach/Project/SoC/VERIFICATION/Monitor/cpu_monitor.sv(230) @ 1255000: uvm_test_top.env.agent.monitor [IF] PC=00000078  INSTR=04aa9e63  [BNE  x21, x10, ...]            
# UVM_INFO C:/Documents/DoAnThietKeViMach/Project/SoC/VERIFICATION/Monitor/cpu_monitor.sv(276) @ 1255000: uvm_test_top.env.agent.monitor [WB] x19 <= 00000004  (PC~00000078)
# UVM_INFO C:/Documents/DoAnThietKeViMach/Project/SoC/VERIFICATION/Monitor/cpu_monitor.sv(276) @ 1265000: uvm_test_top.env.agent.monitor [WB] x20 <= 00000004  (PC~00000078)
# UVM_INFO C:/Documents/DoAnThietKeViMach/Project/SoC/VERIFICATION/Monitor/cpu_monitor.sv(276) @ 1275000: uvm_test_top.env.agent.monitor [WB] x20 <= 00000004  (PC~00000078)
# UVM_INFO C:/Documents/DoAnThietKeViMach/Project/SoC/VERIFICATION/Monitor/cpu_monitor.sv(276) @ 1285000: uvm_test_top.env.agent.monitor [WB] x20 <= 00000004  (PC~00000078)
# UVM_INFO C:/Documents/DoAnThietKeViMach/Project/SoC/VERIFICATION/Monitor/cpu_monitor.sv(336) @ 1295000: uvm_test_top.env.agent.monitor [AXI_RD] CPU <- IRAM  Addr=0000007c Data=00314b13 RRESP=00
# UVM_INFO C:/Documents/DoAnThietKeViMach/Project/SoC/VERIFICATION/Monitor/cpu_monitor.sv(230) @ 1295000: uvm_test_top.env.agent.monitor [IF] PC=0000007c  INSTR=00314b13  [XORI x22, x2, 3]            
# UVM_INFO C:/Documents/DoAnThietKeViMach/Project/SoC/VERIFICATION/Monitor/cpu_monitor.sv(276) @ 1295000: uvm_test_top.env.agent.monitor [WB] x20 <= 00000004  (PC~0000007c)
# UVM_INFO C:/Documents/DoAnThietKeViMach/Project/SoC/VERIFICATION/Monitor/cpu_monitor.sv(336) @ 1335000: uvm_test_top.env.agent.monitor [AXI_RD] CPU <- IRAM  Addr=00000080 Data=00600b93 RRESP=00
# UVM_INFO C:/Documents/DoAnThietKeViMach/Project/SoC/VERIFICATION/Monitor/cpu_monitor.sv(230) @ 1335000: uvm_test_top.env.agent.monitor [IF] PC=00000080  INSTR=00600b93  [ADDI x23, x0, 6]            
# UVM_INFO C:/Documents/DoAnThietKeViMach/Project/SoC/VERIFICATION/Monitor/cpu_monitor.sv(276) @ 1345000: uvm_test_top.env.agent.monitor [WB] x21 <= 00000001  (PC~00000080)
# UVM_INFO C:/Documents/DoAnThietKeViMach/Project/SoC/VERIFICATION/Monitor/cpu_monitor.sv(276) @ 1355000: uvm_test_top.env.agent.monitor [WB] x21 <= 00000001  (PC~00000080)
# UVM_INFO C:/Documents/DoAnThietKeViMach/Project/SoC/VERIFICATION/Monitor/cpu_monitor.sv(276) @ 1365000: uvm_test_top.env.agent.monitor [WB] x21 <= 00000001  (PC~00000080)
# UVM_INFO C:/Documents/DoAnThietKeViMach/Project/SoC/VERIFICATION/Monitor/cpu_monitor.sv(336) @ 1375000: uvm_test_top.env.agent.monitor [AXI_RD] CPU <- IRAM  Addr=00000084 Data=057b1863 RRESP=00
# UVM_INFO C:/Documents/DoAnThietKeViMach/Project/SoC/VERIFICATION/Monitor/cpu_monitor.sv(230) @ 1375000: uvm_test_top.env.agent.monitor [IF] PC=00000084  INSTR=057b1863  [BNE  x22, x23, ...]            
# UVM_INFO C:/Documents/DoAnThietKeViMach/Project/SoC/VERIFICATION/Monitor/cpu_monitor.sv(276) @ 1375000: uvm_test_top.env.agent.monitor [WB] x21 <= 00000001  (PC~00000084)
# UVM_INFO C:/Documents/DoAnThietKeViMach/Project/SoC/VERIFICATION/Monitor/cpu_monitor.sv(336) @ 1415000: uvm_test_top.env.agent.monitor [AXI_RD] CPU <- IRAM  Addr=00000088 Data=00816c13 RRESP=00
# UVM_INFO C:/Documents/DoAnThietKeViMach/Project/SoC/VERIFICATION/Monitor/cpu_monitor.sv(230) @ 1415000: uvm_test_top.env.agent.monitor [IF] PC=00000088  INSTR=00816c13  [ORI  x24, x2, 8]            
# UVM_INFO C:/Documents/DoAnThietKeViMach/Project/SoC/VERIFICATION/Monitor/cpu_monitor.sv(276) @ 1425000: uvm_test_top.env.agent.monitor [WB] x22 <= 00000006  (PC~00000088)
# UVM_INFO C:/Documents/DoAnThietKeViMach/Project/SoC/VERIFICATION/Monitor/cpu_monitor.sv(276) @ 1435000: uvm_test_top.env.agent.monitor [WB] x22 <= 00000006  (PC~00000088)
# UVM_INFO C:/Documents/DoAnThietKeViMach/Project/SoC/VERIFICATION/Monitor/cpu_monitor.sv(276) @ 1445000: uvm_test_top.env.agent.monitor [WB] x22 <= 00000006  (PC~00000088)
# UVM_INFO C:/Documents/DoAnThietKeViMach/Project/SoC/VERIFICATION/Monitor/cpu_monitor.sv(336) @ 1455000: uvm_test_top.env.agent.monitor [AXI_RD] CPU <- IRAM  Addr=0000008c Data=00d00c93 RRESP=00
# UVM_INFO C:/Documents/DoAnThietKeViMach/Project/SoC/VERIFICATION/Monitor/cpu_monitor.sv(230) @ 1455000: uvm_test_top.env.agent.monitor [IF] PC=0000008c  INSTR=00d00c93  [ADDI x25, x0, 13]            
# UVM_INFO C:/Documents/DoAnThietKeViMach/Project/SoC/VERIFICATION/Monitor/cpu_monitor.sv(276) @ 1455000: uvm_test_top.env.agent.monitor [WB] x22 <= 00000006  (PC~0000008c)
# UVM_INFO C:/Documents/DoAnThietKeViMach/Project/SoC/VERIFICATION/Monitor/cpu_monitor.sv(276) @ 1465000: uvm_test_top.env.agent.monitor [WB] x23 <= 00000006  (PC~0000008c)
# UVM_INFO C:/Documents/DoAnThietKeViMach/Project/SoC/VERIFICATION/Monitor/cpu_monitor.sv(276) @ 1475000: uvm_test_top.env.agent.monitor [WB] x23 <= 00000006  (PC~0000008c)
# UVM_INFO C:/Documents/DoAnThietKeViMach/Project/SoC/VERIFICATION/Monitor/cpu_monitor.sv(276) @ 1485000: uvm_test_top.env.agent.monitor [WB] x23 <= 00000006  (PC~0000008c)
# UVM_INFO C:/Documents/DoAnThietKeViMach/Project/SoC/VERIFICATION/Monitor/cpu_monitor.sv(336) @ 1495000: uvm_test_top.env.agent.monitor [AXI_RD] CPU <- IRAM  Addr=00000090 Data=059c1263 RRESP=00
# UVM_INFO C:/Documents/DoAnThietKeViMach/Project/SoC/VERIFICATION/Monitor/cpu_monitor.sv(230) @ 1495000: uvm_test_top.env.agent.monitor [IF] PC=00000090  INSTR=059c1263  [BNE  x24, x25, ...]            
# UVM_INFO C:/Documents/DoAnThietKeViMach/Project/SoC/VERIFICATION/Monitor/cpu_monitor.sv(276) @ 1495000: uvm_test_top.env.agent.monitor [WB] x23 <= 00000006  (PC~00000090)
# UVM_INFO C:/Documents/DoAnThietKeViMach/Project/SoC/VERIFICATION/Monitor/cpu_monitor.sv(336) @ 1535000: uvm_test_top.env.agent.monitor [AXI_RD] CPU <- IRAM  Addr=00000094 Data=00cc7d13 RRESP=00
# UVM_INFO C:/Documents/DoAnThietKeViMach/Project/SoC/VERIFICATION/Monitor/cpu_monitor.sv(230) @ 1535000: uvm_test_top.env.agent.monitor [IF] PC=00000094  INSTR=00cc7d13  [ANDI x26, x24, 12]            
# UVM_INFO C:/Documents/DoAnThietKeViMach/Project/SoC/VERIFICATION/Monitor/cpu_monitor.sv(276) @ 1545000: uvm_test_top.env.agent.monitor [WB] x24 <= 0000000d  (PC~00000094)
# UVM_INFO C:/Documents/DoAnThietKeViMach/Project/SoC/VERIFICATION/Monitor/cpu_monitor.sv(276) @ 1555000: uvm_test_top.env.agent.monitor [WB] x24 <= 0000000d  (PC~00000094)
# UVM_INFO C:/Documents/DoAnThietKeViMach/Project/SoC/VERIFICATION/Monitor/cpu_monitor.sv(276) @ 1565000: uvm_test_top.env.agent.monitor [WB] x24 <= 0000000d  (PC~00000094)
# UVM_INFO C:/Documents/DoAnThietKeViMach/Project/SoC/VERIFICATION/Monitor/cpu_monitor.sv(336) @ 1575000: uvm_test_top.env.agent.monitor [AXI_RD] CPU <- IRAM  Addr=00000098 Data=00c00d93 RRESP=00
# UVM_INFO C:/Documents/DoAnThietKeViMach/Project/SoC/VERIFICATION/Monitor/cpu_monitor.sv(230) @ 1575000: uvm_test_top.env.agent.monitor [IF] PC=00000098  INSTR=00c00d93  [ADDI x27, x0, 12]            
# UVM_INFO C:/Documents/DoAnThietKeViMach/Project/SoC/VERIFICATION/Monitor/cpu_monitor.sv(276) @ 1575000: uvm_test_top.env.agent.monitor [WB] x24 <= 0000000d  (PC~00000098)
# UVM_INFO C:/Documents/DoAnThietKeViMach/Project/SoC/VERIFICATION/Monitor/cpu_monitor.sv(276) @ 1585000: uvm_test_top.env.agent.monitor [WB] x25 <= 0000000d  (PC~00000098)
# UVM_INFO C:/Documents/DoAnThietKeViMach/Project/SoC/VERIFICATION/Monitor/cpu_monitor.sv(276) @ 1595000: uvm_test_top.env.agent.monitor [WB] x25 <= 0000000d  (PC~00000098)
# UVM_INFO C:/Documents/DoAnThietKeViMach/Project/SoC/VERIFICATION/Monitor/cpu_monitor.sv(276) @ 1605000: uvm_test_top.env.agent.monitor [WB] x25 <= 0000000d  (PC~00000098)
# UVM_INFO C:/Documents/DoAnThietKeViMach/Project/SoC/VERIFICATION/Monitor/cpu_monitor.sv(336) @ 1615000: uvm_test_top.env.agent.monitor [AXI_RD] CPU <- IRAM  Addr=0000009c Data=03bd1c63 RRESP=00
# UVM_INFO C:/Documents/DoAnThietKeViMach/Project/SoC/VERIFICATION/Monitor/cpu_monitor.sv(230) @ 1615000: uvm_test_top.env.agent.monitor [IF] PC=0000009c  INSTR=03bd1c63  [BNE  x26, x27, ...]            
# UVM_INFO C:/Documents/DoAnThietKeViMach/Project/SoC/VERIFICATION/Monitor/cpu_monitor.sv(276) @ 1615000: uvm_test_top.env.agent.monitor [WB] x25 <= 0000000d  (PC~0000009c)
# UVM_INFO C:/Documents/DoAnThietKeViMach/Project/SoC/VERIFICATION/Monitor/cpu_monitor.sv(336) @ 1655000: uvm_test_top.env.agent.monitor [AXI_RD] CPU <- IRAM  Addr=000000a0 Data=10010e37 RRESP=00
# UVM_INFO C:/Documents/DoAnThietKeViMach/Project/SoC/VERIFICATION/Monitor/cpu_monitor.sv(230) @ 1655000: uvm_test_top.env.agent.monitor [IF] PC=000000a0  INSTR=10010e37  [LUI  x28, 0x10010]            
# UVM_INFO C:/Documents/DoAnThietKeViMach/Project/SoC/VERIFICATION/Monitor/cpu_monitor.sv(276) @ 1665000: uvm_test_top.env.agent.monitor [WB] x26 <= 0000000c  (PC~000000a0)
# UVM_INFO C:/Documents/DoAnThietKeViMach/Project/SoC/VERIFICATION/Monitor/cpu_monitor.sv(276) @ 1675000: uvm_test_top.env.agent.monitor [WB] x26 <= 0000000c  (PC~000000a0)
# UVM_INFO C:/Documents/DoAnThietKeViMach/Project/SoC/VERIFICATION/Monitor/cpu_monitor.sv(276) @ 1685000: uvm_test_top.env.agent.monitor [WB] x26 <= 0000000c  (PC~000000a0)
# UVM_INFO C:/Documents/DoAnThietKeViMach/Project/SoC/VERIFICATION/Monitor/cpu_monitor.sv(336) @ 1695000: uvm_test_top.env.agent.monitor [AXI_RD] CPU <- IRAM  Addr=000000a4 Data=01be2023 RRESP=00
# UVM_INFO C:/Documents/DoAnThietKeViMach/Project/SoC/VERIFICATION/Monitor/cpu_monitor.sv(230) @ 1695000: uvm_test_top.env.agent.monitor [IF] PC=000000a4  INSTR=01be2023  [SW   x27, 27(x28)]            
# UVM_INFO C:/Documents/DoAnThietKeViMach/Project/SoC/VERIFICATION/Monitor/cpu_monitor.sv(276) @ 1695000: uvm_test_top.env.agent.monitor [WB] x26 <= 0000000c  (PC~000000a4)
# UVM_INFO C:/Documents/DoAnThietKeViMach/Project/SoC/VERIFICATION/Monitor/cpu_monitor.sv(276) @ 1705000: uvm_test_top.env.agent.monitor [WB] x27 <= 0000000c  (PC~000000a4)
# UVM_INFO C:/Documents/DoAnThietKeViMach/Project/SoC/VERIFICATION/Monitor/cpu_monitor.sv(276) @ 1715000: uvm_test_top.env.agent.monitor [WB] x27 <= 0000000c  (PC~000000a4)
# UVM_INFO C:/Documents/DoAnThietKeViMach/Project/SoC/VERIFICATION/Monitor/cpu_monitor.sv(276) @ 1725000: uvm_test_top.env.agent.monitor [WB] x27 <= 0000000c  (PC~000000a4)
# UVM_INFO C:/Documents/DoAnThietKeViMach/Project/SoC/VERIFICATION/Monitor/cpu_monitor.sv(336) @ 1735000: uvm_test_top.env.agent.monitor [AXI_RD] CPU <- IRAM  Addr=000000a8 Data=000e2e83 RRESP=00
# UVM_INFO C:/Documents/DoAnThietKeViMach/Project/SoC/VERIFICATION/Monitor/cpu_monitor.sv(230) @ 1735000: uvm_test_top.env.agent.monitor [IF] PC=000000a8  INSTR=000e2e83  [LW   x29, 0(x28)]            
# UVM_INFO C:/Documents/DoAnThietKeViMach/Project/SoC/VERIFICATION/Monitor/cpu_monitor.sv(276) @ 1735000: uvm_test_top.env.agent.monitor [WB] x27 <= 0000000c  (PC~000000a8)
# UVM_INFO C:/Documents/DoAnThietKeViMach/Project/SoC/VERIFICATION/Monitor/cpu_monitor.sv(336) @ 1775000: uvm_test_top.env.agent.monitor [AXI_RD] CPU <- IRAM  Addr=000000ac Data=03be9463 RRESP=00
# UVM_INFO C:/Documents/DoAnThietKeViMach/Project/SoC/VERIFICATION/Monitor/cpu_monitor.sv(230) @ 1775000: uvm_test_top.env.agent.monitor [IF] PC=000000ac  INSTR=03be9463  [BNE  x29, x27, ...]            
# UVM_INFO C:/Documents/DoAnThietKeViMach/Project/SoC/VERIFICATION/Monitor/cpu_monitor.sv(251) @ 1785000: uvm_test_top.env.agent.monitor [MEM] STORE Addr=10010000 Data=0000000c
# UVM_INFO C:/Documents/DoAnThietKeViMach/Project/SoC/VERIFICATION/Monitor/cpu_monitor.sv(251) @ 1795000: uvm_test_top.env.agent.monitor [MEM] STORE Addr=10010000 Data=0000000c
# [DRAM WRITE] addr=10010000 data=0000000c
# UVM_INFO C:/Documents/DoAnThietKeViMach/Project/SoC/VERIFICATION/Monitor/cpu_monitor.sv(251) @ 1805000: uvm_test_top.env.agent.monitor [MEM] STORE Addr=10010000 Data=0000000c
# UVM_INFO C:/Documents/DoAnThietKeViMach/Project/SoC/VERIFICATION/Monitor/cpu_monitor.sv(310) @ 1815000: uvm_test_top.env.agent.monitor [AXI_WR] CPU -> DRAM  Addr=10010000 Data=0000000c Strb=1111 BRESP=00
# UVM_INFO C:/Documents/DoAnThietKeViMach/Project/SoC/VERIFICATION/Monitor/cpu_monitor.sv(251) @ 1815000: uvm_test_top.env.agent.monitor [MEM] STORE Addr=10010000 Data=0000000c
# UVM_INFO C:/Documents/DoAnThietKeViMach/Project/SoC/VERIFICATION/Monitor/cpu_monitor.sv(276) @ 1815000: uvm_test_top.env.agent.monitor [WB] x28 <= 10010000  (PC~000000ac)
# UVM_INFO C:/Documents/DoAnThietKeViMach/Project/SoC/VERIFICATION/Monitor/cpu_monitor.sv(251) @ 1825000: uvm_test_top.env.agent.monitor [MEM] STORE Addr=10010000 Data=0000000c
# UVM_INFO C:/Documents/DoAnThietKeViMach/Project/SoC/VERIFICATION/Monitor/cpu_monitor.sv(276) @ 1825000: uvm_test_top.env.agent.monitor [WB] x28 <= 10010000  (PC~000000ac)
# UVM_INFO C:/Documents/DoAnThietKeViMach/Project/SoC/VERIFICATION/Monitor/cpu_monitor.sv(251) @ 1835000: uvm_test_top.env.agent.monitor [MEM] STORE Addr=10010000 Data=0000000c
# UVM_INFO C:/Documents/DoAnThietKeViMach/Project/SoC/VERIFICATION/Monitor/cpu_monitor.sv(276) @ 1835000: uvm_test_top.env.agent.monitor [WB] x28 <= 10010000  (PC~000000ac)
# UVM_INFO C:/Documents/DoAnThietKeViMach/Project/SoC/VERIFICATION/Monitor/cpu_monitor.sv(251) @ 1845000: uvm_test_top.env.agent.monitor [MEM] STORE Addr=10010000 Data=0000000c
# UVM_INFO C:/Documents/DoAnThietKeViMach/Project/SoC/VERIFICATION/Monitor/cpu_monitor.sv(276) @ 1845000: uvm_test_top.env.agent.monitor [WB] x28 <= 10010000  (PC~000000ac)
# UVM_INFO C:/Documents/DoAnThietKeViMach/Project/SoC/VERIFICATION/Monitor/cpu_monitor.sv(336) @ 1855000: uvm_test_top.env.agent.monitor [AXI_RD] CPU <- IRAM  Addr=000000b0 Data=008002ef RRESP=00
# UVM_INFO C:/Documents/DoAnThietKeViMach/Project/SoC/VERIFICATION/Monitor/cpu_monitor.sv(251) @ 1855000: uvm_test_top.env.agent.monitor [MEM] STORE Addr=10010000 Data=0000000c
# UVM_INFO C:/Documents/DoAnThietKeViMach/Project/SoC/VERIFICATION/Monitor/cpu_monitor.sv(276) @ 1855000: uvm_test_top.env.agent.monitor [WB] x28 <= 10010000  (PC~000000ac)
# [DRAM READ] addr=10010000 data=0000000c
# UVM_INFO C:/Documents/DoAnThietKeViMach/Project/SoC/VERIFICATION/Monitor/cpu_monitor.sv(336) @ 1895000: uvm_test_top.env.agent.monitor [AXI_RD] CPU <- DRAM  Addr=10010000 Data=0000000c RRESP=00
# UVM_INFO C:/Documents/DoAnThietKeViMach/Project/SoC/VERIFICATION/Scoreboard/cpu_scoreboard.sv(141) @ 1895000: uvm_test_top.env.scoreboard [SCB_PASS] [DRAM] READ PASS Addr=10010000 Expected=0000000c Got=0000000c
# UVM_INFO C:/Documents/DoAnThietKeViMach/Project/SoC/VERIFICATION/Monitor/cpu_monitor.sv(336) @ 1935000: uvm_test_top.env.agent.monitor [AXI_RD] CPU <- IRAM  Addr=000000b0 Data=008002ef RRESP=00
# UVM_INFO C:/Documents/DoAnThietKeViMach/Project/SoC/VERIFICATION/Monitor/cpu_monitor.sv(230) @ 1935000: uvm_test_top.env.agent.monitor [IF] PC=000000b0  INSTR=008002ef  [JAL  x5, ...]            
# UVM_INFO C:/Documents/DoAnThietKeViMach/Project/SoC/VERIFICATION/Monitor/cpu_monitor.sv(276) @ 1945000: uvm_test_top.env.agent.monitor [WB] x29 <= 0000000c  (PC~000000b0)
# UVM_INFO C:/Documents/DoAnThietKeViMach/Project/SoC/VERIFICATION/Monitor/cpu_monitor.sv(276) @ 1955000: uvm_test_top.env.agent.monitor [WB] x29 <= 0000000c  (PC~000000b0)
# UVM_INFO C:/Documents/DoAnThietKeViMach/Project/SoC/VERIFICATION/Monitor/cpu_monitor.sv(276) @ 1965000: uvm_test_top.env.agent.monitor [WB] x29 <= 0000000c  (PC~000000b0)
# UVM_INFO C:/Documents/DoAnThietKeViMach/Project/SoC/VERIFICATION/Monitor/cpu_monitor.sv(336) @ 1975000: uvm_test_top.env.agent.monitor [AXI_RD] CPU <- IRAM  Addr=000000b4 Data=02000063 RRESP=00
# UVM_INFO C:/Documents/DoAnThietKeViMach/Project/SoC/VERIFICATION/Monitor/cpu_monitor.sv(230) @ 1975000: uvm_test_top.env.agent.monitor [IF] PC=000000b4  INSTR=02000063  [BEQ  x0, x0, ...]            
# UVM_INFO C:/Documents/DoAnThietKeViMach/Project/SoC/VERIFICATION/Monitor/cpu_monitor.sv(276) @ 1975000: uvm_test_top.env.agent.monitor [WB] x29 <= 0000000c  (PC~000000b4)
# UVM_INFO C:/Documents/DoAnThietKeViMach/Project/SoC/VERIFICATION/Monitor/cpu_monitor.sv(336) @ 2015000: uvm_test_top.env.agent.monitor [AXI_RD] CPU <- IRAM  Addr=000000b8 Data=00a50463 RRESP=00
# UVM_INFO C:/Documents/DoAnThietKeViMach/Project/SoC/VERIFICATION/Monitor/cpu_monitor.sv(230) @ 2015000: uvm_test_top.env.agent.monitor [IF] PC=000000b8  INSTR=00a50463  [BEQ  x10, x10, ...]            
# UVM_INFO C:/Documents/DoAnThietKeViMach/Project/SoC/VERIFICATION/Monitor/cpu_monitor.sv(336) @ 2055000: uvm_test_top.env.agent.monitor [AXI_RD] CPU <- IRAM  Addr=000000b8 Data=00a50463 RRESP=00
# UVM_INFO C:/Documents/DoAnThietKeViMach/Project/SoC/VERIFICATION/Monitor/cpu_monitor.sv(276) @ 2065000: uvm_test_top.env.agent.monitor [WB] x05 <= 000000b4  (PC~000000b8)
# UVM_INFO C:/Documents/DoAnThietKeViMach/Project/SoC/VERIFICATION/Monitor/cpu_monitor.sv(276) @ 2075000: uvm_test_top.env.agent.monitor [WB] x05 <= 000000b4  (PC~000000b8)
# UVM_INFO C:/Documents/DoAnThietKeViMach/Project/SoC/VERIFICATION/Monitor/cpu_monitor.sv(276) @ 2085000: uvm_test_top.env.agent.monitor [WB] x05 <= 000000b4  (PC~000000b8)
# UVM_INFO C:/Documents/DoAnThietKeViMach/Project/SoC/VERIFICATION/Monitor/cpu_monitor.sv(336) @ 2095000: uvm_test_top.env.agent.monitor [AXI_RD] CPU <- IRAM  Addr=000000bc Data=00000c63 RRESP=00
# UVM_INFO C:/Documents/DoAnThietKeViMach/Project/SoC/VERIFICATION/Monitor/cpu_monitor.sv(230) @ 2095000: uvm_test_top.env.agent.monitor [IF] PC=000000bc  INSTR=00000c63  [BEQ  x0, x0, ...]            
# UVM_INFO C:/Documents/DoAnThietKeViMach/Project/SoC/VERIFICATION/Monitor/cpu_monitor.sv(276) @ 2095000: uvm_test_top.env.agent.monitor [WB] x05 <= 000000b4  (PC~000000bc)
# UVM_INFO C:/Documents/DoAnThietKeViMach/Project/SoC/VERIFICATION/Monitor/cpu_monitor.sv(336) @ 2135000: uvm_test_top.env.agent.monitor [AXI_RD] CPU <- IRAM  Addr=000000c0 Data=10000f37 RRESP=00
# UVM_INFO C:/Documents/DoAnThietKeViMach/Project/SoC/VERIFICATION/Monitor/cpu_monitor.sv(230) @ 2135000: uvm_test_top.env.agent.monitor [IF] PC=000000c0  INSTR=10000f37  [LUI  x30, 0x10000]            
# UVM_INFO C:/Documents/DoAnThietKeViMach/Project/SoC/VERIFICATION/Monitor/cpu_monitor.sv(336) @ 2175000: uvm_test_top.env.agent.monitor [AXI_RD] CPU <- IRAM  Addr=000000c0 Data=10000f37 RRESP=00
# UVM_INFO C:/Documents/DoAnThietKeViMach/Project/SoC/VERIFICATION/Monitor/cpu_monitor.sv(336) @ 2215000: uvm_test_top.env.agent.monitor [AXI_RD] CPU <- IRAM  Addr=000000c4 Data=3f0f0f13 RRESP=00
# UVM_INFO C:/Documents/DoAnThietKeViMach/Project/SoC/VERIFICATION/Monitor/cpu_monitor.sv(230) @ 2215000: uvm_test_top.env.agent.monitor [IF] PC=000000c4  INSTR=3f0f0f13  [ADDI x30, x30, 1008]            
# UVM_INFO C:/Documents/DoAnThietKeViMach/Project/SoC/VERIFICATION/Monitor/cpu_monitor.sv(336) @ 2255000: uvm_test_top.env.agent.monitor [AXI_RD] CPU <- IRAM  Addr=000000c8 Data=05a00f93 RRESP=00
# UVM_INFO C:/Documents/DoAnThietKeViMach/Project/SoC/VERIFICATION/Monitor/cpu_monitor.sv(230) @ 2255000: uvm_test_top.env.agent.monitor [IF] PC=000000c8  INSTR=05a00f93  [ADDI x31, x0, 90]            
# UVM_INFO C:/Documents/DoAnThietKeViMach/Project/SoC/VERIFICATION/Monitor/cpu_monitor.sv(336) @ 2295000: uvm_test_top.env.agent.monitor [AXI_RD] CPU <- IRAM  Addr=000000cc Data=01ff2023 RRESP=00
# UVM_INFO C:/Documents/DoAnThietKeViMach/Project/SoC/VERIFICATION/Monitor/cpu_monitor.sv(230) @ 2295000: uvm_test_top.env.agent.monitor [IF] PC=000000cc  INSTR=01ff2023  [SW   x31, 31(x30)]            
# UVM_INFO C:/Documents/DoAnThietKeViMach/Project/SoC/VERIFICATION/Monitor/cpu_monitor.sv(276) @ 2305000: uvm_test_top.env.agent.monitor [WB] x30 <= 10000000  (PC~000000cc)
# UVM_INFO C:/Documents/DoAnThietKeViMach/Project/SoC/VERIFICATION/Monitor/cpu_monitor.sv(276) @ 2315000: uvm_test_top.env.agent.monitor [WB] x30 <= 10000000  (PC~000000cc)
# UVM_INFO C:/Documents/DoAnThietKeViMach/Project/SoC/VERIFICATION/Monitor/cpu_monitor.sv(276) @ 2325000: uvm_test_top.env.agent.monitor [WB] x30 <= 10000000  (PC~000000cc)
# UVM_INFO C:/Documents/DoAnThietKeViMach/Project/SoC/VERIFICATION/Monitor/cpu_monitor.sv(336) @ 2335000: uvm_test_top.env.agent.monitor [AXI_RD] CPU <- IRAM  Addr=000000d0 Data=00000a63 RRESP=00
# UVM_INFO C:/Documents/DoAnThietKeViMach/Project/SoC/VERIFICATION/Monitor/cpu_monitor.sv(230) @ 2335000: uvm_test_top.env.agent.monitor [IF] PC=000000d0  INSTR=00000a63  [BEQ  x0, x0, ...]            
# UVM_INFO C:/Documents/DoAnThietKeViMach/Project/SoC/VERIFICATION/Monitor/cpu_monitor.sv(276) @ 2335000: uvm_test_top.env.agent.monitor [WB] x30 <= 10000000  (PC~000000d0)
# UVM_INFO C:/Documents/DoAnThietKeViMach/Project/SoC/VERIFICATION/Monitor/cpu_monitor.sv(276) @ 2345000: uvm_test_top.env.agent.monitor [WB] x30 <= 100003f0  (PC~000000d0)
# UVM_INFO C:/Documents/DoAnThietKeViMach/Project/SoC/VERIFICATION/Monitor/cpu_monitor.sv(276) @ 2355000: uvm_test_top.env.agent.monitor [WB] x30 <= 100003f0  (PC~000000d0)
# UVM_INFO C:/Documents/DoAnThietKeViMach/Project/SoC/VERIFICATION/Monitor/cpu_monitor.sv(276) @ 2365000: uvm_test_top.env.agent.monitor [WB] x30 <= 100003f0  (PC~000000d0)
# UVM_INFO C:/Documents/DoAnThietKeViMach/Project/SoC/VERIFICATION/Monitor/cpu_monitor.sv(336) @ 2375000: uvm_test_top.env.agent.monitor [AXI_RD] CPU <- IRAM  Addr=000000d4 Data=10000f37 RRESP=00
# UVM_INFO C:/Documents/DoAnThietKeViMach/Project/SoC/VERIFICATION/Monitor/cpu_monitor.sv(230) @ 2375000: uvm_test_top.env.agent.monitor [IF] PC=000000d4  INSTR=10000f37  [LUI  x30, 0x10000]            
# UVM_INFO C:/Documents/DoAnThietKeViMach/Project/SoC/VERIFICATION/Monitor/cpu_monitor.sv(276) @ 2375000: uvm_test_top.env.agent.monitor [WB] x30 <= 100003f0  (PC~000000d4)
# UVM_INFO C:/Documents/DoAnThietKeViMach/Project/SoC/VERIFICATION/Monitor/cpu_monitor.sv(251) @ 2385000: uvm_test_top.env.agent.monitor [MEM] STORE Addr=100003f0 Data=0000005a
# UVM_INFO C:/Documents/DoAnThietKeViMach/Project/SoC/VERIFICATION/Monitor/cpu_monitor.sv(251) @ 2395000: uvm_test_top.env.agent.monitor [MEM] STORE Addr=100003f0 Data=0000005a
# [DRAM WRITE] addr=100003f0 data=0000005a
# UVM_INFO C:/Documents/DoAnThietKeViMach/Project/SoC/VERIFICATION/Monitor/cpu_monitor.sv(251) @ 2405000: uvm_test_top.env.agent.monitor [MEM] STORE Addr=100003f0 Data=0000005a
# UVM_INFO C:/Documents/DoAnThietKeViMach/Project/SoC/VERIFICATION/Monitor/cpu_monitor.sv(310) @ 2415000: uvm_test_top.env.agent.monitor [AXI_WR] CPU -> DRAM  Addr=100003f0 Data=0000005a Strb=1111 BRESP=00
# UVM_INFO C:/Documents/DoAnThietKeViMach/Project/SoC/VERIFICATION/Scoreboard/cpu_scoreboard.sv(272) @ 2415000: uvm_test_top.env.scoreboard [SOC_SW] SOC_SOFTWARE PASS signature detected: Addr = 100003f0 Data = 0000005a
# UVM_INFO C:/Documents/DoAnThietKeViMach/Project/SoC/VERIFICATION/Monitor/cpu_monitor.sv(251) @ 2415000: uvm_test_top.env.agent.monitor [MEM] STORE Addr=100003f0 Data=0000005a
# UVM_INFO C:/Documents/DoAnThietKeViMach/Project/SoC/VERIFICATION/Monitor/cpu_monitor.sv(276) @ 2415000: uvm_test_top.env.agent.monitor [WB] x31 <= 0000005a  (PC~000000d4)
# UVM_INFO C:/Documents/DoAnThietKeViMach/Project/SoC/VERIFICATION/Monitor/cpu_monitor.sv(251) @ 2425000: uvm_test_top.env.agent.monitor [MEM] STORE Addr=100003f0 Data=0000005a
# UVM_INFO C:/Documents/DoAnThietKeViMach/Project/SoC/VERIFICATION/Monitor/cpu_monitor.sv(276) @ 2425000: uvm_test_top.env.agent.monitor [WB] x31 <= 0000005a  (PC~000000d4)
# UVM_INFO C:/Documents/DoAnThietKeViMach/Project/SoC/VERIFICATION/Monitor/cpu_monitor.sv(251) @ 2435000: uvm_test_top.env.agent.monitor [MEM] STORE Addr=100003f0 Data=0000005a
# UVM_INFO C:/Documents/DoAnThietKeViMach/Project/SoC/VERIFICATION/Monitor/cpu_monitor.sv(276) @ 2435000: uvm_test_top.env.agent.monitor [WB] x31 <= 0000005a  (PC~000000d4)
# UVM_INFO C:/Documents/DoAnThietKeViMach/Project/SoC/VERIFICATION/Monitor/cpu_monitor.sv(251) @ 2445000: uvm_test_top.env.agent.monitor [MEM] STORE Addr=100003f0 Data=0000005a
# UVM_INFO C:/Documents/DoAnThietKeViMach/Project/SoC/VERIFICATION/Monitor/cpu_monitor.sv(276) @ 2445000: uvm_test_top.env.agent.monitor [WB] x31 <= 0000005a  (PC~000000d4)
# UVM_INFO C:/Documents/DoAnThietKeViMach/Project/SoC/VERIFICATION/Monitor/cpu_monitor.sv(336) @ 2455000: uvm_test_top.env.agent.monitor [AXI_RD] CPU <- IRAM  Addr=000000d8 Data=3f0f0f13 RRESP=00
# UVM_INFO C:/Documents/DoAnThietKeViMach/Project/SoC/VERIFICATION/Monitor/cpu_monitor.sv(230) @ 2455000: uvm_test_top.env.agent.monitor [IF] PC=000000d8  INSTR=3f0f0f13  [ADDI x30, x30, 1008]            
# UVM_INFO C:/Documents/DoAnThietKeViMach/Project/SoC/VERIFICATION/Monitor/cpu_monitor.sv(251) @ 2455000: uvm_test_top.env.agent.monitor [MEM] STORE Addr=100003f0 Data=0000005a
# UVM_INFO C:/Documents/DoAnThietKeViMach/Project/SoC/VERIFICATION/Monitor/cpu_monitor.sv(276) @ 2455000: uvm_test_top.env.agent.monitor [WB] x31 <= 0000005a  (PC~000000d8)
# UVM_INFO C:/Documents/DoAnThietKeViMach/Project/SoC/VERIFICATION/Monitor/cpu_monitor.sv(336) @ 2495000: uvm_test_top.env.agent.monitor [AXI_RD] CPU <- IRAM  Addr=000000e4 Data=00000013 RRESP=00
# UVM_INFO C:/Documents/DoAnThietKeViMach/Project/SoC/VERIFICATION/Monitor/cpu_monitor.sv(230) @ 2495000: uvm_test_top.env.agent.monitor [IF] PC=000000e4  INSTR=00000013  [ADDI x0, x0, 0]            
# UVM_INFO C:/Documents/DoAnThietKeViMach/Project/SoC/VERIFICATION/Test/cpu_test.sv(70) @ 2515000: uvm_test_top [TEST] PC=000000e8 reached first address past loaded program - ending
# UVM_INFO C:/Documents/DoAnThietKeViMach/Project/SoC/VERIFICATION/Monitor/cpu_monitor.sv(336) @ 2535000: uvm_test_top.env.agent.monitor [AXI_RD] CPU <- IRAM  Addr=000000e8 Data=00000013 RRESP=00
# UVM_INFO C:/Documents/DoAnThietKeViMach/Project/SoC/VERIFICATION/Monitor/cpu_monitor.sv(230) @ 2535000: uvm_test_top.env.agent.monitor [IF] PC=000000e8  INSTR=00000013  [ADDI x0, x0, 0]            
# UVM_INFO C:/Documents/DoAnThietKeViMach/Project/SoC/VERIFICATION/Monitor/cpu_monitor.sv(336) @ 2575000: uvm_test_top.env.agent.monitor [AXI_RD] CPU <- IRAM  Addr=000000ec Data=00000013 RRESP=00
# UVM_INFO C:/Documents/DoAnThietKeViMach/Project/SoC/VERIFICATION/Monitor/cpu_monitor.sv(230) @ 2575000: uvm_test_top.env.agent.monitor [IF] PC=000000ec  INSTR=00000013  [ADDI x0, x0, 0]            
# UVM_INFO C:/Documents/DoAnThietKeViMach/Project/SoC/VERIFICATION/Monitor/cpu_monitor.sv(336) @ 2615000: uvm_test_top.env.agent.monitor [AXI_RD] CPU <- IRAM  Addr=000000f0 Data=00000013 RRESP=00
# UVM_INFO C:/Documents/DoAnThietKeViMach/Project/SoC/VERIFICATION/Monitor/cpu_monitor.sv(230) @ 2615000: uvm_test_top.env.agent.monitor [IF] PC=000000f0  INSTR=00000013  [ADDI x0, x0, 0]            
# UVM_INFO C:/Documents/DoAnThietKeViMach/Project/SoC/VERIFICATION/Monitor/cpu_monitor.sv(336) @ 2655000: uvm_test_top.env.agent.monitor [AXI_RD] CPU <- IRAM  Addr=000000f4 Data=00000013 RRESP=00
# UVM_INFO C:/Documents/DoAnThietKeViMach/Project/SoC/VERIFICATION/Monitor/cpu_monitor.sv(230) @ 2655000: uvm_test_top.env.agent.monitor [IF] PC=000000f4  INSTR=00000013  [ADDI x0, x0, 0]            
# UVM_INFO C:/Documents/DoAnThietKeViMach/Project/SoC/VERIFICATION/Monitor/cpu_monitor.sv(336) @ 2695000: uvm_test_top.env.agent.monitor [AXI_RD] CPU <- IRAM  Addr=000000f8 Data=00000013 RRESP=00
# UVM_INFO C:/Documents/DoAnThietKeViMach/Project/SoC/VERIFICATION/Monitor/cpu_monitor.sv(230) @ 2695000: uvm_test_top.env.agent.monitor [IF] PC=000000f8  INSTR=00000013  [ADDI x0, x0, 0]            
# UVM_INFO C:/Documents/DoAnThietKeViMach/Project/SoC/VERIFICATION/Monitor/cpu_monitor.sv(336) @ 2735000: uvm_test_top.env.agent.monitor [AXI_RD] CPU <- IRAM  Addr=000000fc Data=00000013 RRESP=00
# UVM_INFO C:/Documents/DoAnThietKeViMach/Project/SoC/VERIFICATION/Monitor/cpu_monitor.sv(230) @ 2735000: uvm_test_top.env.agent.monitor [IF] PC=000000fc  INSTR=00000013  [ADDI x0, x0, 0]            
# UVM_INFO C:/Documents/DoAnThietKeViMach/Project/SoC/VERIFICATION/Monitor/cpu_monitor.sv(336) @ 2775000: uvm_test_top.env.agent.monitor [AXI_RD] CPU <- IRAM  Addr=00000100 Data=00000013 RRESP=00
# UVM_INFO C:/Documents/DoAnThietKeViMach/Project/SoC/VERIFICATION/Monitor/cpu_monitor.sv(230) @ 2775000: uvm_test_top.env.agent.monitor [IF] PC=00000100  INSTR=00000013  [ADDI x0, x0, 0]            
# UVM_INFO verilog_src/uvm-1.1d/src/base/uvm_objection.svh(1268) @ 2815000: reporter [TEST_DONE] 'run' phase is ready to proceed to the 'extract' phase
# UVM_INFO C:/Documents/DoAnThietKeViMach/Project/SoC/VERIFICATION/Scoreboard/cpu_scoreboard.sv(293) @ 2815000: uvm_test_top.env.scoreboard [SCB] 
# UVM_INFO C:/Documents/DoAnThietKeViMach/Project/SoC/VERIFICATION/Scoreboard/cpu_scoreboard.sv(294) @ 2815000: uvm_test_top.env.scoreboard [SCB] ==============================================================
# UVM_INFO C:/Documents/DoAnThietKeViMach/Project/SoC/VERIFICATION/Scoreboard/cpu_scoreboard.sv(295) @ 2815000: uvm_test_top.env.scoreboard [SCB]             CPU REGISTER FILE - FINAL RESULT                  
# UVM_INFO C:/Documents/DoAnThietKeViMach/Project/SoC/VERIFICATION/Scoreboard/cpu_scoreboard.sv(296) @ 2815000: uvm_test_top.env.scoreboard [SCB] ==============================================================
# UVM_INFO C:/Documents/DoAnThietKeViMach/Project/SoC/VERIFICATION/Scoreboard/cpu_scoreboard.sv(297) @ 2815000: uvm_test_top.env.scoreboard [SCB]  REG   |   EXPECTED   |    ACTUAL    | MATCH |    STATUS    
# UVM_INFO C:/Documents/DoAnThietKeViMach/Project/SoC/VERIFICATION/Scoreboard/cpu_scoreboard.sv(298) @ 2815000: uvm_test_top.env.scoreboard [SCB] --------------------------------------------------------------
# UVM_INFO C:/Documents/DoAnThietKeViMach/Project/SoC/VERIFICATION/Scoreboard/cpu_scoreboard.sv(336) @ 2815000: uvm_test_top.env.scoreboard [SCB] | x00 |  00000000  |  00000000  |  PASS  | PASS                 |
# UVM_INFO C:/Documents/DoAnThietKeViMach/Project/SoC/VERIFICATION/Scoreboard/cpu_scoreboard.sv(336) @ 2815000: uvm_test_top.env.scoreboard [SCB] | x01 |  0000000c  |  0000000c  |  PASS  | PASS                 |
# UVM_INFO C:/Documents/DoAnThietKeViMach/Project/SoC/VERIFICATION/Scoreboard/cpu_scoreboard.sv(336) @ 2815000: uvm_test_top.env.scoreboard [SCB] | x02 |  00000005  |  00000005  |  PASS  | PASS                 |
# UVM_INFO C:/Documents/DoAnThietKeViMach/Project/SoC/VERIFICATION/Scoreboard/cpu_scoreboard.sv(336) @ 2815000: uvm_test_top.env.scoreboard [SCB] | x03 |  00000011  |  00000011  |  PASS  | PASS                 |
# UVM_INFO C:/Documents/DoAnThietKeViMach/Project/SoC/VERIFICATION/Scoreboard/cpu_scoreboard.sv(336) @ 2815000: uvm_test_top.env.scoreboard [SCB] | x04 |  00000011  |  00000011  |  PASS  | PASS                 |
# UVM_INFO C:/Documents/DoAnThietKeViMach/Project/SoC/VERIFICATION/Scoreboard/cpu_scoreboard.sv(336) @ 2815000: uvm_test_top.env.scoreboard [SCB] | x05 |  000000b4  |  000000b4  |  PASS  | PASS                 |
# UVM_INFO C:/Documents/DoAnThietKeViMach/Project/SoC/VERIFICATION/Scoreboard/cpu_scoreboard.sv(336) @ 2815000: uvm_test_top.env.scoreboard [SCB] | x06 |  00000007  |  00000007  |  PASS  | PASS                 |
# UVM_INFO C:/Documents/DoAnThietKeViMach/Project/SoC/VERIFICATION/Scoreboard/cpu_scoreboard.sv(336) @ 2815000: uvm_test_top.env.scoreboard [SCB] | x07 |  000000a0  |  000000a0  |  PASS  | PASS                 |
# UVM_INFO C:/Documents/DoAnThietKeViMach/Project/SoC/VERIFICATION/Scoreboard/cpu_scoreboard.sv(336) @ 2815000: uvm_test_top.env.scoreboard [SCB] | x08 |  000000a0  |  000000a0  |  PASS  | PASS                 |
# UVM_INFO C:/Documents/DoAnThietKeViMach/Project/SoC/VERIFICATION/Scoreboard/cpu_scoreboard.sv(336) @ 2815000: uvm_test_top.env.scoreboard [SCB] | x09 |  00000001  |  00000001  |  PASS  | PASS                 |
# UVM_INFO C:/Documents/DoAnThietKeViMach/Project/SoC/VERIFICATION/Scoreboard/cpu_scoreboard.sv(336) @ 2815000: uvm_test_top.env.scoreboard [SCB] | x10 |  00000001  |  00000001  |  PASS  | PASS                 |
# UVM_INFO C:/Documents/DoAnThietKeViMach/Project/SoC/VERIFICATION/Scoreboard/cpu_scoreboard.sv(336) @ 2815000: uvm_test_top.env.scoreboard [SCB] | x11 |  00000009  |  00000009  |  PASS  | PASS                 |
# UVM_INFO C:/Documents/DoAnThietKeViMach/Project/SoC/VERIFICATION/Scoreboard/cpu_scoreboard.sv(336) @ 2815000: uvm_test_top.env.scoreboard [SCB] | x12 |  00000009  |  00000009  |  PASS  | PASS                 |
# UVM_INFO C:/Documents/DoAnThietKeViMach/Project/SoC/VERIFICATION/Scoreboard/cpu_scoreboard.sv(336) @ 2815000: uvm_test_top.env.scoreboard [SCB] | x13 |  00000005  |  00000005  |  PASS  | PASS                 |
# UVM_INFO C:/Documents/DoAnThietKeViMach/Project/SoC/VERIFICATION/Scoreboard/cpu_scoreboard.sv(336) @ 2815000: uvm_test_top.env.scoreboard [SCB] | x14 |  fffffff8  |  fffffff8  |  PASS  | PASS                 |
# UVM_INFO C:/Documents/DoAnThietKeViMach/Project/SoC/VERIFICATION/Scoreboard/cpu_scoreboard.sv(336) @ 2815000: uvm_test_top.env.scoreboard [SCB] | x15 |  fffffffc  |  fffffffc  |  PASS  | PASS                 |
# UVM_INFO C:/Documents/DoAnThietKeViMach/Project/SoC/VERIFICATION/Scoreboard/cpu_scoreboard.sv(336) @ 2815000: uvm_test_top.env.scoreboard [SCB] | x16 |  fffffffc  |  fffffffc  |  PASS  | PASS                 |
# UVM_INFO C:/Documents/DoAnThietKeViMach/Project/SoC/VERIFICATION/Scoreboard/cpu_scoreboard.sv(336) @ 2815000: uvm_test_top.env.scoreboard [SCB] | x17 |  0000000d  |  0000000d  |  PASS  | PASS                 |
# UVM_INFO C:/Documents/DoAnThietKeViMach/Project/SoC/VERIFICATION/Scoreboard/cpu_scoreboard.sv(336) @ 2815000: uvm_test_top.env.scoreboard [SCB] | x18 |  0000000d  |  0000000d  |  PASS  | PASS                 |
# UVM_INFO C:/Documents/DoAnThietKeViMach/Project/SoC/VERIFICATION/Scoreboard/cpu_scoreboard.sv(336) @ 2815000: uvm_test_top.env.scoreboard [SCB] | x19 |  00000004  |  00000004  |  PASS  | PASS                 |
# UVM_INFO C:/Documents/DoAnThietKeViMach/Project/SoC/VERIFICATION/Scoreboard/cpu_scoreboard.sv(336) @ 2815000: uvm_test_top.env.scoreboard [SCB] | x20 |  00000004  |  00000004  |  PASS  | PASS                 |
# UVM_INFO C:/Documents/DoAnThietKeViMach/Project/SoC/VERIFICATION/Scoreboard/cpu_scoreboard.sv(336) @ 2815000: uvm_test_top.env.scoreboard [SCB] | x21 |  00000001  |  00000001  |  PASS  | PASS                 |
# UVM_INFO C:/Documents/DoAnThietKeViMach/Project/SoC/VERIFICATION/Scoreboard/cpu_scoreboard.sv(336) @ 2815000: uvm_test_top.env.scoreboard [SCB] | x22 |  00000006  |  00000006  |  PASS  | PASS                 |
# UVM_INFO C:/Documents/DoAnThietKeViMach/Project/SoC/VERIFICATION/Scoreboard/cpu_scoreboard.sv(336) @ 2815000: uvm_test_top.env.scoreboard [SCB] | x23 |  00000006  |  00000006  |  PASS  | PASS                 |
# UVM_INFO C:/Documents/DoAnThietKeViMach/Project/SoC/VERIFICATION/Scoreboard/cpu_scoreboard.sv(336) @ 2815000: uvm_test_top.env.scoreboard [SCB] | x24 |  0000000d  |  0000000d  |  PASS  | PASS                 |
# UVM_INFO C:/Documents/DoAnThietKeViMach/Project/SoC/VERIFICATION/Scoreboard/cpu_scoreboard.sv(336) @ 2815000: uvm_test_top.env.scoreboard [SCB] | x25 |  0000000d  |  0000000d  |  PASS  | PASS                 |
# UVM_INFO C:/Documents/DoAnThietKeViMach/Project/SoC/VERIFICATION/Scoreboard/cpu_scoreboard.sv(336) @ 2815000: uvm_test_top.env.scoreboard [SCB] | x26 |  0000000c  |  0000000c  |  PASS  | PASS                 |
# UVM_INFO C:/Documents/DoAnThietKeViMach/Project/SoC/VERIFICATION/Scoreboard/cpu_scoreboard.sv(336) @ 2815000: uvm_test_top.env.scoreboard [SCB] | x27 |  0000000c  |  0000000c  |  PASS  | PASS                 |
# UVM_INFO C:/Documents/DoAnThietKeViMach/Project/SoC/VERIFICATION/Scoreboard/cpu_scoreboard.sv(336) @ 2815000: uvm_test_top.env.scoreboard [SCB] | x28 |  10010000  |  10010000  |  PASS  | PASS                 |
# UVM_INFO C:/Documents/DoAnThietKeViMach/Project/SoC/VERIFICATION/Scoreboard/cpu_scoreboard.sv(336) @ 2815000: uvm_test_top.env.scoreboard [SCB] | x29 |  0000000c  |  0000000c  |  PASS  | PASS                 |
# UVM_INFO C:/Documents/DoAnThietKeViMach/Project/SoC/VERIFICATION/Scoreboard/cpu_scoreboard.sv(336) @ 2815000: uvm_test_top.env.scoreboard [SCB] | x30 |  100003f0  |  100003f0  |  PASS  | PASS                 |
# UVM_INFO C:/Documents/DoAnThietKeViMach/Project/SoC/VERIFICATION/Scoreboard/cpu_scoreboard.sv(336) @ 2815000: uvm_test_top.env.scoreboard [SCB] | x31 |  0000005a  |  0000005a  |  PASS  | PASS                 |
# UVM_INFO C:/Documents/DoAnThietKeViMach/Project/SoC/VERIFICATION/Scoreboard/cpu_scoreboard.sv(339) @ 2815000: uvm_test_top.env.scoreboard [SCB] --------------------------------------------------------------
# UVM_INFO C:/Documents/DoAnThietKeViMach/Project/SoC/VERIFICATION/Scoreboard/cpu_scoreboard.sv(346) @ 2815000: uvm_test_top.env.scoreboard [SCB]  Total WB events : 134     PASS : 32    FAIL : 0     SKIP : 0  
# UVM_INFO C:/Documents/DoAnThietKeViMach/Project/SoC/VERIFICATION/Scoreboard/cpu_scoreboard.sv(349) @ 2815000: uvm_test_top.env.scoreboard [SCB]  AXI Write Errors : 0     AXI Read Errors : 0  
# UVM_INFO C:/Documents/DoAnThietKeViMach/Project/SoC/VERIFICATION/Scoreboard/cpu_scoreboard.sv(358) @ 2815000: uvm_test_top.env.scoreboard [SCB]  AXI Data Errors  : 0     DRAM W/R : 2/1   TIMER:0 UART:0 SPI:0
# UVM_INFO C:/Documents/DoAnThietKeViMach/Project/SoC/VERIFICATION/Scoreboard/cpu_scoreboard.sv(364) @ 2815000: uvm_test_top.env.scoreboard [SCB]  AXI Read Checks  : PASS:1 FAIL:0 SKIP:0
# UVM_INFO C:/Documents/DoAnThietKeViMach/Project/SoC/VERIFICATION/Scoreboard/cpu_scoreboard.sv(365) @ 2815000: uvm_test_top.env.scoreboard [SCB] ==============================================================
# UVM_INFO C:/Documents/DoAnThietKeViMach/Project/SoC/VERIFICATION/Scoreboard/cpu_scoreboard.sv(366) @ 2815000: uvm_test_top.env.scoreboard [SCB] 
# UVM_INFO C:/Documents/DoAnThietKeViMach/Project/SoC/VERIFICATION/Scoreboard/cpu_scoreboard.sv(378) @ 2815000: uvm_test_top.env.scoreboard [SCB] SIMULATION PASSED: all registers and AXI reads match expected
# UVM_INFO C:/Documents/DoAnThietKeViMach/Project/SoC/VERIFICATION/Scoreboard/cpu_scoreboard.sv(383) @ 2815000: uvm_test_top.env.scoreboard [SOC_SW] SOC_SOFTWARE SELF CHECK PASS
# UVM_INFO C:/Documents/DoAnThietKeViMach/Project/SoC/VERIFICATION/Coverage/cpu_coverage.sv(141) @ 2815000: uvm_test_top.env.coverage [CPU_COV] 
# UVM_INFO C:/Documents/DoAnThietKeViMach/Project/SoC/VERIFICATION/Coverage/cpu_coverage.sv(142) @ 2815000: uvm_test_top.env.coverage [CPU_COV] ======================================================
# UVM_INFO C:/Documents/DoAnThietKeViMach/Project/SoC/VERIFICATION/Coverage/cpu_coverage.sv(143) @ 2815000: uvm_test_top.env.coverage [CPU_COV]               CPU FUNCTIONAL COVERAGE REPORT          
# UVM_INFO C:/Documents/DoAnThietKeViMach/Project/SoC/VERIFICATION/Coverage/cpu_coverage.sv(144) @ 2815000: uvm_test_top.env.coverage [CPU_COV] ======================================================
# UVM_INFO C:/Documents/DoAnThietKeViMach/Project/SoC/VERIFICATION/Coverage/cpu_coverage.sv(146) @ 2815000: uvm_test_top.env.coverage [CPU_COV]  Opcode Coverage         : 100.00%  (target >90%)
# UVM_INFO C:/Documents/DoAnThietKeViMach/Project/SoC/VERIFICATION/Coverage/cpu_coverage.sv(147) @ 2815000: uvm_test_top.env.coverage [CPU_COV]  ALU Instruction Coverage: 100.00%  (target >85%)
# UVM_INFO C:/Documents/DoAnThietKeViMach/Project/SoC/VERIFICATION/Coverage/cpu_coverage.sv(148) @ 2815000: uvm_test_top.env.coverage [CPU_COV]  Branch Coverage         :  33.33%  (target >80%)
# UVM_INFO C:/Documents/DoAnThietKeViMach/Project/SoC/VERIFICATION/Coverage/cpu_coverage.sv(149) @ 2815000: uvm_test_top.env.coverage [CPU_COV]  Register Operand Cover  :  91.25%  (target >85%)
# UVM_INFO C:/Documents/DoAnThietKeViMach/Project/SoC/VERIFICATION/Coverage/cpu_coverage.sv(150) @ 2815000: uvm_test_top.env.coverage [CPU_COV]  PC Alignment Coverage   : 100.00%  (target 100%)
# UVM_INFO C:/Documents/DoAnThietKeViMach/Project/SoC/VERIFICATION/Coverage/cpu_coverage.sv(152) @ 2815000: uvm_test_top.env.coverage [CPU_COV] ------------------------------------------------------
# UVM_INFO C:/Documents/DoAnThietKeViMach/Project/SoC/VERIFICATION/Coverage/cpu_coverage.sv(153) @ 2815000: uvm_test_top.env.coverage [CPU_COV]  TOTAL (avg)             :  84.92%  (target >90%)
# UVM_INFO C:/Documents/DoAnThietKeViMach/Project/SoC/VERIFICATION/Coverage/cpu_coverage.sv(154) @ 2815000: uvm_test_top.env.coverage [CPU_COV] ======================================================
# UVM_INFO C:/Documents/DoAnThietKeViMach/Project/SoC/VERIFICATION/Coverage/cpu_coverage.sv(155) @ 2815000: uvm_test_top.env.coverage [CPU_COV] 
# UVM_WARNING C:/Documents/DoAnThietKeViMach/Project/SoC/VERIFICATION/Coverage/cpu_coverage.sv(159) @ 2815000: uvm_test_top.env.coverage [CPU_COV] Branch coverage 33.3% < 80% target
# 
# --- UVM Report Summary ---
# 
# ** Report counts by severity
# UVM_INFO :  353
# UVM_WARNING :    1
# UVM_ERROR :    0
# UVM_FATAL :    0
# ** Report counts by id
# [AXI_RD]    67
# [AXI_WR]     2
# [CPU_COV]    14
# [CPU_MON]     2
# [IF]    62
# [MEM]    16
# [Questa UVM]     2
# [RNTST]     1
# [SCB]    47
# [SCB_PASS]     1
# [SOC_SW]     2
# [TEST]     3
# [TEST_DONE]     1
# [WB]   134
# ** Note: $finish    : C:/app/QuestaSim/win64/../verilog_src/uvm-1.1d/src/base/uvm_root.svh(430)
#    Time: 2815 ns  Iteration: 57  Instance: /top_tb
