
*** Running vivado
    with args -log TOP.vdi -applog -m64 -product Vivado -messageDb vivado.pb -mode batch -source TOP.tcl -notrace



****** Vivado v2025.2 (64-bit)
  **** SW Build 6299465 on Fri Nov 14 19:35:11 GMT 2025
  **** IP Build 6300035 on Fri Nov 14 10:48:45 MST 2025
  **** SharedData Build 6298862 on Thu Nov 13 04:50:51 MST 2025
  **** Start of session at: Wed May 13 23:43:13 2026
    ** Copyright 1986-2022 Xilinx, Inc. All Rights Reserved.
    ** Copyright 2022-2025 Advanced Micro Devices, Inc. All Rights Reserved.

source TOP.tcl -notrace
create_project: Time (s): cpu = 00:00:09 ; elapsed = 00:00:07 . Memory (MB): peak = 547.000 ; gain = 221.461
Command: link_design -top TOP -part xczu7ev-ffvc1156-2-e
Design is defaulting to srcset: sources_1
Design is defaulting to constrset: constrs_1
INFO: [Device 21-403] Loading part xczu7ev-ffvc1156-2-e
Netlist sorting complete. Time (s): cpu = 00:00:01 ; elapsed = 00:00:01 . Memory (MB): peak = 1766.465 ; gain = 0.000
INFO: [Netlist 29-17] Analyzing 26676 Unisim elements for replacement
INFO: [Netlist 29-28] Unisim Transformation completed in 0 CPU seconds
WARNING: [Netlist 29-101] Netlist 'TOP' is not ideal for floorplanning, since the cellview 'DRAM' contains a large number of primitives.  Please consider enabling hierarchy in synthesis if you want to do floorplanning.
INFO: [Project 1-479] Netlist was created with Vivado 2025.2
INFO: [Project 1-570] Preparing netlist for logic optimization
Parsing XDC File [C:/Documents/DoAnThietKeViMach/Project/Vivado/Constraint.xdc]
create_clock: Time (s): cpu = 00:00:07 ; elapsed = 00:00:07 . Memory (MB): peak = 1903.277 ; gain = 12.082
Finished Parsing XDC File [C:/Documents/DoAnThietKeViMach/Project/Vivado/Constraint.xdc]
INFO: [Opt 31-138] Pushed 0 inverter(s) to 0 load pin(s).
Netlist sorting complete. Time (s): cpu = 00:00:00 ; elapsed = 00:00:00.082 . Memory (MB): peak = 2345.199 ; gain = 0.000
INFO: [Project 1-111] Unisim Transformation Summary:
  A total of 4 instances were transformed.
  IBUF => IBUF (IBUFCTRL, INBUF): 4 instances

7 Infos, 1 Warnings, 0 Critical Warnings and 0 Errors encountered.
link_design completed successfully
link_design: Time (s): cpu = 00:00:55 ; elapsed = 00:00:58 . Memory (MB): peak = 2345.199 ; gain = 1798.199
Command: opt_design
Attempting to get a license for feature 'Implementation' and/or device 'xczu7ev'
INFO: [Common 17-349] Got license for feature 'Implementation' and/or device 'xczu7ev'
Running DRC as a precondition to command opt_design

Starting DRC Task
INFO: [DRC 23-27] Running DRC with 2 threads
INFO: [Project 1-461] DRC finished with 0 Errors
INFO: [Project 1-462] Please refer to the DRC report (report_drc) for more information.

Time (s): cpu = 00:00:02 ; elapsed = 00:00:01 . Memory (MB): peak = 2394.559 ; gain = 49.359

Starting Cache Timing Information Task
INFO: [Timing 38-35] Done setting XDC timing constraints.
Ending Cache Timing Information Task | Checksum: 251ab7b67

Time (s): cpu = 00:00:16 ; elapsed = 00:00:13 . Memory (MB): peak = 2960.547 ; gain = 565.988

Starting Logic Optimization Task

Phase 1 Initialization

Phase 1.1 Core Generation And Design Setup
Phase 1.1 Core Generation And Design Setup | Checksum: 251ab7b67

Time (s): cpu = 00:00:00 ; elapsed = 00:00:00.112 . Memory (MB): peak = 3421.809 ; gain = 0.000

Phase 1.2 Setup Constraints And Sort Netlist
Phase 1.2 Setup Constraints And Sort Netlist | Checksum: 251ab7b67

Time (s): cpu = 00:00:00 ; elapsed = 00:00:00.241 . Memory (MB): peak = 3421.809 ; gain = 0.000
Phase 1 Initialization | Checksum: 251ab7b67

Time (s): cpu = 00:00:00 ; elapsed = 00:00:00.252 . Memory (MB): peak = 3421.809 ; gain = 0.000

Phase 2 Timer Update And Timing Data Collection

Phase 2.1 Detect if minReqCache needed
Phase 2.1 Detect if minReqCache needed | Checksum: 251ab7b67

Time (s): cpu = 00:00:00 ; elapsed = 00:00:00.365 . Memory (MB): peak = 3434.004 ; gain = 12.195

Phase 2.2 Timer Update
Phase 2.2 Timer Update | Checksum: 251ab7b67

Time (s): cpu = 00:00:06 ; elapsed = 00:00:04 . Memory (MB): peak = 3434.004 ; gain = 12.195

Phase 2.3 Timing Data Collection
Phase 2.3 Timing Data Collection | Checksum: 251ab7b67

Time (s): cpu = 00:00:06 ; elapsed = 00:00:04 . Memory (MB): peak = 3434.004 ; gain = 12.195
Phase 2 Timer Update And Timing Data Collection | Checksum: 251ab7b67

Time (s): cpu = 00:00:06 ; elapsed = 00:00:04 . Memory (MB): peak = 3434.004 ; gain = 12.195

Phase 3 Retarget
INFO: [Opt 31-1851] Number of loadless carry chains removed were: 0
INFO: [Opt 31-1834] Total Chains To Be Transformed Were: 0 AND Number of Transformed insts Created are: 0
INFO: [Opt 31-1566] Pulled 7 inverters resulting in an inversion of 42 pins
INFO: [Opt 31-138] Pushed 1 inverter(s) to 135355 load pin(s).
INFO: [Opt 31-49] Retargeted 0 cell(s).
Phase 3 Retarget | Checksum: 240c71397

Time (s): cpu = 00:00:31 ; elapsed = 00:00:29 . Memory (MB): peak = 3434.004 ; gain = 12.195
Retarget | Checksum: 240c71397
INFO: [Opt 31-389] Phase Retarget created 0 cells and removed 8 cells

Phase 4 Constant propagation
INFO: [Opt 31-138] Pushed 0 inverter(s) to 0 load pin(s).
Phase 4 Constant propagation | Checksum: 1cfd51614

Time (s): cpu = 00:00:33 ; elapsed = 00:00:31 . Memory (MB): peak = 3434.004 ; gain = 12.195
Constant propagation | Checksum: 1cfd51614
INFO: [Opt 31-389] Phase Constant propagation created 0 cells and removed 0 cells

Phase 5 Sweep
INFO: [Constraints 18-11670] Building netlist checker database with flags, 0x8
Done building netlist checker database: Time (s): cpu = 00:00:00 ; elapsed = 00:00:00.107 . Memory (MB): peak = 3434.004 ; gain = 0.000
Phase 5 Sweep | Checksum: 25b62683a

Time (s): cpu = 00:00:35 ; elapsed = 00:00:34 . Memory (MB): peak = 3434.004 ; gain = 12.195
Sweep | Checksum: 25b62683a
INFO: [Opt 31-389] Phase Sweep created 1 cells and removed 0 cells

Phase 6 BUFG optimization
INFO: [Opt 31-1077] Phase BUFG optimization inserted 0 global clock buffer(s) for CLOCK_LOW_FANOUT.
INFO: [Opt 31-129] Inserted BUFG to drive high-fanout reset|set|enable net. BUFG cell: rstn_IBUF_BUFG_inst, Net: rstn_IBUF
Phase 6 BUFG optimization | Checksum: 228533aa1

Time (s): cpu = 00:00:43 ; elapsed = 00:00:40 . Memory (MB): peak = 3434.004 ; gain = 12.195
BUFG optimization | Checksum: 228533aa1
INFO: [Opt 31-662] Phase BUFG optimization created 1 cells of which 1 are BUFGs and removed 0 cells.

Phase 7 Shift Register Optimization
INFO: [Opt 31-1064] SRL Remap converted 0 SRLs to 0 registers and converted 0 registers of register chains to 0 SRLs
Phase 7 Shift Register Optimization | Checksum: 228533aa1

Time (s): cpu = 00:00:43 ; elapsed = 00:00:41 . Memory (MB): peak = 3434.004 ; gain = 12.195
Shift Register Optimization | Checksum: 228533aa1
INFO: [Opt 31-389] Phase Shift Register Optimization created 0 cells and removed 0 cells

Phase 8 Post Processing Netlist
Phase 8 Post Processing Netlist | Checksum: 1ae5a8299

Time (s): cpu = 00:00:44 ; elapsed = 00:00:41 . Memory (MB): peak = 3434.004 ; gain = 12.195
Post Processing Netlist | Checksum: 1ae5a8299
INFO: [Opt 31-389] Phase Post Processing Netlist created 0 cells and removed 0 cells

Phase 9 Finalization

Phase 9.1 Finalizing Design Cores and Updating Shapes
Phase 9.1 Finalizing Design Cores and Updating Shapes | Checksum: 1b3b34666

Time (s): cpu = 00:00:51 ; elapsed = 00:00:49 . Memory (MB): peak = 3434.004 ; gain = 12.195

Phase 9.2 Verifying Netlist Connectivity

Starting Connectivity Check Task

Time (s): cpu = 00:00:01 ; elapsed = 00:00:00.377 . Memory (MB): peak = 3434.004 ; gain = 0.000
Phase 9.2 Verifying Netlist Connectivity | Checksum: 1b3b34666

Time (s): cpu = 00:00:52 ; elapsed = 00:00:49 . Memory (MB): peak = 3434.004 ; gain = 12.195
Phase 9 Finalization | Checksum: 1b3b34666

Time (s): cpu = 00:00:52 ; elapsed = 00:00:49 . Memory (MB): peak = 3434.004 ; gain = 12.195
Opt_design Change Summary
=========================


-------------------------------------------------------------------------------------------------------------------------
|  Phase                        |  #Cells created  |  #Cells Removed  |  #Constrained objects preventing optimizations  |
-------------------------------------------------------------------------------------------------------------------------
|  Retarget                     |               0  |               8  |                                              0  |
|  Constant propagation         |               0  |               0  |                                              0  |
|  Sweep                        |               1  |               0  |                                              0  |
|  BUFG optimization            |               1  |               0  |                                              0  |
|  Shift Register Optimization  |               0  |               0  |                                              0  |
|  Post Processing Netlist      |               0  |               0  |                                              0  |
-------------------------------------------------------------------------------------------------------------------------


Ending Logic Optimization Task | Checksum: 1b3b34666

Time (s): cpu = 00:00:52 ; elapsed = 00:00:49 . Memory (MB): peak = 3434.004 ; gain = 12.195

Starting Power Optimization Task
INFO: [Pwropt 34-132] Skipping clock gating for clocks with a period < 2.00 ns.
INFO: [Pwropt 34-9] Applying IDT optimizations ...
INFO: [Pwropt 34-10] Applying ODC optimizations ...
INFO: [Timing 38-35] Done setting XDC timing constraints.
Running Vector-less Activity Propagation...

Finished Running Vector-less Activity Propagation


Starting PowerOpt Patch Enables Task
INFO: [Pwropt 34-162] WRITE_MODE attribute of 0 BRAM(s) out of a total of 1 has been updated to save power. Run report_power_opt to get a complete listing of the BRAMs updated.
INFO: [Pwropt 34-201] Structural ODC has moved 0 WE to EN ports
Number of BRAM Ports augmented: 0 newly gated: 0 Total Ports: 2
Ending PowerOpt Patch Enables Task | Checksum: 1b3b34666

Time (s): cpu = 00:00:00 ; elapsed = 00:00:00.525 . Memory (MB): peak = 3878.148 ; gain = 0.000
Ending Power Optimization Task | Checksum: 1b3b34666

Time (s): cpu = 00:00:51 ; elapsed = 00:00:33 . Memory (MB): peak = 3878.148 ; gain = 444.145

Starting Final Cleanup Task
Ending Final Cleanup Task | Checksum: 1b3b34666

Time (s): cpu = 00:00:00 ; elapsed = 00:00:00.014 . Memory (MB): peak = 3878.148 ; gain = 0.000
Netlist sorting complete. Time (s): cpu = 00:00:00 ; elapsed = 00:00:00.129 . Memory (MB): peak = 3878.148 ; gain = 0.000
INFO: [Common 17-83] Releasing license: Implementation
35 Infos, 1 Warnings, 0 Critical Warnings and 0 Errors encountered.
opt_design completed successfully
opt_design: Time (s): cpu = 00:02:06 ; elapsed = 00:01:41 . Memory (MB): peak = 3878.148 ; gain = 1532.949
INFO: [Vivado 12-24828] Executing command : report_drc -file TOP_drc_opted.rpt -pb TOP_drc_opted.pb -rpx TOP_drc_opted.rpx
Command: report_drc -file TOP_drc_opted.rpt -pb TOP_drc_opted.pb -rpx TOP_drc_opted.rpx
INFO: [IP_Flow 19-234] Refreshing IP repositories
INFO: [IP_Flow 19-1704] No user IP repositories specified
INFO: [IP_Flow 19-2313] Loaded Vivado IP repository 'C:/app/Vivado/2025.2/Vivado/data/ip'.
INFO: [DRC 23-27] Running DRC with 2 threads
INFO: [Vivado_Tcl 2-168] The results of DRC are in file C:/Documents/DoAnThietKeViMach/Project/Vivado/rv32i/rv32i.runs/impl_1/TOP_drc_opted.rpt.
report_drc completed successfully
report_drc: Time (s): cpu = 00:00:27 ; elapsed = 00:00:21 . Memory (MB): peak = 3878.148 ; gain = 0.000
generate_parallel_reports: Time (s): cpu = 00:00:27 ; elapsed = 00:00:21 . Memory (MB): peak = 3878.148 ; gain = 0.000
INFO: [Timing 38-480] Writing timing data to binary archive.
Write ShapeDB Complete: Time (s): cpu = 00:00:01 ; elapsed = 00:00:00.271 . Memory (MB): peak = 3878.148 ; gain = 0.000
INFO: [Common 17-1381] The checkpoint 'C:/Documents/DoAnThietKeViMach/Project/Vivado/rv32i/rv32i.runs/impl_1/TOP_opt.dcp' has been generated.
write_checkpoint: Time (s): cpu = 00:00:20 ; elapsed = 00:00:13 . Memory (MB): peak = 3878.148 ; gain = 0.000
Command: place_design
Attempting to get a license for feature 'Implementation' and/or device 'xczu7ev'
INFO: [Common 17-349] Got license for feature 'Implementation' and/or device 'xczu7ev'
INFO: [Common 17-83] Releasing license: Implementation
INFO: [DRC 23-27] Running DRC with 2 threads
INFO: [Vivado_Tcl 4-198] DRC finished with 0 Errors
INFO: [Vivado_Tcl 4-199] Please refer to the DRC report (report_drc) for more information.
INFO: [Timing 38-35] Done setting XDC timing constraints.
Running DRC as a precondition to command place_design
INFO: [DRC 23-27] Running DRC with 2 threads
INFO: [Vivado_Tcl 4-198] DRC finished with 0 Errors
INFO: [Vivado_Tcl 4-199] Please refer to the DRC report (report_drc) for more information.
INFO: [Place 30-611] Multithreading enabled for place_design using a maximum of 2 CPUs

Starting Placer Task

Phase 1 Placer Initialization

Phase 1.1 Placer Initialization Netlist Sorting
Netlist sorting complete. Time (s): cpu = 00:00:00 ; elapsed = 00:00:00.121 . Memory (MB): peak = 3878.148 ; gain = 0.000
Phase 1.1 Placer Initialization Netlist Sorting | Checksum: 15f66ed84

Time (s): cpu = 00:00:00 ; elapsed = 00:00:00.170 . Memory (MB): peak = 3878.148 ; gain = 0.000
Netlist sorting complete. Time (s): cpu = 00:00:00 ; elapsed = 00:00:00.122 . Memory (MB): peak = 3878.148 ; gain = 0.000

Phase 1.2 IO Placement/ Clock Placement/ Build Placer Device
Phase 1.2 IO Placement/ Clock Placement/ Build Placer Device | Checksum: 250e59c01

Time (s): cpu = 00:00:33 ; elapsed = 00:00:29 . Memory (MB): peak = 4175.227 ; gain = 297.078

Phase 1.3 Build Placer Netlist Model
Phase 1.3 Build Placer Netlist Model | Checksum: 3470f381b

Time (s): cpu = 00:01:48 ; elapsed = 00:01:24 . Memory (MB): peak = 4587.422 ; gain = 709.273

Phase 1.4 Constrain Clocks/Macros
Phase 1.4 Constrain Clocks/Macros | Checksum: 3470f381b

Time (s): cpu = 00:01:48 ; elapsed = 00:01:25 . Memory (MB): peak = 4587.422 ; gain = 709.273
Phase 1 Placer Initialization | Checksum: 3470f381b

Time (s): cpu = 00:01:48 ; elapsed = 00:01:25 . Memory (MB): peak = 4587.422 ; gain = 709.273

Phase 2 Global Placement

Phase 2.1 Floorplanning

Phase 2.1.1 Partition Driven Placement

Phase 2.1.1.1 PBP: Partition Driven Placement
Phase 2.1.1.1 PBP: Partition Driven Placement | Checksum: 27b3d935c

Time (s): cpu = 00:04:30 ; elapsed = 00:03:10 . Memory (MB): peak = 4680.953 ; gain = 802.805

Phase 2.1.1.2 PBP: Clock Region Placement
INFO: [Place 30-3162] Check ILP status : ILP-based clock placer completed successfully.
Phase 2.1.1.2 PBP: Clock Region Placement | Checksum: 2639df00a

Time (s): cpu = 00:04:39 ; elapsed = 00:03:19 . Memory (MB): peak = 4680.953 ; gain = 802.805

Phase 2.1.1.3 PBP: Compute Congestion
Phase 2.1.1.3 PBP: Compute Congestion | Checksum: 2639df00a

Time (s): cpu = 00:05:13 ; elapsed = 00:03:37 . Memory (MB): peak = 4765.484 ; gain = 887.336

Phase 2.1.1.4 PBP: UpdateTiming
Phase 2.1.1.4 PBP: UpdateTiming | Checksum: 33e6200ce

Time (s): cpu = 00:05:30 ; elapsed = 00:03:48 . Memory (MB): peak = 4832.762 ; gain = 954.613

Phase 2.1.1.5 PBP: Add part constraints
Phase 2.1.1.5 PBP: Add part constraints | Checksum: 33e6200ce

Time (s): cpu = 00:05:30 ; elapsed = 00:03:48 . Memory (MB): peak = 4832.762 ; gain = 954.613
Phase 2.1.1 Partition Driven Placement | Checksum: 33e6200ce

Time (s): cpu = 00:05:30 ; elapsed = 00:03:48 . Memory (MB): peak = 4832.762 ; gain = 954.613
Phase 2.1 Floorplanning | Checksum: 26f7fca8a

Time (s): cpu = 00:05:30 ; elapsed = 00:03:48 . Memory (MB): peak = 4832.762 ; gain = 954.613

Phase 2.2 Update Timing before SLR Path Opt
Phase 2.2 Update Timing before SLR Path Opt | Checksum: 26f7fca8a

Time (s): cpu = 00:05:30 ; elapsed = 00:03:48 . Memory (MB): peak = 4832.762 ; gain = 954.613

Phase 2.3 Post-Processing in Floorplanning
Phase 2.3 Post-Processing in Floorplanning | Checksum: 26f7fca8a

Time (s): cpu = 00:05:31 ; elapsed = 00:03:49 . Memory (MB): peak = 4832.762 ; gain = 954.613

Phase 2.4 Global Place Phase1
Phase 2.4 Global Place Phase1 | Checksum: 28dcd2e2a

Time (s): cpu = 00:14:30 ; elapsed = 00:09:14 . Memory (MB): peak = 5667.793 ; gain = 1789.645

Phase 2.5 Global Place Phase2

Phase 2.5.1 UpdateTiming Before Physical Synthesis
Phase 2.5.1 UpdateTiming Before Physical Synthesis | Checksum: 1a840cb51

Time (s): cpu = 00:15:00 ; elapsed = 00:09:34 . Memory (MB): peak = 5667.793 ; gain = 1789.645

Phase 2.5.2 Physical Synthesis In Placer
INFO: [Physopt 32-1035] Found 0 LUTNM shape to break, 358 LUT instances to create LUTNM shape
INFO: [Physopt 32-1044] Break lutnm for timing: one critical 0, two critical 0, total 0, new lutff created 0
INFO: [Physopt 32-1138] End 1 Pass. Optimized 156 nets or LUTs. Breaked 0 LUT, combined 156 existing LUTs and moved 0 existing LUT
INFO: [Physopt 32-670] No setup violation found.  Equivalent Driver Rewiring was not performed.
INFO: [Physopt 32-1408] Pass 1. Identified 3 candidate nets for high-fanout optimization.
INFO: [Physopt 32-81] Processed net axi_master/lsu/Q[2]. Replicated 10 times.
INFO: [Physopt 32-81] Processed net axi_master/lsu/s_axi_awaddr[1][4]. Replicated 10 times.
INFO: [Physopt 32-81] Processed net axi_master/lsu/Q[3]. Replicated 8 times.
INFO: [Physopt 32-232] Optimized 3 nets. Created 28 new instances.
INFO: [Physopt 32-775] End 1 Pass. Optimized 3 nets or cells. Created 28 new cells, deleted 0 existing cell and moved 0 existing cell
Netlist sorting complete. Time (s): cpu = 00:00:00 ; elapsed = 00:00:00.497 . Memory (MB): peak = 5667.793 ; gain = 0.000
INFO: [Physopt 32-670] No setup violation found.  DSP Register Optimization was not performed.
INFO: [Physopt 32-670] No setup violation found.  Shift Register to Pipeline Optimization was not performed.
INFO: [Physopt 32-670] No setup violation found.  Shift Register Optimization was not performed.
INFO: [Physopt 32-670] No setup violation found.  BRAM Register Optimization was not performed.
INFO: [Physopt 32-670] No setup violation found.  URAM Register Optimization was not performed.
INFO: [Physopt 32-949] No candidate nets found for dynamic/static region interface net replication
INFO: [Physopt 32-775] End 1 Pass. Optimized 0 net or cell. Created 0 new cell, deleted 0 existing cell and moved 0 existing cell
Netlist sorting complete. Time (s): cpu = 00:00:01 ; elapsed = 00:00:00.143 . Memory (MB): peak = 5667.793 ; gain = 0.000

Summary of Physical Synthesis Optimizations
============================================


-----------------------------------------------------------------------------------------------------------------------------------------------------------
|  Optimization                                     |  Added Cells  |  Removed Cells  |  Optimized Cells/Nets  |  Dont Touch  |  Iterations  |  Elapsed   |
-----------------------------------------------------------------------------------------------------------------------------------------------------------
|  LUT Combining                                    |            0  |            156  |                   156  |           0  |           1  |  00:00:04  |
|  Retime                                           |            0  |              0  |                     0  |           0  |           1  |  00:00:00  |
|  Equivalent Driver Rewiring                       |            0  |              0  |                     0  |           0  |           0  |  00:00:00  |
|  Very High Fanout                                 |           28  |              0  |                     3  |           0  |           1  |  00:00:08  |
|  DSP Register                                     |            0  |              0  |                     0  |           0  |           0  |  00:00:00  |
|  Shift Register to Pipeline                       |            0  |              0  |                     0  |           0  |           0  |  00:00:00  |
|  Shift Register                                   |            0  |              0  |                     0  |           0  |           0  |  00:00:00  |
|  BRAM Register                                    |            0  |              0  |                     0  |           0  |           0  |  00:00:00  |
|  URAM Register                                    |            0  |              0  |                     0  |           0  |           0  |  00:00:00  |
|  Dynamic/Static Region Interface Net Replication  |            0  |              0  |                     0  |           0  |           1  |  00:00:00  |
|  Total                                            |           28  |            156  |                   159  |           0  |           4  |  00:00:12  |
-----------------------------------------------------------------------------------------------------------------------------------------------------------


Phase 2.5.2 Physical Synthesis In Placer | Checksum: 2702a3bcd

Time (s): cpu = 00:15:33 ; elapsed = 00:10:01 . Memory (MB): peak = 5667.793 ; gain = 1789.645
Phase 2.5 Global Place Phase2 | Checksum: 24cc18529

Time (s): cpu = 00:17:06 ; elapsed = 00:10:55 . Memory (MB): peak = 5667.793 ; gain = 1789.645
Phase 2 Global Placement | Checksum: 24cc18529

Time (s): cpu = 00:17:06 ; elapsed = 00:10:55 . Memory (MB): peak = 5667.793 ; gain = 1789.645

Phase 3 Detail Placement

Phase 3.1 Commit Multi Column Macros
Phase 3.1 Commit Multi Column Macros | Checksum: 2a0c64e36

Time (s): cpu = 00:17:59 ; elapsed = 00:11:26 . Memory (MB): peak = 5667.793 ; gain = 1789.645

Phase 3.2 Commit Most Macros & LUTRAMs
Phase 3.2 Commit Most Macros & LUTRAMs | Checksum: 2c0537e75

Time (s): cpu = 00:18:12 ; elapsed = 00:11:35 . Memory (MB): peak = 5667.793 ; gain = 1789.645

Phase 3.3 Small Shape DP

Phase 3.3.1 Small Shape Clustering
Phase 3.3.1 Small Shape Clustering | Checksum: 2c27b5405

Time (s): cpu = 00:19:32 ; elapsed = 00:12:21 . Memory (MB): peak = 5667.793 ; gain = 1789.645

Phase 3.3.2 Slice Area Swap

Phase 3.3.2.1 Slice Area Swap Initial
Phase 3.3.2.1 Slice Area Swap Initial | Checksum: 24a226b70

Time (s): cpu = 00:20:42 ; elapsed = 00:13:22 . Memory (MB): peak = 5667.793 ; gain = 1789.645
Phase 3.3.2 Slice Area Swap | Checksum: 24a226b70

Time (s): cpu = 00:20:44 ; elapsed = 00:13:24 . Memory (MB): peak = 5667.793 ; gain = 1789.645
Phase 3.3 Small Shape DP | Checksum: 339baadaa

Time (s): cpu = 00:23:29 ; elapsed = 00:14:52 . Memory (MB): peak = 5667.793 ; gain = 1789.645

Phase 3.4 Re-assign LUT pins
Phase 3.4 Re-assign LUT pins | Checksum: 34741b02f

Time (s): cpu = 00:23:50 ; elapsed = 00:15:13 . Memory (MB): peak = 5667.793 ; gain = 1789.645

Phase 3.5 Pipeline Register Optimization
Phase 3.5 Pipeline Register Optimization | Checksum: 33a023125

Time (s): cpu = 00:23:52 ; elapsed = 00:15:14 . Memory (MB): peak = 5667.793 ; gain = 1789.645
Phase 3 Detail Placement | Checksum: 33a023125

Time (s): cpu = 00:23:53 ; elapsed = 00:15:15 . Memory (MB): peak = 5667.793 ; gain = 1789.645

Phase 4 Post Placement Optimization and Clean-Up

Phase 4.1 Post Commit Optimization
INFO: [Timing 38-35] Done setting XDC timing constraints.

Phase 4.1.1 Post Placement Optimization
Post Placement Optimization Initialization | Checksum: 21d52aa79

Phase 4.1.1.1 BUFG Insertion

Starting Physical Synthesis Task

Phase 1 Physical Synthesis Initialization
INFO: [Physopt 32-721] Multithreading enabled for phys_opt_design using a maximum of 2 CPUs
INFO: [Physopt 32-619] Estimated Timing Summary | WNS=2.241 | TNS=0.000 |
Phase 1 Physical Synthesis Initialization | Checksum: abe048c2

Time (s): cpu = 00:00:07 ; elapsed = 00:00:04 . Memory (MB): peak = 5667.793 ; gain = 0.000
INFO: [Place 46-35] Processed net axi_master/lsu/addr_reg[31]_i_1_n_0, inserted BUFG to drive 2408 loads.
INFO: [Place 46-56] BUFG insertion identified 1 candidate nets. Inserted BUFG: 1, Replicated BUFG Driver: 0, Skipped due to Placement/Routing Conflicts: 0, Skipped due to Timing Degradation: 0, Skipped due to netlist editing failed: 0.
Ending Physical Synthesis Task | Checksum: 256cfc582

Time (s): cpu = 00:00:12 ; elapsed = 00:00:08 . Memory (MB): peak = 5667.793 ; gain = 0.000
Phase 4.1.1.1 BUFG Insertion | Checksum: 267edcf06

Time (s): cpu = 00:26:12 ; elapsed = 00:16:55 . Memory (MB): peak = 5667.793 ; gain = 1789.645

Phase 4.1.1.2 Post Placement Timing Optimization
INFO: [Place 30-746] Post Placement Timing Summary WNS=2.241. For the most accurate timing information please run report_timing.
Phase 4.1.1.2 Post Placement Timing Optimization | Checksum: 29a3e2e9b

Time (s): cpu = 00:26:14 ; elapsed = 00:16:57 . Memory (MB): peak = 5667.793 ; gain = 1789.645

Time (s): cpu = 00:26:14 ; elapsed = 00:16:57 . Memory (MB): peak = 5667.793 ; gain = 1789.645
Phase 4.1 Post Commit Optimization | Checksum: 29a3e2e9b

Time (s): cpu = 00:26:15 ; elapsed = 00:16:57 . Memory (MB): peak = 5667.793 ; gain = 1789.645
Netlist sorting complete. Time (s): cpu = 00:00:01 ; elapsed = 00:00:00.269 . Memory (MB): peak = 5667.793 ; gain = 0.000
