Copyright 1986-2022 Xilinx, Inc. All Rights Reserved. Copyright 2022-2025 Advanced Micro Devices, Inc. All Rights Reserved.
---------------------------------------------------------------------------------------------------------------------------------------------
| Tool Version : Vivado v.2025.2 (win64) Build 6299465 Fri Nov 14 19:35:11 GMT 2025
| Date         : Mon May 18 14:41:49 2026
| Host         : VinhKhang running 64-bit major release  (build 9200)
| Command      : report_utilization -file TOP_utilization_placed.rpt -pb TOP_utilization_placed.pb
| Design       : TOP
| Device       : xczu7ev-ffvc1156-2-e
| Speed File   : -2
| Design State : Fully Placed
---------------------------------------------------------------------------------------------------------------------------------------------

Utilization Design Information

Table of Contents
-----------------
1. CLB Logic
1.1 Summary of Registers by Type
2. CLB Logic Distribution
3. BLOCKRAM
4. ARITHMETIC
5. I/O
6. CLOCK
7. ADVANCED
8. CONFIGURATION
9. Primitives
10. Black Boxes
11. Instantiated Netlists

1. CLB Logic
------------

+-------------------------+--------+-------+------------+-----------+-------+
|        Site Type        |  Used  | Fixed | Prohibited | Available | Util% |
+-------------------------+--------+-------+------------+-----------+-------+
| CLB LUTs                |  58184 |     0 |          0 |    230400 | 25.25 |
|   LUT as Logic          |  58184 |     0 |          0 |    230400 | 25.25 |
|   LUT as Memory         |      0 |     0 |          0 |    101760 |  0.00 |
| CLB Registers           | 135586 |     0 |          0 |    460800 | 29.42 |
|   Register as Flip Flop | 135586 |     0 |          0 |    460800 | 29.42 |
|   Register as Latch     |      0 |     0 |          0 |    460800 |  0.00 |
| CARRY8                  |     48 |     0 |          0 |     28800 |  0.17 |
| F7 Muxes                |  17760 |     0 |          0 |    115200 | 15.42 |
| F8 Muxes                |   8864 |     0 |          0 |     57600 | 15.39 |
| F9 Muxes                |      0 |     0 |          0 |     28800 |  0.00 |
| Unique Control Sets     |  16454 |       |          0 |     57600 | 28.57 |
+-------------------------+--------+-------+------------+-----------+-------+
* Warning! LUT value is adjusted to account for LUT combining.
** Note: Available Control Sets calculated as Slices * 2, Review the Control Sets Report for more information regarding control sets.


1.1 Summary of Registers by Type
--------------------------------

+--------+--------------+-------------+--------------+
|  Total | Clock Enable | Synchronous | Asynchronous |
+--------+--------------+-------------+--------------+
| 0      |            _ |           - |            - |
| 0      |            _ |           - |          Set |
| 0      |            _ |           - |        Reset |
| 0      |            _ |         Set |            - |
| 0      |            _ |       Reset |            - |
| 0      |          Yes |           - |            - |
| 19     |          Yes |           - |          Set |
| 135345 |          Yes |           - |        Reset |
| 0      |          Yes |         Set |            - |
| 222    |          Yes |       Reset |            - |
+--------+--------------+-------------+--------------+


2. CLB Logic Distribution
-------------------------

+--------------------------------------------+--------+-------+------------+-----------+-------+
|                  Site Type                 |  Used  | Fixed | Prohibited | Available | Util% |
+--------------------------------------------+--------+-------+------------+-----------+-------+
| CLB                                        |  22864 |     0 |          0 |     28800 | 79.39 |
|   CLBL                                     |  12980 |     0 |            |           |       |
|   CLBM                                     |   9884 |     0 |            |           |       |
| LUT as Logic                               |  58184 |     0 |          0 |    230400 | 25.25 |
|   using O5 output only                     |     22 |       |            |           |       |
|   using O6 output only                     |  56573 |       |            |           |       |
|   using O5 and O6                          |   1589 |       |            |           |       |
| LUT as Memory                              |      0 |     0 |          0 |    101760 |  0.00 |
|   LUT as Distributed RAM                   |      0 |     0 |            |           |       |
|     using O5 output only                   |      0 |       |            |           |       |
|     using O6 output only                   |      0 |       |            |           |       |
|     using O5 and O6                        |      0 |       |            |           |       |
|   LUT as Shift Register                    |      0 |     0 |            |           |       |
|     using O5 output only                   |      0 |       |            |           |       |
|     using O6 output only                   |      0 |       |            |           |       |
|     using O5 and O6                        |      0 |       |            |           |       |
| CLB Registers                              | 135586 |     0 |          0 |    460800 | 29.42 |
|   Register driven from within the CLB      |   3115 |       |            |           |       |
|   Register driven from outside the CLB     | 132471 |       |            |           |       |
|     LUT in front of the register is unused |  83441 |       |            |           |       |
|     LUT in front of the register is used   |  49030 |       |            |           |       |
+--------------------------------------------+--------+-------+------------+-----------+-------+


3. BLOCKRAM
-----------

+-------------------+------+-------+------------+-----------+-------+
|     Site Type     | Used | Fixed | Prohibited | Available | Util% |
+-------------------+------+-------+------------+-----------+-------+
| Block RAM Tile    |  0.5 |     0 |          0 |       312 |  0.16 |
|   RAMB36/FIFO*    |    0 |     0 |          0 |       312 |  0.00 |
|   RAMB18          |    1 |     0 |          0 |       624 |  0.16 |
|     RAMB18E2 only |    1 |       |            |           |       |
| URAM              |    0 |     0 |          0 |        96 |  0.00 |
+-------------------+------+-------+------------+-----------+-------+
* Note: Each Block RAM Tile only has one FIFO logic available and therefore can accommodate only one FIFO36E2 or one FIFO18E2. However, if a FIFO18E2 occupies a Block RAM Tile, that tile can still accommodate a RAMB18E2


4. ARITHMETIC
-------------

+-----------+------+-------+------------+-----------+-------+
| Site Type | Used | Fixed | Prohibited | Available | Util% |
+-----------+------+-------+------------+-----------+-------+
| DSPs      |    0 |     0 |          0 |      1728 |  0.00 |
+-----------+------+-------+------------+-----------+-------+


5. I/O
------

+------------------+------+-------+------------+-----------+-------+
|     Site Type    | Used | Fixed | Prohibited | Available | Util% |
+------------------+------+-------+------------+-----------+-------+
| Bonded IOB       |    8 |     0 |          0 |       360 |  2.22 |
|   HPIOB_M        |    0 |     0 |          0 |       144 |  0.00 |
|   HPIOB_S        |    0 |     0 |          0 |       144 |  0.00 |
|   HDIOB_M        |    5 |     0 |          0 |        24 | 20.83 |
|     INPUT        |    3 |       |            |           |       |
|     OUTPUT       |    2 |       |            |           |       |
|     BIDIR        |    0 |       |            |           |       |
|   HDIOB_S        |    3 |     0 |          0 |        24 | 12.50 |
|     INPUT        |    1 |       |            |           |       |
|     OUTPUT       |    2 |       |            |           |       |
|     BIDIR        |    0 |       |            |           |       |
|   HPIOB_SNGL     |    0 |     0 |          0 |        24 |  0.00 |
| HPIOBDIFFINBUF   |    0 |     0 |          0 |       192 |  0.00 |
| HPIOBDIFFOUTBUF  |    0 |     0 |          0 |       192 |  0.00 |
| HDIOBDIFFINBUF   |    0 |     0 |          0 |        48 |  0.00 |
| BITSLICE_CONTROL |    0 |     0 |          0 |        64 |  0.00 |
| BITSLICE_RX_TX   |    0 |     0 |          0 |      2496 |  0.00 |
| BITSLICE_TX      |    0 |     0 |          0 |        64 |  0.00 |
| RIU_OR           |    0 |     0 |          0 |        32 |  0.00 |
+------------------+------+-------+------------+-----------+-------+


6. CLOCK
--------

+------------+------+-------+------------+-----------+-------+
|  Site Type | Used | Fixed | Prohibited | Available | Util% |
+------------+------+-------+------------+-----------+-------+
| BUFGCE     |    3 |     0 |          0 |       208 |  1.44 |
| BUFGCE_DIV |    0 |     0 |          0 |        32 |  0.00 |
| BUFG_GT    |    0 |     0 |          0 |       144 |  0.00 |
| BUFG_PS    |    0 |     0 |          0 |        96 |  0.00 |
| BUFGCTRL*  |    0 |     0 |          0 |        64 |  0.00 |
| PLL        |    0 |     0 |          0 |        16 |  0.00 |
| MMCM       |    0 |     0 |          0 |         8 |  0.00 |
+------------+------+-------+------------+-----------+-------+
* Note: Each used BUFGCTRL counts as two GLOBAL CLOCK BUFFERs. This table does not include global clocking resources, only buffer cell usage. See the Clock Utilization Report (report_clock_utilization) for detailed accounting of global clocking resource availability.


7. ADVANCED
-----------

+-----------------+------+-------+------------+-----------+-------+
|    Site Type    | Used | Fixed | Prohibited | Available | Util% |
+-----------------+------+-------+------------+-----------+-------+
| GTHE4_CHANNEL   |    0 |     0 |          0 |        20 |  0.00 |
| GTHE4_COMMON    |    0 |     0 |          0 |         5 |  0.00 |
| OBUFDS_GTE4     |    0 |     0 |          0 |        10 |  0.00 |
| OBUFDS_GTE4_ADV |    0 |     0 |          0 |        10 |  0.00 |
| PCIE40E4        |    0 |     0 |          0 |         2 |  0.00 |
| PS8             |    0 |     0 |          0 |         1 |  0.00 |
| SYSMONE4        |    0 |     0 |          0 |         1 |  0.00 |
| VCU             |    0 |     0 |          0 |         1 |  0.00 |
+-----------------+------+-------+------------+-----------+-------+


8. CONFIGURATION
----------------

+-------------+------+-------+------------+-----------+-------+
|  Site Type  | Used | Fixed | Prohibited | Available | Util% |
+-------------+------+-------+------------+-----------+-------+
| BSCANE2     |    0 |     0 |          0 |         4 |  0.00 |
| DNA_PORTE2  |    0 |     0 |          0 |         1 |  0.00 |
| EFUSE_USR   |    0 |     0 |          0 |         1 |  0.00 |
| FRAME_ECCE4 |    0 |     0 |          0 |         1 |  0.00 |
| ICAPE3      |    0 |     0 |          0 |         2 |  0.00 |
| MASTER_JTAG |    0 |     0 |          0 |         1 |  0.00 |
| STARTUPE3   |    0 |     0 |          0 |         1 |  0.00 |
+-------------+------+-------+------------+-----------+-------+


9. Primitives
-------------

+----------+--------+---------------------+
| Ref Name |  Used  | Functional Category |
+----------+--------+---------------------+
| FDCE     | 135345 |            Register |
| LUT6     |  53322 |                 CLB |
| MUXF7    |  17760 |                 CLB |
| MUXF8    |   8864 |                 CLB |
| LUT5     |   3847 |                 CLB |
| LUT2     |   1177 |                 CLB |
| LUT4     |    774 |                 CLB |
| LUT3     |    649 |                 CLB |
| FDRE     |    222 |            Register |
| CARRY8   |     48 |                 CLB |
| FDPE     |     19 |            Register |
| OBUF     |      4 |                 I/O |
| LUT1     |      4 |                 CLB |
| INBUF    |      4 |                 I/O |
| IBUFCTRL |      4 |              Others |
| BUFGCE   |      3 |               Clock |
| RAMB18E2 |      1 |            BLOCKRAM |
+----------+--------+---------------------+


10. Black Boxes
---------------

+----------+------+
| Ref Name | Used |
+----------+------+


11. Instantiated Netlists
-------------------------

+----------+------+
| Ref Name | Used |
+----------+------+


