--- [SIM ONLY] asm_test ---
MODE = CPU_MASTER
UVM_TESTNAME = cpu_test
Reading C:/app/QuestaSim/tcl/vsim/pref.tcl 

# 10.2c

# vsim +UVM_TESTNAME=cpu_test +CPU_MASTER +MEM_SEED=95741101 +CPU_INSTR_COUNT=84 -coverage -do {run -all; quit} -c -sv_seed 95741101 vopt_top 
# //  Questa Sim-64
# //  Version 10.2c Unknown Platform Jul 19 2013
# //
# //  Copyright 1991-2013 Mentor Graphics Corporation
# //  All Rights Reserved.
# //
# //  THIS WORK CONTAINS TRADE SECRET AND PROPRIETARY INFORMATION
# //  WHICH IS THE PROPERTY OF MENTOR GRAPHICS CORPORATION OR ITS
# //  LICENSORS AND IS SUBJECT TO LICENSE TERMS.
# //
# Loading sv_std.std
# Loading mtiUvm.uvm_pkg
# Loading work.soc_pkg(fast)
# Loading work.top_tb(fast)
# Loading work.clk_rst_inf(fast)
# Loading work.soc_inf(fast)
# Loading work.cpu_monitor_inf(fast)
# Loading work.TOP(fast)
# Loading work.AXI_Master(fast)
# Loading work.CPU(fast)
# Loading work.pc_reg(fast)
# Loading work.IF_ID(fast)
# Loading work.ControlUnit(fast)
# Loading work.MainDecoder(fast)
# Loading work.ALUControl(fast)
# Loading work.RegFile(fast)
# Loading work.signExtend(fast)
# Loading work.ID_EX(fast)
# Loading work.ALU(fast)
# Loading work.EX_MEM(fast)
# Loading work.MEM_WB(fast)
# Loading work.HazardUnit(fast)
# Loading work.LSU(fast)
# Loading work.AXI4_Lite_Interconnect(fast)
# Loading work.IRAM(fast)
# Loading work.DRAM(fast)
# Loading work.Timer(fast)
# Loading work.UART(fast)
# Loading work.SPI(fast)
# Loading work.axi4_lite_sva(fast)
# Loading work.cpu_sva(fast)
# Loading mtiUvm.questa_uvm_pkg(fast)
# Loading C:/app/QuestaSim/uvm-1.1d\win64\uvm_dpi.dll
# run -all 
# ----------------------------------------------------------------
# UVM-1.1d
# (C) 2007-2013 Mentor Graphics Corporation
# (C) 2007-2013 Cadence Design Systems, Inc.
# (C) 2006-2013 Synopsys, Inc.
# (C) 2011-2013 Cypress Semiconductor Corp.
# ----------------------------------------------------------------
# 
#   ***********       IMPORTANT RELEASE NOTES         ************
# 
#   You are using a version of the UVM library that has been compiled
#   with `UVM_NO_DEPRECATED undefined.
#   See http://www.eda.org/svdb/view.php?id=3313 for more details.
# 
#   You are using a version of the UVM library that has been compiled
#   with `UVM_OBJECT_MUST_HAVE_CONSTRUCTOR undefined.
#   See http://www.eda.org/svdb/view.php?id=3770 for more details.
# 
#       (Specify +UVM_NO_RELNOTES to turn off this notice)
# 
# UVM_INFO verilog_src/questa_uvm_pkg-1.2/src/questa_uvm_pkg.sv(215) @ 0: reporter [Questa UVM] QUESTA_UVM-1.2.2
# UVM_INFO verilog_src/questa_uvm_pkg-1.2/src/questa_uvm_pkg.sv(217) @ 0: reporter [Questa UVM]  questa_uvm::init(+struct)
# [IRAM] Loading file: instr.mem
# [IRAM] mem[0] = 100100b7
# [IRAM] mem[1] = 00000013
# [IRAM] mem[2] = 00000013
# [IRAM] mem[3] = 07f00113
# [IRAM] mem[4] = 00000013
# [IRAM] mem[5] = 00000013
# [IRAM] mem[6] = 00208023
# [IRAM] mem[7] = 00000013
# [IRAM] mem[8] = 00000013
# [IRAM] mem[9] = 01200193
# [IRAM] mem[10] = 00000013
# [IRAM] mem[11] = 00000013
# [IRAM] mem[12] = 003080a3
# [IRAM] mem[13] = 00000013
# [IRAM] mem[14] = 00000013
# [IRAM] mem[15] = 03400213
# [IRAM] mem[16] = 00000013
# [IRAM] mem[17] = 00000013
# [IRAM] mem[18] = 00408123
# [IRAM] mem[19] = 00000013
# [IRAM] mem[20] = 00000013
# [IRAM] mem[21] = 05600293
# [IRAM] mem[22] = 00000013
# [IRAM] mem[23] = 00000013
# [IRAM] mem[24] = 005081a3
# [IRAM] mem[25] = 00000013
# [IRAM] mem[26] = 00000013
# [IRAM] mem[27] = 0000a303
# [IRAM] mem[28] = 00000013
# [IRAM] mem[29] = 00000013
# [IRAM] mem[30] = 563413b7
# [IRAM] mem[31] = 27f38393
# [IRAM] mem[32] = 00000013
# [IRAM] mem[33] = 00000013
# [IRAM] mem[34] = 0a731663
# [IRAM] mem[35] = fff00413
# [IRAM] mem[36] = 00000013
# [IRAM] mem[37] = 00000013
# [IRAM] mem[38] = 00808223
# [IRAM] mem[39] = 00000013
# [IRAM] mem[40] = 00000013
# [IRAM] mem[41] = 00408483
# [IRAM] mem[42] = 00000013
# [IRAM] mem[43] = 00000013
# [IRAM] mem[44] = 08849263
# [IRAM] mem[45] = 0040c503
# [IRAM] mem[46] = 00000013
# [IRAM] mem[47] = 00000013
# [IRAM] mem[48] = 0ff00593
# [IRAM] mem[49] = 00000013
# [IRAM] mem[50] = 00000013
# [IRAM] mem[51] = 06b51463
# [IRAM] mem[52] = f8000613
# [IRAM] mem[53] = 00000013
# [IRAM] mem[54] = 00000013
# [IRAM] mem[55] = 00c09423
# [IRAM] mem[56] = 00000013
# [IRAM] mem[57] = 00000013
# [IRAM] mem[58] = 00809683
# [IRAM] mem[59] = 00000013
# [IRAM] mem[60] = 00000013
# [IRAM] mem[61] = 04c69063
# [IRAM] mem[62] = 0080d703
# [IRAM] mem[63] = 00000013
# [IRAM] mem[64] = 00000013
# [IRAM] mem[65] = 000107b7
# [IRAM] mem[66] = f8078793
# [IRAM] mem[67] = 00000013
# [IRAM] mem[68] = 00000013
# [IRAM] mem[69] = 02f71063
# [IRAM] mem[70] = 10000f37
# [IRAM] mem[71] = 3f0f0f13
# [IRAM] mem[72] = 05a00f93
# [IRAM] mem[73] = 00000013
# [IRAM] mem[74] = 00000013
# [IRAM] mem[75] = 01ff2023
# [IRAM] mem[76] = 00000e63
# [IRAM] mem[77] = 10000f37
# [IRAM] mem[78] = 3f0f0f13
# [IRAM] mem[79] = 0a500f93
# [IRAM] mem[80] = 00000013
# [IRAM] mem[81] = 00000013
# [IRAM] mem[82] = 01ff2023
# [IRAM] mem[83] = 00000013
# [IRAM] mem[84] = 00000013
# [IRAM] mem[85] = 00000013
# [IRAM] mem[86] = 00000013
# [IRAM] mem[87] = 00000013
# [IRAM] mem[88] = 00000013
# [IRAM] mem[89] = 00000013
# [IRAM] mem[90] = 00000013
# [IRAM] mem[91] = 00000013
# [IRAM] mem[92] = 00000013
# [IRAM] mem[93] = 00000013
# [IRAM] mem[94] = 00000013
# [IRAM] mem[95] = 00000013
# [IRAM] mem[96] = 00000013
# [IRAM] mem[97] = 00000013
# [IRAM] mem[98] = 00000013
# [IRAM] mem[99] = 00000013
# [IRAM] mem[100] = 00000013
# [IRAM] mem[101] = 00000013
# [IRAM] mem[102] = 00000013
# [IRAM] mem[103] = 00000013
# [IRAM] mem[104] = 00000013
# [IRAM] mem[105] = 00000013
# [IRAM] mem[106] = 00000013
# [IRAM] mem[107] = 00000013
# [IRAM] mem[108] = 00000013
# [IRAM] mem[109] = 00000013
# [IRAM] mem[110] = 00000013
# [IRAM] mem[111] = 00000013
# [IRAM] mem[112] = 00000013
# [IRAM] mem[113] = 00000013
# [IRAM] mem[114] = 00000013
# [IRAM] mem[115] = 00000013
# [IRAM] mem[116] = 00000013
# [IRAM] mem[117] = 00000013
# [IRAM] mem[118] = 00000013
# [IRAM] mem[119] = 00000013
# [IRAM] mem[120] = 00000013
# [IRAM] mem[121] = 00000013
# [IRAM] mem[122] = 00000013
# [IRAM] mem[123] = 00000013
# [IRAM] mem[124] = 00000013
# [IRAM] mem[125] = 00000013
# [IRAM] mem[126] = 00000013
# [IRAM] mem[127] = 00000013
# [IRAM] mem[128] = 00000013
# [IRAM] mem[129] = 00000013
# [IRAM] mem[130] = 00000013
# [IRAM] mem[131] = 00000013
# [IRAM] mem[132] = 00000013
# [IRAM] mem[133] = 00000013
# [IRAM] mem[134] = 00000013
# [IRAM] mem[135] = 00000013
# [IRAM] mem[136] = 00000013
# [IRAM] mem[137] = 00000013
# [IRAM] mem[138] = 00000013
# [IRAM] mem[139] = 00000013
# [IRAM] mem[140] = 00000013
# [IRAM] mem[141] = 00000013
# [IRAM] mem[142] = 00000013
# [IRAM] mem[143] = 00000013
# [IRAM] mem[144] = 00000013
# [IRAM] mem[145] = 00000013
# [IRAM] mem[146] = 00000013
# [IRAM] mem[147] = 00000013
# [IRAM] mem[148] = 00000013
# [IRAM] mem[149] = 00000013
# [IRAM] mem[150] = 00000013
# [IRAM] mem[151] = 00000013
# [IRAM] mem[152] = 00000013
# [IRAM] mem[153] = 00000013
# [IRAM] mem[154] = 00000013
# [IRAM] mem[155] = 00000013
# [IRAM] mem[156] = 00000013
# [IRAM] mem[157] = 00000013
# [IRAM] mem[158] = 00000013
# [IRAM] mem[159] = 00000013
# [IRAM] mem[160] = 00000013
# [IRAM] mem[161] = 00000013
# [IRAM] mem[162] = 00000013
# [IRAM] mem[163] = 00000013
# [IRAM] mem[164] = 00000013
# [IRAM] mem[165] = 00000013
# [IRAM] mem[166] = 00000013
# [IRAM] mem[167] = 00000013
# [IRAM] mem[168] = 00000013
# [IRAM] mem[169] = 00000013
# [IRAM] mem[170] = 00000013
# [IRAM] mem[171] = 00000013
# [IRAM] mem[172] = 00000013
# [IRAM] mem[173] = 00000013
# [IRAM] mem[174] = 00000013
# [IRAM] mem[175] = 00000013
# [IRAM] mem[176] = 00000013
# [IRAM] mem[177] = 00000013
# [IRAM] mem[178] = 00000013
# [IRAM] mem[179] = 00000013
# [IRAM] mem[180] = 00000013
# [IRAM] mem[181] = 00000013
# [IRAM] mem[182] = 00000013
# [IRAM] mem[183] = 00000013
# [IRAM] mem[184] = 00000013
# [IRAM] mem[185] = 00000013
# [IRAM] mem[186] = 00000013
# [IRAM] mem[187] = 00000013
# [IRAM] mem[188] = 00000013
# [IRAM] mem[189] = 00000013
# [IRAM] mem[190] = 00000013
# [IRAM] mem[191] = 00000013
# [IRAM] mem[192] = 00000013
# [IRAM] mem[193] = 00000013
# [IRAM] mem[194] = 00000013
# [IRAM] mem[195] = 00000013
# [IRAM] mem[196] = 00000013
# [IRAM] mem[197] = 00000013
# [IRAM] mem[198] = 00000013
# [IRAM] mem[199] = 00000013
# [IRAM] mem[200] = 00000013
# [IRAM] mem[201] = 00000013
# [IRAM] mem[202] = 00000013
# [IRAM] mem[203] = 00000013
# [IRAM] mem[204] = 00000013
# [IRAM] mem[205] = 00000013
# [IRAM] mem[206] = 00000013
# [IRAM] mem[207] = 00000013
# [IRAM] mem[208] = 00000013
# [IRAM] mem[209] = 00000013
# [IRAM] mem[210] = 00000013
# [IRAM] mem[211] = 00000013
# [IRAM] mem[212] = 00000013
# [IRAM] mem[213] = 00000013
# [IRAM] mem[214] = 00000013
# [IRAM] mem[215] = 00000013
# [IRAM] mem[216] = 00000013
# [IRAM] mem[217] = 00000013
# [IRAM] mem[218] = 00000013
# [IRAM] mem[219] = 00000013
# [IRAM] mem[220] = 00000013
# [IRAM] mem[221] = 00000013
# [IRAM] mem[222] = 00000013
# [IRAM] mem[223] = 00000013
# [IRAM] mem[224] = 00000013
# [IRAM] mem[225] = 00000013
# [IRAM] mem[226] = 00000013
# [IRAM] mem[227] = 00000013
# [IRAM] mem[228] = 00000013
# [IRAM] mem[229] = 00000013
# [IRAM] mem[230] = 00000013
# [IRAM] mem[231] = 00000013
# [IRAM] mem[232] = 00000013
# [IRAM] mem[233] = 00000013
# [IRAM] mem[234] = 00000013
# [IRAM] mem[235] = 00000013
# [IRAM] mem[236] = 00000013
# [IRAM] mem[237] = 00000013
# [IRAM] mem[238] = 00000013
# [IRAM] mem[239] = 00000013
# [IRAM] mem[240] = 00000013
# [IRAM] mem[241] = 00000013
# [IRAM] mem[242] = 00000013
# [IRAM] mem[243] = 00000013
# [IRAM] mem[244] = 00000013
# [IRAM] mem[245] = 00000013
# [IRAM] mem[246] = 00000013
# [IRAM] mem[247] = 00000013
# [IRAM] mem[248] = 00000013
# [IRAM] mem[249] = 00000013
# [IRAM] mem[250] = 00000013
# [IRAM] mem[251] = 00000013
# [IRAM] mem[252] = 00000013
# [IRAM] mem[253] = 00000013
# [IRAM] mem[254] = 00000013
# [IRAM] mem[255] = 00000013
# [IRAM] Loaded 16384 instruction words
# [TB] Mode: CPU MASTER => CPU drives AXI, UVM observes
# UVM_INFO @ 0: reporter [RNTST] Running test cpu_test...
# UVM_INFO C:/Documents/DoAnThietKeViMach/Project/SoC/VERIFICATION/Scoreboard/cpu_scoreboard.sv(206) @ 0: uvm_test_top.env.scoreboard [SCB] Loaded expected registers from: expected.mem
# UVM_INFO C:/Documents/DoAnThietKeViMach/Project/SoC/VERIFICATION/Test/cpu_test.sv(55) @ 0: uvm_test_top [TEST] Program has 84 instructions, end PC = 00000150
# UVM_INFO C:/Documents/DoAnThietKeViMach/Project/SoC/VERIFICATION/Monitor/cpu_monitor.sv(201) @ 35000: uvm_test_top.env.agent.monitor [CPU_MON] === CPU Monitor started == watching pipeline ===
# UVM_INFO C:/Documents/DoAnThietKeViMach/Project/SoC/VERIFICATION/Monitor/cpu_monitor.sv(202) @ 35000: uvm_test_top.env.agent.monitor [CPU_MON] ============================================================
# UVM_INFO C:/Documents/DoAnThietKeViMach/Project/SoC/VERIFICATION/Test/cpu_test.sv(61) @ 55000: uvm_test_top [TEST] Reset released - CPU executing from IRAM
# UVM_INFO C:/Documents/DoAnThietKeViMach/Project/SoC/VERIFICATION/Monitor/cpu_monitor.sv(336) @ 55000: uvm_test_top.env.agent.monitor [AXI_RD] CPU <- IRAM  Addr=00000000 Data=100100b7 RRESP=00
# UVM_INFO C:/Documents/DoAnThietKeViMach/Project/SoC/VERIFICATION/Monitor/cpu_monitor.sv(336) @ 95000: uvm_test_top.env.agent.monitor [AXI_RD] CPU <- IRAM  Addr=00000004 Data=00000013 RRESP=00
# UVM_INFO C:/Documents/DoAnThietKeViMach/Project/SoC/VERIFICATION/Monitor/cpu_monitor.sv(230) @ 95000: uvm_test_top.env.agent.monitor [IF] PC=00000004  INSTR=00000013  [ADDI x0, x0, 0]            
# UVM_INFO C:/Documents/DoAnThietKeViMach/Project/SoC/VERIFICATION/Monitor/cpu_monitor.sv(336) @ 135000: uvm_test_top.env.agent.monitor [AXI_RD] CPU <- IRAM  Addr=00000008 Data=00000013 RRESP=00
# UVM_INFO C:/Documents/DoAnThietKeViMach/Project/SoC/VERIFICATION/Monitor/cpu_monitor.sv(230) @ 135000: uvm_test_top.env.agent.monitor [IF] PC=00000008  INSTR=00000013  [ADDI x0, x0, 0]            
# UVM_INFO C:/Documents/DoAnThietKeViMach/Project/SoC/VERIFICATION/Monitor/cpu_monitor.sv(336) @ 175000: uvm_test_top.env.agent.monitor [AXI_RD] CPU <- IRAM  Addr=0000000c Data=07f00113 RRESP=00
# UVM_INFO C:/Documents/DoAnThietKeViMach/Project/SoC/VERIFICATION/Monitor/cpu_monitor.sv(230) @ 175000: uvm_test_top.env.agent.monitor [IF] PC=0000000c  INSTR=07f00113  [ADDI x2, x0, 127]            
# UVM_INFO C:/Documents/DoAnThietKeViMach/Project/SoC/VERIFICATION/Monitor/cpu_monitor.sv(276) @ 185000: uvm_test_top.env.agent.monitor [WB] x01 <= 10010000  (PC~0000000c)
# UVM_INFO C:/Documents/DoAnThietKeViMach/Project/SoC/VERIFICATION/Monitor/cpu_monitor.sv(276) @ 195000: uvm_test_top.env.agent.monitor [WB] x01 <= 10010000  (PC~0000000c)
# UVM_INFO C:/Documents/DoAnThietKeViMach/Project/SoC/VERIFICATION/Monitor/cpu_monitor.sv(276) @ 205000: uvm_test_top.env.agent.monitor [WB] x01 <= 10010000  (PC~0000000c)
# UVM_INFO C:/Documents/DoAnThietKeViMach/Project/SoC/VERIFICATION/Monitor/cpu_monitor.sv(336) @ 215000: uvm_test_top.env.agent.monitor [AXI_RD] CPU <- IRAM  Addr=00000010 Data=00000013 RRESP=00
# UVM_INFO C:/Documents/DoAnThietKeViMach/Project/SoC/VERIFICATION/Monitor/cpu_monitor.sv(230) @ 215000: uvm_test_top.env.agent.monitor [IF] PC=00000010  INSTR=00000013  [ADDI x0, x0, 0]            
# UVM_INFO C:/Documents/DoAnThietKeViMach/Project/SoC/VERIFICATION/Monitor/cpu_monitor.sv(276) @ 215000: uvm_test_top.env.agent.monitor [WB] x01 <= 10010000  (PC~00000010)
# UVM_INFO C:/Documents/DoAnThietKeViMach/Project/SoC/VERIFICATION/Monitor/cpu_monitor.sv(336) @ 255000: uvm_test_top.env.agent.monitor [AXI_RD] CPU <- IRAM  Addr=00000014 Data=00000013 RRESP=00
# UVM_INFO C:/Documents/DoAnThietKeViMach/Project/SoC/VERIFICATION/Monitor/cpu_monitor.sv(230) @ 255000: uvm_test_top.env.agent.monitor [IF] PC=00000014  INSTR=00000013  [ADDI x0, x0, 0]            
# UVM_INFO C:/Documents/DoAnThietKeViMach/Project/SoC/VERIFICATION/Monitor/cpu_monitor.sv(336) @ 295000: uvm_test_top.env.agent.monitor [AXI_RD] CPU <- IRAM  Addr=00000018 Data=00208023 RRESP=00
# UVM_INFO C:/Documents/DoAnThietKeViMach/Project/SoC/VERIFICATION/Monitor/cpu_monitor.sv(230) @ 295000: uvm_test_top.env.agent.monitor [IF] PC=00000018  INSTR=00208023  [SW   x2, 2(x1)]            
# UVM_INFO C:/Documents/DoAnThietKeViMach/Project/SoC/VERIFICATION/Monitor/cpu_monitor.sv(276) @ 305000: uvm_test_top.env.agent.monitor [WB] x02 <= 0000007f  (PC~00000018)
# UVM_INFO C:/Documents/DoAnThietKeViMach/Project/SoC/VERIFICATION/Monitor/cpu_monitor.sv(276) @ 315000: uvm_test_top.env.agent.monitor [WB] x02 <= 0000007f  (PC~00000018)
# UVM_INFO C:/Documents/DoAnThietKeViMach/Project/SoC/VERIFICATION/Monitor/cpu_monitor.sv(276) @ 325000: uvm_test_top.env.agent.monitor [WB] x02 <= 0000007f  (PC~00000018)
# UVM_INFO C:/Documents/DoAnThietKeViMach/Project/SoC/VERIFICATION/Monitor/cpu_monitor.sv(336) @ 335000: uvm_test_top.env.agent.monitor [AXI_RD] CPU <- IRAM  Addr=0000001c Data=00000013 RRESP=00
# UVM_INFO C:/Documents/DoAnThietKeViMach/Project/SoC/VERIFICATION/Monitor/cpu_monitor.sv(230) @ 335000: uvm_test_top.env.agent.monitor [IF] PC=0000001c  INSTR=00000013  [ADDI x0, x0, 0]            
# UVM_INFO C:/Documents/DoAnThietKeViMach/Project/SoC/VERIFICATION/Monitor/cpu_monitor.sv(276) @ 335000: uvm_test_top.env.agent.monitor [WB] x02 <= 0000007f  (PC~0000001c)
# UVM_INFO C:/Documents/DoAnThietKeViMach/Project/SoC/VERIFICATION/Monitor/cpu_monitor.sv(336) @ 375000: uvm_test_top.env.agent.monitor [AXI_RD] CPU <- IRAM  Addr=00000020 Data=00000013 RRESP=00
# UVM_INFO C:/Documents/DoAnThietKeViMach/Project/SoC/VERIFICATION/Monitor/cpu_monitor.sv(230) @ 375000: uvm_test_top.env.agent.monitor [IF] PC=00000020  INSTR=00000013  [ADDI x0, x0, 0]            
# UVM_INFO C:/Documents/DoAnThietKeViMach/Project/SoC/VERIFICATION/Monitor/cpu_monitor.sv(251) @ 385000: uvm_test_top.env.agent.monitor [MEM] STORE Addr=10010000 Data=0000007f
# UVM_INFO C:/Documents/DoAnThietKeViMach/Project/SoC/VERIFICATION/Monitor/cpu_monitor.sv(251) @ 395000: uvm_test_top.env.agent.monitor [MEM] STORE Addr=10010000 Data=0000007f
# [DRAM WRITE] addr=10010000 data=0000007f
# UVM_INFO C:/Documents/DoAnThietKeViMach/Project/SoC/VERIFICATION/Monitor/cpu_monitor.sv(251) @ 405000: uvm_test_top.env.agent.monitor [MEM] STORE Addr=10010000 Data=0000007f
# UVM_INFO C:/Documents/DoAnThietKeViMach/Project/SoC/VERIFICATION/Monitor/cpu_monitor.sv(310) @ 415000: uvm_test_top.env.agent.monitor [AXI_WR] CPU -> DRAM  Addr=10010000 Data=0000007f Strb=0001 BRESP=00
# UVM_INFO C:/Documents/DoAnThietKeViMach/Project/SoC/VERIFICATION/Monitor/cpu_monitor.sv(251) @ 415000: uvm_test_top.env.agent.monitor [MEM] STORE Addr=10010000 Data=0000007f
# UVM_INFO C:/Documents/DoAnThietKeViMach/Project/SoC/VERIFICATION/Monitor/cpu_monitor.sv(251) @ 425000: uvm_test_top.env.agent.monitor [MEM] STORE Addr=10010000 Data=0000007f
# UVM_INFO C:/Documents/DoAnThietKeViMach/Project/SoC/VERIFICATION/Monitor/cpu_monitor.sv(251) @ 435000: uvm_test_top.env.agent.monitor [MEM] STORE Addr=10010000 Data=0000007f
# UVM_INFO C:/Documents/DoAnThietKeViMach/Project/SoC/VERIFICATION/Monitor/cpu_monitor.sv(251) @ 445000: uvm_test_top.env.agent.monitor [MEM] STORE Addr=10010000 Data=0000007f
# UVM_INFO C:/Documents/DoAnThietKeViMach/Project/SoC/VERIFICATION/Monitor/cpu_monitor.sv(336) @ 455000: uvm_test_top.env.agent.monitor [AXI_RD] CPU <- IRAM  Addr=00000024 Data=01200193 RRESP=00
# UVM_INFO C:/Documents/DoAnThietKeViMach/Project/SoC/VERIFICATION/Monitor/cpu_monitor.sv(230) @ 455000: uvm_test_top.env.agent.monitor [IF] PC=00000024  INSTR=01200193  [ADDI x3, x0, 18]            
# UVM_INFO C:/Documents/DoAnThietKeViMach/Project/SoC/VERIFICATION/Monitor/cpu_monitor.sv(251) @ 455000: uvm_test_top.env.agent.monitor [MEM] STORE Addr=10010000 Data=0000007f
# UVM_INFO C:/Documents/DoAnThietKeViMach/Project/SoC/VERIFICATION/Monitor/cpu_monitor.sv(336) @ 495000: uvm_test_top.env.agent.monitor [AXI_RD] CPU <- IRAM  Addr=00000028 Data=00000013 RRESP=00
# UVM_INFO C:/Documents/DoAnThietKeViMach/Project/SoC/VERIFICATION/Monitor/cpu_monitor.sv(230) @ 495000: uvm_test_top.env.agent.monitor [IF] PC=00000028  INSTR=00000013  [ADDI x0, x0, 0]            
# UVM_INFO C:/Documents/DoAnThietKeViMach/Project/SoC/VERIFICATION/Monitor/cpu_monitor.sv(336) @ 535000: uvm_test_top.env.agent.monitor [AXI_RD] CPU <- IRAM  Addr=0000002c Data=00000013 RRESP=00
# UVM_INFO C:/Documents/DoAnThietKeViMach/Project/SoC/VERIFICATION/Monitor/cpu_monitor.sv(230) @ 535000: uvm_test_top.env.agent.monitor [IF] PC=0000002c  INSTR=00000013  [ADDI x0, x0, 0]            
# UVM_INFO C:/Documents/DoAnThietKeViMach/Project/SoC/VERIFICATION/Monitor/cpu_monitor.sv(336) @ 575000: uvm_test_top.env.agent.monitor [AXI_RD] CPU <- IRAM  Addr=00000030 Data=003080a3 RRESP=00
# UVM_INFO C:/Documents/DoAnThietKeViMach/Project/SoC/VERIFICATION/Monitor/cpu_monitor.sv(230) @ 575000: uvm_test_top.env.agent.monitor [IF] PC=00000030  INSTR=003080a3  [SW   x3, 3(x1)]            
# UVM_INFO C:/Documents/DoAnThietKeViMach/Project/SoC/VERIFICATION/Monitor/cpu_monitor.sv(276) @ 585000: uvm_test_top.env.agent.monitor [WB] x03 <= 00000012  (PC~00000030)
# UVM_INFO C:/Documents/DoAnThietKeViMach/Project/SoC/VERIFICATION/Monitor/cpu_monitor.sv(276) @ 595000: uvm_test_top.env.agent.monitor [WB] x03 <= 00000012  (PC~00000030)
# UVM_INFO C:/Documents/DoAnThietKeViMach/Project/SoC/VERIFICATION/Monitor/cpu_monitor.sv(276) @ 605000: uvm_test_top.env.agent.monitor [WB] x03 <= 00000012  (PC~00000030)
# UVM_INFO C:/Documents/DoAnThietKeViMach/Project/SoC/VERIFICATION/Monitor/cpu_monitor.sv(336) @ 615000: uvm_test_top.env.agent.monitor [AXI_RD] CPU <- IRAM  Addr=00000034 Data=00000013 RRESP=00
# UVM_INFO C:/Documents/DoAnThietKeViMach/Project/SoC/VERIFICATION/Monitor/cpu_monitor.sv(230) @ 615000: uvm_test_top.env.agent.monitor [IF] PC=00000034  INSTR=00000013  [ADDI x0, x0, 0]            
# UVM_INFO C:/Documents/DoAnThietKeViMach/Project/SoC/VERIFICATION/Monitor/cpu_monitor.sv(276) @ 615000: uvm_test_top.env.agent.monitor [WB] x03 <= 00000012  (PC~00000034)
# UVM_INFO C:/Documents/DoAnThietKeViMach/Project/SoC/VERIFICATION/Monitor/cpu_monitor.sv(336) @ 655000: uvm_test_top.env.agent.monitor [AXI_RD] CPU <- IRAM  Addr=00000038 Data=00000013 RRESP=00
# UVM_INFO C:/Documents/DoAnThietKeViMach/Project/SoC/VERIFICATION/Monitor/cpu_monitor.sv(230) @ 655000: uvm_test_top.env.agent.monitor [IF] PC=00000038  INSTR=00000013  [ADDI x0, x0, 0]            
# UVM_INFO C:/Documents/DoAnThietKeViMach/Project/SoC/VERIFICATION/Monitor/cpu_monitor.sv(251) @ 665000: uvm_test_top.env.agent.monitor [MEM] STORE Addr=10010001 Data=00000012
# UVM_INFO C:/Documents/DoAnThietKeViMach/Project/SoC/VERIFICATION/Monitor/cpu_monitor.sv(251) @ 675000: uvm_test_top.env.agent.monitor [MEM] STORE Addr=10010001 Data=00000012
# [DRAM WRITE] addr=10010001 data=00001200
# UVM_INFO C:/Documents/DoAnThietKeViMach/Project/SoC/VERIFICATION/Monitor/cpu_monitor.sv(251) @ 685000: uvm_test_top.env.agent.monitor [MEM] STORE Addr=10010001 Data=00000012
# UVM_INFO C:/Documents/DoAnThietKeViMach/Project/SoC/VERIFICATION/Monitor/cpu_monitor.sv(310) @ 695000: uvm_test_top.env.agent.monitor [AXI_WR] CPU -> DRAM  Addr=10010001 Data=00001200 Strb=0010 BRESP=00
# UVM_INFO C:/Documents/DoAnThietKeViMach/Project/SoC/VERIFICATION/Monitor/cpu_monitor.sv(251) @ 695000: uvm_test_top.env.agent.monitor [MEM] STORE Addr=10010001 Data=00000012
# UVM_INFO C:/Documents/DoAnThietKeViMach/Project/SoC/VERIFICATION/Monitor/cpu_monitor.sv(251) @ 705000: uvm_test_top.env.agent.monitor [MEM] STORE Addr=10010001 Data=00000012
# UVM_INFO C:/Documents/DoAnThietKeViMach/Project/SoC/VERIFICATION/Monitor/cpu_monitor.sv(251) @ 715000: uvm_test_top.env.agent.monitor [MEM] STORE Addr=10010001 Data=00000012
# UVM_INFO C:/Documents/DoAnThietKeViMach/Project/SoC/VERIFICATION/Monitor/cpu_monitor.sv(251) @ 725000: uvm_test_top.env.agent.monitor [MEM] STORE Addr=10010001 Data=00000012
# UVM_INFO C:/Documents/DoAnThietKeViMach/Project/SoC/VERIFICATION/Monitor/cpu_monitor.sv(336) @ 735000: uvm_test_top.env.agent.monitor [AXI_RD] CPU <- IRAM  Addr=0000003c Data=03400213 RRESP=00
# UVM_INFO C:/Documents/DoAnThietKeViMach/Project/SoC/VERIFICATION/Monitor/cpu_monitor.sv(230) @ 735000: uvm_test_top.env.agent.monitor [IF] PC=0000003c  INSTR=03400213  [ADDI x4, x0, 52]            
# UVM_INFO C:/Documents/DoAnThietKeViMach/Project/SoC/VERIFICATION/Monitor/cpu_monitor.sv(251) @ 735000: uvm_test_top.env.agent.monitor [MEM] STORE Addr=10010001 Data=00000012
# UVM_INFO C:/Documents/DoAnThietKeViMach/Project/SoC/VERIFICATION/Monitor/cpu_monitor.sv(336) @ 775000: uvm_test_top.env.agent.monitor [AXI_RD] CPU <- IRAM  Addr=00000040 Data=00000013 RRESP=00
# UVM_INFO C:/Documents/DoAnThietKeViMach/Project/SoC/VERIFICATION/Monitor/cpu_monitor.sv(230) @ 775000: uvm_test_top.env.agent.monitor [IF] PC=00000040  INSTR=00000013  [ADDI x0, x0, 0]            
# UVM_INFO C:/Documents/DoAnThietKeViMach/Project/SoC/VERIFICATION/Monitor/cpu_monitor.sv(336) @ 815000: uvm_test_top.env.agent.monitor [AXI_RD] CPU <- IRAM  Addr=00000044 Data=00000013 RRESP=00
# UVM_INFO C:/Documents/DoAnThietKeViMach/Project/SoC/VERIFICATION/Monitor/cpu_monitor.sv(230) @ 815000: uvm_test_top.env.agent.monitor [IF] PC=00000044  INSTR=00000013  [ADDI x0, x0, 0]            
# UVM_INFO C:/Documents/DoAnThietKeViMach/Project/SoC/VERIFICATION/Monitor/cpu_monitor.sv(336) @ 855000: uvm_test_top.env.agent.monitor [AXI_RD] CPU <- IRAM  Addr=00000048 Data=00408123 RRESP=00
# UVM_INFO C:/Documents/DoAnThietKeViMach/Project/SoC/VERIFICATION/Monitor/cpu_monitor.sv(230) @ 855000: uvm_test_top.env.agent.monitor [IF] PC=00000048  INSTR=00408123  [SW   x4, 4(x1)]            
# UVM_INFO C:/Documents/DoAnThietKeViMach/Project/SoC/VERIFICATION/Monitor/cpu_monitor.sv(276) @ 865000: uvm_test_top.env.agent.monitor [WB] x04 <= 00000034  (PC~00000048)
# UVM_INFO C:/Documents/DoAnThietKeViMach/Project/SoC/VERIFICATION/Monitor/cpu_monitor.sv(276) @ 875000: uvm_test_top.env.agent.monitor [WB] x04 <= 00000034  (PC~00000048)
# UVM_INFO C:/Documents/DoAnThietKeViMach/Project/SoC/VERIFICATION/Monitor/cpu_monitor.sv(276) @ 885000: uvm_test_top.env.agent.monitor [WB] x04 <= 00000034  (PC~00000048)
# UVM_INFO C:/Documents/DoAnThietKeViMach/Project/SoC/VERIFICATION/Monitor/cpu_monitor.sv(336) @ 895000: uvm_test_top.env.agent.monitor [AXI_RD] CPU <- IRAM  Addr=0000004c Data=00000013 RRESP=00
# UVM_INFO C:/Documents/DoAnThietKeViMach/Project/SoC/VERIFICATION/Monitor/cpu_monitor.sv(230) @ 895000: uvm_test_top.env.agent.monitor [IF] PC=0000004c  INSTR=00000013  [ADDI x0, x0, 0]            
# UVM_INFO C:/Documents/DoAnThietKeViMach/Project/SoC/VERIFICATION/Monitor/cpu_monitor.sv(276) @ 895000: uvm_test_top.env.agent.monitor [WB] x04 <= 00000034  (PC~0000004c)
# UVM_INFO C:/Documents/DoAnThietKeViMach/Project/SoC/VERIFICATION/Monitor/cpu_monitor.sv(336) @ 935000: uvm_test_top.env.agent.monitor [AXI_RD] CPU <- IRAM  Addr=00000050 Data=00000013 RRESP=00
# UVM_INFO C:/Documents/DoAnThietKeViMach/Project/SoC/VERIFICATION/Monitor/cpu_monitor.sv(230) @ 935000: uvm_test_top.env.agent.monitor [IF] PC=00000050  INSTR=00000013  [ADDI x0, x0, 0]            
# UVM_INFO C:/Documents/DoAnThietKeViMach/Project/SoC/VERIFICATION/Monitor/cpu_monitor.sv(251) @ 945000: uvm_test_top.env.agent.monitor [MEM] STORE Addr=10010002 Data=00000034
# UVM_INFO C:/Documents/DoAnThietKeViMach/Project/SoC/VERIFICATION/Monitor/cpu_monitor.sv(251) @ 955000: uvm_test_top.env.agent.monitor [MEM] STORE Addr=10010002 Data=00000034
# [DRAM WRITE] addr=10010002 data=00340000
# UVM_INFO C:/Documents/DoAnThietKeViMach/Project/SoC/VERIFICATION/Monitor/cpu_monitor.sv(251) @ 965000: uvm_test_top.env.agent.monitor [MEM] STORE Addr=10010002 Data=00000034
# UVM_INFO C:/Documents/DoAnThietKeViMach/Project/SoC/VERIFICATION/Monitor/cpu_monitor.sv(310) @ 975000: uvm_test_top.env.agent.monitor [AXI_WR] CPU -> DRAM  Addr=10010002 Data=00340000 Strb=0100 BRESP=00
# UVM_INFO C:/Documents/DoAnThietKeViMach/Project/SoC/VERIFICATION/Monitor/cpu_monitor.sv(251) @ 975000: uvm_test_top.env.agent.monitor [MEM] STORE Addr=10010002 Data=00000034
# UVM_INFO C:/Documents/DoAnThietKeViMach/Project/SoC/VERIFICATION/Monitor/cpu_monitor.sv(251) @ 985000: uvm_test_top.env.agent.monitor [MEM] STORE Addr=10010002 Data=00000034
# UVM_INFO C:/Documents/DoAnThietKeViMach/Project/SoC/VERIFICATION/Monitor/cpu_monitor.sv(251) @ 995000: uvm_test_top.env.agent.monitor [MEM] STORE Addr=10010002 Data=00000034
# UVM_INFO C:/Documents/DoAnThietKeViMach/Project/SoC/VERIFICATION/Monitor/cpu_monitor.sv(251) @ 1005000: uvm_test_top.env.agent.monitor [MEM] STORE Addr=10010002 Data=00000034
# UVM_INFO C:/Documents/DoAnThietKeViMach/Project/SoC/VERIFICATION/Monitor/cpu_monitor.sv(336) @ 1015000: uvm_test_top.env.agent.monitor [AXI_RD] CPU <- IRAM  Addr=00000054 Data=05600293 RRESP=00
# UVM_INFO C:/Documents/DoAnThietKeViMach/Project/SoC/VERIFICATION/Monitor/cpu_monitor.sv(230) @ 1015000: uvm_test_top.env.agent.monitor [IF] PC=00000054  INSTR=05600293  [ADDI x5, x0, 86]            
# UVM_INFO C:/Documents/DoAnThietKeViMach/Project/SoC/VERIFICATION/Monitor/cpu_monitor.sv(251) @ 1015000: uvm_test_top.env.agent.monitor [MEM] STORE Addr=10010002 Data=00000034
# UVM_INFO C:/Documents/DoAnThietKeViMach/Project/SoC/VERIFICATION/Monitor/cpu_monitor.sv(336) @ 1055000: uvm_test_top.env.agent.monitor [AXI_RD] CPU <- IRAM  Addr=00000058 Data=00000013 RRESP=00
# UVM_INFO C:/Documents/DoAnThietKeViMach/Project/SoC/VERIFICATION/Monitor/cpu_monitor.sv(230) @ 1055000: uvm_test_top.env.agent.monitor [IF] PC=00000058  INSTR=00000013  [ADDI x0, x0, 0]            
# UVM_INFO C:/Documents/DoAnThietKeViMach/Project/SoC/VERIFICATION/Monitor/cpu_monitor.sv(336) @ 1095000: uvm_test_top.env.agent.monitor [AXI_RD] CPU <- IRAM  Addr=0000005c Data=00000013 RRESP=00
# UVM_INFO C:/Documents/DoAnThietKeViMach/Project/SoC/VERIFICATION/Monitor/cpu_monitor.sv(230) @ 1095000: uvm_test_top.env.agent.monitor [IF] PC=0000005c  INSTR=00000013  [ADDI x0, x0, 0]            
# UVM_INFO C:/Documents/DoAnThietKeViMach/Project/SoC/VERIFICATION/Monitor/cpu_monitor.sv(336) @ 1135000: uvm_test_top.env.agent.monitor [AXI_RD] CPU <- IRAM  Addr=00000060 Data=005081a3 RRESP=00
# UVM_INFO C:/Documents/DoAnThietKeViMach/Project/SoC/VERIFICATION/Monitor/cpu_monitor.sv(230) @ 1135000: uvm_test_top.env.agent.monitor [IF] PC=00000060  INSTR=005081a3  [SW   x5, 5(x1)]            
# UVM_INFO C:/Documents/DoAnThietKeViMach/Project/SoC/VERIFICATION/Monitor/cpu_monitor.sv(276) @ 1145000: uvm_test_top.env.agent.monitor [WB] x05 <= 00000056  (PC~00000060)
# UVM_INFO C:/Documents/DoAnThietKeViMach/Project/SoC/VERIFICATION/Monitor/cpu_monitor.sv(276) @ 1155000: uvm_test_top.env.agent.monitor [WB] x05 <= 00000056  (PC~00000060)
# UVM_INFO C:/Documents/DoAnThietKeViMach/Project/SoC/VERIFICATION/Monitor/cpu_monitor.sv(276) @ 1165000: uvm_test_top.env.agent.monitor [WB] x05 <= 00000056  (PC~00000060)
# UVM_INFO C:/Documents/DoAnThietKeViMach/Project/SoC/VERIFICATION/Monitor/cpu_monitor.sv(336) @ 1175000: uvm_test_top.env.agent.monitor [AXI_RD] CPU <- IRAM  Addr=00000064 Data=00000013 RRESP=00
# UVM_INFO C:/Documents/DoAnThietKeViMach/Project/SoC/VERIFICATION/Monitor/cpu_monitor.sv(230) @ 1175000: uvm_test_top.env.agent.monitor [IF] PC=00000064  INSTR=00000013  [ADDI x0, x0, 0]            
# UVM_INFO C:/Documents/DoAnThietKeViMach/Project/SoC/VERIFICATION/Monitor/cpu_monitor.sv(276) @ 1175000: uvm_test_top.env.agent.monitor [WB] x05 <= 00000056  (PC~00000064)
# UVM_INFO C:/Documents/DoAnThietKeViMach/Project/SoC/VERIFICATION/Monitor/cpu_monitor.sv(336) @ 1215000: uvm_test_top.env.agent.monitor [AXI_RD] CPU <- IRAM  Addr=00000068 Data=00000013 RRESP=00
# UVM_INFO C:/Documents/DoAnThietKeViMach/Project/SoC/VERIFICATION/Monitor/cpu_monitor.sv(230) @ 1215000: uvm_test_top.env.agent.monitor [IF] PC=00000068  INSTR=00000013  [ADDI x0, x0, 0]            
# UVM_INFO C:/Documents/DoAnThietKeViMach/Project/SoC/VERIFICATION/Monitor/cpu_monitor.sv(251) @ 1225000: uvm_test_top.env.agent.monitor [MEM] STORE Addr=10010003 Data=00000056
# UVM_INFO C:/Documents/DoAnThietKeViMach/Project/SoC/VERIFICATION/Monitor/cpu_monitor.sv(251) @ 1235000: uvm_test_top.env.agent.monitor [MEM] STORE Addr=10010003 Data=00000056
# [DRAM WRITE] addr=10010003 data=56000000
# UVM_INFO C:/Documents/DoAnThietKeViMach/Project/SoC/VERIFICATION/Monitor/cpu_monitor.sv(251) @ 1245000: uvm_test_top.env.agent.monitor [MEM] STORE Addr=10010003 Data=00000056
# UVM_INFO C:/Documents/DoAnThietKeViMach/Project/SoC/VERIFICATION/Monitor/cpu_monitor.sv(310) @ 1255000: uvm_test_top.env.agent.monitor [AXI_WR] CPU -> DRAM  Addr=10010003 Data=56000000 Strb=1000 BRESP=00
# UVM_INFO C:/Documents/DoAnThietKeViMach/Project/SoC/VERIFICATION/Monitor/cpu_monitor.sv(251) @ 1255000: uvm_test_top.env.agent.monitor [MEM] STORE Addr=10010003 Data=00000056
# UVM_INFO C:/Documents/DoAnThietKeViMach/Project/SoC/VERIFICATION/Monitor/cpu_monitor.sv(251) @ 1265000: uvm_test_top.env.agent.monitor [MEM] STORE Addr=10010003 Data=00000056
# UVM_INFO C:/Documents/DoAnThietKeViMach/Project/SoC/VERIFICATION/Monitor/cpu_monitor.sv(251) @ 1275000: uvm_test_top.env.agent.monitor [MEM] STORE Addr=10010003 Data=00000056
# UVM_INFO C:/Documents/DoAnThietKeViMach/Project/SoC/VERIFICATION/Monitor/cpu_monitor.sv(251) @ 1285000: uvm_test_top.env.agent.monitor [MEM] STORE Addr=10010003 Data=00000056
# UVM_INFO C:/Documents/DoAnThietKeViMach/Project/SoC/VERIFICATION/Monitor/cpu_monitor.sv(336) @ 1295000: uvm_test_top.env.agent.monitor [AXI_RD] CPU <- IRAM  Addr=0000006c Data=0000a303 RRESP=00
# UVM_INFO C:/Documents/DoAnThietKeViMach/Project/SoC/VERIFICATION/Monitor/cpu_monitor.sv(230) @ 1295000: uvm_test_top.env.agent.monitor [IF] PC=0000006c  INSTR=0000a303  [LW   x6, 0(x1)]            
# UVM_INFO C:/Documents/DoAnThietKeViMach/Project/SoC/VERIFICATION/Monitor/cpu_monitor.sv(251) @ 1295000: uvm_test_top.env.agent.monitor [MEM] STORE Addr=10010003 Data=00000056
# UVM_INFO C:/Documents/DoAnThietKeViMach/Project/SoC/VERIFICATION/Monitor/cpu_monitor.sv(336) @ 1335000: uvm_test_top.env.agent.monitor [AXI_RD] CPU <- IRAM  Addr=00000070 Data=00000013 RRESP=00
# UVM_INFO C:/Documents/DoAnThietKeViMach/Project/SoC/VERIFICATION/Monitor/cpu_monitor.sv(230) @ 1335000: uvm_test_top.env.agent.monitor [IF] PC=00000070  INSTR=00000013  [ADDI x0, x0, 0]            
# UVM_INFO C:/Documents/DoAnThietKeViMach/Project/SoC/VERIFICATION/Monitor/cpu_monitor.sv(336) @ 1375000: uvm_test_top.env.agent.monitor [AXI_RD] CPU <- IRAM  Addr=00000074 Data=00000013 RRESP=00
# UVM_INFO C:/Documents/DoAnThietKeViMach/Project/SoC/VERIFICATION/Monitor/cpu_monitor.sv(230) @ 1375000: uvm_test_top.env.agent.monitor [IF] PC=00000074  INSTR=00000013  [ADDI x0, x0, 0]            
# [DRAM READ] addr=10010000 data=5634127f
# UVM_INFO C:/Documents/DoAnThietKeViMach/Project/SoC/VERIFICATION/Monitor/cpu_monitor.sv(336) @ 1415000: uvm_test_top.env.agent.monitor [AXI_RD] CPU <- DRAM  Addr=10010000 Data=5634127f RRESP=00
# UVM_INFO C:/Documents/DoAnThietKeViMach/Project/SoC/VERIFICATION/Scoreboard/cpu_scoreboard.sv(157) @ 1415000: uvm_test_top.env.scoreboard [SCB_PASS] [DRAM] READ PASS Addr=10010000 Expected=5634127f Got=5634127f
# UVM_INFO C:/Documents/DoAnThietKeViMach/Project/SoC/VERIFICATION/Monitor/cpu_monitor.sv(336) @ 1455000: uvm_test_top.env.agent.monitor [AXI_RD] CPU <- IRAM  Addr=00000078 Data=563413b7 RRESP=00
# UVM_INFO C:/Documents/DoAnThietKeViMach/Project/SoC/VERIFICATION/Monitor/cpu_monitor.sv(230) @ 1455000: uvm_test_top.env.agent.monitor [IF] PC=00000078  INSTR=563413b7  [LUI  x7, 0x56341]            
# UVM_INFO C:/Documents/DoAnThietKeViMach/Project/SoC/VERIFICATION/Monitor/cpu_monitor.sv(276) @ 1465000: uvm_test_top.env.agent.monitor [WB] x06 <= 5634127f  (PC~00000078)
# UVM_INFO C:/Documents/DoAnThietKeViMach/Project/SoC/VERIFICATION/Monitor/cpu_monitor.sv(276) @ 1475000: uvm_test_top.env.agent.monitor [WB] x06 <= 5634127f  (PC~00000078)
# UVM_INFO C:/Documents/DoAnThietKeViMach/Project/SoC/VERIFICATION/Monitor/cpu_monitor.sv(276) @ 1485000: uvm_test_top.env.agent.monitor [WB] x06 <= 5634127f  (PC~00000078)
# UVM_INFO C:/Documents/DoAnThietKeViMach/Project/SoC/VERIFICATION/Monitor/cpu_monitor.sv(336) @ 1495000: uvm_test_top.env.agent.monitor [AXI_RD] CPU <- IRAM  Addr=0000007c Data=27f38393 RRESP=00
# UVM_INFO C:/Documents/DoAnThietKeViMach/Project/SoC/VERIFICATION/Monitor/cpu_monitor.sv(230) @ 1495000: uvm_test_top.env.agent.monitor [IF] PC=0000007c  INSTR=27f38393  [ADDI x7, x7, 639]            
# UVM_INFO C:/Documents/DoAnThietKeViMach/Project/SoC/VERIFICATION/Monitor/cpu_monitor.sv(276) @ 1495000: uvm_test_top.env.agent.monitor [WB] x06 <= 5634127f  (PC~0000007c)
# UVM_INFO C:/Documents/DoAnThietKeViMach/Project/SoC/VERIFICATION/Monitor/cpu_monitor.sv(336) @ 1535000: uvm_test_top.env.agent.monitor [AXI_RD] CPU <- IRAM  Addr=00000080 Data=00000013 RRESP=00
# UVM_INFO C:/Documents/DoAnThietKeViMach/Project/SoC/VERIFICATION/Monitor/cpu_monitor.sv(230) @ 1535000: uvm_test_top.env.agent.monitor [IF] PC=00000080  INSTR=00000013  [ADDI x0, x0, 0]            
# UVM_INFO C:/Documents/DoAnThietKeViMach/Project/SoC/VERIFICATION/Monitor/cpu_monitor.sv(336) @ 1575000: uvm_test_top.env.agent.monitor [AXI_RD] CPU <- IRAM  Addr=00000084 Data=00000013 RRESP=00
# UVM_INFO C:/Documents/DoAnThietKeViMach/Project/SoC/VERIFICATION/Monitor/cpu_monitor.sv(230) @ 1575000: uvm_test_top.env.agent.monitor [IF] PC=00000084  INSTR=00000013  [ADDI x0, x0, 0]            
# UVM_INFO C:/Documents/DoAnThietKeViMach/Project/SoC/VERIFICATION/Monitor/cpu_monitor.sv(276) @ 1585000: uvm_test_top.env.agent.monitor [WB] x07 <= 56341000  (PC~00000084)
# UVM_INFO C:/Documents/DoAnThietKeViMach/Project/SoC/VERIFICATION/Monitor/cpu_monitor.sv(276) @ 1595000: uvm_test_top.env.agent.monitor [WB] x07 <= 56341000  (PC~00000084)
# UVM_INFO C:/Documents/DoAnThietKeViMach/Project/SoC/VERIFICATION/Monitor/cpu_monitor.sv(276) @ 1605000: uvm_test_top.env.agent.monitor [WB] x07 <= 56341000  (PC~00000084)
# UVM_INFO C:/Documents/DoAnThietKeViMach/Project/SoC/VERIFICATION/Monitor/cpu_monitor.sv(336) @ 1615000: uvm_test_top.env.agent.monitor [AXI_RD] CPU <- IRAM  Addr=00000088 Data=0a731663 RRESP=00
# UVM_INFO C:/Documents/DoAnThietKeViMach/Project/SoC/VERIFICATION/Monitor/cpu_monitor.sv(230) @ 1615000: uvm_test_top.env.agent.monitor [IF] PC=00000088  INSTR=0a731663  [BNE  x6, x7, ...]            
# UVM_INFO C:/Documents/DoAnThietKeViMach/Project/SoC/VERIFICATION/Monitor/cpu_monitor.sv(276) @ 1615000: uvm_test_top.env.agent.monitor [WB] x07 <= 56341000  (PC~00000088)
# UVM_INFO C:/Documents/DoAnThietKeViMach/Project/SoC/VERIFICATION/Monitor/cpu_monitor.sv(276) @ 1625000: uvm_test_top.env.agent.monitor [WB] x07 <= 5634127f  (PC~00000088)
# UVM_INFO C:/Documents/DoAnThietKeViMach/Project/SoC/VERIFICATION/Monitor/cpu_monitor.sv(276) @ 1635000: uvm_test_top.env.agent.monitor [WB] x07 <= 5634127f  (PC~00000088)
# UVM_INFO C:/Documents/DoAnThietKeViMach/Project/SoC/VERIFICATION/Monitor/cpu_monitor.sv(276) @ 1645000: uvm_test_top.env.agent.monitor [WB] x07 <= 5634127f  (PC~00000088)
# UVM_INFO C:/Documents/DoAnThietKeViMach/Project/SoC/VERIFICATION/Monitor/cpu_monitor.sv(336) @ 1655000: uvm_test_top.env.agent.monitor [AXI_RD] CPU <- IRAM  Addr=0000008c Data=fff00413 RRESP=00
# UVM_INFO C:/Documents/DoAnThietKeViMach/Project/SoC/VERIFICATION/Monitor/cpu_monitor.sv(230) @ 1655000: uvm_test_top.env.agent.monitor [IF] PC=0000008c  INSTR=fff00413  [ADDI x8, x0, -1]            
# UVM_INFO C:/Documents/DoAnThietKeViMach/Project/SoC/VERIFICATION/Monitor/cpu_monitor.sv(276) @ 1655000: uvm_test_top.env.agent.monitor [WB] x07 <= 5634127f  (PC~0000008c)
# UVM_INFO C:/Documents/DoAnThietKeViMach/Project/SoC/VERIFICATION/Monitor/cpu_monitor.sv(336) @ 1695000: uvm_test_top.env.agent.monitor [AXI_RD] CPU <- IRAM  Addr=00000090 Data=00000013 RRESP=00
# UVM_INFO C:/Documents/DoAnThietKeViMach/Project/SoC/VERIFICATION/Monitor/cpu_monitor.sv(230) @ 1695000: uvm_test_top.env.agent.monitor [IF] PC=00000090  INSTR=00000013  [ADDI x0, x0, 0]            
# UVM_INFO C:/Documents/DoAnThietKeViMach/Project/SoC/VERIFICATION/Monitor/cpu_monitor.sv(336) @ 1735000: uvm_test_top.env.agent.monitor [AXI_RD] CPU <- IRAM  Addr=00000094 Data=00000013 RRESP=00
# UVM_INFO C:/Documents/DoAnThietKeViMach/Project/SoC/VERIFICATION/Monitor/cpu_monitor.sv(230) @ 1735000: uvm_test_top.env.agent.monitor [IF] PC=00000094  INSTR=00000013  [ADDI x0, x0, 0]            
# UVM_INFO C:/Documents/DoAnThietKeViMach/Project/SoC/VERIFICATION/Monitor/cpu_monitor.sv(336) @ 1775000: uvm_test_top.env.agent.monitor [AXI_RD] CPU <- IRAM  Addr=00000098 Data=00808223 RRESP=00
# UVM_INFO C:/Documents/DoAnThietKeViMach/Project/SoC/VERIFICATION/Monitor/cpu_monitor.sv(230) @ 1775000: uvm_test_top.env.agent.monitor [IF] PC=00000098  INSTR=00808223  [SW   x8, 8(x1)]            
# UVM_INFO C:/Documents/DoAnThietKeViMach/Project/SoC/VERIFICATION/Monitor/cpu_monitor.sv(276) @ 1785000: uvm_test_top.env.agent.monitor [WB] x08 <= ffffffff  (PC~00000098)
# UVM_INFO C:/Documents/DoAnThietKeViMach/Project/SoC/VERIFICATION/Monitor/cpu_monitor.sv(276) @ 1795000: uvm_test_top.env.agent.monitor [WB] x08 <= ffffffff  (PC~00000098)
# UVM_INFO C:/Documents/DoAnThietKeViMach/Project/SoC/VERIFICATION/Monitor/cpu_monitor.sv(276) @ 1805000: uvm_test_top.env.agent.monitor [WB] x08 <= ffffffff  (PC~00000098)
# UVM_INFO C:/Documents/DoAnThietKeViMach/Project/SoC/VERIFICATION/Monitor/cpu_monitor.sv(336) @ 1815000: uvm_test_top.env.agent.monitor [AXI_RD] CPU <- IRAM  Addr=0000009c Data=00000013 RRESP=00
# UVM_INFO C:/Documents/DoAnThietKeViMach/Project/SoC/VERIFICATION/Monitor/cpu_monitor.sv(230) @ 1815000: uvm_test_top.env.agent.monitor [IF] PC=0000009c  INSTR=00000013  [ADDI x0, x0, 0]            
# UVM_INFO C:/Documents/DoAnThietKeViMach/Project/SoC/VERIFICATION/Monitor/cpu_monitor.sv(276) @ 1815000: uvm_test_top.env.agent.monitor [WB] x08 <= ffffffff  (PC~0000009c)
# UVM_INFO C:/Documents/DoAnThietKeViMach/Project/SoC/VERIFICATION/Monitor/cpu_monitor.sv(336) @ 1855000: uvm_test_top.env.agent.monitor [AXI_RD] CPU <- IRAM  Addr=000000a0 Data=00000013 RRESP=00
# UVM_INFO C:/Documents/DoAnThietKeViMach/Project/SoC/VERIFICATION/Monitor/cpu_monitor.sv(230) @ 1855000: uvm_test_top.env.agent.monitor [IF] PC=000000a0  INSTR=00000013  [ADDI x0, x0, 0]            
# UVM_INFO C:/Documents/DoAnThietKeViMach/Project/SoC/VERIFICATION/Monitor/cpu_monitor.sv(251) @ 1865000: uvm_test_top.env.agent.monitor [MEM] STORE Addr=10010004 Data=ffffffff
# UVM_INFO C:/Documents/DoAnThietKeViMach/Project/SoC/VERIFICATION/Monitor/cpu_monitor.sv(251) @ 1875000: uvm_test_top.env.agent.monitor [MEM] STORE Addr=10010004 Data=ffffffff
# [DRAM WRITE] addr=10010004 data=000000ff
# UVM_INFO C:/Documents/DoAnThietKeViMach/Project/SoC/VERIFICATION/Monitor/cpu_monitor.sv(251) @ 1885000: uvm_test_top.env.agent.monitor [MEM] STORE Addr=10010004 Data=ffffffff
# UVM_INFO C:/Documents/DoAnThietKeViMach/Project/SoC/VERIFICATION/Monitor/cpu_monitor.sv(310) @ 1895000: uvm_test_top.env.agent.monitor [AXI_WR] CPU -> DRAM  Addr=10010004 Data=000000ff Strb=0001 BRESP=00
# UVM_INFO C:/Documents/DoAnThietKeViMach/Project/SoC/VERIFICATION/Monitor/cpu_monitor.sv(251) @ 1895000: uvm_test_top.env.agent.monitor [MEM] STORE Addr=10010004 Data=ffffffff
# UVM_INFO C:/Documents/DoAnThietKeViMach/Project/SoC/VERIFICATION/Monitor/cpu_monitor.sv(251) @ 1905000: uvm_test_top.env.agent.monitor [MEM] STORE Addr=10010004 Data=ffffffff
# UVM_INFO C:/Documents/DoAnThietKeViMach/Project/SoC/VERIFICATION/Monitor/cpu_monitor.sv(251) @ 1915000: uvm_test_top.env.agent.monitor [MEM] STORE Addr=10010004 Data=ffffffff
# UVM_INFO C:/Documents/DoAnThietKeViMach/Project/SoC/VERIFICATION/Monitor/cpu_monitor.sv(251) @ 1925000: uvm_test_top.env.agent.monitor [MEM] STORE Addr=10010004 Data=ffffffff
# UVM_INFO C:/Documents/DoAnThietKeViMach/Project/SoC/VERIFICATION/Monitor/cpu_monitor.sv(336) @ 1935000: uvm_test_top.env.agent.monitor [AXI_RD] CPU <- IRAM  Addr=000000a4 Data=00408483 RRESP=00
# UVM_INFO C:/Documents/DoAnThietKeViMach/Project/SoC/VERIFICATION/Monitor/cpu_monitor.sv(230) @ 1935000: uvm_test_top.env.agent.monitor [IF] PC=000000a4  INSTR=00408483  [LW   x9, 4(x1)]            
# UVM_INFO C:/Documents/DoAnThietKeViMach/Project/SoC/VERIFICATION/Monitor/cpu_monitor.sv(251) @ 1935000: uvm_test_top.env.agent.monitor [MEM] STORE Addr=10010004 Data=ffffffff
# UVM_INFO C:/Documents/DoAnThietKeViMach/Project/SoC/VERIFICATION/Monitor/cpu_monitor.sv(336) @ 1975000: uvm_test_top.env.agent.monitor [AXI_RD] CPU <- IRAM  Addr=000000a8 Data=00000013 RRESP=00
# UVM_INFO C:/Documents/DoAnThietKeViMach/Project/SoC/VERIFICATION/Monitor/cpu_monitor.sv(230) @ 1975000: uvm_test_top.env.agent.monitor [IF] PC=000000a8  INSTR=00000013  [ADDI x0, x0, 0]            
# UVM_INFO C:/Documents/DoAnThietKeViMach/Project/SoC/VERIFICATION/Monitor/cpu_monitor.sv(336) @ 2015000: uvm_test_top.env.agent.monitor [AXI_RD] CPU <- IRAM  Addr=000000ac Data=00000013 RRESP=00
# UVM_INFO C:/Documents/DoAnThietKeViMach/Project/SoC/VERIFICATION/Monitor/cpu_monitor.sv(230) @ 2015000: uvm_test_top.env.agent.monitor [IF] PC=000000ac  INSTR=00000013  [ADDI x0, x0, 0]            
# [DRAM READ] addr=10010004 data=000000ff
# UVM_INFO C:/Documents/DoAnThietKeViMach/Project/SoC/VERIFICATION/Monitor/cpu_monitor.sv(336) @ 2055000: uvm_test_top.env.agent.monitor [AXI_RD] CPU <- DRAM  Addr=10010004 Data=000000ff RRESP=00
# UVM_INFO C:/Documents/DoAnThietKeViMach/Project/SoC/VERIFICATION/Scoreboard/cpu_scoreboard.sv(157) @ 2055000: uvm_test_top.env.scoreboard [SCB_PASS] [DRAM] READ PASS Addr=10010004 Expected=000000ff Got=000000ff
# UVM_INFO C:/Documents/DoAnThietKeViMach/Project/SoC/VERIFICATION/Monitor/cpu_monitor.sv(336) @ 2095000: uvm_test_top.env.agent.monitor [AXI_RD] CPU <- IRAM  Addr=000000b0 Data=08849263 RRESP=00
# UVM_INFO C:/Documents/DoAnThietKeViMach/Project/SoC/VERIFICATION/Monitor/cpu_monitor.sv(230) @ 2095000: uvm_test_top.env.agent.monitor [IF] PC=000000b0  INSTR=08849263  [BNE  x9, x8, ...]            
# UVM_INFO C:/Documents/DoAnThietKeViMach/Project/SoC/VERIFICATION/Monitor/cpu_monitor.sv(276) @ 2105000: uvm_test_top.env.agent.monitor [WB] x09 <= ffffffff  (PC~000000b0)
# UVM_INFO C:/Documents/DoAnThietKeViMach/Project/SoC/VERIFICATION/Monitor/cpu_monitor.sv(276) @ 2115000: uvm_test_top.env.agent.monitor [WB] x09 <= ffffffff  (PC~000000b0)
# UVM_INFO C:/Documents/DoAnThietKeViMach/Project/SoC/VERIFICATION/Monitor/cpu_monitor.sv(276) @ 2125000: uvm_test_top.env.agent.monitor [WB] x09 <= ffffffff  (PC~000000b0)
# UVM_INFO C:/Documents/DoAnThietKeViMach/Project/SoC/VERIFICATION/Monitor/cpu_monitor.sv(336) @ 2135000: uvm_test_top.env.agent.monitor [AXI_RD] CPU <- IRAM  Addr=000000b4 Data=0040c503 RRESP=00
# UVM_INFO C:/Documents/DoAnThietKeViMach/Project/SoC/VERIFICATION/Monitor/cpu_monitor.sv(230) @ 2135000: uvm_test_top.env.agent.monitor [IF] PC=000000b4  INSTR=0040c503  [LW   x10, 4(x1)]            
# UVM_INFO C:/Documents/DoAnThietKeViMach/Project/SoC/VERIFICATION/Monitor/cpu_monitor.sv(276) @ 2135000: uvm_test_top.env.agent.monitor [WB] x09 <= ffffffff  (PC~000000b4)
# UVM_INFO C:/Documents/DoAnThietKeViMach/Project/SoC/VERIFICATION/Monitor/cpu_monitor.sv(336) @ 2175000: uvm_test_top.env.agent.monitor [AXI_RD] CPU <- IRAM  Addr=000000b8 Data=00000013 RRESP=00
# UVM_INFO C:/Documents/DoAnThietKeViMach/Project/SoC/VERIFICATION/Monitor/cpu_monitor.sv(230) @ 2175000: uvm_test_top.env.agent.monitor [IF] PC=000000b8  INSTR=00000013  [ADDI x0, x0, 0]            
# UVM_INFO C:/Documents/DoAnThietKeViMach/Project/SoC/VERIFICATION/Monitor/cpu_monitor.sv(336) @ 2215000: uvm_test_top.env.agent.monitor [AXI_RD] CPU <- IRAM  Addr=000000bc Data=00000013 RRESP=00
# UVM_INFO C:/Documents/DoAnThietKeViMach/Project/SoC/VERIFICATION/Monitor/cpu_monitor.sv(230) @ 2215000: uvm_test_top.env.agent.monitor [IF] PC=000000bc  INSTR=00000013  [ADDI x0, x0, 0]            
# [DRAM READ] addr=10010004 data=000000ff
# UVM_INFO C:/Documents/DoAnThietKeViMach/Project/SoC/VERIFICATION/Monitor/cpu_monitor.sv(336) @ 2255000: uvm_test_top.env.agent.monitor [AXI_RD] CPU <- DRAM  Addr=10010004 Data=000000ff RRESP=00
# UVM_INFO C:/Documents/DoAnThietKeViMach/Project/SoC/VERIFICATION/Scoreboard/cpu_scoreboard.sv(157) @ 2255000: uvm_test_top.env.scoreboard [SCB_PASS] [DRAM] READ PASS Addr=10010004 Expected=000000ff Got=000000ff
# UVM_INFO C:/Documents/DoAnThietKeViMach/Project/SoC/VERIFICATION/Monitor/cpu_monitor.sv(336) @ 2295000: uvm_test_top.env.agent.monitor [AXI_RD] CPU <- IRAM  Addr=000000c0 Data=0ff00593 RRESP=00
# UVM_INFO C:/Documents/DoAnThietKeViMach/Project/SoC/VERIFICATION/Monitor/cpu_monitor.sv(230) @ 2295000: uvm_test_top.env.agent.monitor [IF] PC=000000c0  INSTR=0ff00593  [ADDI x11, x0, 255]            
# UVM_INFO C:/Documents/DoAnThietKeViMach/Project/SoC/VERIFICATION/Monitor/cpu_monitor.sv(276) @ 2305000: uvm_test_top.env.agent.monitor [WB] x10 <= 000000ff  (PC~000000c0)
# UVM_INFO C:/Documents/DoAnThietKeViMach/Project/SoC/VERIFICATION/Monitor/cpu_monitor.sv(276) @ 2315000: uvm_test_top.env.agent.monitor [WB] x10 <= 000000ff  (PC~000000c0)
# UVM_INFO C:/Documents/DoAnThietKeViMach/Project/SoC/VERIFICATION/Monitor/cpu_monitor.sv(276) @ 2325000: uvm_test_top.env.agent.monitor [WB] x10 <= 000000ff  (PC~000000c0)
# UVM_INFO C:/Documents/DoAnThietKeViMach/Project/SoC/VERIFICATION/Monitor/cpu_monitor.sv(336) @ 2335000: uvm_test_top.env.agent.monitor [AXI_RD] CPU <- IRAM  Addr=000000c4 Data=00000013 RRESP=00
# UVM_INFO C:/Documents/DoAnThietKeViMach/Project/SoC/VERIFICATION/Monitor/cpu_monitor.sv(230) @ 2335000: uvm_test_top.env.agent.monitor [IF] PC=000000c4  INSTR=00000013  [ADDI x0, x0, 0]            
# UVM_INFO C:/Documents/DoAnThietKeViMach/Project/SoC/VERIFICATION/Monitor/cpu_monitor.sv(276) @ 2335000: uvm_test_top.env.agent.monitor [WB] x10 <= 000000ff  (PC~000000c4)
# UVM_INFO C:/Documents/DoAnThietKeViMach/Project/SoC/VERIFICATION/Monitor/cpu_monitor.sv(336) @ 2375000: uvm_test_top.env.agent.monitor [AXI_RD] CPU <- IRAM  Addr=000000c8 Data=00000013 RRESP=00
# UVM_INFO C:/Documents/DoAnThietKeViMach/Project/SoC/VERIFICATION/Monitor/cpu_monitor.sv(230) @ 2375000: uvm_test_top.env.agent.monitor [IF] PC=000000c8  INSTR=00000013  [ADDI x0, x0, 0]            
# UVM_INFO C:/Documents/DoAnThietKeViMach/Project/SoC/VERIFICATION/Monitor/cpu_monitor.sv(336) @ 2415000: uvm_test_top.env.agent.monitor [AXI_RD] CPU <- IRAM  Addr=000000cc Data=06b51463 RRESP=00
# UVM_INFO C:/Documents/DoAnThietKeViMach/Project/SoC/VERIFICATION/Monitor/cpu_monitor.sv(230) @ 2415000: uvm_test_top.env.agent.monitor [IF] PC=000000cc  INSTR=06b51463  [BNE  x10, x11, ...]            
# UVM_INFO C:/Documents/DoAnThietKeViMach/Project/SoC/VERIFICATION/Monitor/cpu_monitor.sv(276) @ 2425000: uvm_test_top.env.agent.monitor [WB] x11 <= 000000ff  (PC~000000cc)
# UVM_INFO C:/Documents/DoAnThietKeViMach/Project/SoC/VERIFICATION/Monitor/cpu_monitor.sv(276) @ 2435000: uvm_test_top.env.agent.monitor [WB] x11 <= 000000ff  (PC~000000cc)
# UVM_INFO C:/Documents/DoAnThietKeViMach/Project/SoC/VERIFICATION/Monitor/cpu_monitor.sv(276) @ 2445000: uvm_test_top.env.agent.monitor [WB] x11 <= 000000ff  (PC~000000cc)
# UVM_INFO C:/Documents/DoAnThietKeViMach/Project/SoC/VERIFICATION/Monitor/cpu_monitor.sv(336) @ 2455000: uvm_test_top.env.agent.monitor [AXI_RD] CPU <- IRAM  Addr=000000d0 Data=f8000613 RRESP=00
# UVM_INFO C:/Documents/DoAnThietKeViMach/Project/SoC/VERIFICATION/Monitor/cpu_monitor.sv(230) @ 2455000: uvm_test_top.env.agent.monitor [IF] PC=000000d0  INSTR=f8000613  [ADDI x12, x0, -128]            
# UVM_INFO C:/Documents/DoAnThietKeViMach/Project/SoC/VERIFICATION/Monitor/cpu_monitor.sv(276) @ 2455000: uvm_test_top.env.agent.monitor [WB] x11 <= 000000ff  (PC~000000d0)
# UVM_INFO C:/Documents/DoAnThietKeViMach/Project/SoC/VERIFICATION/Monitor/cpu_monitor.sv(336) @ 2495000: uvm_test_top.env.agent.monitor [AXI_RD] CPU <- IRAM  Addr=000000d4 Data=00000013 RRESP=00
# UVM_INFO C:/Documents/DoAnThietKeViMach/Project/SoC/VERIFICATION/Monitor/cpu_monitor.sv(230) @ 2495000: uvm_test_top.env.agent.monitor [IF] PC=000000d4  INSTR=00000013  [ADDI x0, x0, 0]            
# UVM_INFO C:/Documents/DoAnThietKeViMach/Project/SoC/VERIFICATION/Monitor/cpu_monitor.sv(336) @ 2535000: uvm_test_top.env.agent.monitor [AXI_RD] CPU <- IRAM  Addr=000000d8 Data=00000013 RRESP=00
# UVM_INFO C:/Documents/DoAnThietKeViMach/Project/SoC/VERIFICATION/Monitor/cpu_monitor.sv(230) @ 2535000: uvm_test_top.env.agent.monitor [IF] PC=000000d8  INSTR=00000013  [ADDI x0, x0, 0]            
# UVM_INFO C:/Documents/DoAnThietKeViMach/Project/SoC/VERIFICATION/Monitor/cpu_monitor.sv(336) @ 2575000: uvm_test_top.env.agent.monitor [AXI_RD] CPU <- IRAM  Addr=000000dc Data=00c09423 RRESP=00
# UVM_INFO C:/Documents/DoAnThietKeViMach/Project/SoC/VERIFICATION/Monitor/cpu_monitor.sv(230) @ 2575000: uvm_test_top.env.agent.monitor [IF] PC=000000dc  INSTR=00c09423  [SW   x12, 12(x1)]            
# UVM_INFO C:/Documents/DoAnThietKeViMach/Project/SoC/VERIFICATION/Monitor/cpu_monitor.sv(276) @ 2585000: uvm_test_top.env.agent.monitor [WB] x12 <= ffffff80  (PC~000000dc)
# UVM_INFO C:/Documents/DoAnThietKeViMach/Project/SoC/VERIFICATION/Monitor/cpu_monitor.sv(276) @ 2595000: uvm_test_top.env.agent.monitor [WB] x12 <= ffffff80  (PC~000000dc)
# UVM_INFO C:/Documents/DoAnThietKeViMach/Project/SoC/VERIFICATION/Monitor/cpu_monitor.sv(276) @ 2605000: uvm_test_top.env.agent.monitor [WB] x12 <= ffffff80  (PC~000000dc)
# UVM_INFO C:/Documents/DoAnThietKeViMach/Project/SoC/VERIFICATION/Monitor/cpu_monitor.sv(336) @ 2615000: uvm_test_top.env.agent.monitor [AXI_RD] CPU <- IRAM  Addr=000000e0 Data=00000013 RRESP=00
# UVM_INFO C:/Documents/DoAnThietKeViMach/Project/SoC/VERIFICATION/Monitor/cpu_monitor.sv(230) @ 2615000: uvm_test_top.env.agent.monitor [IF] PC=000000e0  INSTR=00000013  [ADDI x0, x0, 0]            
# UVM_INFO C:/Documents/DoAnThietKeViMach/Project/SoC/VERIFICATION/Monitor/cpu_monitor.sv(276) @ 2615000: uvm_test_top.env.agent.monitor [WB] x12 <= ffffff80  (PC~000000e0)
# UVM_INFO C:/Documents/DoAnThietKeViMach/Project/SoC/VERIFICATION/Monitor/cpu_monitor.sv(336) @ 2655000: uvm_test_top.env.agent.monitor [AXI_RD] CPU <- IRAM  Addr=000000e4 Data=00000013 RRESP=00
# UVM_INFO C:/Documents/DoAnThietKeViMach/Project/SoC/VERIFICATION/Monitor/cpu_monitor.sv(230) @ 2655000: uvm_test_top.env.agent.monitor [IF] PC=000000e4  INSTR=00000013  [ADDI x0, x0, 0]            
# UVM_INFO C:/Documents/DoAnThietKeViMach/Project/SoC/VERIFICATION/Monitor/cpu_monitor.sv(251) @ 2665000: uvm_test_top.env.agent.monitor [MEM] STORE Addr=10010008 Data=ffffff80
# UVM_INFO C:/Documents/DoAnThietKeViMach/Project/SoC/VERIFICATION/Monitor/cpu_monitor.sv(251) @ 2675000: uvm_test_top.env.agent.monitor [MEM] STORE Addr=10010008 Data=ffffff80
# [DRAM WRITE] addr=10010008 data=0000ff80
# UVM_INFO C:/Documents/DoAnThietKeViMach/Project/SoC/VERIFICATION/Monitor/cpu_monitor.sv(251) @ 2685000: uvm_test_top.env.agent.monitor [MEM] STORE Addr=10010008 Data=ffffff80
# UVM_INFO C:/Documents/DoAnThietKeViMach/Project/SoC/VERIFICATION/Monitor/cpu_monitor.sv(310) @ 2695000: uvm_test_top.env.agent.monitor [AXI_WR] CPU -> DRAM  Addr=10010008 Data=0000ff80 Strb=0011 BRESP=00
# UVM_INFO C:/Documents/DoAnThietKeViMach/Project/SoC/VERIFICATION/Monitor/cpu_monitor.sv(251) @ 2695000: uvm_test_top.env.agent.monitor [MEM] STORE Addr=10010008 Data=ffffff80
# UVM_INFO C:/Documents/DoAnThietKeViMach/Project/SoC/VERIFICATION/Monitor/cpu_monitor.sv(251) @ 2705000: uvm_test_top.env.agent.monitor [MEM] STORE Addr=10010008 Data=ffffff80
# UVM_INFO C:/Documents/DoAnThietKeViMach/Project/SoC/VERIFICATION/Monitor/cpu_monitor.sv(251) @ 2715000: uvm_test_top.env.agent.monitor [MEM] STORE Addr=10010008 Data=ffffff80
# UVM_INFO C:/Documents/DoAnThietKeViMach/Project/SoC/VERIFICATION/Monitor/cpu_monitor.sv(251) @ 2725000: uvm_test_top.env.agent.monitor [MEM] STORE Addr=10010008 Data=ffffff80
# UVM_INFO C:/Documents/DoAnThietKeViMach/Project/SoC/VERIFICATION/Monitor/cpu_monitor.sv(336) @ 2735000: uvm_test_top.env.agent.monitor [AXI_RD] CPU <- IRAM  Addr=000000e8 Data=00809683 RRESP=00
# UVM_INFO C:/Documents/DoAnThietKeViMach/Project/SoC/VERIFICATION/Monitor/cpu_monitor.sv(230) @ 2735000: uvm_test_top.env.agent.monitor [IF] PC=000000e8  INSTR=00809683  [LW   x13, 8(x1)]            
# UVM_INFO C:/Documents/DoAnThietKeViMach/Project/SoC/VERIFICATION/Monitor/cpu_monitor.sv(251) @ 2735000: uvm_test_top.env.agent.monitor [MEM] STORE Addr=10010008 Data=ffffff80
# UVM_INFO C:/Documents/DoAnThietKeViMach/Project/SoC/VERIFICATION/Monitor/cpu_monitor.sv(336) @ 2775000: uvm_test_top.env.agent.monitor [AXI_RD] CPU <- IRAM  Addr=000000ec Data=00000013 RRESP=00
# UVM_INFO C:/Documents/DoAnThietKeViMach/Project/SoC/VERIFICATION/Monitor/cpu_monitor.sv(230) @ 2775000: uvm_test_top.env.agent.monitor [IF] PC=000000ec  INSTR=00000013  [ADDI x0, x0, 0]            
# UVM_INFO C:/Documents/DoAnThietKeViMach/Project/SoC/VERIFICATION/Monitor/cpu_monitor.sv(336) @ 2815000: uvm_test_top.env.agent.monitor [AXI_RD] CPU <- IRAM  Addr=000000f0 Data=00000013 RRESP=00
# UVM_INFO C:/Documents/DoAnThietKeViMach/Project/SoC/VERIFICATION/Monitor/cpu_monitor.sv(230) @ 2815000: uvm_test_top.env.agent.monitor [IF] PC=000000f0  INSTR=00000013  [ADDI x0, x0, 0]            
# [DRAM READ] addr=10010008 data=0000ff80
# UVM_INFO C:/Documents/DoAnThietKeViMach/Project/SoC/VERIFICATION/Monitor/cpu_monitor.sv(336) @ 2855000: uvm_test_top.env.agent.monitor [AXI_RD] CPU <- DRAM  Addr=10010008 Data=0000ff80 RRESP=00
# UVM_INFO C:/Documents/DoAnThietKeViMach/Project/SoC/VERIFICATION/Scoreboard/cpu_scoreboard.sv(157) @ 2855000: uvm_test_top.env.scoreboard [SCB_PASS] [DRAM] READ PASS Addr=10010008 Expected=0000ff80 Got=0000ff80
# UVM_INFO C:/Documents/DoAnThietKeViMach/Project/SoC/VERIFICATION/Monitor/cpu_monitor.sv(336) @ 2895000: uvm_test_top.env.agent.monitor [AXI_RD] CPU <- IRAM  Addr=000000f4 Data=04c69063 RRESP=00
# UVM_INFO C:/Documents/DoAnThietKeViMach/Project/SoC/VERIFICATION/Monitor/cpu_monitor.sv(230) @ 2895000: uvm_test_top.env.agent.monitor [IF] PC=000000f4  INSTR=04c69063  [BNE  x13, x12, ...]            
# UVM_INFO C:/Documents/DoAnThietKeViMach/Project/SoC/VERIFICATION/Monitor/cpu_monitor.sv(276) @ 2905000: uvm_test_top.env.agent.monitor [WB] x13 <= ffffff80  (PC~000000f4)
# UVM_INFO C:/Documents/DoAnThietKeViMach/Project/SoC/VERIFICATION/Monitor/cpu_monitor.sv(276) @ 2915000: uvm_test_top.env.agent.monitor [WB] x13 <= ffffff80  (PC~000000f4)
# UVM_INFO C:/Documents/DoAnThietKeViMach/Project/SoC/VERIFICATION/Monitor/cpu_monitor.sv(276) @ 2925000: uvm_test_top.env.agent.monitor [WB] x13 <= ffffff80  (PC~000000f4)
# UVM_INFO C:/Documents/DoAnThietKeViMach/Project/SoC/VERIFICATION/Monitor/cpu_monitor.sv(336) @ 2935000: uvm_test_top.env.agent.monitor [AXI_RD] CPU <- IRAM  Addr=000000f8 Data=0080d703 RRESP=00
# UVM_INFO C:/Documents/DoAnThietKeViMach/Project/SoC/VERIFICATION/Monitor/cpu_monitor.sv(230) @ 2935000: uvm_test_top.env.agent.monitor [IF] PC=000000f8  INSTR=0080d703  [LW   x14, 8(x1)]            
# UVM_INFO C:/Documents/DoAnThietKeViMach/Project/SoC/VERIFICATION/Monitor/cpu_monitor.sv(276) @ 2935000: uvm_test_top.env.agent.monitor [WB] x13 <= ffffff80  (PC~000000f8)
# UVM_INFO C:/Documents/DoAnThietKeViMach/Project/SoC/VERIFICATION/Monitor/cpu_monitor.sv(336) @ 2975000: uvm_test_top.env.agent.monitor [AXI_RD] CPU <- IRAM  Addr=000000fc Data=00000013 RRESP=00
# UVM_INFO C:/Documents/DoAnThietKeViMach/Project/SoC/VERIFICATION/Monitor/cpu_monitor.sv(230) @ 2975000: uvm_test_top.env.agent.monitor [IF] PC=000000fc  INSTR=00000013  [ADDI x0, x0, 0]            
# UVM_INFO C:/Documents/DoAnThietKeViMach/Project/SoC/VERIFICATION/Monitor/cpu_monitor.sv(336) @ 3015000: uvm_test_top.env.agent.monitor [AXI_RD] CPU <- IRAM  Addr=00000100 Data=00000013 RRESP=00
# UVM_INFO C:/Documents/DoAnThietKeViMach/Project/SoC/VERIFICATION/Monitor/cpu_monitor.sv(230) @ 3015000: uvm_test_top.env.agent.monitor [IF] PC=00000100  INSTR=00000013  [ADDI x0, x0, 0]            
# [DRAM READ] addr=10010008 data=0000ff80
# UVM_INFO C:/Documents/DoAnThietKeViMach/Project/SoC/VERIFICATION/Monitor/cpu_monitor.sv(336) @ 3055000: uvm_test_top.env.agent.monitor [AXI_RD] CPU <- DRAM  Addr=10010008 Data=0000ff80 RRESP=00
# UVM_INFO C:/Documents/DoAnThietKeViMach/Project/SoC/VERIFICATION/Scoreboard/cpu_scoreboard.sv(157) @ 3055000: uvm_test_top.env.scoreboard [SCB_PASS] [DRAM] READ PASS Addr=10010008 Expected=0000ff80 Got=0000ff80
# UVM_INFO C:/Documents/DoAnThietKeViMach/Project/SoC/VERIFICATION/Monitor/cpu_monitor.sv(336) @ 3095000: uvm_test_top.env.agent.monitor [AXI_RD] CPU <- IRAM  Addr=00000104 Data=000107b7 RRESP=00
# UVM_INFO C:/Documents/DoAnThietKeViMach/Project/SoC/VERIFICATION/Monitor/cpu_monitor.sv(230) @ 3095000: uvm_test_top.env.agent.monitor [IF] PC=00000104  INSTR=000107b7  [LUI  x15, 0x10]            
# UVM_INFO C:/Documents/DoAnThietKeViMach/Project/SoC/VERIFICATION/Monitor/cpu_monitor.sv(276) @ 3105000: uvm_test_top.env.agent.monitor [WB] x14 <= 0000ff80  (PC~00000104)
# UVM_INFO C:/Documents/DoAnThietKeViMach/Project/SoC/VERIFICATION/Monitor/cpu_monitor.sv(276) @ 3115000: uvm_test_top.env.agent.monitor [WB] x14 <= 0000ff80  (PC~00000104)
# UVM_INFO C:/Documents/DoAnThietKeViMach/Project/SoC/VERIFICATION/Monitor/cpu_monitor.sv(276) @ 3125000: uvm_test_top.env.agent.monitor [WB] x14 <= 0000ff80  (PC~00000104)
# UVM_INFO C:/Documents/DoAnThietKeViMach/Project/SoC/VERIFICATION/Monitor/cpu_monitor.sv(336) @ 3135000: uvm_test_top.env.agent.monitor [AXI_RD] CPU <- IRAM  Addr=00000108 Data=f8078793 RRESP=00
# UVM_INFO C:/Documents/DoAnThietKeViMach/Project/SoC/VERIFICATION/Monitor/cpu_monitor.sv(230) @ 3135000: uvm_test_top.env.agent.monitor [IF] PC=00000108  INSTR=f8078793  [ADDI x15, x15, -128]            
# UVM_INFO C:/Documents/DoAnThietKeViMach/Project/SoC/VERIFICATION/Monitor/cpu_monitor.sv(276) @ 3135000: uvm_test_top.env.agent.monitor [WB] x14 <= 0000ff80  (PC~00000108)
# UVM_INFO C:/Documents/DoAnThietKeViMach/Project/SoC/VERIFICATION/Monitor/cpu_monitor.sv(336) @ 3175000: uvm_test_top.env.agent.monitor [AXI_RD] CPU <- IRAM  Addr=0000010c Data=00000013 RRESP=00
# UVM_INFO C:/Documents/DoAnThietKeViMach/Project/SoC/VERIFICATION/Monitor/cpu_monitor.sv(230) @ 3175000: uvm_test_top.env.agent.monitor [IF] PC=0000010c  INSTR=00000013  [ADDI x0, x0, 0]            
# UVM_INFO C:/Documents/DoAnThietKeViMach/Project/SoC/VERIFICATION/Monitor/cpu_monitor.sv(336) @ 3215000: uvm_test_top.env.agent.monitor [AXI_RD] CPU <- IRAM  Addr=00000110 Data=00000013 RRESP=00
# UVM_INFO C:/Documents/DoAnThietKeViMach/Project/SoC/VERIFICATION/Monitor/cpu_monitor.sv(230) @ 3215000: uvm_test_top.env.agent.monitor [IF] PC=00000110  INSTR=00000013  [ADDI x0, x0, 0]            
# UVM_INFO C:/Documents/DoAnThietKeViMach/Project/SoC/VERIFICATION/Monitor/cpu_monitor.sv(276) @ 3225000: uvm_test_top.env.agent.monitor [WB] x15 <= 00010000  (PC~00000110)
# UVM_INFO C:/Documents/DoAnThietKeViMach/Project/SoC/VERIFICATION/Monitor/cpu_monitor.sv(276) @ 3235000: uvm_test_top.env.agent.monitor [WB] x15 <= 00010000  (PC~00000110)
# UVM_INFO C:/Documents/DoAnThietKeViMach/Project/SoC/VERIFICATION/Monitor/cpu_monitor.sv(276) @ 3245000: uvm_test_top.env.agent.monitor [WB] x15 <= 00010000  (PC~00000110)
# UVM_INFO C:/Documents/DoAnThietKeViMach/Project/SoC/VERIFICATION/Monitor/cpu_monitor.sv(336) @ 3255000: uvm_test_top.env.agent.monitor [AXI_RD] CPU <- IRAM  Addr=00000114 Data=02f71063 RRESP=00
# UVM_INFO C:/Documents/DoAnThietKeViMach/Project/SoC/VERIFICATION/Monitor/cpu_monitor.sv(230) @ 3255000: uvm_test_top.env.agent.monitor [IF] PC=00000114  INSTR=02f71063  [BNE  x14, x15, ...]            
# UVM_INFO C:/Documents/DoAnThietKeViMach/Project/SoC/VERIFICATION/Monitor/cpu_monitor.sv(276) @ 3255000: uvm_test_top.env.agent.monitor [WB] x15 <= 00010000  (PC~00000114)
# UVM_INFO C:/Documents/DoAnThietKeViMach/Project/SoC/VERIFICATION/Monitor/cpu_monitor.sv(276) @ 3265000: uvm_test_top.env.agent.monitor [WB] x15 <= 0000ff80  (PC~00000114)
# UVM_INFO C:/Documents/DoAnThietKeViMach/Project/SoC/VERIFICATION/Monitor/cpu_monitor.sv(276) @ 3275000: uvm_test_top.env.agent.monitor [WB] x15 <= 0000ff80  (PC~00000114)
# UVM_INFO C:/Documents/DoAnThietKeViMach/Project/SoC/VERIFICATION/Monitor/cpu_monitor.sv(276) @ 3285000: uvm_test_top.env.agent.monitor [WB] x15 <= 0000ff80  (PC~00000114)
# UVM_INFO C:/Documents/DoAnThietKeViMach/Project/SoC/VERIFICATION/Monitor/cpu_monitor.sv(336) @ 3295000: uvm_test_top.env.agent.monitor [AXI_RD] CPU <- IRAM  Addr=00000118 Data=10000f37 RRESP=00
# UVM_INFO C:/Documents/DoAnThietKeViMach/Project/SoC/VERIFICATION/Monitor/cpu_monitor.sv(230) @ 3295000: uvm_test_top.env.agent.monitor [IF] PC=00000118  INSTR=10000f37  [LUI  x30, 0x10000]            
# UVM_INFO C:/Documents/DoAnThietKeViMach/Project/SoC/VERIFICATION/Monitor/cpu_monitor.sv(276) @ 3295000: uvm_test_top.env.agent.monitor [WB] x15 <= 0000ff80  (PC~00000118)
# UVM_INFO C:/Documents/DoAnThietKeViMach/Project/SoC/VERIFICATION/Monitor/cpu_monitor.sv(336) @ 3335000: uvm_test_top.env.agent.monitor [AXI_RD] CPU <- IRAM  Addr=0000011c Data=3f0f0f13 RRESP=00
# UVM_INFO C:/Documents/DoAnThietKeViMach/Project/SoC/VERIFICATION/Monitor/cpu_monitor.sv(230) @ 3335000: uvm_test_top.env.agent.monitor [IF] PC=0000011c  INSTR=3f0f0f13  [ADDI x30, x30, 1008]            
# UVM_INFO C:/Documents/DoAnThietKeViMach/Project/SoC/VERIFICATION/Monitor/cpu_monitor.sv(336) @ 3375000: uvm_test_top.env.agent.monitor [AXI_RD] CPU <- IRAM  Addr=00000120 Data=05a00f93 RRESP=00
# UVM_INFO C:/Documents/DoAnThietKeViMach/Project/SoC/VERIFICATION/Monitor/cpu_monitor.sv(230) @ 3375000: uvm_test_top.env.agent.monitor [IF] PC=00000120  INSTR=05a00f93  [ADDI x31, x0, 90]            
# UVM_INFO C:/Documents/DoAnThietKeViMach/Project/SoC/VERIFICATION/Monitor/cpu_monitor.sv(336) @ 3415000: uvm_test_top.env.agent.monitor [AXI_RD] CPU <- IRAM  Addr=00000124 Data=00000013 RRESP=00
# UVM_INFO C:/Documents/DoAnThietKeViMach/Project/SoC/VERIFICATION/Monitor/cpu_monitor.sv(230) @ 3415000: uvm_test_top.env.agent.monitor [IF] PC=00000124  INSTR=00000013  [ADDI x0, x0, 0]            
# UVM_INFO C:/Documents/DoAnThietKeViMach/Project/SoC/VERIFICATION/Monitor/cpu_monitor.sv(276) @ 3425000: uvm_test_top.env.agent.monitor [WB] x30 <= 10000000  (PC~00000124)
# UVM_INFO C:/Documents/DoAnThietKeViMach/Project/SoC/VERIFICATION/Monitor/cpu_monitor.sv(276) @ 3435000: uvm_test_top.env.agent.monitor [WB] x30 <= 10000000  (PC~00000124)
# UVM_INFO C:/Documents/DoAnThietKeViMach/Project/SoC/VERIFICATION/Monitor/cpu_monitor.sv(276) @ 3445000: uvm_test_top.env.agent.monitor [WB] x30 <= 10000000  (PC~00000124)
# UVM_INFO C:/Documents/DoAnThietKeViMach/Project/SoC/VERIFICATION/Monitor/cpu_monitor.sv(336) @ 3455000: uvm_test_top.env.agent.monitor [AXI_RD] CPU <- IRAM  Addr=00000128 Data=00000013 RRESP=00
# UVM_INFO C:/Documents/DoAnThietKeViMach/Project/SoC/VERIFICATION/Monitor/cpu_monitor.sv(230) @ 3455000: uvm_test_top.env.agent.monitor [IF] PC=00000128  INSTR=00000013  [ADDI x0, x0, 0]            
# UVM_INFO C:/Documents/DoAnThietKeViMach/Project/SoC/VERIFICATION/Monitor/cpu_monitor.sv(276) @ 3455000: uvm_test_top.env.agent.monitor [WB] x30 <= 10000000  (PC~00000128)
# UVM_INFO C:/Documents/DoAnThietKeViMach/Project/SoC/VERIFICATION/Monitor/cpu_monitor.sv(276) @ 3465000: uvm_test_top.env.agent.monitor [WB] x30 <= 100003f0  (PC~00000128)
# UVM_INFO C:/Documents/DoAnThietKeViMach/Project/SoC/VERIFICATION/Monitor/cpu_monitor.sv(276) @ 3475000: uvm_test_top.env.agent.monitor [WB] x30 <= 100003f0  (PC~00000128)
# UVM_INFO C:/Documents/DoAnThietKeViMach/Project/SoC/VERIFICATION/Monitor/cpu_monitor.sv(276) @ 3485000: uvm_test_top.env.agent.monitor [WB] x30 <= 100003f0  (PC~00000128)
# UVM_INFO C:/Documents/DoAnThietKeViMach/Project/SoC/VERIFICATION/Monitor/cpu_monitor.sv(336) @ 3495000: uvm_test_top.env.agent.monitor [AXI_RD] CPU <- IRAM  Addr=0000012c Data=01ff2023 RRESP=00
# UVM_INFO C:/Documents/DoAnThietKeViMach/Project/SoC/VERIFICATION/Monitor/cpu_monitor.sv(230) @ 3495000: uvm_test_top.env.agent.monitor [IF] PC=0000012c  INSTR=01ff2023  [SW   x31, 31(x30)]            
# UVM_INFO C:/Documents/DoAnThietKeViMach/Project/SoC/VERIFICATION/Monitor/cpu_monitor.sv(276) @ 3495000: uvm_test_top.env.agent.monitor [WB] x30 <= 100003f0  (PC~0000012c)
# UVM_INFO C:/Documents/DoAnThietKeViMach/Project/SoC/VERIFICATION/Monitor/cpu_monitor.sv(276) @ 3505000: uvm_test_top.env.agent.monitor [WB] x31 <= 0000005a  (PC~0000012c)
# UVM_INFO C:/Documents/DoAnThietKeViMach/Project/SoC/VERIFICATION/Monitor/cpu_monitor.sv(276) @ 3515000: uvm_test_top.env.agent.monitor [WB] x31 <= 0000005a  (PC~0000012c)
# UVM_INFO C:/Documents/DoAnThietKeViMach/Project/SoC/VERIFICATION/Monitor/cpu_monitor.sv(276) @ 3525000: uvm_test_top.env.agent.monitor [WB] x31 <= 0000005a  (PC~0000012c)
# UVM_INFO C:/Documents/DoAnThietKeViMach/Project/SoC/VERIFICATION/Monitor/cpu_monitor.sv(336) @ 3535000: uvm_test_top.env.agent.monitor [AXI_RD] CPU <- IRAM  Addr=00000130 Data=00000e63 RRESP=00
# UVM_INFO C:/Documents/DoAnThietKeViMach/Project/SoC/VERIFICATION/Monitor/cpu_monitor.sv(230) @ 3535000: uvm_test_top.env.agent.monitor [IF] PC=00000130  INSTR=00000e63  [BEQ  x0, x0, ...]            
# UVM_INFO C:/Documents/DoAnThietKeViMach/Project/SoC/VERIFICATION/Monitor/cpu_monitor.sv(276) @ 3535000: uvm_test_top.env.agent.monitor [WB] x31 <= 0000005a  (PC~00000130)
# UVM_INFO C:/Documents/DoAnThietKeViMach/Project/SoC/VERIFICATION/Monitor/cpu_monitor.sv(336) @ 3575000: uvm_test_top.env.agent.monitor [AXI_RD] CPU <- IRAM  Addr=00000134 Data=10000f37 RRESP=00
# UVM_INFO C:/Documents/DoAnThietKeViMach/Project/SoC/VERIFICATION/Monitor/cpu_monitor.sv(230) @ 3575000: uvm_test_top.env.agent.monitor [IF] PC=00000134  INSTR=10000f37  [LUI  x30, 0x10000]            
# UVM_INFO C:/Documents/DoAnThietKeViMach/Project/SoC/VERIFICATION/Monitor/cpu_monitor.sv(251) @ 3585000: uvm_test_top.env.agent.monitor [MEM] STORE Addr=100003f0 Data=0000005a
# UVM_INFO C:/Documents/DoAnThietKeViMach/Project/SoC/VERIFICATION/Monitor/cpu_monitor.sv(251) @ 3595000: uvm_test_top.env.agent.monitor [MEM] STORE Addr=100003f0 Data=0000005a
# [DRAM WRITE] addr=100003f0 data=0000005a
# UVM_INFO C:/Documents/DoAnThietKeViMach/Project/SoC/VERIFICATION/Monitor/cpu_monitor.sv(251) @ 3605000: uvm_test_top.env.agent.monitor [MEM] STORE Addr=100003f0 Data=0000005a
# UVM_INFO C:/Documents/DoAnThietKeViMach/Project/SoC/VERIFICATION/Monitor/cpu_monitor.sv(310) @ 3615000: uvm_test_top.env.agent.monitor [AXI_WR] CPU -> DRAM  Addr=100003f0 Data=0000005a Strb=1111 BRESP=00
# UVM_INFO C:/Documents/DoAnThietKeViMach/Project/SoC/VERIFICATION/Scoreboard/cpu_scoreboard.sv(293) @ 3615000: uvm_test_top.env.scoreboard [SOC_SW] SOC_SOFTWARE PASS signature detected: Addr = 100003f0 Data = 0000005a
# UVM_INFO C:/Documents/DoAnThietKeViMach/Project/SoC/VERIFICATION/Monitor/cpu_monitor.sv(251) @ 3615000: uvm_test_top.env.agent.monitor [MEM] STORE Addr=100003f0 Data=0000005a
# UVM_INFO C:/Documents/DoAnThietKeViMach/Project/SoC/VERIFICATION/Monitor/cpu_monitor.sv(251) @ 3625000: uvm_test_top.env.agent.monitor [MEM] STORE Addr=100003f0 Data=0000005a
# UVM_INFO C:/Documents/DoAnThietKeViMach/Project/SoC/VERIFICATION/Monitor/cpu_monitor.sv(251) @ 3635000: uvm_test_top.env.agent.monitor [MEM] STORE Addr=100003f0 Data=0000005a
# UVM_INFO C:/Documents/DoAnThietKeViMach/Project/SoC/VERIFICATION/Monitor/cpu_monitor.sv(251) @ 3645000: uvm_test_top.env.agent.monitor [MEM] STORE Addr=100003f0 Data=0000005a
# UVM_INFO C:/Documents/DoAnThietKeViMach/Project/SoC/VERIFICATION/Monitor/cpu_monitor.sv(336) @ 3655000: uvm_test_top.env.agent.monitor [AXI_RD] CPU <- IRAM  Addr=00000138 Data=3f0f0f13 RRESP=00
# UVM_INFO C:/Documents/DoAnThietKeViMach/Project/SoC/VERIFICATION/Monitor/cpu_monitor.sv(230) @ 3655000: uvm_test_top.env.agent.monitor [IF] PC=00000138  INSTR=3f0f0f13  [ADDI x30, x30, 1008]            
# UVM_INFO C:/Documents/DoAnThietKeViMach/Project/SoC/VERIFICATION/Monitor/cpu_monitor.sv(251) @ 3655000: uvm_test_top.env.agent.monitor [MEM] STORE Addr=100003f0 Data=0000005a
# UVM_INFO C:/Documents/DoAnThietKeViMach/Project/SoC/VERIFICATION/Monitor/cpu_monitor.sv(336) @ 3695000: uvm_test_top.env.agent.monitor [AXI_RD] CPU <- IRAM  Addr=0000014c Data=00000013 RRESP=00
# UVM_INFO C:/Documents/DoAnThietKeViMach/Project/SoC/VERIFICATION/Monitor/cpu_monitor.sv(230) @ 3695000: uvm_test_top.env.agent.monitor [IF] PC=0000014c  INSTR=00000013  [ADDI x0, x0, 0]            
# UVM_INFO C:/Documents/DoAnThietKeViMach/Project/SoC/VERIFICATION/Test/cpu_test.sv(70) @ 3715000: uvm_test_top [TEST] PC=00000150 reached first address past loaded program - ending
# UVM_INFO C:/Documents/DoAnThietKeViMach/Project/SoC/VERIFICATION/Monitor/cpu_monitor.sv(336) @ 3735000: uvm_test_top.env.agent.monitor [AXI_RD] CPU <- IRAM  Addr=00000150 Data=00000013 RRESP=00
# UVM_INFO C:/Documents/DoAnThietKeViMach/Project/SoC/VERIFICATION/Monitor/cpu_monitor.sv(230) @ 3735000: uvm_test_top.env.agent.monitor [IF] PC=00000150  INSTR=00000013  [ADDI x0, x0, 0]            
# UVM_INFO C:/Documents/DoAnThietKeViMach/Project/SoC/VERIFICATION/Monitor/cpu_monitor.sv(336) @ 3775000: uvm_test_top.env.agent.monitor [AXI_RD] CPU <- IRAM  Addr=00000154 Data=00000013 RRESP=00
# UVM_INFO C:/Documents/DoAnThietKeViMach/Project/SoC/VERIFICATION/Monitor/cpu_monitor.sv(230) @ 3775000: uvm_test_top.env.agent.monitor [IF] PC=00000154  INSTR=00000013  [ADDI x0, x0, 0]            
# UVM_INFO C:/Documents/DoAnThietKeViMach/Project/SoC/VERIFICATION/Monitor/cpu_monitor.sv(336) @ 3815000: uvm_test_top.env.agent.monitor [AXI_RD] CPU <- IRAM  Addr=00000158 Data=00000013 RRESP=00
# UVM_INFO C:/Documents/DoAnThietKeViMach/Project/SoC/VERIFICATION/Monitor/cpu_monitor.sv(230) @ 3815000: uvm_test_top.env.agent.monitor [IF] PC=00000158  INSTR=00000013  [ADDI x0, x0, 0]            
# UVM_INFO C:/Documents/DoAnThietKeViMach/Project/SoC/VERIFICATION/Monitor/cpu_monitor.sv(336) @ 3855000: uvm_test_top.env.agent.monitor [AXI_RD] CPU <- IRAM  Addr=0000015c Data=00000013 RRESP=00
# UVM_INFO C:/Documents/DoAnThietKeViMach/Project/SoC/VERIFICATION/Monitor/cpu_monitor.sv(230) @ 3855000: uvm_test_top.env.agent.monitor [IF] PC=0000015c  INSTR=00000013  [ADDI x0, x0, 0]            
# UVM_INFO C:/Documents/DoAnThietKeViMach/Project/SoC/VERIFICATION/Monitor/cpu_monitor.sv(336) @ 3895000: uvm_test_top.env.agent.monitor [AXI_RD] CPU <- IRAM  Addr=00000160 Data=00000013 RRESP=00
# UVM_INFO C:/Documents/DoAnThietKeViMach/Project/SoC/VERIFICATION/Monitor/cpu_monitor.sv(230) @ 3895000: uvm_test_top.env.agent.monitor [IF] PC=00000160  INSTR=00000013  [ADDI x0, x0, 0]            
# UVM_INFO C:/Documents/DoAnThietKeViMach/Project/SoC/VERIFICATION/Monitor/cpu_monitor.sv(336) @ 3935000: uvm_test_top.env.agent.monitor [AXI_RD] CPU <- IRAM  Addr=00000164 Data=00000013 RRESP=00
# UVM_INFO C:/Documents/DoAnThietKeViMach/Project/SoC/VERIFICATION/Monitor/cpu_monitor.sv(230) @ 3935000: uvm_test_top.env.agent.monitor [IF] PC=00000164  INSTR=00000013  [ADDI x0, x0, 0]            
# UVM_INFO C:/Documents/DoAnThietKeViMach/Project/SoC/VERIFICATION/Monitor/cpu_monitor.sv(336) @ 3975000: uvm_test_top.env.agent.monitor [AXI_RD] CPU <- IRAM  Addr=00000168 Data=00000013 RRESP=00
# UVM_INFO C:/Documents/DoAnThietKeViMach/Project/SoC/VERIFICATION/Monitor/cpu_monitor.sv(230) @ 3975000: uvm_test_top.env.agent.monitor [IF] PC=00000168  INSTR=00000013  [ADDI x0, x0, 0]            
# UVM_INFO verilog_src/uvm-1.1d/src/base/uvm_objection.svh(1268) @ 4015000: reporter [TEST_DONE] 'run' phase is ready to proceed to the 'extract' phase
# UVM_INFO C:/Documents/DoAnThietKeViMach/Project/SoC/VERIFICATION/Scoreboard/cpu_scoreboard.sv(314) @ 4015000: uvm_test_top.env.scoreboard [SCB] 
# UVM_INFO C:/Documents/DoAnThietKeViMach/Project/SoC/VERIFICATION/Scoreboard/cpu_scoreboard.sv(315) @ 4015000: uvm_test_top.env.scoreboard [SCB] ==============================================================
# UVM_INFO C:/Documents/DoAnThietKeViMach/Project/SoC/VERIFICATION/Scoreboard/cpu_scoreboard.sv(316) @ 4015000: uvm_test_top.env.scoreboard [SCB]             CPU REGISTER FILE - FINAL RESULT                  
# UVM_INFO C:/Documents/DoAnThietKeViMach/Project/SoC/VERIFICATION/Scoreboard/cpu_scoreboard.sv(317) @ 4015000: uvm_test_top.env.scoreboard [SCB] ==============================================================
# UVM_INFO C:/Documents/DoAnThietKeViMach/Project/SoC/VERIFICATION/Scoreboard/cpu_scoreboard.sv(318) @ 4015000: uvm_test_top.env.scoreboard [SCB]  REG   |   EXPECTED   |    ACTUAL    | MATCH |    STATUS    
# UVM_INFO C:/Documents/DoAnThietKeViMach/Project/SoC/VERIFICATION/Scoreboard/cpu_scoreboard.sv(319) @ 4015000: uvm_test_top.env.scoreboard [SCB] --------------------------------------------------------------
# UVM_INFO C:/Documents/DoAnThietKeViMach/Project/SoC/VERIFICATION/Scoreboard/cpu_scoreboard.sv(357) @ 4015000: uvm_test_top.env.scoreboard [SCB] | x00 |  00000000  |  00000000  |  PASS  | PASS                 |
# UVM_INFO C:/Documents/DoAnThietKeViMach/Project/SoC/VERIFICATION/Scoreboard/cpu_scoreboard.sv(357) @ 4015000: uvm_test_top.env.scoreboard [SCB] | x01 |  10010000  |  10010000  |  PASS  | PASS                 |
# UVM_INFO C:/Documents/DoAnThietKeViMach/Project/SoC/VERIFICATION/Scoreboard/cpu_scoreboard.sv(357) @ 4015000: uvm_test_top.env.scoreboard [SCB] | x02 |  0000007f  |  0000007f  |  PASS  | PASS                 |
# UVM_INFO C:/Documents/DoAnThietKeViMach/Project/SoC/VERIFICATION/Scoreboard/cpu_scoreboard.sv(357) @ 4015000: uvm_test_top.env.scoreboard [SCB] | x03 |  00000012  |  00000012  |  PASS  | PASS                 |
# UVM_INFO C:/Documents/DoAnThietKeViMach/Project/SoC/VERIFICATION/Scoreboard/cpu_scoreboard.sv(357) @ 4015000: uvm_test_top.env.scoreboard [SCB] | x04 |  00000034  |  00000034  |  PASS  | PASS                 |
# UVM_INFO C:/Documents/DoAnThietKeViMach/Project/SoC/VERIFICATION/Scoreboard/cpu_scoreboard.sv(357) @ 4015000: uvm_test_top.env.scoreboard [SCB] | x05 |  00000056  |  00000056  |  PASS  | PASS                 |
# UVM_INFO C:/Documents/DoAnThietKeViMach/Project/SoC/VERIFICATION/Scoreboard/cpu_scoreboard.sv(357) @ 4015000: uvm_test_top.env.scoreboard [SCB] | x06 |  5634127f  |  5634127f  |  PASS  | PASS                 |
# UVM_INFO C:/Documents/DoAnThietKeViMach/Project/SoC/VERIFICATION/Scoreboard/cpu_scoreboard.sv(357) @ 4015000: uvm_test_top.env.scoreboard [SCB] | x07 |  5634127f  |  5634127f  |  PASS  | PASS                 |
# UVM_INFO C:/Documents/DoAnThietKeViMach/Project/SoC/VERIFICATION/Scoreboard/cpu_scoreboard.sv(357) @ 4015000: uvm_test_top.env.scoreboard [SCB] | x08 |  ffffffff  |  ffffffff  |  PASS  | PASS                 |
# UVM_INFO C:/Documents/DoAnThietKeViMach/Project/SoC/VERIFICATION/Scoreboard/cpu_scoreboard.sv(357) @ 4015000: uvm_test_top.env.scoreboard [SCB] | x09 |  ffffffff  |  ffffffff  |  PASS  | PASS                 |
# UVM_INFO C:/Documents/DoAnThietKeViMach/Project/SoC/VERIFICATION/Scoreboard/cpu_scoreboard.sv(357) @ 4015000: uvm_test_top.env.scoreboard [SCB] | x10 |  000000ff  |  000000ff  |  PASS  | PASS                 |
# UVM_INFO C:/Documents/DoAnThietKeViMach/Project/SoC/VERIFICATION/Scoreboard/cpu_scoreboard.sv(357) @ 4015000: uvm_test_top.env.scoreboard [SCB] | x11 |  000000ff  |  000000ff  |  PASS  | PASS                 |
# UVM_INFO C:/Documents/DoAnThietKeViMach/Project/SoC/VERIFICATION/Scoreboard/cpu_scoreboard.sv(357) @ 4015000: uvm_test_top.env.scoreboard [SCB] | x12 |  ffffff80  |  ffffff80  |  PASS  | PASS                 |
# UVM_INFO C:/Documents/DoAnThietKeViMach/Project/SoC/VERIFICATION/Scoreboard/cpu_scoreboard.sv(357) @ 4015000: uvm_test_top.env.scoreboard [SCB] | x13 |  ffffff80  |  ffffff80  |  PASS  | PASS                 |
# UVM_INFO C:/Documents/DoAnThietKeViMach/Project/SoC/VERIFICATION/Scoreboard/cpu_scoreboard.sv(357) @ 4015000: uvm_test_top.env.scoreboard [SCB] | x14 |  0000ff80  |  0000ff80  |  PASS  | PASS                 |
# UVM_INFO C:/Documents/DoAnThietKeViMach/Project/SoC/VERIFICATION/Scoreboard/cpu_scoreboard.sv(357) @ 4015000: uvm_test_top.env.scoreboard [SCB] | x15 |  0000ff80  |  0000ff80  |  PASS  | PASS                 |
# UVM_INFO C:/Documents/DoAnThietKeViMach/Project/SoC/VERIFICATION/Scoreboard/cpu_scoreboard.sv(357) @ 4015000: uvm_test_top.env.scoreboard [SCB] | x16 |  00000000  |  00000000  |  PASS  | PASS                 |
# UVM_INFO C:/Documents/DoAnThietKeViMach/Project/SoC/VERIFICATION/Scoreboard/cpu_scoreboard.sv(357) @ 4015000: uvm_test_top.env.scoreboard [SCB] | x17 |  00000000  |  00000000  |  PASS  | PASS                 |
# UVM_INFO C:/Documents/DoAnThietKeViMach/Project/SoC/VERIFICATION/Scoreboard/cpu_scoreboard.sv(357) @ 4015000: uvm_test_top.env.scoreboard [SCB] | x18 |  00000000  |  00000000  |  PASS  | PASS                 |
# UVM_INFO C:/Documents/DoAnThietKeViMach/Project/SoC/VERIFICATION/Scoreboard/cpu_scoreboard.sv(357) @ 4015000: uvm_test_top.env.scoreboard [SCB] | x19 |  00000000  |  00000000  |  PASS  | PASS                 |
# UVM_INFO C:/Documents/DoAnThietKeViMach/Project/SoC/VERIFICATION/Scoreboard/cpu_scoreboard.sv(357) @ 4015000: uvm_test_top.env.scoreboard [SCB] | x20 |  00000000  |  00000000  |  PASS  | PASS                 |
# UVM_INFO C:/Documents/DoAnThietKeViMach/Project/SoC/VERIFICATION/Scoreboard/cpu_scoreboard.sv(357) @ 4015000: uvm_test_top.env.scoreboard [SCB] | x21 |  00000000  |  00000000  |  PASS  | PASS                 |
# UVM_INFO C:/Documents/DoAnThietKeViMach/Project/SoC/VERIFICATION/Scoreboard/cpu_scoreboard.sv(357) @ 4015000: uvm_test_top.env.scoreboard [SCB] | x22 |  00000000  |  00000000  |  PASS  | PASS                 |
# UVM_INFO C:/Documents/DoAnThietKeViMach/Project/SoC/VERIFICATION/Scoreboard/cpu_scoreboard.sv(357) @ 4015000: uvm_test_top.env.scoreboard [SCB] | x23 |  00000000  |  00000000  |  PASS  | PASS                 |
# UVM_INFO C:/Documents/DoAnThietKeViMach/Project/SoC/VERIFICATION/Scoreboard/cpu_scoreboard.sv(357) @ 4015000: uvm_test_top.env.scoreboard [SCB] | x24 |  00000000  |  00000000  |  PASS  | PASS                 |
# UVM_INFO C:/Documents/DoAnThietKeViMach/Project/SoC/VERIFICATION/Scoreboard/cpu_scoreboard.sv(357) @ 4015000: uvm_test_top.env.scoreboard [SCB] | x25 |  00000000  |  00000000  |  PASS  | PASS                 |
# UVM_INFO C:/Documents/DoAnThietKeViMach/Project/SoC/VERIFICATION/Scoreboard/cpu_scoreboard.sv(357) @ 4015000: uvm_test_top.env.scoreboard [SCB] | x26 |  00000000  |  00000000  |  PASS  | PASS                 |
# UVM_INFO C:/Documents/DoAnThietKeViMach/Project/SoC/VERIFICATION/Scoreboard/cpu_scoreboard.sv(357) @ 4015000: uvm_test_top.env.scoreboard [SCB] | x27 |  00000000  |  00000000  |  PASS  | PASS                 |
# UVM_INFO C:/Documents/DoAnThietKeViMach/Project/SoC/VERIFICATION/Scoreboard/cpu_scoreboard.sv(357) @ 4015000: uvm_test_top.env.scoreboard [SCB] | x28 |  00000000  |  00000000  |  PASS  | PASS                 |
# UVM_INFO C:/Documents/DoAnThietKeViMach/Project/SoC/VERIFICATION/Scoreboard/cpu_scoreboard.sv(357) @ 4015000: uvm_test_top.env.scoreboard [SCB] | x29 |  00000000  |  00000000  |  PASS  | PASS                 |
# UVM_INFO C:/Documents/DoAnThietKeViMach/Project/SoC/VERIFICATION/Scoreboard/cpu_scoreboard.sv(357) @ 4015000: uvm_test_top.env.scoreboard [SCB] | x30 |  100003f0  |  100003f0  |  PASS  | PASS                 |
# UVM_INFO C:/Documents/DoAnThietKeViMach/Project/SoC/VERIFICATION/Scoreboard/cpu_scoreboard.sv(357) @ 4015000: uvm_test_top.env.scoreboard [SCB] | x31 |  0000005a  |  0000005a  |  PASS  | PASS                 |
# UVM_INFO C:/Documents/DoAnThietKeViMach/Project/SoC/VERIFICATION/Scoreboard/cpu_scoreboard.sv(360) @ 4015000: uvm_test_top.env.scoreboard [SCB] --------------------------------------------------------------
# UVM_INFO C:/Documents/DoAnThietKeViMach/Project/SoC/VERIFICATION/Scoreboard/cpu_scoreboard.sv(367) @ 4015000: uvm_test_top.env.scoreboard [SCB]  Total WB events : 80      PASS : 32    FAIL : 0     SKIP : 0  
# UVM_INFO C:/Documents/DoAnThietKeViMach/Project/SoC/VERIFICATION/Scoreboard/cpu_scoreboard.sv(370) @ 4015000: uvm_test_top.env.scoreboard [SCB]  AXI Write Errors : 0     AXI Read Errors : 0  
# UVM_INFO C:/Documents/DoAnThietKeViMach/Project/SoC/VERIFICATION/Scoreboard/cpu_scoreboard.sv(379) @ 4015000: uvm_test_top.env.scoreboard [SCB]  AXI Data Errors  : 0     DRAM W/R : 7/5   TIMER:0 UART:0 SPI:0
# UVM_INFO C:/Documents/DoAnThietKeViMach/Project/SoC/VERIFICATION/Scoreboard/cpu_scoreboard.sv(385) @ 4015000: uvm_test_top.env.scoreboard [SCB]  AXI Read Checks  : PASS:5 FAIL:0 SKIP:0
# UVM_INFO C:/Documents/DoAnThietKeViMach/Project/SoC/VERIFICATION/Scoreboard/cpu_scoreboard.sv(386) @ 4015000: uvm_test_top.env.scoreboard [SCB] ==============================================================
# UVM_INFO C:/Documents/DoAnThietKeViMach/Project/SoC/VERIFICATION/Scoreboard/cpu_scoreboard.sv(387) @ 4015000: uvm_test_top.env.scoreboard [SCB] 
# UVM_INFO C:/Documents/DoAnThietKeViMach/Project/SoC/VERIFICATION/Scoreboard/cpu_scoreboard.sv(399) @ 4015000: uvm_test_top.env.scoreboard [SCB] SIMULATION PASSED: all registers and AXI reads match expected
# UVM_INFO C:/Documents/DoAnThietKeViMach/Project/SoC/VERIFICATION/Scoreboard/cpu_scoreboard.sv(404) @ 4015000: uvm_test_top.env.scoreboard [SOC_SW] SOC_SOFTWARE SELF CHECK PASS
# UVM_INFO C:/Documents/DoAnThietKeViMach/Project/SoC/VERIFICATION/Coverage/cpu_coverage.sv(141) @ 4015000: uvm_test_top.env.coverage [CPU_COV] 
# UVM_INFO C:/Documents/DoAnThietKeViMach/Project/SoC/VERIFICATION/Coverage/cpu_coverage.sv(142) @ 4015000: uvm_test_top.env.coverage [CPU_COV] ======================================================
# UVM_INFO C:/Documents/DoAnThietKeViMach/Project/SoC/VERIFICATION/Coverage/cpu_coverage.sv(143) @ 4015000: uvm_test_top.env.coverage [CPU_COV]               CPU FUNCTIONAL COVERAGE REPORT          
# UVM_INFO C:/Documents/DoAnThietKeViMach/Project/SoC/VERIFICATION/Coverage/cpu_coverage.sv(144) @ 4015000: uvm_test_top.env.coverage [CPU_COV] ======================================================
# UVM_INFO C:/Documents/DoAnThietKeViMach/Project/SoC/VERIFICATION/Coverage/cpu_coverage.sv(146) @ 4015000: uvm_test_top.env.coverage [CPU_COV]  Opcode Coverage         :  71.43%  (target >90%)
# UVM_INFO C:/Documents/DoAnThietKeViMach/Project/SoC/VERIFICATION/Coverage/cpu_coverage.sv(147) @ 4015000: uvm_test_top.env.coverage [CPU_COV]  ALU Instruction Coverage:  10.00%  (target >85%)
# UVM_INFO C:/Documents/DoAnThietKeViMach/Project/SoC/VERIFICATION/Coverage/cpu_coverage.sv(148) @ 4015000: uvm_test_top.env.coverage [CPU_COV]  Branch Coverage         :  33.33%  (target >80%)
# UVM_INFO C:/Documents/DoAnThietKeViMach/Project/SoC/VERIFICATION/Coverage/cpu_coverage.sv(149) @ 4015000: uvm_test_top.env.coverage [CPU_COV]  Register Operand Cover  :  92.50%  (target >85%)
# UVM_INFO C:/Documents/DoAnThietKeViMach/Project/SoC/VERIFICATION/Coverage/cpu_coverage.sv(150) @ 4015000: uvm_test_top.env.coverage [CPU_COV]  PC Alignment Coverage   : 100.00%  (target 100%)
# UVM_INFO C:/Documents/DoAnThietKeViMach/Project/SoC/VERIFICATION/Coverage/cpu_coverage.sv(152) @ 4015000: uvm_test_top.env.coverage [CPU_COV] ------------------------------------------------------
# UVM_INFO C:/Documents/DoAnThietKeViMach/Project/SoC/VERIFICATION/Coverage/cpu_coverage.sv(153) @ 4015000: uvm_test_top.env.coverage [CPU_COV]  TOTAL (avg)             :  61.45%  (target >90%)
# UVM_INFO C:/Documents/DoAnThietKeViMach/Project/SoC/VERIFICATION/Coverage/cpu_coverage.sv(154) @ 4015000: uvm_test_top.env.coverage [CPU_COV] ======================================================
# UVM_INFO C:/Documents/DoAnThietKeViMach/Project/SoC/VERIFICATION/Coverage/cpu_coverage.sv(155) @ 4015000: uvm_test_top.env.coverage [CPU_COV] 
# UVM_WARNING C:/Documents/DoAnThietKeViMach/Project/SoC/VERIFICATION/Coverage/cpu_coverage.sv(157) @ 4015000: uvm_test_top.env.coverage [CPU_COV] Opcode coverage 71.4% < 90% target
# UVM_WARNING C:/Documents/DoAnThietKeViMach/Project/SoC/VERIFICATION/Coverage/cpu_coverage.sv(158) @ 4015000: uvm_test_top.env.coverage [CPU_COV] ALU coverage 10.0% < 85% target
# UVM_WARNING C:/Documents/DoAnThietKeViMach/Project/SoC/VERIFICATION/Coverage/cpu_coverage.sv(159) @ 4015000: uvm_test_top.env.coverage [CPU_COV] Branch coverage 33.3% < 80% target
# 
# --- UVM Report Summary ---
# 
# ** Report counts by severity
# UVM_INFO :  397
# UVM_WARNING :    3
# UVM_ERROR :    0
# UVM_FATAL :    0
# ** Report counts by id
# [AXI_RD]    92
# [AXI_WR]     7
# [CPU_COV]    16
# [CPU_MON]     2
# [IF]    86
# [MEM]    56
# [Questa UVM]     2
# [RNTST]     1
# [SCB]    47
# [SCB_PASS]     5
# [SOC_SW]     2
# [TEST]     3
# [TEST_DONE]     1
# [WB]    80
# ** Note: $finish    : C:/app/QuestaSim/win64/../verilog_src/uvm-1.1d/src/base/uvm_root.svh(430)
#    Time: 4015 ns  Iteration: 57  Instance: /top_tb
