#-----------------------------------------------------------
# Vivado v2024.2 (64-bit)
# SW Build 5239630 on Fri Nov 08 22:34:34 MST 2024
# IP Build 5239520 on Sun Nov 10 16:12:51 MST 2024
# SharedData Build 5239561 on Fri Nov 08 14:39:27 MST 2024
# Start of session at: Sat Apr  4 11:44:37 2026
# Process ID         : 893954
# Current directory  : /home/khang/Documents/SystemVerilog/SoC-RV32I/Vivado
# Command line       : vivado
# Log file           : /home/khang/Documents/SystemVerilog/SoC-RV32I/Vivado/vivado.log
# Journal file       : /home/khang/Documents/SystemVerilog/SoC-RV32I/Vivado/vivado.jou
# Running On         : VirtMach
# Platform           : Ubuntu
# Operating System   : Ubuntu 24.04.3 LTS
# Processor Detail   : 12th Gen Intel(R) Core(TM) i7-12700F
# CPU Frequency      : 2111.999 MHz
# CPU Physical cores : 20
# CPU Logical cores  : 20
# Host memory        : 50466 MB
# Swap memory        : 127999 MB
# Total Virtual      : 178466 MB
# Available Virtual  : 158251 MB
#-----------------------------------------------------------
start_gui
create_project rv32i /home/khang/Documents/SystemVerilog/SoC-RV32I/Vivado/rv32i -part xcvu37p-fsvh2892-2L-e
INFO: [IP_Flow 19-234] Refreshing IP repositories
INFO: [IP_Flow 19-1704] No user IP repositories specified
INFO: [IP_Flow 19-2313] Loaded Vivado IP repository '/tools/Xilinx/Vivado/2024.2/data/ip'.
set_property board_part xilinx.com:vcu128:part0:1.0 [current_project]
add_files {/home/khang/Documents/SystemVerilog/SoC-RV32I/SoC/DUT/CPU/data_mem.sv /home/khang/Documents/SystemVerilog/SoC-RV32I/SoC/DUT/Master/LSU.sv /home/khang/Documents/SystemVerilog/SoC-RV32I/SoC/DUT/CPU/instr_mem.sv /home/khang/Documents/SystemVerilog/SoC-RV32I/SoC/DUT/TOP.sv /home/khang/Documents/SystemVerilog/SoC-RV32I/SoC/DUT/Slaves/RAM.sv /home/khang/Documents/SystemVerilog/SoC-RV32I/SoC/DUT/CPU/ALU.sv /home/khang/Documents/SystemVerilog/SoC-RV32I/SoC/DUT/AXI4_Lite_Interconnect.sv /home/khang/Documents/SystemVerilog/SoC-RV32I/SoC/DUT/CPU/ALUControl.sv /home/khang/Documents/SystemVerilog/SoC-RV32I/SoC/DUT/CPU/HazardUnit.sv /home/khang/Documents/SystemVerilog/SoC-RV32I/SoC/DUT/CPU/MainDecoder.sv /home/khang/Documents/SystemVerilog/SoC-RV32I/SoC/DUT/CPU/pc.sv /home/khang/Documents/SystemVerilog/SoC-RV32I/SoC/DUT/Master/CPU.sv /home/khang/Documents/SystemVerilog/SoC-RV32I/SoC/DUT/Slaves/UART.sv /home/khang/Documents/SystemVerilog/SoC-RV32I/SoC/DUT/CPU/ControlUnit.sv /home/khang/Documents/SystemVerilog/SoC-RV32I/SoC/DUT/CPU/RegFile.sv /home/khang/Documents/SystemVerilog/SoC-RV32I/SoC/DUT/CPU/IF_ID.sv /home/khang/Documents/SystemVerilog/SoC-RV32I/SoC/DUT/CPU/ID_EX.sv /home/khang/Documents/SystemVerilog/SoC-RV32I/SoC/DUT/CPU/signExtend.sv /home/khang/Documents/SystemVerilog/SoC-RV32I/SoC/DUT/CPU/MEM_WB.sv /home/khang/Documents/SystemVerilog/SoC-RV32I/SoC/DUT/CPU/EX_MEM.sv /home/khang/Documents/SystemVerilog/SoC-RV32I/SoC/DUT/AXI_Master.sv /home/khang/Documents/SystemVerilog/SoC-RV32I/SoC/DUT/Slaves/SPI.sv /home/khang/Documents/SystemVerilog/SoC-RV32I/SoC/DUT/Slaves/Timer.sv}
update_compile_order -fileset sources_1
update_compile_order -fileset sources_1
update_compile_order -fileset sources_1
update_compile_order -fileset sources_1
update_compile_order -fileset sources_1
remove_files  /home/khang/Documents/SystemVerilog/SoC-RV32I/SoC/DUT/CPU/data_mem.sv
WARNING: [filemgmt 56-199] Attempt to get parsing info during refresh. "On-the-fly" syntax checking information may be incorrect. [/home/khang/Documents/SystemVerilog/SoC-RV32I/SoC/DUT/TOP.sv:]
WARNING: [filemgmt 56-199] Attempt to get parsing info during refresh. "On-the-fly" syntax checking information may be incorrect. [/home/khang/Documents/SystemVerilog/SoC-RV32I/SoC/DUT/AXI_Master.sv:]
WARNING: [filemgmt 56-199] Attempt to get parsing info during refresh. "On-the-fly" syntax checking information may be incorrect. [/home/khang/Documents/SystemVerilog/SoC-RV32I/SoC/DUT/AXI_Master.sv:]
WARNING: [filemgmt 56-199] Attempt to get parsing info during refresh. "On-the-fly" syntax checking information may be incorrect. [/home/khang/Documents/SystemVerilog/SoC-RV32I/SoC/DUT/AXI_Master.sv:]
launch_runs impl_1 -jobs 10
[Sat Apr  4 12:28:43 2026] Launched synth_1...
Run output will be captured here: /home/khang/Documents/SystemVerilog/SoC-RV32I/Vivado/rv32i/rv32i.runs/synth_1/runme.log
[Sat Apr  4 12:28:44 2026] Launched impl_1...
Run output will be captured here: /home/khang/Documents/SystemVerilog/SoC-RV32I/Vivado/rv32i/rv32i.runs/impl_1/runme.log
set_property board_part xilinx.com:zcu104:part0:1.1 [current_project]
WARNING: [Project 1-153] The current project device 'xcvu37p-fsvh2892-2l-e' does not match with the device on the 'XILINX.COM:ZCU104:PART0:1.1' board part. A device change to match the device on 'XILINX.COM:ZCU104:PART0:1.1' board part is being done. Please upgrade the IP in the project via the upgrade_ip command or by selecting Reports => Reports IP Status.
WARNING: [Ipconfig 75-871] Could not load NoC clock tree from device
WARNING: [Ipconfig 75-570] Unable to create NoC or AIE Models.
INFO: [Project 1-152] Project part set to zynquplus (xczu7ev-ffvc1156-2-e)
reset_property board_connections [get_projects rv32i]
reset_run synth_1
launch_runs impl_1 -jobs 10
[Sat Apr  4 12:29:43 2026] Launched synth_1...
Run output will be captured here: /home/khang/Documents/SystemVerilog/SoC-RV32I/Vivado/rv32i/rv32i.runs/synth_1/runme.log
[Sat Apr  4 12:29:43 2026] Launched impl_1...
Run output will be captured here: /home/khang/Documents/SystemVerilog/SoC-RV32I/Vivado/rv32i/rv32i.runs/impl_1/runme.log
add_files -norecurse /home/khang/Documents/SystemVerilog/SoC-RV32I/Sim/instr.mem
reset_run synth_1
launch_runs impl_1 -jobs 10
[Sat Apr  4 12:30:51 2026] Launched synth_1...
Run output will be captured here: /home/khang/Documents/SystemVerilog/SoC-RV32I/Vivado/rv32i/rv32i.runs/synth_1/runme.log
[Sat Apr  4 12:30:51 2026] Launched impl_1...
Run output will be captured here: /home/khang/Documents/SystemVerilog/SoC-RV32I/Vivado/rv32i/rv32i.runs/impl_1/runme.log
WARNING: [filemgmt 56-199] Attempt to get parsing info during refresh. "On-the-fly" syntax checking information may be incorrect. [/home/khang/Documents/SystemVerilog/SoC-RV32I/SoC/DUT/TOP.sv:]
WARNING: [filemgmt 56-199] Attempt to get parsing info during refresh. "On-the-fly" syntax checking information may be incorrect. [/home/khang/Documents/SystemVerilog/SoC-RV32I/SoC/DUT/Slaves/RAM.sv:]
WARNING: [filemgmt 56-199] Attempt to get parsing info during refresh. "On-the-fly" syntax checking information may be incorrect. [/home/khang/Documents/SystemVerilog/SoC-RV32I/SoC/DUT/Slaves/RAM.sv:]
WARNING: [filemgmt 56-199] Attempt to get parsing info during refresh. "On-the-fly" syntax checking information may be incorrect. [/home/khang/Documents/SystemVerilog/SoC-RV32I/SoC/DUT/Slaves/RAM.sv:]
reset_run synth_1
launch_runs impl_1 -jobs 10
[Sat Apr  4 12:31:47 2026] Launched synth_1...
Run output will be captured here: /home/khang/Documents/SystemVerilog/SoC-RV32I/Vivado/rv32i/rv32i.runs/synth_1/runme.log
[Sat Apr  4 12:31:47 2026] Launched impl_1...
Run output will be captured here: /home/khang/Documents/SystemVerilog/SoC-RV32I/Vivado/rv32i/rv32i.runs/impl_1/runme.log
WARNING: [filemgmt 56-199] Attempt to get parsing info during refresh. "On-the-fly" syntax checking information may be incorrect. [/home/khang/Documents/SystemVerilog/SoC-RV32I/SoC/DUT/TOP.sv:]
WARNING: [filemgmt 56-199] Attempt to get parsing info during refresh. "On-the-fly" syntax checking information may be incorrect. [/home/khang/Documents/SystemVerilog/SoC-RV32I/SoC/DUT/Slaves/RAM.sv:]
WARNING: [filemgmt 56-199] Attempt to get parsing info during refresh. "On-the-fly" syntax checking information may be incorrect. [/home/khang/Documents/SystemVerilog/SoC-RV32I/SoC/DUT/Slaves/RAM.sv:]
WARNING: [filemgmt 56-199] Attempt to get parsing info during refresh. "On-the-fly" syntax checking information may be incorrect. [/home/khang/Documents/SystemVerilog/SoC-RV32I/SoC/DUT/Slaves/RAM.sv:]
WARNING: [filemgmt 56-199] Attempt to get parsing info during refresh. "On-the-fly" syntax checking information may be incorrect. [/home/khang/Documents/SystemVerilog/SoC-RV32I/SoC/DUT/TOP.sv:]
WARNING: [filemgmt 56-199] Attempt to get parsing info during refresh. "On-the-fly" syntax checking information may be incorrect. [/home/khang/Documents/SystemVerilog/SoC-RV32I/SoC/DUT/Slaves/RAM.sv:]
WARNING: [filemgmt 56-199] Attempt to get parsing info during refresh. "On-the-fly" syntax checking information may be incorrect. [/home/khang/Documents/SystemVerilog/SoC-RV32I/SoC/DUT/Slaves/RAM.sv:]
WARNING: [filemgmt 56-199] Attempt to get parsing info during refresh. "On-the-fly" syntax checking information may be incorrect. [/home/khang/Documents/SystemVerilog/SoC-RV32I/SoC/DUT/Slaves/RAM.sv:]
WARNING: [filemgmt 56-199] Attempt to get parsing info during refresh. "On-the-fly" syntax checking information may be incorrect. [/home/khang/Documents/SystemVerilog/SoC-RV32I/SoC/DUT/TOP.sv:]
WARNING: [filemgmt 56-199] Attempt to get parsing info during refresh. "On-the-fly" syntax checking information may be incorrect. [/home/khang/Documents/SystemVerilog/SoC-RV32I/SoC/DUT/Slaves/RAM.sv:]
WARNING: [filemgmt 56-199] Attempt to get parsing info during refresh. "On-the-fly" syntax checking information may be incorrect. [/home/khang/Documents/SystemVerilog/SoC-RV32I/SoC/DUT/TOP.sv:]
WARNING: [filemgmt 56-199] Attempt to get parsing info during refresh. "On-the-fly" syntax checking information may be incorrect. [/home/khang/Documents/SystemVerilog/SoC-RV32I/SoC/DUT/TOP.sv:]
update_compile_order -fileset sources_1
WARNING: [filemgmt 56-199] Attempt to get parsing info during refresh. "On-the-fly" syntax checking information may be incorrect. [/home/khang/Documents/SystemVerilog/SoC-RV32I/SoC/DUT/TOP.sv:]
WARNING: [filemgmt 56-199] Attempt to get parsing info during refresh. "On-the-fly" syntax checking information may be incorrect. [/home/khang/Documents/SystemVerilog/SoC-RV32I/SoC/DUT/Slaves/RAM.sv:]
WARNING: [filemgmt 56-199] Attempt to get parsing info during refresh. "On-the-fly" syntax checking information may be incorrect. [/home/khang/Documents/SystemVerilog/SoC-RV32I/SoC/DUT/TOP.sv:]
WARNING: [filemgmt 56-199] Attempt to get parsing info during refresh. "On-the-fly" syntax checking information may be incorrect. [/home/khang/Documents/SystemVerilog/SoC-RV32I/SoC/DUT/TOP.sv:]
WARNING: [filemgmt 56-199] Attempt to get parsing info during refresh. "On-the-fly" syntax checking information may be incorrect. [/home/khang/Documents/SystemVerilog/SoC-RV32I/SoC/DUT/TOP.sv:]
WARNING: [filemgmt 56-199] Attempt to get parsing info during refresh. "On-the-fly" syntax checking information may be incorrect. [/home/khang/Documents/SystemVerilog/SoC-RV32I/SoC/DUT/Slaves/RAM.sv:]
WARNING: [filemgmt 56-199] Attempt to get parsing info during refresh. "On-the-fly" syntax checking information may be incorrect. [/home/khang/Documents/SystemVerilog/SoC-RV32I/SoC/DUT/Slaves/RAM.sv:]
WARNING: [filemgmt 56-199] Attempt to get parsing info during refresh. "On-the-fly" syntax checking information may be incorrect. [/home/khang/Documents/SystemVerilog/SoC-RV32I/SoC/DUT/Slaves/RAM.sv:]
WARNING: [filemgmt 56-199] Attempt to get parsing info during refresh. "On-the-fly" syntax checking information may be incorrect. [/home/khang/Documents/SystemVerilog/SoC-RV32I/SoC/DUT/TOP.sv:]
WARNING: [filemgmt 56-199] Attempt to get parsing info during refresh. "On-the-fly" syntax checking information may be incorrect. [/home/khang/Documents/SystemVerilog/SoC-RV32I/SoC/DUT/Slaves/RAM.sv:]
WARNING: [filemgmt 56-199] Attempt to get parsing info during refresh. "On-the-fly" syntax checking information may be incorrect. [/home/khang/Documents/SystemVerilog/SoC-RV32I/SoC/DUT/Slaves/RAM.sv:]
WARNING: [filemgmt 56-199] Attempt to get parsing info during refresh. "On-the-fly" syntax checking information may be incorrect. [/home/khang/Documents/SystemVerilog/SoC-RV32I/SoC/DUT/Slaves/RAM.sv:]
update_compile_order -fileset sources_1
WARNING: [filemgmt 56-199] Attempt to get parsing info during refresh. "On-the-fly" syntax checking information may be incorrect. [/home/khang/Documents/SystemVerilog/SoC-RV32I/SoC/DUT/TOP.sv:]
WARNING: [filemgmt 56-199] Attempt to get parsing info during refresh. "On-the-fly" syntax checking information may be incorrect. [/home/khang/Documents/SystemVerilog/SoC-RV32I/SoC/DUT/Slaves/RAM.sv:]
WARNING: [filemgmt 56-199] Attempt to get parsing info during refresh. "On-the-fly" syntax checking information may be incorrect. [/home/khang/Documents/SystemVerilog/SoC-RV32I/SoC/DUT/Slaves/RAM.sv:]
WARNING: [filemgmt 56-199] Attempt to get parsing info during refresh. "On-the-fly" syntax checking information may be incorrect. [/home/khang/Documents/SystemVerilog/SoC-RV32I/SoC/DUT/Slaves/RAM.sv:]
WARNING: [filemgmt 56-199] Attempt to get parsing info during refresh. "On-the-fly" syntax checking information may be incorrect. [/home/khang/Documents/SystemVerilog/SoC-RV32I/SoC/DUT/TOP.sv:]
WARNING: [filemgmt 56-199] Attempt to get parsing info during refresh. "On-the-fly" syntax checking information may be incorrect. [/home/khang/Documents/SystemVerilog/SoC-RV32I/SoC/DUT/Slaves/RAM.sv:]
WARNING: [filemgmt 56-199] Attempt to get parsing info during refresh. "On-the-fly" syntax checking information may be incorrect. [/home/khang/Documents/SystemVerilog/SoC-RV32I/SoC/DUT/Slaves/UART.sv:]
WARNING: [filemgmt 56-199] Attempt to get parsing info during refresh. "On-the-fly" syntax checking information may be incorrect. [/home/khang/Documents/SystemVerilog/SoC-RV32I/SoC/DUT/Slaves/Timer.sv:]
WARNING: [filemgmt 56-199] Attempt to get parsing info during refresh. "On-the-fly" syntax checking information may be incorrect. [/home/khang/Documents/SystemVerilog/SoC-RV32I/SoC/DUT/Slaves/RAM.sv:]
WARNING: [filemgmt 56-199] Attempt to get parsing info during refresh. "On-the-fly" syntax checking information may be incorrect. [/home/khang/Documents/SystemVerilog/SoC-RV32I/SoC/DUT/Slaves/RAM.sv:]
WARNING: [filemgmt 56-199] Attempt to get parsing info during refresh. "On-the-fly" syntax checking information may be incorrect. [/home/khang/Documents/SystemVerilog/SoC-RV32I/SoC/DUT/TOP.sv:]
WARNING: [filemgmt 56-199] Attempt to get parsing info during refresh. "On-the-fly" syntax checking information may be incorrect. [/home/khang/Documents/SystemVerilog/SoC-RV32I/SoC/DUT/Slaves/RAM.sv:]
WARNING: [filemgmt 56-199] Attempt to get parsing info during refresh. "On-the-fly" syntax checking information may be incorrect. [/home/khang/Documents/SystemVerilog/SoC-RV32I/SoC/DUT/Slaves/UART.sv:]
WARNING: [filemgmt 56-199] Attempt to get parsing info during refresh. "On-the-fly" syntax checking information may be incorrect. [/home/khang/Documents/SystemVerilog/SoC-RV32I/SoC/DUT/Slaves/Timer.sv:]
WARNING: [filemgmt 56-199] Attempt to get parsing info during refresh. "On-the-fly" syntax checking information may be incorrect. [/home/khang/Documents/SystemVerilog/SoC-RV32I/SoC/DUT/Slaves/UART.sv:]
WARNING: [filemgmt 56-199] Attempt to get parsing info during refresh. "On-the-fly" syntax checking information may be incorrect. [/home/khang/Documents/SystemVerilog/SoC-RV32I/SoC/DUT/Slaves/UART.sv:]
WARNING: [filemgmt 56-199] Attempt to get parsing info during refresh. "On-the-fly" syntax checking information may be incorrect. [/home/khang/Documents/SystemVerilog/SoC-RV32I/SoC/DUT/TOP.sv:]
WARNING: [filemgmt 56-199] Attempt to get parsing info during refresh. "On-the-fly" syntax checking information may be incorrect. [/home/khang/Documents/SystemVerilog/SoC-RV32I/SoC/DUT/Slaves/RAM.sv:]
WARNING: [filemgmt 56-199] Attempt to get parsing info during refresh. "On-the-fly" syntax checking information may be incorrect. [/home/khang/Documents/SystemVerilog/SoC-RV32I/SoC/DUT/Slaves/UART.sv:]
WARNING: [filemgmt 56-199] Attempt to get parsing info during refresh. "On-the-fly" syntax checking information may be incorrect. [/home/khang/Documents/SystemVerilog/SoC-RV32I/SoC/DUT/Slaves/Timer.sv:]
WARNING: [filemgmt 56-199] Attempt to get parsing info during refresh. "On-the-fly" syntax checking information may be incorrect. [/home/khang/Documents/SystemVerilog/SoC-RV32I/SoC/DUT/Slaves/Timer.sv:]
WARNING: [filemgmt 56-199] Attempt to get parsing info during refresh. "On-the-fly" syntax checking information may be incorrect. [/home/khang/Documents/SystemVerilog/SoC-RV32I/SoC/DUT/Slaves/Timer.sv:]
WARNING: [filemgmt 56-199] Attempt to get parsing info during refresh. "On-the-fly" syntax checking information may be incorrect. [/home/khang/Documents/SystemVerilog/SoC-RV32I/SoC/DUT/TOP.sv:]
WARNING: [filemgmt 56-199] Attempt to get parsing info during refresh. "On-the-fly" syntax checking information may be incorrect. [/home/khang/Documents/SystemVerilog/SoC-RV32I/SoC/DUT/Slaves/RAM.sv:]
WARNING: [filemgmt 56-199] Attempt to get parsing info during refresh. "On-the-fly" syntax checking information may be incorrect. [/home/khang/Documents/SystemVerilog/SoC-RV32I/SoC/DUT/Slaves/UART.sv:]
WARNING: [filemgmt 56-199] Attempt to get parsing info during refresh. "On-the-fly" syntax checking information may be incorrect. [/home/khang/Documents/SystemVerilog/SoC-RV32I/SoC/DUT/Slaves/SPI.sv:]
WARNING: [filemgmt 56-199] Attempt to get parsing info during refresh. "On-the-fly" syntax checking information may be incorrect. [/home/khang/Documents/SystemVerilog/SoC-RV32I/SoC/DUT/Slaves/Timer.sv:]
WARNING: [filemgmt 56-199] Attempt to get parsing info during refresh. "On-the-fly" syntax checking information may be incorrect. [/home/khang/Documents/SystemVerilog/SoC-RV32I/SoC/DUT/TOP.sv:]
WARNING: [filemgmt 56-199] Attempt to get parsing info during refresh. "On-the-fly" syntax checking information may be incorrect. [/home/khang/Documents/SystemVerilog/SoC-RV32I/SoC/DUT/TOP.sv:]
WARNING: [filemgmt 56-199] Attempt to get parsing info during refresh. "On-the-fly" syntax checking information may be incorrect. [/home/khang/Documents/SystemVerilog/SoC-RV32I/SoC/DUT/TOP.sv:]
WARNING: [filemgmt 56-199] Attempt to get parsing info during refresh. "On-the-fly" syntax checking information may be incorrect. [/home/khang/Documents/SystemVerilog/SoC-RV32I/SoC/DUT/Slaves/RAM.sv:]
WARNING: [filemgmt 56-199] Attempt to get parsing info during refresh. "On-the-fly" syntax checking information may be incorrect. [/home/khang/Documents/SystemVerilog/SoC-RV32I/SoC/DUT/Slaves/UART.sv:]
WARNING: [filemgmt 56-199] Attempt to get parsing info during refresh. "On-the-fly" syntax checking information may be incorrect. [/home/khang/Documents/SystemVerilog/SoC-RV32I/SoC/DUT/Slaves/SPI.sv:]
WARNING: [filemgmt 56-199] Attempt to get parsing info during refresh. "On-the-fly" syntax checking information may be incorrect. [/home/khang/Documents/SystemVerilog/SoC-RV32I/SoC/DUT/Slaves/Timer.sv:]
WARNING: [filemgmt 56-199] Attempt to get parsing info during refresh. "On-the-fly" syntax checking information may be incorrect. [/home/khang/Documents/SystemVerilog/SoC-RV32I/SoC/DUT/Slaves/UART.sv:]
WARNING: [filemgmt 56-199] Attempt to get parsing info during refresh. "On-the-fly" syntax checking information may be incorrect. [/home/khang/Documents/SystemVerilog/SoC-RV32I/SoC/DUT/Slaves/UART.sv:]
WARNING: [filemgmt 56-199] Attempt to get parsing info during refresh. "On-the-fly" syntax checking information may be incorrect. [/home/khang/Documents/SystemVerilog/SoC-RV32I/SoC/DUT/TOP.sv:]
WARNING: [filemgmt 56-199] Attempt to get parsing info during refresh. "On-the-fly" syntax checking information may be incorrect. [/home/khang/Documents/SystemVerilog/SoC-RV32I/SoC/DUT/Slaves/RAM.sv:]
WARNING: [filemgmt 56-199] Attempt to get parsing info during refresh. "On-the-fly" syntax checking information may be incorrect. [/home/khang/Documents/SystemVerilog/SoC-RV32I/SoC/DUT/Slaves/UART.sv:]
WARNING: [filemgmt 56-199] Attempt to get parsing info during refresh. "On-the-fly" syntax checking information may be incorrect. [/home/khang/Documents/SystemVerilog/SoC-RV32I/SoC/DUT/Slaves/SPI.sv:]
WARNING: [filemgmt 56-199] Attempt to get parsing info during refresh. "On-the-fly" syntax checking information may be incorrect. [/home/khang/Documents/SystemVerilog/SoC-RV32I/SoC/DUT/Slaves/Timer.sv:]
WARNING: [filemgmt 56-199] Attempt to get parsing info during refresh. "On-the-fly" syntax checking information may be incorrect. [/home/khang/Documents/SystemVerilog/SoC-RV32I/SoC/DUT/Slaves/Timer.sv:]
WARNING: [filemgmt 56-199] Attempt to get parsing info during refresh. "On-the-fly" syntax checking information may be incorrect. [/home/khang/Documents/SystemVerilog/SoC-RV32I/SoC/DUT/Slaves/Timer.sv:]
WARNING: [filemgmt 56-199] Attempt to get parsing info during refresh. "On-the-fly" syntax checking information may be incorrect. [/home/khang/Documents/SystemVerilog/SoC-RV32I/SoC/DUT/TOP.sv:]
WARNING: [filemgmt 56-199] Attempt to get parsing info during refresh. "On-the-fly" syntax checking information may be incorrect. [/home/khang/Documents/SystemVerilog/SoC-RV32I/SoC/DUT/Slaves/RAM.sv:]
WARNING: [filemgmt 56-199] Attempt to get parsing info during refresh. "On-the-fly" syntax checking information may be incorrect. [/home/khang/Documents/SystemVerilog/SoC-RV32I/SoC/DUT/Slaves/UART.sv:]
WARNING: [filemgmt 56-199] Attempt to get parsing info during refresh. "On-the-fly" syntax checking information may be incorrect. [/home/khang/Documents/SystemVerilog/SoC-RV32I/SoC/DUT/Slaves/SPI.sv:]
WARNING: [filemgmt 56-199] Attempt to get parsing info during refresh. "On-the-fly" syntax checking information may be incorrect. [/home/khang/Documents/SystemVerilog/SoC-RV32I/SoC/DUT/Slaves/Timer.sv:]
WARNING: [filemgmt 56-199] Attempt to get parsing info during refresh. "On-the-fly" syntax checking information may be incorrect. [/home/khang/Documents/SystemVerilog/SoC-RV32I/SoC/DUT/Slaves/SPI.sv:]
WARNING: [filemgmt 56-199] Attempt to get parsing info during refresh. "On-the-fly" syntax checking information may be incorrect. [/home/khang/Documents/SystemVerilog/SoC-RV32I/SoC/DUT/Slaves/SPI.sv:]
reset_run synth_1
launch_runs impl_1 -jobs 10
[Sat Apr  4 12:38:22 2026] Launched synth_1...
Run output will be captured here: /home/khang/Documents/SystemVerilog/SoC-RV32I/Vivado/rv32i/rv32i.runs/synth_1/runme.log
[Sat Apr  4 12:38:22 2026] Launched impl_1...
Run output will be captured here: /home/khang/Documents/SystemVerilog/SoC-RV32I/Vivado/rv32i/rv32i.runs/impl_1/runme.log
WARNING: [filemgmt 56-199] Attempt to get parsing info during refresh. "On-the-fly" syntax checking information may be incorrect. [/home/khang/Documents/SystemVerilog/SoC-RV32I/SoC/DUT/TOP.sv:]
WARNING: [filemgmt 56-199] Attempt to get parsing info during refresh. "On-the-fly" syntax checking information may be incorrect. [/home/khang/Documents/SystemVerilog/SoC-RV32I/SoC/DUT/Slaves/RAM.sv:]
WARNING: [filemgmt 56-199] Attempt to get parsing info during refresh. "On-the-fly" syntax checking information may be incorrect. [/home/khang/Documents/SystemVerilog/SoC-RV32I/SoC/DUT/Slaves/UART.sv:]
WARNING: [filemgmt 56-199] Attempt to get parsing info during refresh. "On-the-fly" syntax checking information may be incorrect. [/home/khang/Documents/SystemVerilog/SoC-RV32I/SoC/DUT/Slaves/SPI.sv:]
WARNING: [filemgmt 56-199] Attempt to get parsing info during refresh. "On-the-fly" syntax checking information may be incorrect. [/home/khang/Documents/SystemVerilog/SoC-RV32I/SoC/DUT/Slaves/Timer.sv:]
WARNING: [filemgmt 56-199] Attempt to get parsing info during refresh. "On-the-fly" syntax checking information may be incorrect. [/home/khang/Documents/SystemVerilog/SoC-RV32I/SoC/DUT/Slaves/RAM.sv:]
WARNING: [filemgmt 56-199] Attempt to get parsing info during refresh. "On-the-fly" syntax checking information may be incorrect. [/home/khang/Documents/SystemVerilog/SoC-RV32I/SoC/DUT/Slaves/RAM.sv:]
WARNING: [filemgmt 56-199] Attempt to get parsing info during refresh. "On-the-fly" syntax checking information may be incorrect. [/home/khang/Documents/SystemVerilog/SoC-RV32I/SoC/DUT/TOP.sv:]
WARNING: [filemgmt 56-199] Attempt to get parsing info during refresh. "On-the-fly" syntax checking information may be incorrect. [/home/khang/Documents/SystemVerilog/SoC-RV32I/SoC/DUT/Slaves/RAM.sv:]
WARNING: [filemgmt 56-199] Attempt to get parsing info during refresh. "On-the-fly" syntax checking information may be incorrect. [/home/khang/Documents/SystemVerilog/SoC-RV32I/SoC/DUT/Slaves/UART.sv:]
WARNING: [filemgmt 56-199] Attempt to get parsing info during refresh. "On-the-fly" syntax checking information may be incorrect. [/home/khang/Documents/SystemVerilog/SoC-RV32I/SoC/DUT/Slaves/SPI.sv:]
WARNING: [filemgmt 56-199] Attempt to get parsing info during refresh. "On-the-fly" syntax checking information may be incorrect. [/home/khang/Documents/SystemVerilog/SoC-RV32I/SoC/DUT/Slaves/Timer.sv:]
WARNING: [filemgmt 56-199] Attempt to get parsing info during refresh. "On-the-fly" syntax checking information may be incorrect. [/home/khang/Documents/SystemVerilog/SoC-RV32I/SoC/DUT/Slaves/Timer.sv:]
WARNING: [filemgmt 56-199] Attempt to get parsing info during refresh. "On-the-fly" syntax checking information may be incorrect. [/home/khang/Documents/SystemVerilog/SoC-RV32I/SoC/DUT/Slaves/Timer.sv:]
WARNING: [filemgmt 56-199] Attempt to get parsing info during refresh. "On-the-fly" syntax checking information may be incorrect. [/home/khang/Documents/SystemVerilog/SoC-RV32I/SoC/DUT/TOP.sv:]
WARNING: [filemgmt 56-199] Attempt to get parsing info during refresh. "On-the-fly" syntax checking information may be incorrect. [/home/khang/Documents/SystemVerilog/SoC-RV32I/SoC/DUT/Slaves/RAM.sv:]
WARNING: [filemgmt 56-199] Attempt to get parsing info during refresh. "On-the-fly" syntax checking information may be incorrect. [/home/khang/Documents/SystemVerilog/SoC-RV32I/SoC/DUT/Slaves/UART.sv:]
WARNING: [filemgmt 56-199] Attempt to get parsing info during refresh. "On-the-fly" syntax checking information may be incorrect. [/home/khang/Documents/SystemVerilog/SoC-RV32I/SoC/DUT/Slaves/SPI.sv:]
WARNING: [filemgmt 56-199] Attempt to get parsing info during refresh. "On-the-fly" syntax checking information may be incorrect. [/home/khang/Documents/SystemVerilog/SoC-RV32I/SoC/DUT/Slaves/Timer.sv:]
WARNING: [filemgmt 56-199] Attempt to get parsing info during refresh. "On-the-fly" syntax checking information may be incorrect. [/home/khang/Documents/SystemVerilog/SoC-RV32I/SoC/DUT/Slaves/UART.sv:]
WARNING: [filemgmt 56-199] Attempt to get parsing info during refresh. "On-the-fly" syntax checking information may be incorrect. [/home/khang/Documents/SystemVerilog/SoC-RV32I/SoC/DUT/Slaves/UART.sv:]
reset_run synth_1
INFO: [Project 1-1160] Copying file /home/khang/Documents/SystemVerilog/SoC-RV32I/Vivado/rv32i/rv32i.runs/synth_1/TOP.dcp to /home/khang/Documents/SystemVerilog/SoC-RV32I/Vivado/rv32i/rv32i.srcs/utils_1/imports/synth_1 and adding it to utils fileset
WARNING: [filemgmt 56-199] Attempt to get parsing info during refresh. "On-the-fly" syntax checking information may be incorrect. [/home/khang/Documents/SystemVerilog/SoC-RV32I/SoC/DUT/TOP.sv:]
WARNING: [filemgmt 56-199] Attempt to get parsing info during refresh. "On-the-fly" syntax checking information may be incorrect. [/home/khang/Documents/SystemVerilog/SoC-RV32I/SoC/DUT/Slaves/RAM.sv:]
WARNING: [filemgmt 56-199] Attempt to get parsing info during refresh. "On-the-fly" syntax checking information may be incorrect. [/home/khang/Documents/SystemVerilog/SoC-RV32I/SoC/DUT/Slaves/UART.sv:]
WARNING: [filemgmt 56-199] Attempt to get parsing info during refresh. "On-the-fly" syntax checking information may be incorrect. [/home/khang/Documents/SystemVerilog/SoC-RV32I/SoC/DUT/Slaves/SPI.sv:]
WARNING: [filemgmt 56-199] Attempt to get parsing info during refresh. "On-the-fly" syntax checking information may be incorrect. [/home/khang/Documents/SystemVerilog/SoC-RV32I/SoC/DUT/Slaves/Timer.sv:]
WARNING: [filemgmt 56-199] Attempt to get parsing info during refresh. "On-the-fly" syntax checking information may be incorrect. [/home/khang/Documents/SystemVerilog/SoC-RV32I/SoC/DUT/Slaves/RAM.sv:]
WARNING: [filemgmt 56-199] Attempt to get parsing info during refresh. "On-the-fly" syntax checking information may be incorrect. [/home/khang/Documents/SystemVerilog/SoC-RV32I/SoC/DUT/Slaves/RAM.sv:]
WARNING: [filemgmt 56-199] Attempt to get parsing info during refresh. "On-the-fly" syntax checking information may be incorrect. [/home/khang/Documents/SystemVerilog/SoC-RV32I/SoC/DUT/TOP.sv:]
WARNING: [filemgmt 56-199] Attempt to get parsing info during refresh. "On-the-fly" syntax checking information may be incorrect. [/home/khang/Documents/SystemVerilog/SoC-RV32I/SoC/DUT/Slaves/RAM.sv:]
WARNING: [filemgmt 56-199] Attempt to get parsing info during refresh. "On-the-fly" syntax checking information may be incorrect. [/home/khang/Documents/SystemVerilog/SoC-RV32I/SoC/DUT/Slaves/UART.sv:]
WARNING: [filemgmt 56-199] Attempt to get parsing info during refresh. "On-the-fly" syntax checking information may be incorrect. [/home/khang/Documents/SystemVerilog/SoC-RV32I/SoC/DUT/Slaves/SPI.sv:]
WARNING: [filemgmt 56-199] Attempt to get parsing info during refresh. "On-the-fly" syntax checking information may be incorrect. [/home/khang/Documents/SystemVerilog/SoC-RV32I/SoC/DUT/Slaves/Timer.sv:]
WARNING: [filemgmt 56-199] Attempt to get parsing info during refresh. "On-the-fly" syntax checking information may be incorrect. [/home/khang/Documents/SystemVerilog/SoC-RV32I/SoC/DUT/Slaves/UART.sv:]
WARNING: [filemgmt 56-199] Attempt to get parsing info during refresh. "On-the-fly" syntax checking information may be incorrect. [/home/khang/Documents/SystemVerilog/SoC-RV32I/SoC/DUT/Slaves/UART.sv:]
WARNING: [filemgmt 56-199] Attempt to get parsing info during refresh. "On-the-fly" syntax checking information may be incorrect. [/home/khang/Documents/SystemVerilog/SoC-RV32I/SoC/DUT/TOP.sv:]
WARNING: [filemgmt 56-199] Attempt to get parsing info during refresh. "On-the-fly" syntax checking information may be incorrect. [/home/khang/Documents/SystemVerilog/SoC-RV32I/SoC/DUT/Slaves/RAM.sv:]
WARNING: [filemgmt 56-199] Attempt to get parsing info during refresh. "On-the-fly" syntax checking information may be incorrect. [/home/khang/Documents/SystemVerilog/SoC-RV32I/SoC/DUT/Slaves/UART.sv:]
WARNING: [filemgmt 56-199] Attempt to get parsing info during refresh. "On-the-fly" syntax checking information may be incorrect. [/home/khang/Documents/SystemVerilog/SoC-RV32I/SoC/DUT/Slaves/SPI.sv:]
WARNING: [filemgmt 56-199] Attempt to get parsing info during refresh. "On-the-fly" syntax checking information may be incorrect. [/home/khang/Documents/SystemVerilog/SoC-RV32I/SoC/DUT/Slaves/Timer.sv:]
WARNING: [filemgmt 56-199] Attempt to get parsing info during refresh. "On-the-fly" syntax checking information may be incorrect. [/home/khang/Documents/SystemVerilog/SoC-RV32I/SoC/DUT/Slaves/Timer.sv:]
WARNING: [filemgmt 56-199] Attempt to get parsing info during refresh. "On-the-fly" syntax checking information may be incorrect. [/home/khang/Documents/SystemVerilog/SoC-RV32I/SoC/DUT/Slaves/Timer.sv:]
launch_runs impl_1 -jobs 10
[Sat Apr  4 12:42:29 2026] Launched synth_1...
Run output will be captured here: /home/khang/Documents/SystemVerilog/SoC-RV32I/Vivado/rv32i/rv32i.runs/synth_1/runme.log
[Sat Apr  4 12:42:29 2026] Launched impl_1...
Run output will be captured here: /home/khang/Documents/SystemVerilog/SoC-RV32I/Vivado/rv32i/rv32i.runs/impl_1/runme.log
WARNING: [filemgmt 56-199] Attempt to get parsing info during refresh. "On-the-fly" syntax checking information may be incorrect. [/home/khang/Documents/SystemVerilog/SoC-RV32I/SoC/DUT/TOP.sv:]
WARNING: [filemgmt 56-199] Attempt to get parsing info during refresh. "On-the-fly" syntax checking information may be incorrect. [/home/khang/Documents/SystemVerilog/SoC-RV32I/SoC/DUT/Slaves/RAM.sv:]
WARNING: [filemgmt 56-199] Attempt to get parsing info during refresh. "On-the-fly" syntax checking information may be incorrect. [/home/khang/Documents/SystemVerilog/SoC-RV32I/SoC/DUT/Slaves/UART.sv:]
WARNING: [filemgmt 56-199] Attempt to get parsing info during refresh. "On-the-fly" syntax checking information may be incorrect. [/home/khang/Documents/SystemVerilog/SoC-RV32I/SoC/DUT/Slaves/SPI.sv:]
WARNING: [filemgmt 56-199] Attempt to get parsing info during refresh. "On-the-fly" syntax checking information may be incorrect. [/home/khang/Documents/SystemVerilog/SoC-RV32I/SoC/DUT/Slaves/Timer.sv:]
WARNING: [filemgmt 56-199] Attempt to get parsing info during refresh. "On-the-fly" syntax checking information may be incorrect. [/home/khang/Documents/SystemVerilog/SoC-RV32I/SoC/DUT/TOP.sv:]
WARNING: [filemgmt 56-199] Attempt to get parsing info during refresh. "On-the-fly" syntax checking information may be incorrect. [/home/khang/Documents/SystemVerilog/SoC-RV32I/SoC/DUT/TOP.sv:]
WARNING: [filemgmt 56-199] Attempt to get parsing info during refresh. "On-the-fly" syntax checking information may be incorrect. [/home/khang/Documents/SystemVerilog/SoC-RV32I/SoC/DUT/TOP.sv:]
WARNING: [filemgmt 56-199] Attempt to get parsing info during refresh. "On-the-fly" syntax checking information may be incorrect. [/home/khang/Documents/SystemVerilog/SoC-RV32I/SoC/DUT/Slaves/RAM.sv:]
WARNING: [filemgmt 56-199] Attempt to get parsing info during refresh. "On-the-fly" syntax checking information may be incorrect. [/home/khang/Documents/SystemVerilog/SoC-RV32I/SoC/DUT/Slaves/UART.sv:]
WARNING: [filemgmt 56-199] Attempt to get parsing info during refresh. "On-the-fly" syntax checking information may be incorrect. [/home/khang/Documents/SystemVerilog/SoC-RV32I/SoC/DUT/Slaves/SPI.sv:]
WARNING: [filemgmt 56-199] Attempt to get parsing info during refresh. "On-the-fly" syntax checking information may be incorrect. [/home/khang/Documents/SystemVerilog/SoC-RV32I/SoC/DUT/Slaves/Timer.sv:]
WARNING: [filemgmt 56-199] Attempt to get parsing info during refresh. "On-the-fly" syntax checking information may be incorrect. [/home/khang/Documents/SystemVerilog/SoC-RV32I/SoC/DUT/Slaves/Timer.sv:]
WARNING: [filemgmt 56-199] Attempt to get parsing info during refresh. "On-the-fly" syntax checking information may be incorrect. [/home/khang/Documents/SystemVerilog/SoC-RV32I/SoC/DUT/Slaves/Timer.sv:]
WARNING: [filemgmt 56-199] Attempt to get parsing info during refresh. "On-the-fly" syntax checking information may be incorrect. [/home/khang/Documents/SystemVerilog/SoC-RV32I/SoC/DUT/TOP.sv:]
WARNING: [filemgmt 56-199] Attempt to get parsing info during refresh. "On-the-fly" syntax checking information may be incorrect. [/home/khang/Documents/SystemVerilog/SoC-RV32I/SoC/DUT/Slaves/RAM.sv:]
WARNING: [filemgmt 56-199] Attempt to get parsing info during refresh. "On-the-fly" syntax checking information may be incorrect. [/home/khang/Documents/SystemVerilog/SoC-RV32I/SoC/DUT/Slaves/UART.sv:]
WARNING: [filemgmt 56-199] Attempt to get parsing info during refresh. "On-the-fly" syntax checking information may be incorrect. [/home/khang/Documents/SystemVerilog/SoC-RV32I/SoC/DUT/Slaves/SPI.sv:]
WARNING: [filemgmt 56-199] Attempt to get parsing info during refresh. "On-the-fly" syntax checking information may be incorrect. [/home/khang/Documents/SystemVerilog/SoC-RV32I/SoC/DUT/Slaves/Timer.sv:]
WARNING: [filemgmt 56-199] Attempt to get parsing info during refresh. "On-the-fly" syntax checking information may be incorrect. [/home/khang/Documents/SystemVerilog/SoC-RV32I/SoC/DUT/Slaves/UART.sv:]
WARNING: [filemgmt 56-199] Attempt to get parsing info during refresh. "On-the-fly" syntax checking information may be incorrect. [/home/khang/Documents/SystemVerilog/SoC-RV32I/SoC/DUT/Slaves/UART.sv:]
reset_run synth_1
INFO: [Project 1-1161] Replacing file /home/khang/Documents/SystemVerilog/SoC-RV32I/Vivado/rv32i/rv32i.srcs/utils_1/imports/synth_1/TOP.dcp with file /home/khang/Documents/SystemVerilog/SoC-RV32I/Vivado/rv32i/rv32i.runs/synth_1/TOP.dcp
WARNING: [filemgmt 56-199] Attempt to get parsing info during refresh. "On-the-fly" syntax checking information may be incorrect. [/home/khang/Documents/SystemVerilog/SoC-RV32I/SoC/DUT/TOP.sv:]
WARNING: [filemgmt 56-199] Attempt to get parsing info during refresh. "On-the-fly" syntax checking information may be incorrect. [/home/khang/Documents/SystemVerilog/SoC-RV32I/SoC/DUT/Slaves/RAM.sv:]
WARNING: [filemgmt 56-199] Attempt to get parsing info during refresh. "On-the-fly" syntax checking information may be incorrect. [/home/khang/Documents/SystemVerilog/SoC-RV32I/SoC/DUT/Slaves/UART.sv:]
WARNING: [filemgmt 56-199] Attempt to get parsing info during refresh. "On-the-fly" syntax checking information may be incorrect. [/home/khang/Documents/SystemVerilog/SoC-RV32I/SoC/DUT/Slaves/SPI.sv:]
WARNING: [filemgmt 56-199] Attempt to get parsing info during refresh. "On-the-fly" syntax checking information may be incorrect. [/home/khang/Documents/SystemVerilog/SoC-RV32I/SoC/DUT/Slaves/Timer.sv:]
WARNING: [filemgmt 56-199] Attempt to get parsing info during refresh. "On-the-fly" syntax checking information may be incorrect. [/home/khang/Documents/SystemVerilog/SoC-RV32I/SoC/DUT/Slaves/RAM.sv:]
WARNING: [filemgmt 56-199] Attempt to get parsing info during refresh. "On-the-fly" syntax checking information may be incorrect. [/home/khang/Documents/SystemVerilog/SoC-RV32I/SoC/DUT/Slaves/RAM.sv:]
launch_runs impl_1 -jobs 10
[Sat Apr  4 12:47:08 2026] Launched synth_1...
Run output will be captured here: /home/khang/Documents/SystemVerilog/SoC-RV32I/Vivado/rv32i/rv32i.runs/synth_1/runme.log
[Sat Apr  4 12:47:08 2026] Launched impl_1...
Run output will be captured here: /home/khang/Documents/SystemVerilog/SoC-RV32I/Vivado/rv32i/rv32i.runs/impl_1/runme.log
WARNING: [filemgmt 56-199] Attempt to get parsing info during refresh. "On-the-fly" syntax checking information may be incorrect. [/home/khang/Documents/SystemVerilog/SoC-RV32I/SoC/DUT/TOP.sv:]
WARNING: [filemgmt 56-199] Attempt to get parsing info during refresh. "On-the-fly" syntax checking information may be incorrect. [/home/khang/Documents/SystemVerilog/SoC-RV32I/SoC/DUT/Slaves/RAM.sv:]
WARNING: [filemgmt 56-199] Attempt to get parsing info during refresh. "On-the-fly" syntax checking information may be incorrect. [/home/khang/Documents/SystemVerilog/SoC-RV32I/SoC/DUT/Slaves/UART.sv:]
WARNING: [filemgmt 56-199] Attempt to get parsing info during refresh. "On-the-fly" syntax checking information may be incorrect. [/home/khang/Documents/SystemVerilog/SoC-RV32I/SoC/DUT/Slaves/SPI.sv:]
WARNING: [filemgmt 56-199] Attempt to get parsing info during refresh. "On-the-fly" syntax checking information may be incorrect. [/home/khang/Documents/SystemVerilog/SoC-RV32I/SoC/DUT/Slaves/Timer.sv:]
WARNING: [filemgmt 56-199] Attempt to get parsing info during refresh. "On-the-fly" syntax checking information may be incorrect. [/home/khang/Documents/SystemVerilog/SoC-RV32I/SoC/DUT/Slaves/UART.sv:]
WARNING: [filemgmt 56-199] Attempt to get parsing info during refresh. "On-the-fly" syntax checking information may be incorrect. [/home/khang/Documents/SystemVerilog/SoC-RV32I/SoC/DUT/Slaves/UART.sv:]
WARNING: [filemgmt 56-199] Attempt to get parsing info during refresh. "On-the-fly" syntax checking information may be incorrect. [/home/khang/Documents/SystemVerilog/SoC-RV32I/SoC/DUT/TOP.sv:]
WARNING: [filemgmt 56-199] Attempt to get parsing info during refresh. "On-the-fly" syntax checking information may be incorrect. [/home/khang/Documents/SystemVerilog/SoC-RV32I/SoC/DUT/Slaves/RAM.sv:]
WARNING: [filemgmt 56-199] Attempt to get parsing info during refresh. "On-the-fly" syntax checking information may be incorrect. [/home/khang/Documents/SystemVerilog/SoC-RV32I/SoC/DUT/Slaves/UART.sv:]
WARNING: [filemgmt 56-199] Attempt to get parsing info during refresh. "On-the-fly" syntax checking information may be incorrect. [/home/khang/Documents/SystemVerilog/SoC-RV32I/SoC/DUT/Slaves/SPI.sv:]
WARNING: [filemgmt 56-199] Attempt to get parsing info during refresh. "On-the-fly" syntax checking information may be incorrect. [/home/khang/Documents/SystemVerilog/SoC-RV32I/SoC/DUT/Slaves/Timer.sv:]
WARNING: [filemgmt 56-199] Attempt to get parsing info during refresh. "On-the-fly" syntax checking information may be incorrect. [/home/khang/Documents/SystemVerilog/SoC-RV32I/SoC/DUT/Slaves/Timer.sv:]
WARNING: [filemgmt 56-199] Attempt to get parsing info during refresh. "On-the-fly" syntax checking information may be incorrect. [/home/khang/Documents/SystemVerilog/SoC-RV32I/SoC/DUT/Slaves/Timer.sv:]
open_run impl_1
INFO: [Device 21-403] Loading part xczu7ev-ffvc1156-2-e
Netlist sorting complete. Time (s): cpu = 00:00:00.01 ; elapsed = 00:00:00.01 . Memory (MB): peak = 9687.480 ; gain = 0.000 ; free physical = 7309 ; free virtual = 144779
INFO: [Netlist 29-17] Analyzing 440 Unisim elements for replacement
INFO: [Netlist 29-28] Unisim Transformation completed in 0 CPU seconds
INFO: [Project 1-479] Netlist was created with Vivado 2024.2
INFO: [Project 1-570] Preparing netlist for logic optimization
Read ShapeDB Complete: Time (s): cpu = 00:00:00.01 ; elapsed = 00:00:00 . Memory (MB): peak = 9687.480 ; gain = 0.000 ; free physical = 10905 ; free virtual = 148375
INFO: [Designutils 20-5722] Start Reading Physical Databases.
Reading placement.
Read Netlist Cache: Time (s): cpu = 00:00:00.01 ; elapsed = 00:00:00 . Memory (MB): peak = 9687.480 ; gain = 0.000 ; free physical = 10905 ; free virtual = 148375
Reading placer database...
Read Device Cache: Time (s): cpu = 00:00:00.01 ; elapsed = 00:00:00.02 . Memory (MB): peak = 9687.480 ; gain = 0.000 ; free physical = 10905 ; free virtual = 148375
Read PlaceDB: Time (s): cpu = 00:00:00.07 ; elapsed = 00:00:00.07 . Memory (MB): peak = 9687.480 ; gain = 0.000 ; free physical = 10905 ; free virtual = 148375
Read PulsedLatchDB: Time (s): cpu = 00:00:00 ; elapsed = 00:00:00 . Memory (MB): peak = 9687.480 ; gain = 0.000 ; free physical = 10905 ; free virtual = 148375
Reading routing.
Read RouteStorage: Time (s): cpu = 00:00:00.07 ; elapsed = 00:00:00.02 . Memory (MB): peak = 9727.500 ; gain = 40.020 ; free physical = 10905 ; free virtual = 148375
Read Physdb Files: Time (s): cpu = 00:00:00.16 ; elapsed = 00:00:00.11 . Memory (MB): peak = 9727.500 ; gain = 40.020 ; free physical = 10905 ; free virtual = 148375
Restored from archive | CPU: 0.160000 secs | Memory: 4.364777 MB |
Finished XDEF File Restore: Time (s): cpu = 00:00:00.16 ; elapsed = 00:00:00.11 . Memory (MB): peak = 9737.500 ; gain = 50.020 ; free physical = 10905 ; free virtual = 148375
Netlist sorting complete. Time (s): cpu = 00:00:00 ; elapsed = 00:00:00 . Memory (MB): peak = 9957.219 ; gain = 0.000 ; free physical = 10719 ; free virtual = 148190
INFO: [Project 1-111] Unisim Transformation Summary:
  A total of 4 instances were transformed.
  IBUF => IBUF (IBUFCTRL, INBUF): 4 instances

open_run: Time (s): cpu = 00:00:20 ; elapsed = 00:00:14 . Memory (MB): peak = 10512.379 ; gain = 1946.914 ; free physical = 9961 ; free virtual = 147463
WARNING: [Timing 38-313] There are no user specified timing constraints. Timing constraints are needed for proper timing analysis.
add_files -fileset constrs_1 -norecurse /home/khang/Documents/SystemVerilog/SoC-RV32I/Vivado/Constraint.xdc
WARNING: [filemgmt 56-199] Attempt to get parsing info during refresh. "On-the-fly" syntax checking information may be incorrect. [/home/khang/Documents/SystemVerilog/SoC-RV32I/SoC/DUT/TOP.sv:]
WARNING: [filemgmt 56-199] Attempt to get parsing info during refresh. "On-the-fly" syntax checking information may be incorrect. [/home/khang/Documents/SystemVerilog/SoC-RV32I/SoC/DUT/Slaves/RAM.sv:]
WARNING: [filemgmt 56-199] Attempt to get parsing info during refresh. "On-the-fly" syntax checking information may be incorrect. [/home/khang/Documents/SystemVerilog/SoC-RV32I/SoC/DUT/Slaves/UART.sv:]
WARNING: [filemgmt 56-199] Attempt to get parsing info during refresh. "On-the-fly" syntax checking information may be incorrect. [/home/khang/Documents/SystemVerilog/SoC-RV32I/SoC/DUT/Slaves/SPI.sv:]
WARNING: [filemgmt 56-199] Attempt to get parsing info during refresh. "On-the-fly" syntax checking information may be incorrect. [/home/khang/Documents/SystemVerilog/SoC-RV32I/SoC/DUT/Slaves/Timer.sv:]
WARNING: [filemgmt 56-199] Attempt to get parsing info during refresh. "On-the-fly" syntax checking information may be incorrect. [/home/khang/Documents/SystemVerilog/SoC-RV32I/SoC/DUT/Slaves/RAM.sv:]
WARNING: [filemgmt 56-199] Attempt to get parsing info during refresh. "On-the-fly" syntax checking information may be incorrect. [/home/khang/Documents/SystemVerilog/SoC-RV32I/SoC/DUT/Slaves/RAM.sv:]
WARNING: [filemgmt 56-199] Attempt to get parsing info during refresh. "On-the-fly" syntax checking information may be incorrect. [/home/khang/Documents/SystemVerilog/SoC-RV32I/SoC/DUT/TOP.sv:]
WARNING: [filemgmt 56-199] Attempt to get parsing info during refresh. "On-the-fly" syntax checking information may be incorrect. [/home/khang/Documents/SystemVerilog/SoC-RV32I/SoC/DUT/Slaves/RAM.sv:]
WARNING: [filemgmt 56-199] Attempt to get parsing info during refresh. "On-the-fly" syntax checking information may be incorrect. [/home/khang/Documents/SystemVerilog/SoC-RV32I/SoC/DUT/Slaves/UART.sv:]
WARNING: [filemgmt 56-199] Attempt to get parsing info during refresh. "On-the-fly" syntax checking information may be incorrect. [/home/khang/Documents/SystemVerilog/SoC-RV32I/SoC/DUT/Slaves/SPI.sv:]
WARNING: [filemgmt 56-199] Attempt to get parsing info during refresh. "On-the-fly" syntax checking information may be incorrect. [/home/khang/Documents/SystemVerilog/SoC-RV32I/SoC/DUT/Slaves/Timer.sv:]
WARNING: [filemgmt 56-199] Attempt to get parsing info during refresh. "On-the-fly" syntax checking information may be incorrect. [/home/khang/Documents/SystemVerilog/SoC-RV32I/SoC/DUT/Slaves/Timer.sv:]
WARNING: [filemgmt 56-199] Attempt to get parsing info during refresh. "On-the-fly" syntax checking information may be incorrect. [/home/khang/Documents/SystemVerilog/SoC-RV32I/SoC/DUT/Slaves/Timer.sv:]
WARNING: [filemgmt 56-199] Attempt to get parsing info during refresh. "On-the-fly" syntax checking information may be incorrect. [/home/khang/Documents/SystemVerilog/SoC-RV32I/SoC/DUT/TOP.sv:]
WARNING: [filemgmt 56-199] Attempt to get parsing info during refresh. "On-the-fly" syntax checking information may be incorrect. [/home/khang/Documents/SystemVerilog/SoC-RV32I/SoC/DUT/Slaves/RAM.sv:]
WARNING: [filemgmt 56-199] Attempt to get parsing info during refresh. "On-the-fly" syntax checking information may be incorrect. [/home/khang/Documents/SystemVerilog/SoC-RV32I/SoC/DUT/Slaves/UART.sv:]
WARNING: [filemgmt 56-199] Attempt to get parsing info during refresh. "On-the-fly" syntax checking information may be incorrect. [/home/khang/Documents/SystemVerilog/SoC-RV32I/SoC/DUT/Slaves/SPI.sv:]
WARNING: [filemgmt 56-199] Attempt to get parsing info during refresh. "On-the-fly" syntax checking information may be incorrect. [/home/khang/Documents/SystemVerilog/SoC-RV32I/SoC/DUT/Slaves/Timer.sv:]
WARNING: [filemgmt 56-199] Attempt to get parsing info during refresh. "On-the-fly" syntax checking information may be incorrect. [/home/khang/Documents/SystemVerilog/SoC-RV32I/SoC/DUT/Slaves/UART.sv:]
WARNING: [filemgmt 56-199] Attempt to get parsing info during refresh. "On-the-fly" syntax checking information may be incorrect. [/home/khang/Documents/SystemVerilog/SoC-RV32I/SoC/DUT/Slaves/UART.sv:]
reset_run synth_1
INFO: [Project 1-1161] Replacing file /home/khang/Documents/SystemVerilog/SoC-RV32I/Vivado/rv32i/rv32i.srcs/utils_1/imports/synth_1/TOP.dcp with file /home/khang/Documents/SystemVerilog/SoC-RV32I/Vivado/rv32i/rv32i.runs/synth_1/TOP.dcp
WARNING: [filemgmt 56-199] Attempt to get parsing info during refresh. "On-the-fly" syntax checking information may be incorrect. [/home/khang/Documents/SystemVerilog/SoC-RV32I/SoC/DUT/TOP.sv:]
WARNING: [filemgmt 56-199] Attempt to get parsing info during refresh. "On-the-fly" syntax checking information may be incorrect. [/home/khang/Documents/SystemVerilog/SoC-RV32I/SoC/DUT/Slaves/RAM.sv:]
WARNING: [filemgmt 56-199] Attempt to get parsing info during refresh. "On-the-fly" syntax checking information may be incorrect. [/home/khang/Documents/SystemVerilog/SoC-RV32I/SoC/DUT/Slaves/UART.sv:]
WARNING: [filemgmt 56-199] Attempt to get parsing info during refresh. "On-the-fly" syntax checking information may be incorrect. [/home/khang/Documents/SystemVerilog/SoC-RV32I/SoC/DUT/Slaves/SPI.sv:]
WARNING: [filemgmt 56-199] Attempt to get parsing info during refresh. "On-the-fly" syntax checking information may be incorrect. [/home/khang/Documents/SystemVerilog/SoC-RV32I/SoC/DUT/Slaves/Timer.sv:]
WARNING: [filemgmt 56-199] Attempt to get parsing info during refresh. "On-the-fly" syntax checking information may be incorrect. [/home/khang/Documents/SystemVerilog/SoC-RV32I/SoC/DUT/Slaves/RAM.sv:]
WARNING: [filemgmt 56-199] Attempt to get parsing info during refresh. "On-the-fly" syntax checking information may be incorrect. [/home/khang/Documents/SystemVerilog/SoC-RV32I/SoC/DUT/Slaves/RAM.sv:]
WARNING: [filemgmt 56-199] Attempt to get parsing info during refresh. "On-the-fly" syntax checking information may be incorrect. [/home/khang/Documents/SystemVerilog/SoC-RV32I/SoC/DUT/TOP.sv:]
WARNING: [filemgmt 56-199] Attempt to get parsing info during refresh. "On-the-fly" syntax checking information may be incorrect. [/home/khang/Documents/SystemVerilog/SoC-RV32I/SoC/DUT/Slaves/RAM.sv:]
WARNING: [filemgmt 56-199] Attempt to get parsing info during refresh. "On-the-fly" syntax checking information may be incorrect. [/home/khang/Documents/SystemVerilog/SoC-RV32I/SoC/DUT/Slaves/UART.sv:]
WARNING: [filemgmt 56-199] Attempt to get parsing info during refresh. "On-the-fly" syntax checking information may be incorrect. [/home/khang/Documents/SystemVerilog/SoC-RV32I/SoC/DUT/Slaves/SPI.sv:]
WARNING: [filemgmt 56-199] Attempt to get parsing info during refresh. "On-the-fly" syntax checking information may be incorrect. [/home/khang/Documents/SystemVerilog/SoC-RV32I/SoC/DUT/Slaves/Timer.sv:]
WARNING: [filemgmt 56-199] Attempt to get parsing info during refresh. "On-the-fly" syntax checking information may be incorrect. [/home/khang/Documents/SystemVerilog/SoC-RV32I/SoC/DUT/Slaves/UART.sv:]
WARNING: [filemgmt 56-199] Attempt to get parsing info during refresh. "On-the-fly" syntax checking information may be incorrect. [/home/khang/Documents/SystemVerilog/SoC-RV32I/SoC/DUT/Slaves/UART.sv:]
WARNING: [filemgmt 56-199] Attempt to get parsing info during refresh. "On-the-fly" syntax checking information may be incorrect. [/home/khang/Documents/SystemVerilog/SoC-RV32I/SoC/DUT/TOP.sv:]
WARNING: [filemgmt 56-199] Attempt to get parsing info during refresh. "On-the-fly" syntax checking information may be incorrect. [/home/khang/Documents/SystemVerilog/SoC-RV32I/SoC/DUT/Slaves/RAM.sv:]
WARNING: [filemgmt 56-199] Attempt to get parsing info during refresh. "On-the-fly" syntax checking information may be incorrect. [/home/khang/Documents/SystemVerilog/SoC-RV32I/SoC/DUT/Slaves/UART.sv:]
WARNING: [filemgmt 56-199] Attempt to get parsing info during refresh. "On-the-fly" syntax checking information may be incorrect. [/home/khang/Documents/SystemVerilog/SoC-RV32I/SoC/DUT/Slaves/SPI.sv:]
WARNING: [filemgmt 56-199] Attempt to get parsing info during refresh. "On-the-fly" syntax checking information may be incorrect. [/home/khang/Documents/SystemVerilog/SoC-RV32I/SoC/DUT/Slaves/Timer.sv:]
WARNING: [filemgmt 56-199] Attempt to get parsing info during refresh. "On-the-fly" syntax checking information may be incorrect. [/home/khang/Documents/SystemVerilog/SoC-RV32I/SoC/DUT/Slaves/Timer.sv:]
WARNING: [filemgmt 56-199] Attempt to get parsing info during refresh. "On-the-fly" syntax checking information may be incorrect. [/home/khang/Documents/SystemVerilog/SoC-RV32I/SoC/DUT/Slaves/Timer.sv:]
launch_runs impl_1 -jobs 10
[Sat Apr  4 12:53:00 2026] Launched synth_1...
Run output will be captured here: /home/khang/Documents/SystemVerilog/SoC-RV32I/Vivado/rv32i/rv32i.runs/synth_1/runme.log
[Sat Apr  4 12:53:00 2026] Launched impl_1...
Run output will be captured here: /home/khang/Documents/SystemVerilog/SoC-RV32I/Vivado/rv32i/rv32i.runs/impl_1/runme.log
close_design
WARNING: [filemgmt 56-199] Attempt to get parsing info during refresh. "On-the-fly" syntax checking information may be incorrect. [/home/khang/Documents/SystemVerilog/SoC-RV32I/SoC/DUT/TOP.sv:]
WARNING: [filemgmt 56-199] Attempt to get parsing info during refresh. "On-the-fly" syntax checking information may be incorrect. [/home/khang/Documents/SystemVerilog/SoC-RV32I/SoC/DUT/Slaves/RAM.sv:]
WARNING: [filemgmt 56-199] Attempt to get parsing info during refresh. "On-the-fly" syntax checking information may be incorrect. [/home/khang/Documents/SystemVerilog/SoC-RV32I/SoC/DUT/Slaves/UART.sv:]
WARNING: [filemgmt 56-199] Attempt to get parsing info during refresh. "On-the-fly" syntax checking information may be incorrect. [/home/khang/Documents/SystemVerilog/SoC-RV32I/SoC/DUT/Slaves/SPI.sv:]
WARNING: [filemgmt 56-199] Attempt to get parsing info during refresh. "On-the-fly" syntax checking information may be incorrect. [/home/khang/Documents/SystemVerilog/SoC-RV32I/SoC/DUT/Slaves/Timer.sv:]
WARNING: [filemgmt 56-199] Attempt to get parsing info during refresh. "On-the-fly" syntax checking information may be incorrect. [/home/khang/Documents/SystemVerilog/SoC-RV32I/SoC/DUT/Slaves/RAM.sv:]
WARNING: [filemgmt 56-199] Attempt to get parsing info during refresh. "On-the-fly" syntax checking information may be incorrect. [/home/khang/Documents/SystemVerilog/SoC-RV32I/SoC/DUT/Slaves/RAM.sv:]
WARNING: [filemgmt 56-199] Attempt to get parsing info during refresh. "On-the-fly" syntax checking information may be incorrect. [/home/khang/Documents/SystemVerilog/SoC-RV32I/SoC/DUT/TOP.sv:]
WARNING: [filemgmt 56-199] Attempt to get parsing info during refresh. "On-the-fly" syntax checking information may be incorrect. [/home/khang/Documents/SystemVerilog/SoC-RV32I/SoC/DUT/Slaves/RAM.sv:]
WARNING: [filemgmt 56-199] Attempt to get parsing info during refresh. "On-the-fly" syntax checking information may be incorrect. [/home/khang/Documents/SystemVerilog/SoC-RV32I/SoC/DUT/Slaves/UART.sv:]
WARNING: [filemgmt 56-199] Attempt to get parsing info during refresh. "On-the-fly" syntax checking information may be incorrect. [/home/khang/Documents/SystemVerilog/SoC-RV32I/SoC/DUT/Slaves/SPI.sv:]
WARNING: [filemgmt 56-199] Attempt to get parsing info during refresh. "On-the-fly" syntax checking information may be incorrect. [/home/khang/Documents/SystemVerilog/SoC-RV32I/SoC/DUT/Slaves/Timer.sv:]
WARNING: [filemgmt 56-199] Attempt to get parsing info during refresh. "On-the-fly" syntax checking information may be incorrect. [/home/khang/Documents/SystemVerilog/SoC-RV32I/SoC/DUT/Slaves/UART.sv:]
WARNING: [filemgmt 56-199] Attempt to get parsing info during refresh. "On-the-fly" syntax checking information may be incorrect. [/home/khang/Documents/SystemVerilog/SoC-RV32I/SoC/DUT/Slaves/UART.sv:]
WARNING: [filemgmt 56-199] Attempt to get parsing info during refresh. "On-the-fly" syntax checking information may be incorrect. [/home/khang/Documents/SystemVerilog/SoC-RV32I/SoC/DUT/TOP.sv:]
WARNING: [filemgmt 56-199] Attempt to get parsing info during refresh. "On-the-fly" syntax checking information may be incorrect. [/home/khang/Documents/SystemVerilog/SoC-RV32I/SoC/DUT/Slaves/RAM.sv:]
WARNING: [filemgmt 56-199] Attempt to get parsing info during refresh. "On-the-fly" syntax checking information may be incorrect. [/home/khang/Documents/SystemVerilog/SoC-RV32I/SoC/DUT/Slaves/UART.sv:]
WARNING: [filemgmt 56-199] Attempt to get parsing info during refresh. "On-the-fly" syntax checking information may be incorrect. [/home/khang/Documents/SystemVerilog/SoC-RV32I/SoC/DUT/Slaves/SPI.sv:]
WARNING: [filemgmt 56-199] Attempt to get parsing info during refresh. "On-the-fly" syntax checking information may be incorrect. [/home/khang/Documents/SystemVerilog/SoC-RV32I/SoC/DUT/Slaves/Timer.sv:]
WARNING: [filemgmt 56-199] Attempt to get parsing info during refresh. "On-the-fly" syntax checking information may be incorrect. [/home/khang/Documents/SystemVerilog/SoC-RV32I/SoC/DUT/Slaves/Timer.sv:]
WARNING: [filemgmt 56-199] Attempt to get parsing info during refresh. "On-the-fly" syntax checking information may be incorrect. [/home/khang/Documents/SystemVerilog/SoC-RV32I/SoC/DUT/Slaves/Timer.sv:]
reset_run synth_1
INFO: [Project 1-1161] Replacing file /home/khang/Documents/SystemVerilog/SoC-RV32I/Vivado/rv32i/rv32i.srcs/utils_1/imports/synth_1/TOP.dcp with file /home/khang/Documents/SystemVerilog/SoC-RV32I/Vivado/rv32i/rv32i.runs/synth_1/TOP.dcp
launch_runs impl_1 -jobs 10
[Sat Apr  4 12:55:36 2026] Launched synth_1...
Run output will be captured here: /home/khang/Documents/SystemVerilog/SoC-RV32I/Vivado/rv32i/rv32i.runs/synth_1/runme.log
[Sat Apr  4 12:55:36 2026] Launched impl_1...
Run output will be captured here: /home/khang/Documents/SystemVerilog/SoC-RV32I/Vivado/rv32i/rv32i.runs/impl_1/runme.log
WARNING: [filemgmt 56-199] Attempt to get parsing info during refresh. "On-the-fly" syntax checking information may be incorrect. [/home/khang/Documents/SystemVerilog/SoC-RV32I/SoC/DUT/TOP.sv:]
WARNING: [filemgmt 56-199] Attempt to get parsing info during refresh. "On-the-fly" syntax checking information may be incorrect. [/home/khang/Documents/SystemVerilog/SoC-RV32I/SoC/DUT/Slaves/RAM.sv:]
WARNING: [filemgmt 56-199] Attempt to get parsing info during refresh. "On-the-fly" syntax checking information may be incorrect. [/home/khang/Documents/SystemVerilog/SoC-RV32I/SoC/DUT/Slaves/UART.sv:]
WARNING: [filemgmt 56-199] Attempt to get parsing info during refresh. "On-the-fly" syntax checking information may be incorrect. [/home/khang/Documents/SystemVerilog/SoC-RV32I/SoC/DUT/Slaves/SPI.sv:]
WARNING: [filemgmt 56-199] Attempt to get parsing info during refresh. "On-the-fly" syntax checking information may be incorrect. [/home/khang/Documents/SystemVerilog/SoC-RV32I/SoC/DUT/Slaves/Timer.sv:]
WARNING: [filemgmt 56-199] Attempt to get parsing info during refresh. "On-the-fly" syntax checking information may be incorrect. [/home/khang/Documents/SystemVerilog/SoC-RV32I/SoC/DUT/Slaves/RAM.sv:]
WARNING: [filemgmt 56-199] Attempt to get parsing info during refresh. "On-the-fly" syntax checking information may be incorrect. [/home/khang/Documents/SystemVerilog/SoC-RV32I/SoC/DUT/Slaves/RAM.sv:]
WARNING: [filemgmt 56-199] Attempt to get parsing info during refresh. "On-the-fly" syntax checking information may be incorrect. [/home/khang/Documents/SystemVerilog/SoC-RV32I/SoC/DUT/TOP.sv:]
WARNING: [filemgmt 56-199] Attempt to get parsing info during refresh. "On-the-fly" syntax checking information may be incorrect. [/home/khang/Documents/SystemVerilog/SoC-RV32I/SoC/DUT/Slaves/RAM.sv:]
WARNING: [filemgmt 56-199] Attempt to get parsing info during refresh. "On-the-fly" syntax checking information may be incorrect. [/home/khang/Documents/SystemVerilog/SoC-RV32I/SoC/DUT/Slaves/UART.sv:]
WARNING: [filemgmt 56-199] Attempt to get parsing info during refresh. "On-the-fly" syntax checking information may be incorrect. [/home/khang/Documents/SystemVerilog/SoC-RV32I/SoC/DUT/Slaves/SPI.sv:]
WARNING: [filemgmt 56-199] Attempt to get parsing info during refresh. "On-the-fly" syntax checking information may be incorrect. [/home/khang/Documents/SystemVerilog/SoC-RV32I/SoC/DUT/Slaves/Timer.sv:]
WARNING: [filemgmt 56-199] Attempt to get parsing info during refresh. "On-the-fly" syntax checking information may be incorrect. [/home/khang/Documents/SystemVerilog/SoC-RV32I/SoC/DUT/Slaves/Timer.sv:]
WARNING: [filemgmt 56-199] Attempt to get parsing info during refresh. "On-the-fly" syntax checking information may be incorrect. [/home/khang/Documents/SystemVerilog/SoC-RV32I/SoC/DUT/Slaves/Timer.sv:]
WARNING: [filemgmt 56-199] Attempt to get parsing info during refresh. "On-the-fly" syntax checking information may be incorrect. [/home/khang/Documents/SystemVerilog/SoC-RV32I/SoC/DUT/TOP.sv:]
WARNING: [filemgmt 56-199] Attempt to get parsing info during refresh. "On-the-fly" syntax checking information may be incorrect. [/home/khang/Documents/SystemVerilog/SoC-RV32I/SoC/DUT/Slaves/RAM.sv:]
INFO: [Common 17-14] Message 'filemgmt 56-199' appears 100 times and further instances of the messages will be disabled. Use the Tcl command set_msg_config to change the current settings.
WARNING: [filemgmt 56-199] Attempt to get parsing info during refresh. "On-the-fly" syntax checking information may be incorrect. [/home/khang/Documents/SystemVerilog/SoC-RV32I/SoC/DUT/TOP.sv:]
WARNING: [filemgmt 56-199] Attempt to get parsing info during refresh. "On-the-fly" syntax checking information may be incorrect. [/home/khang/Documents/SystemVerilog/SoC-RV32I/SoC/DUT/Slaves/RAM.sv:]
WARNING: [filemgmt 56-199] Attempt to get parsing info during refresh. "On-the-fly" syntax checking information may be incorrect. [/home/khang/Documents/SystemVerilog/SoC-RV32I/SoC/DUT/Slaves/UART.sv:]
WARNING: [filemgmt 56-199] Attempt to get parsing info during refresh. "On-the-fly" syntax checking information may be incorrect. [/home/khang/Documents/SystemVerilog/SoC-RV32I/SoC/DUT/Slaves/SPI.sv:]
WARNING: [filemgmt 56-199] Attempt to get parsing info during refresh. "On-the-fly" syntax checking information may be incorrect. [/home/khang/Documents/SystemVerilog/SoC-RV32I/SoC/DUT/Slaves/Timer.sv:]
WARNING: [filemgmt 56-199] Attempt to get parsing info during refresh. "On-the-fly" syntax checking information may be incorrect. [/home/khang/Documents/SystemVerilog/SoC-RV32I/SoC/DUT/Slaves/RAM.sv:]
WARNING: [filemgmt 56-199] Attempt to get parsing info during refresh. "On-the-fly" syntax checking information may be incorrect. [/home/khang/Documents/SystemVerilog/SoC-RV32I/SoC/DUT/Slaves/RAM.sv:]
WARNING: [filemgmt 56-199] Attempt to get parsing info during refresh. "On-the-fly" syntax checking information may be incorrect. [/home/khang/Documents/SystemVerilog/SoC-RV32I/SoC/DUT/TOP.sv:]
WARNING: [filemgmt 56-199] Attempt to get parsing info during refresh. "On-the-fly" syntax checking information may be incorrect. [/home/khang/Documents/SystemVerilog/SoC-RV32I/SoC/DUT/Slaves/RAM.sv:]
WARNING: [filemgmt 56-199] Attempt to get parsing info during refresh. "On-the-fly" syntax checking information may be incorrect. [/home/khang/Documents/SystemVerilog/SoC-RV32I/SoC/DUT/Slaves/UART.sv:]
WARNING: [filemgmt 56-199] Attempt to get parsing info during refresh. "On-the-fly" syntax checking information may be incorrect. [/home/khang/Documents/SystemVerilog/SoC-RV32I/SoC/DUT/Slaves/SPI.sv:]
WARNING: [filemgmt 56-199] Attempt to get parsing info during refresh. "On-the-fly" syntax checking information may be incorrect. [/home/khang/Documents/SystemVerilog/SoC-RV32I/SoC/DUT/Slaves/Timer.sv:]
WARNING: [filemgmt 56-199] Attempt to get parsing info during refresh. "On-the-fly" syntax checking information may be incorrect. [/home/khang/Documents/SystemVerilog/SoC-RV32I/SoC/DUT/Slaves/UART.sv:]
WARNING: [filemgmt 56-199] Attempt to get parsing info during refresh. "On-the-fly" syntax checking information may be incorrect. [/home/khang/Documents/SystemVerilog/SoC-RV32I/SoC/DUT/Slaves/UART.sv:]
WARNING: [filemgmt 56-199] Attempt to get parsing info during refresh. "On-the-fly" syntax checking information may be incorrect. [/home/khang/Documents/SystemVerilog/SoC-RV32I/SoC/DUT/TOP.sv:]
WARNING: [filemgmt 56-199] Attempt to get parsing info during refresh. "On-the-fly" syntax checking information may be incorrect. [/home/khang/Documents/SystemVerilog/SoC-RV32I/SoC/DUT/Slaves/RAM.sv:]
WARNING: [filemgmt 56-199] Attempt to get parsing info during refresh. "On-the-fly" syntax checking information may be incorrect. [/home/khang/Documents/SystemVerilog/SoC-RV32I/SoC/DUT/Slaves/UART.sv:]
WARNING: [filemgmt 56-199] Attempt to get parsing info during refresh. "On-the-fly" syntax checking information may be incorrect. [/home/khang/Documents/SystemVerilog/SoC-RV32I/SoC/DUT/Slaves/SPI.sv:]
WARNING: [filemgmt 56-199] Attempt to get parsing info during refresh. "On-the-fly" syntax checking information may be incorrect. [/home/khang/Documents/SystemVerilog/SoC-RV32I/SoC/DUT/Slaves/Timer.sv:]
WARNING: [filemgmt 56-199] Attempt to get parsing info during refresh. "On-the-fly" syntax checking information may be incorrect. [/home/khang/Documents/SystemVerilog/SoC-RV32I/SoC/DUT/Slaves/Timer.sv:]
WARNING: [filemgmt 56-199] Attempt to get parsing info during refresh. "On-the-fly" syntax checking information may be incorrect. [/home/khang/Documents/SystemVerilog/SoC-RV32I/SoC/DUT/Slaves/Timer.sv:]
reset_run synth_1
INFO: [Project 1-1161] Replacing file /home/khang/Documents/SystemVerilog/SoC-RV32I/Vivado/rv32i/rv32i.srcs/utils_1/imports/synth_1/TOP.dcp with file /home/khang/Documents/SystemVerilog/SoC-RV32I/Vivado/rv32i/rv32i.runs/synth_1/TOP.dcp
launch_runs impl_1 -jobs 10
[Sat Apr  4 13:00:54 2026] Launched synth_1...
Run output will be captured here: /home/khang/Documents/SystemVerilog/SoC-RV32I/Vivado/rv32i/rv32i.runs/synth_1/runme.log
[Sat Apr  4 13:00:54 2026] Launched impl_1...
Run output will be captured here: /home/khang/Documents/SystemVerilog/SoC-RV32I/Vivado/rv32i/rv32i.runs/impl_1/runme.log
WARNING: [filemgmt 56-199] Attempt to get parsing info during refresh. "On-the-fly" syntax checking information may be incorrect. [/home/khang/Documents/SystemVerilog/SoC-RV32I/SoC/DUT/TOP.sv:]
WARNING: [filemgmt 56-199] Attempt to get parsing info during refresh. "On-the-fly" syntax checking information may be incorrect. [/home/khang/Documents/SystemVerilog/SoC-RV32I/SoC/DUT/Slaves/RAM.sv:]
WARNING: [filemgmt 56-199] Attempt to get parsing info during refresh. "On-the-fly" syntax checking information may be incorrect. [/home/khang/Documents/SystemVerilog/SoC-RV32I/SoC/DUT/Slaves/UART.sv:]
WARNING: [filemgmt 56-199] Attempt to get parsing info during refresh. "On-the-fly" syntax checking information may be incorrect. [/home/khang/Documents/SystemVerilog/SoC-RV32I/SoC/DUT/Slaves/SPI.sv:]
WARNING: [filemgmt 56-199] Attempt to get parsing info during refresh. "On-the-fly" syntax checking information may be incorrect. [/home/khang/Documents/SystemVerilog/SoC-RV32I/SoC/DUT/Slaves/Timer.sv:]
WARNING: [filemgmt 56-199] Attempt to get parsing info during refresh. "On-the-fly" syntax checking information may be incorrect. [/home/khang/Documents/SystemVerilog/SoC-RV32I/SoC/DUT/Slaves/RAM.sv:]
WARNING: [filemgmt 56-199] Attempt to get parsing info during refresh. "On-the-fly" syntax checking information may be incorrect. [/home/khang/Documents/SystemVerilog/SoC-RV32I/SoC/DUT/Slaves/RAM.sv:]
WARNING: [filemgmt 56-199] Attempt to get parsing info during refresh. "On-the-fly" syntax checking information may be incorrect. [/home/khang/Documents/SystemVerilog/SoC-RV32I/SoC/DUT/TOP.sv:]
WARNING: [filemgmt 56-199] Attempt to get parsing info during refresh. "On-the-fly" syntax checking information may be incorrect. [/home/khang/Documents/SystemVerilog/SoC-RV32I/SoC/DUT/Slaves/RAM.sv:]
WARNING: [filemgmt 56-199] Attempt to get parsing info during refresh. "On-the-fly" syntax checking information may be incorrect. [/home/khang/Documents/SystemVerilog/SoC-RV32I/SoC/DUT/Slaves/UART.sv:]
WARNING: [filemgmt 56-199] Attempt to get parsing info during refresh. "On-the-fly" syntax checking information may be incorrect. [/home/khang/Documents/SystemVerilog/SoC-RV32I/SoC/DUT/Slaves/SPI.sv:]
WARNING: [filemgmt 56-199] Attempt to get parsing info during refresh. "On-the-fly" syntax checking information may be incorrect. [/home/khang/Documents/SystemVerilog/SoC-RV32I/SoC/DUT/Slaves/Timer.sv:]
WARNING: [filemgmt 56-199] Attempt to get parsing info during refresh. "On-the-fly" syntax checking information may be incorrect. [/home/khang/Documents/SystemVerilog/SoC-RV32I/SoC/DUT/Slaves/UART.sv:]
WARNING: [filemgmt 56-199] Attempt to get parsing info during refresh. "On-the-fly" syntax checking information may be incorrect. [/home/khang/Documents/SystemVerilog/SoC-RV32I/SoC/DUT/Slaves/UART.sv:]
WARNING: [filemgmt 56-199] Attempt to get parsing info during refresh. "On-the-fly" syntax checking information may be incorrect. [/home/khang/Documents/SystemVerilog/SoC-RV32I/SoC/DUT/TOP.sv:]
WARNING: [filemgmt 56-199] Attempt to get parsing info during refresh. "On-the-fly" syntax checking information may be incorrect. [/home/khang/Documents/SystemVerilog/SoC-RV32I/SoC/DUT/Slaves/RAM.sv:]
WARNING: [filemgmt 56-199] Attempt to get parsing info during refresh. "On-the-fly" syntax checking information may be incorrect. [/home/khang/Documents/SystemVerilog/SoC-RV32I/SoC/DUT/Slaves/UART.sv:]
WARNING: [filemgmt 56-199] Attempt to get parsing info during refresh. "On-the-fly" syntax checking information may be incorrect. [/home/khang/Documents/SystemVerilog/SoC-RV32I/SoC/DUT/Slaves/SPI.sv:]
WARNING: [filemgmt 56-199] Attempt to get parsing info during refresh. "On-the-fly" syntax checking information may be incorrect. [/home/khang/Documents/SystemVerilog/SoC-RV32I/SoC/DUT/Slaves/Timer.sv:]
WARNING: [filemgmt 56-199] Attempt to get parsing info during refresh. "On-the-fly" syntax checking information may be incorrect. [/home/khang/Documents/SystemVerilog/SoC-RV32I/SoC/DUT/Slaves/Timer.sv:]
WARNING: [filemgmt 56-199] Attempt to get parsing info during refresh. "On-the-fly" syntax checking information may be incorrect. [/home/khang/Documents/SystemVerilog/SoC-RV32I/SoC/DUT/Slaves/Timer.sv:]
reset_run synth_1
INFO: [Project 1-1161] Replacing file /home/khang/Documents/SystemVerilog/SoC-RV32I/Vivado/rv32i/rv32i.srcs/utils_1/imports/synth_1/TOP.dcp with file /home/khang/Documents/SystemVerilog/SoC-RV32I/Vivado/rv32i/rv32i.runs/synth_1/TOP.dcp
launch_runs impl_1 -jobs 10
[Sat Apr  4 13:07:13 2026] Launched synth_1...
Run output will be captured here: /home/khang/Documents/SystemVerilog/SoC-RV32I/Vivado/rv32i/rv32i.runs/synth_1/runme.log
[Sat Apr  4 13:07:13 2026] Launched impl_1...
Run output will be captured here: /home/khang/Documents/SystemVerilog/SoC-RV32I/Vivado/rv32i/rv32i.runs/impl_1/runme.log
reset_run synth_1
INFO: [Project 1-1161] Replacing file /home/khang/Documents/SystemVerilog/SoC-RV32I/Vivado/rv32i/rv32i.srcs/utils_1/imports/synth_1/TOP.dcp with file /home/khang/Documents/SystemVerilog/SoC-RV32I/Vivado/rv32i/rv32i.runs/synth_1/TOP.dcp
launch_runs impl_1 -jobs 10
[Sat Apr  4 13:09:15 2026] Launched synth_1...
Run output will be captured here: /home/khang/Documents/SystemVerilog/SoC-RV32I/Vivado/rv32i/rv32i.runs/synth_1/runme.log
[Sat Apr  4 13:09:15 2026] Launched impl_1...
Run output will be captured here: /home/khang/Documents/SystemVerilog/SoC-RV32I/Vivado/rv32i/rv32i.runs/impl_1/runme.log
open_run impl_1
Netlist sorting complete. Time (s): cpu = 00:00:00.01 ; elapsed = 00:00:00.01 . Memory (MB): peak = 10772.891 ; gain = 0.000 ; free physical = 6718 ; free virtual = 144246
INFO: [Netlist 29-17] Analyzing 436 Unisim elements for replacement
INFO: [Netlist 29-28] Unisim Transformation completed in 0 CPU seconds
INFO: [Project 1-479] Netlist was created with Vivado 2024.2
INFO: [Project 1-570] Preparing netlist for logic optimization
Read ShapeDB Complete: Time (s): cpu = 00:00:00 ; elapsed = 00:00:00.01 . Memory (MB): peak = 10772.891 ; gain = 0.000 ; free physical = 6723 ; free virtual = 144251
INFO: [Timing 38-478] Restoring timing data from binary archive.
INFO: [Timing 38-479] Binary timing data restore complete.
INFO: [Project 1-856] Restoring constraints from binary archive.
INFO: [Project 1-853] Binary constraint restore complete.
INFO: [Designutils 20-5722] Start Reading Physical Databases.
Reading placement.
Read Netlist Cache: Time (s): cpu = 00:00:00 ; elapsed = 00:00:00 . Memory (MB): peak = 10772.891 ; gain = 0.000 ; free physical = 10419 ; free virtual = 147947
Reading placer database...
Read Device Cache: Time (s): cpu = 00:00:00.02 ; elapsed = 00:00:00.02 . Memory (MB): peak = 10772.891 ; gain = 0.000 ; free physical = 10419 ; free virtual = 147947
Read PlaceDB: Time (s): cpu = 00:00:00.07 ; elapsed = 00:00:00.07 . Memory (MB): peak = 10772.891 ; gain = 0.000 ; free physical = 10419 ; free virtual = 147947
Read PulsedLatchDB: Time (s): cpu = 00:00:00 ; elapsed = 00:00:00 . Memory (MB): peak = 10772.891 ; gain = 0.000 ; free physical = 10419 ; free virtual = 147947
Reading routing.
Read RouteStorage: Time (s): cpu = 00:00:06 ; elapsed = 00:00:06 . Memory (MB): peak = 10772.891 ; gain = 0.000 ; free physical = 10766 ; free virtual = 148294
Read Physdb Files: Time (s): cpu = 00:00:06 ; elapsed = 00:00:06 . Memory (MB): peak = 10772.891 ; gain = 0.000 ; free physical = 10766 ; free virtual = 148294
Restored from archive | CPU: 5.890000 secs | Memory: 410.741875 MB |
Finished XDEF File Restore: Time (s): cpu = 00:00:06 ; elapsed = 00:00:06 . Memory (MB): peak = 10772.891 ; gain = 0.000 ; free physical = 10766 ; free virtual = 148294
Netlist sorting complete. Time (s): cpu = 00:00:00 ; elapsed = 00:00:00 . Memory (MB): peak = 10772.891 ; gain = 0.000 ; free physical = 10766 ; free virtual = 148294
INFO: [Project 1-111] Unisim Transformation Summary:
  A total of 4 instances were transformed.
  IBUF => IBUF (IBUFCTRL, INBUF): 4 instances

open_run: Time (s): cpu = 00:00:14 ; elapsed = 00:00:14 . Memory (MB): peak = 10772.891 ; gain = 0.000 ; free physical = 10297 ; free virtual = 147854
exit
INFO: [Common 17-206] Exiting Vivado at Tue Apr  7 16:27:35 2026...
