--- [ASM] Build PROGRAM/rv32i_x0.S -> instr.mem ---
riscv64-elf-gcc -march=rv32i -mabi=ilp32 -nostdlib -nostartfiles -ffreestanding \
	-T link.ld -o asm_prog.elf PROGRAM/rv32i_x0.S
riscv64-elf-objcopy -O binary asm_prog.elf asm_prog.bin
od -An -tx4 -v asm_prog.bin | awk '{for (i = 1; i <= NF; i++) print $i}' > instr.mem
python3 sim_expected.py 0
Loaded  : 39 instructions from instr.mem
Written : /mnt/c/Documents/DoAnThietKeViMach/Project/SoC/SIM/expected.mem
--- [ASM] Done: instr.mem ready ---
>>> CPU_INSTR_COUNT = 30
--- ROOT: /mnt/c/Documents/DoAnThietKeViMach/Project/SoC ---
rm -rf work
vlib work
--- [1/4] Compile Interfaces ---
vlog -sv +acc -cover bcst C:/Documents/DoAnThietKeViMach/Project/SoC/INF/*.sv
QuestaSim-64 vlog 10.2c Compiler 2013.07 Jul 19 2013
-- Compiling interface clk_rst_inf
-- Compiling interface cpu_monitor_inf
-- Compiling interface soc_inf

Top level modules:
	--none--
--- [2/4] Compile DUT ---
vlog -sv +acc -cover bcst +incdir+C:/Documents/DoAnThietKeViMach/Project/SoC/DUT/CPU C:/Documents/DoAnThietKeViMach/Project/SoC/DUT/Slaves/*.sv C:/Documents/DoAnThietKeViMach/Project/SoC/DUT/CPU/*.sv C:/Documents/DoAnThietKeViMach/Project/SoC/DUT/Master/*.sv C:/Documents/DoAnThietKeViMach/Project/SoC/DUT/AXI_Master.sv C:/Documents/DoAnThietKeViMach/Project/SoC/DUT/AXI4_Lite_Interconnect.sv C:/Documents/DoAnThietKeViMach/Project/SoC/DUT/TOP.sv
QuestaSim-64 vlog 10.2c Compiler 2013.07 Jul 19 2013
-- Compiling module DRAM
-- Compiling module IRAM
-- Compiling module SPI
-- Compiling module Timer
-- Compiling module UART
-- Compiling module ALU
-- Compiling module ALUControl
-- Compiling module ControlUnit
-- Compiling module data_mem
-- Compiling module EX_MEM
-- Compiling module HazardUnit
-- Compiling module ID_EX
-- Compiling module IF_ID
-- Compiling module instr_mem
-- Compiling module MainDecoder
-- Compiling module MEM_WB
-- Compiling module pc_reg
-- Compiling module RegFile
-- Compiling module signExtend
-- Compiling module CPU
-- Compiling module LSU
-- Compiling module AXI_Master
-- Compiling module AXI4_Lite_Interconnect
-- Compiling module TOP

Top level modules:
	data_mem
	instr_mem
	TOP
--- [3/4] Compile UVM ---
vlog -sv +acc -cover bcst +incdir+C:/Documents/DoAnThietKeViMach/Project/SoC/VERIFICATION/Transaction +incdir+C:/Documents/DoAnThietKeViMach/Project/SoC/VERIFICATION/Sequencer +incdir+C:/Documents/DoAnThietKeViMach/Project/SoC/VERIFICATION/Monitor +incdir+C:/Documents/DoAnThietKeViMach/Project/SoC/VERIFICATION/Driver +incdir+C:/Documents/DoAnThietKeViMach/Project/SoC/VERIFICATION/Agent +incdir+C:/Documents/DoAnThietKeViMach/Project/SoC/VERIFICATION/Coverage +incdir+C:/Documents/DoAnThietKeViMach/Project/SoC/VERIFICATION/Env +incdir+C:/Documents/DoAnThietKeViMach/Project/SoC/VERIFICATION/Scoreboard +incdir+C:/Documents/DoAnThietKeViMach/Project/SoC/VERIFICATION/Sequence +incdir+C:/Documents/DoAnThietKeViMach/Project/SoC/VERIFICATION/Test C:/Documents/DoAnThietKeViMach/Project/SoC/VERIFICATION/Package/soc_pkg.svh
QuestaSim-64 vlog 10.2c Compiler 2013.07 Jul 19 2013
-- Compiling package soc_pkg
-- Importing package mtiUvm.uvm_pkg (uvm-1.1d Built-in)
** Note: (vlog-2286) Using implicit +incdir+C:/app/QuestaSim/uvm-1.1d/../verilog_src/uvm-1.1d/src from import uvm_pkg

Top level modules:
	--none--
--- [SVA] Compile Assertions ---
vlog -sv +acc -cover bcst C:/Documents/DoAnThietKeViMach/Project/SoC/VERIFICATION/SVA/*.sv
QuestaSim-64 vlog 10.2c Compiler 2013.07 Jul 19 2013
-- Compiling module axi4_lite_sva
-- Compiling module cpu_sva
-- Compiling module spi_sva
-- Compiling module timer_sva
-- Compiling module uart_sva

Top level modules:
	axi4_lite_sva
	cpu_sva
	spi_sva
	timer_sva
	uart_sva
--- [4/4] Compile Top TB ---
vlog -sv +acc -cover bcst C:/Documents/DoAnThietKeViMach/Project/SoC/VERIFICATION/top_tb.sv
QuestaSim-64 vlog 10.2c Compiler 2013.07 Jul 19 2013
-- Compiling module top_tb
-- Importing package mtiUvm.uvm_pkg (uvm-1.1d Built-in)
-- Importing package soc_pkg
** Note: (vlog-2286) Using implicit +incdir+C:/app/QuestaSim/uvm-1.1d/../verilog_src/uvm-1.1d/src from import uvm_pkg

Top level modules:
	top_tb
--- [OPTIMIZE] ---
vopt +acc +cover top_tb -o vopt_top
QuestaSim-64 vopt 10.2c Compiler 2013.07 Jul 19 2013

Top level modules:
	top_tb

Analyzing design...
-- Loading module top_tb
-- Importing package mtiUvm.uvm_pkg (uvm-1.1d Built-in)
-- Importing package soc_pkg
-- Loading package mtiUvm.questa_uvm_pkg
-- Loading interface clk_rst_inf
-- Loading interface soc_inf
-- Loading interface cpu_monitor_inf
-- Loading module TOP
-- Loading module AXI_Master
-- Loading module CPU
-- Loading module pc_reg
-- Loading module IF_ID
-- Loading module ControlUnit
-- Loading module MainDecoder
-- Loading module ALUControl
-- Loading module RegFile
-- Loading module signExtend
-- Loading module ID_EX
-- Loading module ALU
-- Loading module EX_MEM
-- Loading module MEM_WB
-- Loading module HazardUnit
-- Loading module LSU
-- Loading module AXI4_Lite_Interconnect
-- Loading module IRAM
-- Loading module DRAM
-- Loading module Timer
-- Loading module UART
-- Loading module SPI
-- Loading module axi4_lite_sva
-- Loading module cpu_sva
Optimizing 31 design-units (inlining 0 instances):
-- Optimizing interface soc_inf(fast)
-- Optimizing module LSU(fast)
** Note: (vopt-143) Recognized 1 FSM in module "LSU(fast)".
-- Optimizing module axi4_lite_sva(fast)
-- Optimizing module AXI4_Lite_Interconnect(fast)
-- Optimizing module top_tb(fast)
-- Optimizing module CPU(fast)
-- Optimizing module SPI(fast)
** Note: (vopt-143) Recognized 1 FSM in module "SPI(fast)".
-- Optimizing interface cpu_monitor_inf(fast)
-- Optimizing module UART(fast)
** Note: (vopt-143) Recognized 2 FSMs in module "UART(fast)".
-- Optimizing module Timer(fast)
-- Optimizing module cpu_sva(fast)
-- Optimizing module DRAM(fast)
-- Optimizing module TOP(fast)
-- Optimizing module ID_EX(fast)
-- Optimizing module IRAM(fast)
-- Optimizing module MainDecoder(fast)
-- Optimizing module HazardUnit(fast)
-- Optimizing module AXI_Master(fast)
-- Optimizing module ALU(fast)
-- Optimizing module EX_MEM(fast)
-- Optimizing module RegFile(fast)
-- Optimizing module MEM_WB(fast)
-- Optimizing module signExtend(fast)
-- Optimizing module ALUControl(fast)
-- Optimizing module IF_ID(fast)
-- Optimizing module ControlUnit(fast)
-- Optimizing interface clk_rst_inf(fast)
-- Optimizing module pc_reg(fast)
-- Optimizing package soc_pkg(fast)
-- Optimizing package mtiUvm.uvm_pkg (uvm-1.1d Built-in)(fast)
-- Optimizing package mtiUvm.questa_uvm_pkg(fast)
Optimized design name is vopt_top
